http://actnow.airbnbcitizen.com
http://actnow.airbnbcitizen.com:8080
http://actnow.airbnbcitizen.com:8443
http://airbnbcitizen.com
http://airbnbcitizen.com:2082
http://airbnbcitizen.com:2086
http://airbnbcitizen.com:8080
http://airbnbcitizen.com:8443
http://airbnbcitizen.com:8880
https://actnow.airbnbcitizen.com
https://airbnbcitizen.com
https://airbnbcitizen.com:2053
https://airbnbcitizen.com:2083
https://airbnbcitizen.com:2087
https://airbnbcitizen.com:2096
https://airbnbcitizen.com:8443
https://staging.airbnbcitizen.com
http://staging.airbnbcitizen.com
http://staging.airbnbcitizen.com:8443
https://www.airbnbcitizen.com
http://www.airbnbcitizen.com
http://www.airbnbcitizen.com:8443
