http://aloe.capital
http://api.aloe.capital
http://api.aloe.capital:2086
http://api.aloe.capital:8080
http://api.aloe.capital:8880
http://app.aloe.capital
http://docs.aloe.capital
http://docs.aloe.capital:2082
http://docs.aloe.capital:2086
http://docs.aloe.capital:8080
http://docs.aloe.capital:8880
http://legacy.aloe.capital
https://aloe.capital
https://api.aloe.capital
https://api.aloe.capital:2053
https://api.aloe.capital:2083
https://api.aloe.capital:2087
https://api.aloe.capital:8443
https://app.aloe.capital
https://docs.aloe.capital
https://docs.aloe.capital:2053
https://docs.aloe.capital:2083
https://docs.aloe.capital:2087
https://docs.aloe.capital:8443
https://legacy.aloe.capital
https://www.aloe.capital
http://www.aloe.capital
