http://ads.game.ankr.com
http://amsterdam-inap-107-6-164-90.ankr.com
http://amsterdam-inap-107-6-164-90.ankr.com:8545
http://amsterdam-inap-107-6-173-34.ankr.com
http://amsterdam-inap-107-6-176-66.ankr.com
http://amsterdam-inap-107-6-176-66.ankr.com:8081
http://amsterdam-inap-198-20-96-178.ankr.com
http://amsterdam-inap-198-20-96-178.ankr.com:8545
http://amsterdam-inap-63-251-232-119.ankr.com
http://amsterdam-inap-63-251-232-123.ankr.com
http://amsterdam-inap-63-251-232-124.ankr.com
http://ancient-polygon.ankr.com
http://ankr.com
http://ape-dev.ankr.com
http://ape-dev.ankr.com:10009
http://ape-dev.ankr.com:8545
http://ape-polygon.ankr.com
http://ape-stage.ankr.com
http://ape-stage.ankr.com:10009
http://ape-stage.ankr.com:8545
http://api-ape-stage.ankr.com
http://api.chain-monitor.ankr.com
http://api.chain-monitor.ankr.com:3001
http://api.chain-monitor.ankr.com:8080
http://api.chain-monitor.ankr.com:8082
http://api.chain-monitor.ankr.com:9090
http://api.chain-monitor.ankr.com:9200
http://api-dev.ankr.com:9000
http://api-geth-archive-2.ankr.com
http://api-geth-archive.ankr.com
http://api-parity.ankr.com
http://apis.ankr.com
http://apis-cache.ankr.com
http://apis-default.ankr.com
http://apis-default.ankr.com:9100
http://api-service-stage.ankr.com
http://apis-newstage.ankr.com
http://apis-sj.ankr.com
http://apis-sj.ankr.com:9080
http://apis-sj.ankr.com:9081
http://apis-stage.ankr.com
http://api.stkr-dev.ankr.com
http://api.stkr-goerli.ankr.com
http://app.ankr.com
http://app-stage.ankr.com
http://ara.ankr.com
http://ara.ankr.com:8000
http://ara.ankr.com:9090
http://arbitrum-dallas-01.ankr.com
http://arbitrum-dallas-02.ankr.com
http://arbitrum-dallas-03.ankr.com
http://arbitrum-hetzner-01.ankr.com
http://arbitrum-phoenix-01.ankr.com
http://arbitrum-phoenix-02.ankr.com
http://arbitrum-phoenix-03.ankr.com
http://arbitrum-phoenix-04.ankr.com
http://arbitrum-phoenix-04.ankr.com:8081
http://arbitrum-phoenix-06.ankr.com
http://arbitrum-phoenix-06.ankr.com:8081
http://arbitrum-phoenix-07.ankr.com
http://ashburn-equinix-dc3-206-246-93-163.ankr.com
http://ashburn-equinix-dc3-206-246-93-164.ankr.com
http://ashburn-equinix-dc3-206-246-93-165.ankr.com
http://assets.ankr.com
http://avalanche-01-flipside.ankr.com
http://avalanche-01-flipside.ankr.com:10009
http://avalanche-01-flipside.ankr.com:8545
http://avalanchefuji-newyork-01.ankr.com
http://avalanchefuji-newyork-02.ankr.com
http://avalanchefuji-singapore-01.ankr.com
http://avalanchefuji-singapore-02.ankr.com
http://avalanche-hetzner-01.ankr.com
http://avalanche-hetzner-02.ankr.com
http://avalanche-hetzner-03.ankr.com
http://avalanche-hetzner-04.ankr.com
http://avalanche-london-01.ankr.com
http://avalanche-london-02.ankr.com
http://avalanche-london-03.ankr.com
http://avalanche-miami-01.ankr.com
http://avalanche-miami-02.ankr.com
http://avalanche-miami-03.ankr.com
http://avalanche-saopaulo-01.ankr.com
http://avalanche-saopaulo-02.ankr.com
http://avalanche-sydney-01.ankr.com
http://avalanche-sydney-02.ankr.com
http://avalanche-tokyo-01.ankr.com
http://avalanche-tokyo-02.ankr.com
http://avax-anthony.ankr.com
http://avax-anthony.ankr.com:10009
http://avax-anthony.ankr.com:8545
http://avax-berkeley.ankr.com
http://avax-berkeley.ankr.com:10009
http://avax-berkeley.ankr.com:8545
http://avax-fujitestnet-01.dccn.ankr.com
http://avax-fujitestnet-01.dccn.ankr.com:3000
http://avax-fujitestnet-01.dccn.ankr.com:9090
http://avax-fujitestnet-01.dccn.ankr.com:9100
http://avax-fujitestnet-02.dccn.ankr.com
http://awx.ankr.com
http://awx.ankr.com:8000
http://awx.ankr.com:9090
http://backoffice.dev-01.bas.ankr.com:3000
http://backoffice.dev-01.bas.ankr.com:3001
http://backoffice.dev-01.bas.ankr.com:4000
http://backoffice-gateway.mainnet.multirpc.ankr.com
http://backoffice-gateway.staging.multirpc.ankr.com
http://backoffice.multirpc.ankr.com
http://bas-archive.ankr.com
http://bas-testnet.ankr.com
http://binance.ankr.com
http://binance-protocol-02.ankr.com:8081
http://binance-protocol-05.ankr.com
http://binance-protocol-07.ankr.com
http://binance-protocol-09.ankr.com
http://binance-protocol-10.ankr.com
http://binance-protocol-12.ankr.com
http://binance-protocol-13.ankr.com
http://binance-protocol-14.ankr.com
http://binance-protocol-14.ankr.com:8081
http://binance-protocol-17.ankr.com
http://binance-sydney-01.ankr.com
http://binance-sydney-01.ankr.com:8081
http://binance-testnet-01.ankr.com
http://blockscout.dev-02.bas.ankr.com:3000
http://blockscout.dev-02.bas.ankr.com:3001
http://blockscout.dev-02.bas.ankr.com:4000
http://blockscout.dev-02.bas.ankr.com:8545
http://blockscout.dev-02.bas.ankr.com:9000
http://blue.ankr.com
http://blue.ankr.com:9080
http://bluetest.ankr.com
http://bounce.ankr.com
http://bridge.ankr.com
http://bridge-backend.ankr.com
http://bridge-backend.ankr.com:9080
http://bridge-backend.ankr.com:9081
http://bridge-dev.ankr.com
http://bridge-dev.ankr.com:10009
http://bridge-dev.ankr.com:8545
http://bs-10-stage.dccn.ankr.com
http://bs-11-stage.dccn.ankr.com
http://bs-12-stage.dccn.ankr.com
http://bs-13-stage.dccn.ankr.com
http://bs-1-stage.dccn.ankr.com
http://bs-2-stage.dccn.ankr.com
http://bs-3-stage.dccn.ankr.com
http://bs-4-stage.dccn.ankr.com
http://bs-5-stage.dccn.ankr.com
http://bs-6-stage.dccn.ankr.com
http://bs-7-stage.dccn.ankr.com
http://bs-8-stage.dccn.ankr.com
http://bs-9-stage.dccn.ankr.com
http://bsc.ankr.com:9100
http://bsc-erigon-01.dccn.ankr.com
http://bsc-erigon-02.dccn.ankr.com
http://bsc-erigon-05.dccn.ankr.com
http://bsc-erigon-06.dccn.ankr.com
http://bsclogs.ankr.com
http://bscmon.ankr.com
http://btc-03.dccn.ankr.com
http://btc-03.dccn.ankr.com:81
http://btc-04.dccn.ankr.com
http://burgerswap.ankr.com
http://can-archive-ethereum.ankr.com
http://celo-hetzner-01.ankr.com
http://celo-hetzner-02.ankr.com
http://celo-hetzner-04.ankr.com
http://chain-01.dccn.ankr.com
http://chain-arthur.dccn.ankr.com
http://chain-berkeley-test.dccn.ankr.com
http://chain-monitor.ankr.com
http://chain-monitor.ankr.com:3001
http://chain-monitor.ankr.com:8080
http://chain-monitor.ankr.com:8082
http://chain-monitor.ankr.com:9090
http://chain-monitor.ankr.com:9200
http://chain-stage-03.dccn.ankr.com
http://changenetwork-service.game.ankr.com
http://chiliz-testnet-01.dccn.ankr.com
http://cloudflare-test2.ankr.com
http://cloudflare-test2.ankr.com:2053
http://cloudflare-test2.ankr.com:2083
http://cloudflare-test2.ankr.com:2087
http://cloudflare-test2.ankr.com:8443
http://cloudflare-test.ankr.com
http://clover-test.ankr.com
http://consul.ankr.com
http://consul.ankr.com:8000
http://consul.ankr.com:9090
http://crust-ethereum.ankr.com
http://crust-phoenix-ethereum.ankr.com
http://crust-solana.ankr.com
http://dallas-inap-63-251-106-84.ankr.com
http://dallas-inap-63-251-106-86.ankr.com
http://dallas-inap-63-251-106-90.ankr.com
http://dallas-maxihost-207-188-6-86.ankr.com
http://dallas-maxihost-207-188-6-89.ankr.com
http://dallas-maxihost-207-188-6-92.ankr.com
http://dallas-maxihost-207-188-6-93.ankr.com
http://debridge-heco-test-01.ankr.com
http://debris-ethereum.ankr.com
http://debris-phoenix-ethereum.ankr.com
http://demo-ads.game.ankr.com
http://demo-changenetwork-service.game.ankr.com
http://demo-ue-service.game.ankr.com
http://dev.ccv2.ankr.com
http://devops-k8s.ankr.com
http://docs.ankr.com
http://drone.ankr.com
http://dubai-equinix-dx1-216-155-55-42.ankr.com
http://dubai-equinix-dx1-216-155-55-43.ankr.com
http://dubai-equinix-dx1-216-155-55-45.ankr.com
http://dubai-equinix-dx1-216-155-55-45.ankr.com:8081
http://dust-archive-ethereum.ankr.com
http://echo123.staging.multirpc.ankr.com
http://echo1.staging.multirpc.ankr.com
http://echo2.staging.multirpc.ankr.com
http://edge-testnet.ankr.com
http://email.gh-mail.ankr.com
http://eth-01.dccn.ankr.com
http://eth-01.dccn.ankr.com:8080
http://eth-01-defipulse.ankr.com
http://eth-01-defipulse.ankr.com:10009
http://eth-01-defipulse.ankr.com:8545
http://eth-02.dccn.ankr.com
http://eth-03.dccn.ankr.com
http://eth-03.dccn.ankr.com:8545
http://eth-04.dccn.ankr.com
http://eth2.ankr.com
http://eth.dccn.ankr.com
http://eth.dccn.ankr.com:8080
http://ethereum-dubai-01.ankr.com
http://ethereum-hetzner-01.ankr.com
http://ethereum-hetzner-02.ankr.com
http://ethereum-hetzner-03.ankr.com
http://ethereum-hetzner-04.ankr.com
http://ethereum-korea-01.ankr.com
http://ethereum-la-02.ankr.com
http://ethereum-la-03.ankr.com
http://ethereum-miami-01.ankr.com
http://ethereum-singapore-01.ankr.com
http://ethereum-singapore-02.ankr.com
http://ethereum-singapore-04.ankr.com
http://ethereum-sydney-01.ankr.com
http://ethereum-sydney-02.ankr.com
http://eth-goerli-01.dccn.ankr.com
http://eth-goerli-02.dccn.ankr.com
http://eth-goerli-02.dccn.ankr.com:8545
http://eth-goerli.dccn.ankr.com
http://eth-kovan-01.dccn.ankr.com
http://eth-kovan-02.dccn.ankr.com
http://eth-rinkeby-01.dccn.ankr.com
http://eth-rinkeby-02.dccn.ankr.com
http://eth-ropsten-01.dccn.ankr.com
http://example-signing.game.ankr.com
http://explorer.dev-01.bas.ankr.com:3000
http://explorer.dev-01.bas.ankr.com:3001
http://explorer.dev-01.bas.ankr.com:4000
http://explorer.dev-02.bas.ankr.com:3000
http://explorer.dev-02.bas.ankr.com:3001
http://explorer.dev-02.bas.ankr.com:4000
http://explorer.dev-02.bas.ankr.com:8545
http://explorer.dev-02.bas.ankr.com:9000
http://explorer.meta-ape-bas-mainnet.ankr.com
http://explorer.meta-ape-bas-mainnet.ankr.com:4000
http://explorer.meta-ape-bas-testnet-02.ankr.com
http://explorer.meta-ape-bas-testnet-02.ankr.com:4000
http://explorer-meta-ape-edge-testnet.ankr.com
http://explorer-meta-ape-edge-testnet.ankr.com:4000
http://explorer.multiverse-bas-testnet.ankr.com
http://explorer.multiverse-bas-testnet.ankr.com:4000
http://fan-archive-ethereum.ankr.com
http://fantom-hetzner-01.ankr.com
http://fantom-hetzner-02.ankr.com
http://fantom-hetzner-03.ankr.com
http://fantom-hetzner-04.ankr.com
http://fantom-sydney-01.ankr.com
http://faucet-bas-testnet.ankr.com
http://faucet.dev-01.bas.ankr.com:3000
http://faucet.dev-01.bas.ankr.com:3001
http://faucet.dev-01.bas.ankr.com:4000
http://faucet.dev-02.bas.ankr.com:3000
http://faucet.dev-02.bas.ankr.com:3001
http://faucet.dev-02.bas.ankr.com:4000
http://faucet.dev-02.bas.ankr.com:8545
http://faucet.dev-02.bas.ankr.com:9000
http://faucet-edge-testnet.ankr.com
http://faucet.meta-ape-bas-testnet-02.ankr.com
http://faucet.meta-ape-bas-testnet-02.ankr.com:4000
http://faucet.multiverse-bas-testnet.ankr.com
http://faucet.multiverse-bas-testnet.ankr.com:4000
http://fileserver.dccn.ankr.com
http://finland-hetzner-135-181-137-113.ankr.com
http://finland-hetzner-135-181-221-50.ankr.com
http://finland-hetzner-65-21-140-182.ankr.com
http://flow-node-01.ankr.com:8000
http://flow-node-01.ankr.com:8080
http://flow-node-02.ankr.com:8000
http://flow-node-02.ankr.com:8080
http://frankfurt-hetzner-23-88-67-20.ankr.com
http://frankfurt-hetzner-23-88-67-21.ankr.com
http://frankfurt-vultr-45-76-92-42.ankr.com
http://ftm-albert.ankr.com
http://ftm-baker.ankr.com
http://game.ankr.com
http://grafana-api.ankr.com:9100
http://grafana.game.ankr.com
http://grafana.stkr-dev.ankr.com
http://grafana.stkr-goerli.ankr.com
http://grants.ankr.com
http://harbor.stkr-dev.ankr.com
http://harmony-hetzner-02.ankr.com
http://harmony-hetzner-03.ankr.com
http://harmony-hetzner-03.ankr.com:8081
http://harmony-hetzner-archive-02.ankr.com
http://harmony-hetzner-archive-03.ankr.com
http://harmony-hetzner-archive-03.ankr.com:8081
http://helpdesk.ankr.com
http://helsinki-hetzner-95-217-225-154.ankr.com
http://hk.ankr.com
http://hk-cn.ankr.com
http://hk-cn.ankr.com:10000
http://hk-cn.ankr.com:22
http://hk-cn.ankr.com:8545
http://hk-cosmos1.ankr.com
http://hk-cosmos1.ankr.com:10009
http://hk-cosmos1.ankr.com:8545
http://hub-cn.ankr.com
http://hub-dev.ankr.com
http://iaas.ankr.com:9091
http://image.ankr.com
http://image-cn.ankr.com:9100
http://indoor-ethereum.ankr.com
http://indoor-phoenix-ethereum.ankr.com
http://itool.ankr.com
http://itool-dev.ankr.com
http://itool-stage.ankr.com
http://johannesburg-epyc-xl-03.ankr.com
http://johannesburg-epyc-xl-03.ankr.com:8081
http://johannesburg-epyc-xl-04.ankr.com
http://johannesburg-teraco-napafrica-ix-216-107-41-44.ankr.com
http://johannesburg-teraco-napafrica-ix-216-107-41-44.ankr.com:8081
http://kibana.chain-monitor.ankr.com
http://kibana.chain-monitor.ankr.com:3001
http://kibana.chain-monitor.ankr.com:8080
http://kibana.chain-monitor.ankr.com:8082
http://kibana.chain-monitor.ankr.com:9090
http://kibana.chain-monitor.ankr.com:9200
http://kings.ankr.com
http://kms.stkr-dev.ankr.com
http://kusama-hetzner-01.ankr.com
http://kusama-hetzner-01.ankr.com:9944
http://kusama-hetzner-02.ankr.com
http://kusama-hetzner-02.ankr.com:9944
http://kusama-hetzner-03.ankr.com
http://kusama-hetzner-03.ankr.com:9944
http://kusama-hetzner-04.ankr.com
http://kusama-hetzner-04.ankr.com:9944
http://kv.ankr.com
http://la-equinix-la1-216-155-15-118.ankr.com
http://la-equinix-la1-216-155-15-119.ankr.com
http://lithuania-cherry-93-115-29-187.ankr.com
http://lithuania-cherry-93-115-29-189.ankr.com
http://london-inap-64-46-115-6.ankr.com
http://mainnet.multirpc.ankr.com
http://mainnet.protocol.ankr.com
http://matic-la-01.ankr.com
http://matic-mainnet-01.ankr.com
http://matic-mainnet-01.ankr.com:10009
http://matic-mainnet-01.ankr.com:8545
http://matic-saopaulo-01.ankr.com
http://matic-saopaulo-01.ankr.com:8081
http://mercury.ankr.com
http://meta-ape-bas-mainnet.ankr.com
http://meta-ape-bas-mainnet.ankr.com:4000
http://meta-ape-bas-testnet-01.ankr.com
http://meta-ape-bas-testnet-02.ankr.com
http://meta-ape-edge-testnet-01.ankr.com
http://meta-ape-edge-testnet-02.ankr.com
http://meta-ape-edge-testnet-02.ankr.com:8545
http://meta-ape-edge-testnet-03.ankr.com
http://meta-ape-edge-testnet-03.ankr.com:8545
http://meta-ape-edge-testnet-04.ankr.com
http://meta-ape-edge-testnet-05.ankr.com
http://meta-ape-edge-testnet-05.ankr.com:8545
http://metanft.ankr.com
http://miami-epyc-xl-01.ankr.com
http://miami-epyc-xl-02.ankr.com
http://miami-equinix-mi1-216-155-62-93.ankr.com
http://miami-equinix-mi1-216-155-62-93.ankr.com:8081
http://monitor.ankr.com:9090
http://monitor.stkr-dev.ankr.com
http://moonsis-tokyo-01.ankr.com
http://moonsis-tokyo-02.ankr.com
http://moonsis-tokyo-02.ankr.com:8545
http://moonsis-tokyo-03.ankr.com
http://multirpc-backoffice.dccn.ankr.com
http://multirpc-backoffice-stage.dccn.ankr.com
http://multiverse-bas-testnet.ankr.com
http://mumbai-web-werks-216-155-53-68.ankr.com
http://mumbai-web-werks-216-155-53-68.ankr.com:8081
http://near-hetzner-01.ankr.com
http://near-hetzner-01.ankr.com:3030
http://near-hetzner-02.ankr.com
http://near-hetzner-02.ankr.com:3030
http://near-hetzner-03.ankr.com
http://near-hetzner-03.ankr.com:3030
http://near-hetzner-04.ankr.com
http://near-hetzner-04.ankr.com:3030
http://near-maxihost-02.ankr.com
http://near-maxihost-02.ankr.com:3030
http://near-maxihost-03.ankr.com
http://near-maxihost-03.ankr.com:3030
http://near-maxihost-03.ankr.com:8081
http://nervos-hetzner-04.ankr.com:8081
http://netbox.ankr.com
http://netbox.ankr.com:8000
http://netbox.ankr.com:9090
http://netbox.devops-k8s.ankr.com
http://new-jersey-inap-72-251-230-238.ankr.com
http://new-jersey-inap-72-251-230-238.ankr.com:8081
http://new-jersey-inap-72-251-231-68.ankr.com
http://new-jersey-inap-72-251-231-69.ankr.com
http://new-jersey-inap-72-251-231-70.ankr.com
http://new-jersey-inap-72-251-231-71.ankr.com
http://new-jersey-inap-72-251-231-72.ankr.com
http://new-jersey-inap-72-251-231-72.ankr.com:8545
http://new-jersey-inap-72-251-231-74.ankr.com
http://new-jersey-inap-72-251-231-77.ankr.com
http://new-york-maxihost-198-178-224-104.ankr.com
http://new-york-maxihost-198-178-224-104.ankr.com:8081
http://new-york-maxihost-198-178-224-105.ankr.com
http://nft-dev.ankr.com
http://nodes-ankrscan-01.ankr.com
http://nodes-ankrscan-01.ankr.com:7071
http://notary.ankr.com
http://notary.devops-k8s.ankr.com
http://notary.harbor.stkr-dev.ankr.com
http://okex.ankr.com:9100
http://okex-archive.ankr.com
http://old-stakefi.ankr.com
http://openstack.ankr.com
http://openstack.ankr.com:10009
http://openstack.ankr.com:8545
http://packages.ankr.com
http://packages.ankr.com:8000
http://packages.ankr.com:9090
http://plat-dev.ankr.com
http://plat-stage.ankr.com
http://plat-stage.ankr.com:10009
http://plat-stage.ankr.com:8545
http://polkadot-hetzner-01.ankr.com
http://polkadot-hetzner-02.ankr.com
http://polkadot-hetzner-03.ankr.com
http://polkadot-hetzner-04.ankr.com
http://polygon-01-defipulse.ankr.com
http://polygon-01-defipulse.ankr.com:10009
http://polygon-01-defipulse.ankr.com:8545
http://polygon-anthony.ankr.com
http://polygon-anthony-archive.ankr.com
http://polygon-berkeley-archive.ankr.com
http://prod.ankr.com
http://promon.ankr.com
http://proxy.ankr.com:9000
http://rancher.ankr-protocol.ankr.com
http://rancher.stkr-dev.ankr.com
http://registry.devops-k8s.ankr.com
http://roadmap.ankr.com
http://roadmap.ankr.com:9001
http://rpc.ankr.com
http://rpc.ankr.com:2082
http://rpc.ankr.com:2086
http://rpc.ankr.com:2095
http://rpc.ankr.com:8080
http://rpc.ankr.com:8880
http://rpc.dev-01.bas.ankr.com:3000
http://rpc.dev-01.bas.ankr.com:3001
http://rpc.dev-01.bas.ankr.com:4000
http://rpc.dev-02.bas.ankr.com:3000
http://rpc.dev-02.bas.ankr.com:3001
http://rpc.dev-02.bas.ankr.com:4000
http://rpc.dev-02.bas.ankr.com:8545
http://rpc.dev-02.bas.ankr.com:9000
http://rpc-dev.ccv2.ankr.com
https://ads.game.ankr.com
https://amsterdam-inap-107-6-164-90.ankr.com
https://amsterdam-inap-107-6-173-34.ankr.com
https://amsterdam-inap-107-6-176-66.ankr.com
https://amsterdam-inap-198-20-96-178.ankr.com
https://amsterdam-inap-63-251-232-119.ankr.com
https://amsterdam-inap-63-251-232-123.ankr.com
https://amsterdam-inap-63-251-232-124.ankr.com
http://san-jose-inap-107-6-89-134.ankr.com
http://san-jose-inap-107-6-89-135.ankr.com
http://san-jose-inap-107-6-91-38.ankr.com
http://san-jose-inap-107-6-91-40.ankr.com
http://san-jose-inap-107-6-91-42.ankr.com
http://san-jose-inap-107-6-91-43.ankr.com
http://san-jose-inap-107-6-91-43.ankr.com:8081
http://san-jose-inap-107-6-91-44.ankr.com
http://san-jose-inap-107-6-91-45.ankr.com
https://ankr.com
https://ape.ankr.com
https://ape-dev.ankr.com
https://ape-polygon.ankr.com
https://ape-stage.ankr.com
https://api-ape-stage.ankr.com
https://api.blog.ankr.com
https://api.blog.ankr.com:6443
https://api.blog.ankr.com:8443
https://api.chain-monitor.ankr.com
https://api-geth-archive-2.ankr.com
https://api-geth-archive.ankr.com
https://api-parity.ankr.com
https://api-parity-ropsten.ankr.com
https://apis.ankr.com
https://apis.ankr.com:10250
https://apis-cache.ankr.com
https://apis-default.ankr.com
https://apis-default.ankr.com:6443
https://api-service-stage.ankr.com
https://apis-hk.ankr.com
https://apis-hk.ankr.com:6443
https://apis-hk.ankr.com:8443
https://apismasterla.ankr.com:6443
https://apis-newstage.ankr.com
https://apis-newstage.ankr.com:10250
https://apis-newstage.ankr.com:6443
https://apis-sj.ankr.com
https://apis-sj.ankr.com:10250
https://apis-sj.ankr.com:6443
https://apis-sj.ankr.com:9100
https://apis-stage.ankr.com
https://api.stkr-dev.ankr.com
https://api.stkr-goerli.ankr.com
https://app.ankr.com
https://app-newstage.ankr.com
https://app-stage.ankr.com
https://ara.ankr.com
https://arbitrum-dallas-01.ankr.com
https://arbitrum-dallas-02.ankr.com
https://arbitrum-dallas-03.ankr.com
https://arbitrum-hetzner-01.ankr.com
https://arbitrum-hetzner-02.ankr.com
https://arbitrum-hetzner-03.ankr.com
https://arbitrum-hetzner-04.ankr.com
https://arbitrum-maxihost-01.ankr.com
https://arbitrum-maxihost-02.ankr.com
https://arbitrum-maxihost-03.ankr.com
https://arbitrum-maxihost-04.ankr.com
https://arbitrum-phoenix-01.ankr.com
https://arbitrum-phoenix-02.ankr.com
https://arbitrum-phoenix-03.ankr.com
https://arbitrum-phoenix-04.ankr.com
https://arbitrum-phoenix-05.ankr.com
https://arbitrum-phoenix-06.ankr.com
https://arbitrum-phoenix-07.ankr.com
https://ashburn-equinix-dc3-206-246-93-162.ankr.com
https://ashburn-equinix-dc3-206-246-93-163.ankr.com
https://ashburn-equinix-dc3-206-246-93-164.ankr.com
https://ashburn-equinix-dc3-206-246-93-165.ankr.com
https://assets.ankr.com
https://avalanche-01-flipside.ankr.com
https://avalanchefuji-newyork-01.ankr.com
https://avalanchefuji-newyork-02.ankr.com
https://avalanchefuji-singapore-01.ankr.com
https://avalanchefuji-singapore-02.ankr.com
https://avalanche-hetzner-01.ankr.com
https://avalanche-hetzner-02.ankr.com
https://avalanche-hetzner-03.ankr.com
https://avalanche-hetzner-04.ankr.com
https://avalanche-london-01.ankr.com
https://avalanche-london-02.ankr.com
https://avalanche-london-03.ankr.com
https://avalanche-miami-01.ankr.com
https://avalanche-miami-02.ankr.com
https://avalanche-miami-03.ankr.com
https://avalanche-saopaulo-01.ankr.com
https://avalanche-saopaulo-02.ankr.com
https://avalanche-sydney-01.ankr.com
https://avalanche-sydney-02.ankr.com
https://avalanche-tokyo-01.ankr.com
https://avalanche-tokyo-02.ankr.com
https://avax-anthony.ankr.com
https://avax-berkeley.ankr.com
https://avax-fujitestnet-01.dccn.ankr.com
https://avax-fujitestnet-02.dccn.ankr.com
https://awx.ankr.com
https://backoffice.dev-01.bas.ankr.com
https://backoffice-gateway.mainnet.multirpc.ankr.com
https://backoffice-gateway.staging.multirpc.ankr.com
https://backoffice.multirpc.ankr.com
https://bas-archive.ankr.com
https://bas-testnet.ankr.com
https://bep-stage.dccn.ankr.com
https://binance.ankr.com
https://binance-cn.ankr.com
https://binance-protocol-05.ankr.com
https://binance-protocol-07.ankr.com
https://binance-protocol-09.ankr.com
https://binance-protocol-10.ankr.com
https://binance-protocol-12.ankr.com
https://binance-protocol-13.ankr.com
https://binance-protocol-14.ankr.com
https://binance-protocol-17.ankr.com
https://binance-protocol-23.ankr.com
https://binance-sydney-01.ankr.com
https://binance-testnet-01.ankr.com
https://blockscout.dev-02.bas.ankr.com
https://blue.ankr.com
https://blue.ankr.com:6443
https://bluetest.ankr.com
https://bluetest.ankr.com:10250
https://bluetest.ankr.com:6443
https://bridge.ankr.com
https://bridge-backend.ankr.com
https://bridge-backend.ankr.com:10250
https://bridge-backend.ankr.com:6443
https://bridge-backend.ankr.com:8443
https://bridge-dev.ankr.com
https://bridger.ankr.com
https://bs-10-stage.dccn.ankr.com
https://bs-11-stage.dccn.ankr.com
https://bs-12-stage.dccn.ankr.com
https://bs-13-stage.dccn.ankr.com
https://bs-1-stage.dccn.ankr.com
https://bs-2-stage.dccn.ankr.com
https://bs-3-stage.dccn.ankr.com
https://bs-4-stage.dccn.ankr.com
https://bs-5-stage.dccn.ankr.com
https://bs-6-stage.dccn.ankr.com
https://bs-7-stage.dccn.ankr.com
https://bs-8-stage.dccn.ankr.com
https://bs-9-stage.dccn.ankr.com
https://bsc-erigon-01.dccn.ankr.com
https://bsc-erigon-02.dccn.ankr.com
https://bsc-erigon-04.dccn.ankr.com
https://bsc-erigon-05.dccn.ankr.com
https://bsc-erigon-06.dccn.ankr.com
https://bsclogs.ankr.com
https://bscmon.ankr.com
https://btc-03.dccn.ankr.com
https://btc-04.dccn.ankr.com
https://burgerswap.ankr.com
https://burgerswap.ankr.com:6443
https://can-archive-ethereum.ankr.com
https://celo-hetzner-01.ankr.com
https://celo-hetzner-02.ankr.com
https://celo-hetzner-03.ankr.com
https://celo-hetzner-04.ankr.com
https://chain-monitor.ankr.com
https://changenetwork-service.game.ankr.com
https://chiliz-testnet-01.dccn.ankr.com
https://cloudflare-test2.ankr.com
https://cloudflare-test.ankr.com
https://clover-test.ankr.com
https://consul.ankr.com
https://crust-ethereum.ankr.com
https://crust-phoenix-ethereum.ankr.com
https://crust-solana.ankr.com
https://dallas-inap-63-251-106-84.ankr.com
https://dallas-inap-63-251-106-86.ankr.com
https://dallas-inap-63-251-106-90.ankr.com
https://dallas-maxihost-207-188-6-86.ankr.com
https://dallas-maxihost-207-188-6-89.ankr.com
https://dallas-maxihost-207-188-6-92.ankr.com
https://dallas-maxihost-207-188-6-93.ankr.com
https://debridge-heco-test-01.ankr.com
https://debris-ethereum.ankr.com
https://debris-phoenix-ethereum.ankr.com
https://demo-ads.game.ankr.com
https://demo-changenetwork-service.game.ankr.com
https://demo-ue-service.game.ankr.com
https://dev.ccv2.ankr.com
https://devops-k8s.ankr.com
https://dnscr.ankr.com
https://docs.ankr.com
https://drone.ankr.com
https://drone.ankr.com:6443
https://dubai-equinix-dx1-216-155-55-42.ankr.com
https://dubai-equinix-dx1-216-155-55-43.ankr.com
https://dubai-equinix-dx1-216-155-55-45.ankr.com
https://dust-archive-ethereum.ankr.com
http://seattle-inap-63-251-15-90.ankr.com
http://seattle-inap-63-251-15-91.ankr.com
http://seattle-inap-63-251-15-92.ankr.com
http://seattle-inap-63-251-15-93.ankr.com
https://echo123.staging.multirpc.ankr.com
https://echo1.staging.multirpc.ankr.com
https://echo2.staging.multirpc.ankr.com
http://selenoid.ankr.com:4444
http://selenoid.ankr.com:8080
https://email.gh-mail.ankr.com
http://seoul-kinx-dogok-207-199-157-100.ankr.com
http://seoul-kinx-dogok-207-199-157-99.ankr.com
http://seoul-kinx-dogok-207-199-157-99.ankr.com:8081
https://eth-01.dccn.ankr.com
https://eth-01-defipulse.ankr.com
https://eth-02.dccn.ankr.com
https://eth-03.dccn.ankr.com
https://eth-04.dccn.ankr.com
https://eth2.ankr.com
https://eth.dccn.ankr.com
https://ethereum-dubai-01.ankr.com
https://ethereum-hetzner-01.ankr.com
https://ethereum-hetzner-02.ankr.com
https://ethereum-hetzner-03.ankr.com
https://ethereum-hetzner-04.ankr.com
https://ethereum-korea-01.ankr.com
https://ethereum-la-01.ankr.com
https://ethereum-la-02.ankr.com
https://ethereum-la-03.ankr.com
https://ethereum-miami-01.ankr.com
https://ethereum-saopaulo-01.ankr.com
https://ethereum-saopaulo-02.ankr.com
https://ethereum-singapore-01.ankr.com
https://ethereum-singapore-02.ankr.com
https://ethereum-singapore-04.ankr.com
https://ethereum-sydney-01.ankr.com
https://ethereum-sydney-02.ankr.com
https://eth-goerli-01.dccn.ankr.com
https://eth-goerli-02.dccn.ankr.com
https://eth-goerli.dccn.ankr.com
https://eth-kovan-01.dccn.ankr.com
https://eth-kovan-02.dccn.ankr.com
https://eth-rinkeby-01.dccn.ankr.com
https://eth-rinkeby-02.dccn.ankr.com
https://example-signing.game.ankr.com
https://explorer.dev-01.bas.ankr.com
https://explorer.dev-02.bas.ankr.com
https://explorer.meta-ape-bas-mainnet.ankr.com
https://explorer.meta-ape-bas-testnet-02.ankr.com
https://explorer-meta-ape-edge-testnet.ankr.com
https://explorer.multiverse-bas-testnet.ankr.com
https://fan-archive-ethereum.ankr.com
https://fantom-hetzner-01.ankr.com
https://fantom-hetzner-02.ankr.com
https://fantom-hetzner-03.ankr.com
https://fantom-hetzner-04.ankr.com
https://fantom-sydney-01.ankr.com
https://faucet-bas-testnet.ankr.com
https://faucet.dev-01.bas.ankr.com
https://faucet.dev-02.bas.ankr.com
https://faucet-edge-testnet.ankr.com
https://faucet.meta-ape-bas-testnet-02.ankr.com
https://faucet.multiverse-bas-testnet.ankr.com
https://fileserver.dccn.ankr.com
https://finland-hetzner-135-181-137-113.ankr.com
https://finland-hetzner-135-181-221-50.ankr.com
https://finland-hetzner-65-21-140-182.ankr.com
https://frankfurt-hetzner-23-88-67-20.ankr.com
https://frankfurt-hetzner-23-88-67-21.ankr.com
https://frankfurt-vultr-45-76-92-42.ankr.com
https://ftm-albert.ankr.com
https://ftm-baker.ankr.com
https://game.ankr.com
https://grafana-api.ankr.com
https://grafana-api.ankr.com:8080
https://grafana.game.ankr.com
https://grafana-hub-stage.ankr.com
https://grafana.stkr-dev.ankr.com
https://grafana.stkr-goerli.ankr.com
https://grants.ankr.com
https://harbor.stkr-dev.ankr.com
https://harmony-hetzner-02.ankr.com
https://harmony-hetzner-03.ankr.com
https://harmony-hetzner-archive-02.ankr.com
https://harmony-hetzner-archive-03.ankr.com
https://helsinki-hetzner-95-217-225-154.ankr.com
https://hk.ankr.com
https://hk.ankr.com:6443
https://hk-cn.ankr.com:6443
https://hk-cosmos1.ankr.com
https://hub.ankr.com
https://hub.ankr.com:6443
https://hub.ankr.com:8443
https://hub-cn.ankr.com:8443
https://hub-dev.ankr.com
https://hub-hk.ankr.com
https://hub-hk.ankr.com:6443
https://hub-hk.ankr.com:8443
https://hub-stage.ankr.com
https://image.ankr.com
https://image.ankr.com:6443
https://image-cn.ankr.com
https://image-cn.ankr.com:8080
https://indoor-ethereum.ankr.com
https://indoor-phoenix-ethereum.ankr.com
http://singapore-inap-107-6-112-152.ankr.com
http://singapore-inap-107-6-113-54.ankr.com
http://singapore-inap-107-6-113-59.ankr.com
http://singapore-inap-107-6-113-59.ankr.com:8081
http://singapore-inap-107-6-113-59.ankr.com:8545
http://singapore-inap-107-6-113-60.ankr.com
http://singapore-inap-107-6-113-62.ankr.com
https://itool.ankr.com
https://itool-dev.ankr.com
https://itool-stage.ankr.com
https://jaeger.ankr.com
https://jaeger.ankr.com:8443
https://johannesburg-epyc-xl-02.ankr.com
https://johannesburg-epyc-xl-03.ankr.com
https://johannesburg-epyc-xl-04.ankr.com
https://johannesburg-teraco-napafrica-ix-216-107-41-44.ankr.com
http://skale-0.dccn.ankr.com
http://skale-0.dccn.ankr.com:10002
http://skale-0.dccn.ankr.com:10003
http://skale-0.dccn.ankr.com:10009
http://skale-0.dccn.ankr.com:8080
http://skale-0.dccn.ankr.com:9100
http://skale-1.dccn.ankr.com
http://skale-1.dccn.ankr.com:8080
http://skale-1.dccn.ankr.com:9100
https://kibana.chain-monitor.ankr.com
https://kings.ankr.com
https://kms.stkr-dev.ankr.com
https://kusama-hetzner-01.ankr.com
https://kusama-hetzner-02.ankr.com
https://kusama-hetzner-03.ankr.com
https://kusama-hetzner-04.ankr.com
https://la-equinix-la1-216-155-15-118.ankr.com
https://la-equinix-la1-216-155-15-119.ankr.com
http://sleepy.ankr.com
http://sleepy.ankr.com:8000
http://sleepy.ankr.com:9090
https://lithuania-cherry-93-115-29-187.ankr.com
https://lithuania-cherry-93-115-29-189.ankr.com
https://london-inap-64-46-115-6.ankr.com
https://mainnet.multirpc.ankr.com
https://mainnet.protocol.ankr.com
https://matic-hetzner-01.ankr.com
https://matic-hetzner-02.ankr.com
https://matic-hetzner-03.ankr.com
https://matic-hetzner-04.ankr.com
https://matic-la-01.ankr.com
https://matic-mainnet-01.ankr.com
https://matic-saopaulo-01.ankr.com
https://matic-sydney-01.ankr.com
https://mercury.ankr.com
https://meta-ape-bas-mainnet.ankr.com
https://meta-ape-bas-testnet-01.ankr.com
https://meta-ape-bas-testnet-02.ankr.com
https://meta-ape-edge-testnet-01.ankr.com
https://meta-ape-edge-testnet-02.ankr.com
https://meta-ape-edge-testnet-03.ankr.com
https://meta-ape-edge-testnet-04.ankr.com
https://meta-ape-edge-testnet-05.ankr.com
https://metanft.ankr.com
https://miami-epyc-xl-01.ankr.com
https://miami-epyc-xl-02.ankr.com
https://miami-equinix-mi1-216-155-62-93.ankr.com
https://monitor.ankr.com
https://monitor.stkr-dev.ankr.com
https://moonsis-tokyo-01.ankr.com
https://moonsis-tokyo-02.ankr.com
https://moonsis-tokyo-03.ankr.com
https://multirpc-backoffice.dccn.ankr.com
https://multirpc-backoffice-stage.dccn.ankr.com
https://multiverse-bas-testnet.ankr.com
https://mumbai-web-werks-216-155-53-68.ankr.com
https://near-hetzner-01.ankr.com
https://near-hetzner-02.ankr.com
https://near-hetzner-03.ankr.com
https://near-hetzner-04.ankr.com
https://near-maxihost-01.ankr.com
https://near-maxihost-02.ankr.com
https://near-maxihost-03.ankr.com
https://nervos-hetzner-01.ankr.com
https://nervos-hetzner-02.ankr.com
https://nervos-hetzner-03.ankr.com
https://nervos-hetzner-04.ankr.com
https://netbox.ankr.com
https://netbox.devops-k8s.ankr.com
https://new-jersey-inap-72-251-230-238.ankr.com
https://new-jersey-inap-72-251-231-68.ankr.com
https://new-jersey-inap-72-251-231-69.ankr.com
https://new-jersey-inap-72-251-231-70.ankr.com
https://new-jersey-inap-72-251-231-71.ankr.com
https://new-jersey-inap-72-251-231-72.ankr.com
https://new-jersey-inap-72-251-231-74.ankr.com
https://new-jersey-inap-72-251-231-77.ankr.com
https://new-york-maxihost-198-178-224-104.ankr.com
https://new-york-maxihost-198-178-224-105.ankr.com
https://nft-dev.ankr.com
https://nodes-ankrscan-01.ankr.com
https://notary.ankr.com
https://notary.ankr.com:6443
https://notary.devops-k8s.ankr.com
https://notary.harbor.stkr-dev.ankr.com
https://okex-archive.ankr.com
http://solana-amber.ankr.com:8001
http://solana-ashburn-01.ankr.com
http://solana-ashburn-02.ankr.com
http://solana-hetzner-04.ankr.com:8081
http://solana-saopaulo-01.ankr.com
http://solana-saopaulo-02.ankr.com
http://solana-sj.ankr.com
http://solana-sj.ankr.com:10009
http://solana-sj.ankr.com:8545
https://old-stakefi.ankr.com
https://openstack.ankr.com
https://optimism-dallas-03.ankr.com
https://optimism-dallas-04.ankr.com
https://packages.ankr.com
https://plat-dev.ankr.com
https://plat-stage.ankr.com
http://splunk01.ankr.com:8088
https://polkadot-hetzner-01.ankr.com
https://polkadot-hetzner-02.ankr.com
https://polkadot-hetzner-03.ankr.com
https://polkadot-hetzner-04.ankr.com
https://polygon-01-defipulse.ankr.com
https://polygon-anthony.ankr.com
https://polygon-anthony-archive.ankr.com
https://polygon-berkeley-archive.ankr.com
https://prod.ankr.com
https://prod.ankr.com:6443
https://promon.ankr.com
https://rancher.ankr-protocol.ankr.com
https://rancher.stkr-dev.ankr.com
https://registry.devops-k8s.ankr.com
https://roadmap.ankr.com
https://rp.ankr.com:8080
https://rp.ankr.com:8081
https://rpc.ankr.com
https://rpc.ankr.com:2053
https://rpc.ankr.com:2083
https://rpc.ankr.com:2087
https://rpc.dev-01.bas.ankr.com
https://rpc.dev-02.bas.ankr.com
https://rpc-dev.ccv2.ankr.com
https://san-jose-inap-107-6-89-134.ankr.com
https://san-jose-inap-107-6-89-135.ankr.com
https://san-jose-inap-107-6-91-38.ankr.com
https://san-jose-inap-107-6-91-40.ankr.com
https://san-jose-inap-107-6-91-42.ankr.com
https://san-jose-inap-107-6-91-43.ankr.com
https://san-jose-inap-107-6-91-44.ankr.com
https://san-jose-inap-107-6-91-45.ankr.com
https://seattle-inap-63-251-15-90.ankr.com
https://seattle-inap-63-251-15-91.ankr.com
https://seattle-inap-63-251-15-92.ankr.com
https://seattle-inap-63-251-15-93.ankr.com
https://seoul-kinx-dogok-207-199-157-100.ankr.com
https://seoul-kinx-dogok-207-199-157-99.ankr.com
https://singapore-inap-107-6-112-152.ankr.com
https://singapore-inap-107-6-113-54.ankr.com
https://singapore-inap-107-6-113-59.ankr.com
https://singapore-inap-107-6-113-60.ankr.com
https://singapore-inap-107-6-113-62.ankr.com
https://skale-0.dccn.ankr.com
https://skale-0.dccn.ankr.com:311
https://skale-1.dccn.ankr.com
https://skale-1.dccn.ankr.com:311
https://sleepy.ankr.com
https://solana-ashburn-01.ankr.com
https://solana-ashburn-02.ankr.com
https://solana-hetzner-01.ankr.com
https://solana-hetzner-02.ankr.com
https://solana-hetzner-03.ankr.com
https://solana-hetzner-04.ankr.com
https://solana-saopaulo-01.ankr.com
https://solana-saopaulo-02.ankr.com
https://solana-sj.ankr.com
https://splunk01.ankr.com
https://splunk01.ankr.com:8000
https://splunk.teleport.ankr.com
https://sso.ankr.com
https://sso-stage.ankr.com
https://staging.multirpc.ankr.com
https://staging.protocol.ankr.com
https://stakefi.ankr.com
https://stakefi-parachain.ankr.com
https://staking.dev-01.bas.ankr.com
https://staking.dev-02.bas.ankr.com
https://status.ankr.com
https://stkr.ankr.com
https://stkr-dev.ankr.com
https://stkr-goerli.ankr.com
https://sushi-polygon.ankr.com
https://sydney-modmc-equinix-sy1-206-246-106-228.ankr.com
https://sydney-modmc-equinix-sy1-206-246-106-230.ankr.com
https://sydney-mysau-221-121-158-57.ankr.com
http://staging.multirpc.ankr.com
http://staging.protocol.ankr.com
http://stakefi.ankr.com
http://stakefi-parachain.ankr.com
http://staking.dev-01.bas.ankr.com:3000
http://staking.dev-01.bas.ankr.com:3001
http://staking.dev-01.bas.ankr.com:4000
http://staking.dev-02.bas.ankr.com:3000
http://staking.dev-02.bas.ankr.com:3001
http://staking.dev-02.bas.ankr.com:4000
http://staking.dev-02.bas.ankr.com:8545
http://staking.dev-02.bas.ankr.com:9000
http://status.ankr.com
https://team-service.ankr.com
https://teleport.ankr.com
https://test.harbor.stkr-dev.ankr.com
https://testnet.ankr.com
https://testnetscan.ankr.com
http://stkr.ankr.com
http://stkr-dev.ankr.com
http://stkr-eth.ankr.com
http://stkr-goerli.ankr.com
https://tron-2-trustwallet.ankr.com
https://uc-archive-ethereum.ankr.com
https://ue-service.game.ankr.com
https://uk-cosmos1.ankr.com
https://uk-cosmos1.ankr.com:8080
https://uk-tezos1.ankr.com
http://sushi-polygon.ankr.com
https://vault.ankr.com
https://vault.ankr.com:10250
https://vault.ankr.com:6443
https://vault.ankr.com:8443
https://vault-dev.ankr.com
https://vault-dev.ankr.com:10250
https://vault-dev.ankr.com:6443
https://vault-dev.ankr.com:8443
https://web3.stkr-dev.ankr.com
https://wintermute-polygon.ankr.com
https://wisdom-phoenix-ethereum.ankr.com
https://wisdom-solana.ankr.com
https://www.ankr.com
https://www-dev.ankr.com
https://www.grants.ankr.com
https://www-stage.ankr.com
http://sydney-modmc-equinix-sy1-206-246-106-228.ankr.com
http://sydney-modmc-equinix-sy1-206-246-106-228.ankr.com:8081
http://sydney-modmc-equinix-sy1-206-246-106-230.ankr.com
http://sydney-mysau-221-121-158-57.ankr.com
http://team-service.ankr.com
http://team-service.ankr.com:2052
http://team-service.ankr.com:2082
http://team-service.ankr.com:2083
http://team-service.ankr.com:2086
http://team-service.ankr.com:2087
http://team-service.ankr.com:8080
http://team-service.ankr.com:8443
http://team-service.ankr.com:8880
http://test-eth.ankr.com
http://test.harbor.stkr-dev.ankr.com
http://testnet.ankr.com
http://testnetscan.ankr.com
http://trace-dev.ankr.com:9000
http://traefik.ankr.com:9100
http://traefik-stage.ankr.com:9100
http://tron-2-trustwallet.ankr.com
http://tron-2-trustwallet.ankr.com:10009
http://tron-2-trustwallet.ankr.com:8545
http://uc-archive-ethereum.ankr.com
http://ue-service.game.ankr.com
http://uk-cosmos1.ankr.com:9100
http://uk-tezos1.ankr.com
http://uk-tezos1.ankr.com:10009
http://uk-tezos1.ankr.com:8545
http://vault.ankr.com
http://vault.ankr.com:9080
http://vault.ankr.com:9081
http://vault-dev.ankr.com
http://vault-dev.ankr.com:8181
http://web3.stkr-dev.ankr.com
http://wisdom-phoenix-ethereum.ankr.com
http://wisdom-solana.ankr.com
http://www.ankr.com
http://www-dev.ankr.com
http://www.grants.ankr.com
http://www-stage.ankr.com
http://xg.ankr.com:9091
