http://anyswap.net:2053
http://anyswap.net:2087
http://anyswap.net:8080
http://anyswap.net:8443
http://anyswap.net:8880
http://netapi.anyswap.net:2053
http://netapi.anyswap.net:2087
http://netapi.anyswap.net:8080
http://netapi.anyswap.net:8443
http://netapi.anyswap.net:8880
https://anyswap.net
https://netapi.anyswap.net
https://statusapi.anyswap.net
http://statusapi.anyswap.net
http://statusapi.anyswap.net:2086
http://statusapi.anyswap.net:2087
http://statusapi.anyswap.net:8080
http://statusapi.anyswap.net:8443
http://statusapi.anyswap.net:8880
https://www.anyswap.net
http://www.anyswap.net
http://www.anyswap.net:2086
http://www.anyswap.net:2087
http://www.anyswap.net:8080
http://www.anyswap.net:8443
http://www.anyswap.net:8880
