http://009.apeswap.finance
http://3monitor.apeswap.finance
http://accountinfo.apeswap.finance
http://alphamonitor2.apeswap.finance
http://alt-monitor.apeswap.finance
http://ap.apeswap.finance
http://apeswap.finance
http://api1monitor.apeswap.finance
http://api.apeswap.finance
http://app.apeswap.finance
http://autoloan.apeswap.finance
http://b-monitor.apeswap.finance
http://brandmonitor.apeswap.finance
http://centaur.apeswap.finance
http://cmsgraph.apeswap.finance
http://com.apeswap.finance
http://dex-acc.apeswap.finance
http://dex.apeswap.finance
http://dex-evelynn.apeswap.finance
http://dex-s.apeswap.finance
http://dextrial.apeswap.finance
http://discuss.apeswap.finance
http://docs.apeswap.finance
http://e-graph.apeswap.finance
http://ethereum.info.apeswap.finance
http://frontpage-dex.apeswap.finance
http://germany-dex.apeswap.finance
http://gitgraph.apeswap.finance
http://graph-0.apeswap.finance
http://graph2.apeswap.finance
http://graph.apeswap.finance:5001
http://graph.apeswap.finance:8000
http://graph.apeswap.finance:8020
http://graphbucket.apeswap.finance
http://graph-c.apeswap.finance
http://graphproxy.apeswap.finance
http://graphsecurity.apeswap.finance
http://graphwesteurope.apeswap.finance
http://h-info.apeswap.finance
http://idsmonitor2.apeswap.finance
http://imap-monitor2.apeswap.finance
http://info-accounts.apeswap.finance
http://info.apeswap.finance
http://info-cms.apeswap.finance
http://infoforms.apeswap.finance
http://infog.apeswap.finance
http://infogithub.apeswap.finance
http://infopayment.apeswap.finance
http://info-priv.apeswap.finance
http://info-reset.apeswap.finance
http://inforeset.apeswap.finance
http://infoserver.apeswap.finance
http://julygraph.apeswap.finance
http://june-dex.apeswap.finance
http://krgraph.apeswap.finance
http://latinamerica-monitor2.apeswap.finance
http://laxdex.apeswap.finance
http://lending.apeswap.finance
http://loadbalancermonitor2.apeswap.finance
http://march-info.apeswap.finance
http://monitor2.apeswap.finance
http://monitor2-cms.apeswap.finance
http://monitor2-global.apeswap.finance
http://monitor2-pay.apeswap.finance
http://monitor2-production.apeswap.finance
http://monitor2-pub.apeswap.finance
http://monitor2users.apeswap.finance
http://monitor2-v.apeswap.finance
http://monitor2w3.apeswap.finance
http://monitor-4.apeswap.finance
http://monitor-boards.apeswap.finance
http://monitorhwcdn.apeswap.finance
http://monitorprofiles.apeswap.finance
http://monitor-y.apeswap.finance
http://nginx-info.apeswap.finance
http://nmonitor2.apeswap.finance
http://ops-graph.apeswap.finance
http://orms.apeswap.finance
http://payment-graph.apeswap.finance
http://paymonitor2.apeswap.finance
http://polygon.info.apeswap.finance
http://poly-graph.apeswap.finance
http://pricewaterhousecoopers.apeswap.finance
http://priv-info.apeswap.finance
http://pro.apeswap.finance
http://production-info.apeswap.finance
http://repositorygraph.apeswap.finance
http://roiloantiendinh.apeswap.finance
https://009.apeswap.finance
http://s3-dex.apeswap.finance
https://3monitor.apeswap.finance
http://s4325ipmi.apeswap.finance
http://s834.apeswap.finance
http://s9a.apeswap.finance
https://accountinfo.apeswap.finance
https://alphamonitor2.apeswap.finance
https://alt-monitor.apeswap.finance
https://ap.apeswap.finance
https://apeswap.finance
https://api1monitor.apeswap.finance
https://api.apeswap.finance
https://app.apeswap.finance
https://autoloan.apeswap.finance
https://b-monitor.apeswap.finance
https://brandmonitor.apeswap.finance
https://centaur.apeswap.finance
https://cmsgraph.apeswap.finance
https://com.apeswap.finance
https://dex-acc.apeswap.finance
https://dex.apeswap.finance
https://dex-evelynn.apeswap.finance
https://dex-s.apeswap.finance
https://dextrial.apeswap.finance
https://discuss.apeswap.finance
https://docs.apeswap.finance
https://e-graph.apeswap.finance
https://ethereum.info.apeswap.finance
https://frontpage-dex.apeswap.finance
https://germany-dex.apeswap.finance
https://gitgraph.apeswap.finance
https://graph-0.apeswap.finance
https://graph2.apeswap.finance
https://graph.apeswap.finance
https://graphbucket.apeswap.finance
https://graph-c.apeswap.finance
https://graphproxy.apeswap.finance
https://graphsecurity.apeswap.finance
https://graphwesteurope.apeswap.finance
https://h-info.apeswap.finance
https://idsmonitor2.apeswap.finance
https://imap-monitor2.apeswap.finance
https://info-accounts.apeswap.finance
https://info.apeswap.finance
https://info-cms.apeswap.finance
https://infoforms.apeswap.finance
https://infog.apeswap.finance
https://infogithub.apeswap.finance
https://infopayment.apeswap.finance
https://info-priv.apeswap.finance
https://info-reset.apeswap.finance
https://inforeset.apeswap.finance
https://infoserver.apeswap.finance
http://siteintercept.apeswap.finance
https://julygraph.apeswap.finance
https://june-dex.apeswap.finance
https://krgraph.apeswap.finance
https://latinamerica-monitor2.apeswap.finance
https://laxdex.apeswap.finance
https://lending.apeswap.finance
https://loadbalancermonitor2.apeswap.finance
https://march-info.apeswap.finance
https://monitor2-cms.apeswap.finance
https://monitor2-global.apeswap.finance
https://monitor2-pay.apeswap.finance
https://monitor2-production.apeswap.finance
https://monitor2-pub.apeswap.finance
https://monitor2users.apeswap.finance
https://monitor2-v.apeswap.finance
https://monitor2w3.apeswap.finance
https://monitor-4.apeswap.finance
https://monitor-boards.apeswap.finance
https://monitorhwcdn.apeswap.finance
https://monitorprofiles.apeswap.finance
https://monitor-y.apeswap.finance
https://nginx-info.apeswap.finance
https://nmonitor2.apeswap.finance
https://ops-graph.apeswap.finance
https://orms.apeswap.finance
https://payment-graph.apeswap.finance
https://paymonitor2.apeswap.finance
https://polygon.info.apeswap.finance
https://poly-graph.apeswap.finance
https://pricewaterhousecoopers.apeswap.finance
https://priv-info.apeswap.finance
https://pro.apeswap.finance
https://production-info.apeswap.finance
https://repositorygraph.apeswap.finance
https://roiloantiendinh.apeswap.finance
https://s3-dex.apeswap.finance
https://s4325ipmi.apeswap.finance
https://s834.apeswap.finance
https://s9a.apeswap.finance
https://siteintercept.apeswap.finance
https://staging.app.apeswap.finance
https://staging.dex.apeswap.finance
https://stgmonitor.apeswap.finance
https://szinhazbajaro.apeswap.finance
https://t2fsurvey.apeswap.finance
http://staging.app.apeswap.finance
http://staging.dex.apeswap.finance
https://testinfo.apeswap.finance
https://testing1monitor2.apeswap.finance
https://testnet.dex.apeswap.finance
http://stgmonitor.apeswap.finance
https://twitchgraph.apeswap.finance
https://vosecure.apeswap.finance
https://vote.apeswap.finance
https://vote.apeswap.finance:1935
https://westeurope-graph.apeswap.finance
https://www.apeswap.finance
https://xn--app-2y6a.apeswap.finance
https://z-graph.apeswap.finance
http://szinhazbajaro.apeswap.finance
http://t2fsurvey.apeswap.finance
http://testinfo.apeswap.finance
http://testing1monitor2.apeswap.finance
http://testnet.dex.apeswap.finance
http://twitchgraph.apeswap.finance
http://vosecure.apeswap.finance
http://vote.apeswap.finance
http://vote.apeswap.finance:8082
http://vote.apeswap.finance:8084
http://vote.apeswap.finance:8085
http://westeurope-graph.apeswap.finance
http://www.apeswap.finance
http://xn--app-2y6a.apeswap.finance
http://z-graph.apeswap.finance
