http://apex.exchange
http://api.apex.exchange
http://app.apex.exchange
http://app-dev-feature.apex.exchange
http://autodiscover.apex.exchange
http://beta.apex.exchange
http://dev.pro.apex.exchange
http://docs.apex.exchange
http://docs.apex.exchange:2082
http://docs.apex.exchange:2086
http://docs.apex.exchange:8080
http://docs.apex.exchange:8880
http://h5.dev.pro.apex.exchange
http://h5.qa.pro.apex.exchange
http://qa.pro.apex.exchange
http://quote-dev.pro.apex.exchange
http://quote-qa.pro.apex.exchange
https://apex.exchange
https://api.apex.exchange
https://app.apex.exchange
https://app-dev-feature.apex.exchange
https://beta.apex.exchange
https://dev.pro.apex.exchange
https://docs.apex.exchange
https://docs.apex.exchange:2083
https://docs.apex.exchange:2087
https://docs.apex.exchange:8443
https://h5.dev.pro.apex.exchange
https://h5.qa.pro.apex.exchange
https://qa.pro.apex.exchange
https://quote-dev.pro.apex.exchange
https://quote-qa.pro.apex.exchange
https://staging.apex.exchange
http://staging.apex.exchange
https://test.apex.exchange
https://translations.apex.exchange
https://www.apex.exchange
http://test.apex.exchange
http://translations.apex.exchange
http://www.apex.exchange
