http://alpha.belt.fi
http://alpha.belt.fi:2082
http://alpha.belt.fi:2086
http://alpha.belt.fi:2087
http://alpha.belt.fi:2095
http://alpha.belt.fi:8080
http://alpha.belt.fi:8443
http://alpha.belt.fi:8880
http://belt.fi
http://belt.fi:2082
http://belt.fi:2083
http://belt.fi:2086
http://belt.fi:2087
http://belt.fi:8080
http://belt.fi:8880
http://beta.belt.fi
http://beta.belt.fi:2082
http://beta.belt.fi:2086
http://beta.belt.fi:2095
http://beta.belt.fi:8080
http://beta.belt.fi:8880
http://docs.belt.fi
http://docs.belt.fi:2082
http://docs.belt.fi:2086
http://docs.belt.fi:8080
http://docs.belt.fi:8880
https://alpha.belt.fi
http://s.belt.fi
https://belt.fi
http://s.belt.fi:2082
http://s.belt.fi:2086
http://s.belt.fi:2087
http://s.belt.fi:2095
http://s.belt.fi:8080
http://s.belt.fi:8443
http://s.belt.fi:8880
https://beta.belt.fi
https://beta.belt.fi:2087
https://beta.belt.fi:8443
https://docs.belt.fi
https://docs.belt.fi:2053
https://docs.belt.fi:2083
https://docs.belt.fi:2087
https://docs.belt.fi:8443
https://s.belt.fi
