http://api.benqi.fi
http://app.benqi.fi
http://benqi.fi
http://claims.benqi.fi
http://dev.benqi.fi
http://docs.benqi.fi
http://docs.benqi.fi:2082
http://docs.benqi.fi:2086
http://docs.benqi.fi:8080
http://docs.benqi.fi:8880
http://liquid-staking-dev.benqi.fi
http://sale.benqi.fi
http://sale.benqi.fi:2082
http://sale.benqi.fi:2083
http://sale.benqi.fi:2086
http://sale.benqi.fi:8080
http://sale.benqi.fi:8443
http://sale.benqi.fi:8880
https://api.benqi.fi
https://app.benqi.fi
https://benqi.fi
https://claims.benqi.fi
https://dev.benqi.fi
https://docs.benqi.fi
https://docs.benqi.fi:2083
https://docs.benqi.fi:2087
https://docs.benqi.fi:8443
https://liquid-staking-dev.benqi.fi
https://sale.benqi.fi
https://sale.benqi.fi:2087
https://staking.benqi.fi
http://staking.benqi.fi
https://www.benqi.fi
http://www.benqi.fi
