http://api.games.betviewapi.com
http://api.popularbets.betviewapi.com
http://api-static.games.betviewapi.com
http://api-static.staging.games.betviewapi.com
http://api-static.test4.games.betviewapi.com
http://cashout.betviewapi.com
http://dev.test.popularbets.betviewapi.com
http://dev.trending.test.popularbets.betviewapi.com
http://erwann.test.popularbets.betviewapi.com
http://erwann.trending.test.popularbets.betviewapi.com
http://event-catalogue.betviewapi.com
http://event-catalogue.nps.betviewapi.com
http://gareth.test.popularbets.betviewapi.com
http://gareth.trending.test.popularbets.betviewapi.com
http://rab-pricing.betviewapi.com
https://a.cpaul.test.popularbets.betviewapi.com
https://api.games.betviewapi.com
https://api.popularbets.betviewapi.com
https://api-static.games.betviewapi.com
https://api-static.staging.games.betviewapi.com
https://api-static.test4.games.betviewapi.com
https://cashout.betviewapi.com
https://dev.test.popularbets.betviewapi.com
https://dev.trending.test.popularbets.betviewapi.com
https://erwann.test.popularbets.betviewapi.com
https://erwann.trending.test.popularbets.betviewapi.com
https://event-catalogue.betviewapi.com
https://event-catalogue.nps.betviewapi.com
https://gareth.test.popularbets.betviewapi.com
https://gareth.trending.test.popularbets.betviewapi.com
http://singhr.test.popularbets.betviewapi.com
http://singhr.trending.test.popularbets.betviewapi.com
https://rab-pricing.betviewapi.com
https://singhr.test.popularbets.betviewapi.com
https://singhr.trending.test.popularbets.betviewapi.com
https://staging.test.popularbets.betviewapi.com
https://staging.trending.test.popularbets.betviewapi.com
https://stats.betviewapi.com
https://stats.nps.betviewapi.com
http://staging.test.popularbets.betviewapi.com
http://staging.trending.test.popularbets.betviewapi.com
http://stats.betviewapi.com
http://stats.nps.betviewapi.com
https://test4.test.popularbets.betviewapi.com
https://test4.trending.test.popularbets.betviewapi.com
https://trending.popularbets.betviewapi.com
https://us-east.cpaul.test.popularbets.betviewapi.com
http://test4.test.popularbets.betviewapi.com
http://test4.trending.test.popularbets.betviewapi.com
http://trending.popularbets.betviewapi.com
http://us-east.cpaul.test.popularbets.betviewapi.com
