http://api.bitforex.com
http://api.bitforex.com:2082
http://api.bitforex.com:2086
http://api.bitforex.com:2087
http://api.bitforex.com:8080
http://api.bitforex.com:8880
http://bitforex.com
http://bitforex.com:2082
http://bitforex.com:2086
http://bitforex.com:2087
http://bitforex.com:8080
http://bitforex.com:8443
http://bitforex.com:8880
http://capp.bitforex.com
http://capp.bitforex.com:2082
http://capp.bitforex.com:2086
http://capp.bitforex.com:8080
http://capp.bitforex.com:8880
http://cn.bitforex.com
http://cn.bitforex.com:2082
http://cn.bitforex.com:2086
http://cn.bitforex.com:2087
http://cn.bitforex.com:8080
http://cn.bitforex.com:8880
http://download.bitforex.com
http://download.bitforex.com:2082
http://download.bitforex.com:2086
http://download.bitforex.com:2087
http://download.bitforex.com:8080
http://download.bitforex.com:8443
http://download.bitforex.com:8880
http://event.bitforex.com
http://event.bitforex.com:2082
http://event.bitforex.com:2086
http://event.bitforex.com:2087
http://event.bitforex.com:8080
http://event.bitforex.com:8443
http://event.bitforex.com:8880
http://grin.bitforex.com
http://grin.bitforex.com:2082
http://grin.bitforex.com:2086
http://grin.bitforex.com:2087
http://grin.bitforex.com:8080
http://grin.bitforex.com:8880
http://grinproxy.bitforex.com
http://grinproxy.bitforex.com:2082
http://grinproxy.bitforex.com:2086
http://grinproxy.bitforex.com:2087
http://grinproxy.bitforex.com:8080
http://grinproxy.bitforex.com:8880
http://help.bitforex.com
http://help.bitforex.com:2082
http://help.bitforex.com:2086
http://help.bitforex.com:2087
http://help.bitforex.com:8080
http://help.bitforex.com:8443
http://help.bitforex.com:8880
http://m.bitforex.com
http://m.bitforex.com:2082
http://m.bitforex.com:2086
http://m.bitforex.com:8080
http://m.bitforex.com:8443
http://m.bitforex.com:8880
http://mobile.bitforex.com
http://mobile.bitforex.com:2082
http://mobile.bitforex.com:2086
http://mobile.bitforex.com:8080
http://mobile.bitforex.com:8880
http://mwcproxy.bitforex.com
http://mwcproxy.bitforex.com:2082
http://mwcproxy.bitforex.com:2086
http://mwcproxy.bitforex.com:2087
http://mwcproxy.bitforex.com:8080
http://mwcproxy.bitforex.com:8880
http://r1131307.bitforex.com
https://api.bitforex.com
https://bitforex.com
https://capp.bitforex.com
https://capp.bitforex.com:2087
https://cn.bitforex.com
https://download.bitforex.com
https://event.bitforex.com
https://grin.bitforex.com
https://grinproxy.bitforex.com
https://help.bitforex.com
https://m.bitforex.com
https://m.bitforex.com:2087
https://mobile.bitforex.com
https://mobile.bitforex.com:2087
https://mwcproxy.bitforex.com
https://r1131307.bitforex.com
https://static.bitforex.com
https://support.bitforex.com
http://static.bitforex.com
http://static.bitforex.com:2082
http://static.bitforex.com:2086
http://static.bitforex.com:2087
http://static.bitforex.com:8080
http://static.bitforex.com:8880
https://track.bitforex.com
https://track.bitforex.com:2087
https://track.bitforex.com:8443
http://support.bitforex.com
http://support.bitforex.com:2087
https://www.bitforex.com
http://track.bitforex.com
http://track.bitforex.com:2082
http://track.bitforex.com:2086
http://track.bitforex.com:8080
http://track.bitforex.com:8880
http://www.bitforex.com
http://www.bitforex.com:2082
http://www.bitforex.com:2086
http://www.bitforex.com:2087
http://www.bitforex.com:8080
http://www.bitforex.com:8880
