http://academy.bitkub.com
http://academy.bitkub.com:2052
http://academy.bitkub.com:2086
http://academy.bitkub.com:8080
http://admin.bitkub.com
http://admin.bitkub.com:2052
http://admin.bitkub.com:2086
http://admin.bitkub.com:8080
http://api.bitkub.com
http://api.bitkub.com:2082
http://api.bitkub.com:2086
http://api.bitkub.com:8080
http://api-careers.bitkub.com
http://api-careers.bitkub.com:2082
http://api-careers.bitkub.com:2086
http://api-careers.bitkub.com:8080
http://auth.bitkub.com
http://auth.bitkub.com:2052
http://auth.bitkub.com:2086
http://auth.bitkub.com:8080
http://bitkub.com
http://bitkub.com:2052
http://bitkub.com:2086
http://bitkub.com:8080
http://careers.bitkub.com
http://careers.bitkub.com:2052
http://careers.bitkub.com:2086
http://careers.bitkub.com:8080
http://chat.bitkub.com
http://chat.bitkub.com:2052
http://chat.bitkub.com:2086
http://chat.bitkub.com:8080
http://classic.bitkub.com
http://classic.bitkub.com:2082
http://classic.bitkub.com:2086
http://classic.bitkub.com:8080
http://cms.bitkub.com
http://cms.bitkub.com:2052
http://cms.bitkub.com:2086
http://cms.bitkub.com:8080
http://core.bitkub.com
http://core.bitkub.com:2082
http://core.bitkub.com:2086
http://core.bitkub.com:8080
http://demo.bitkub.com
http://demo.bitkub.com:2082
http://demo.bitkub.com:2086
http://demo.bitkub.com:8080
http://dev-api.bitkub.com
http://dev-api.bitkub.com:2052
http://dev-api.bitkub.com:2086
http://dev-api.bitkub.com:8080
http://enterprise.bitkub.com
http://enterprise.bitkub.com:2052
http://enterprise.bitkub.com:2086
http://enterprise.bitkub.com:8080
http://eth.bitkub.com
http://eth.bitkub.com:2086
http://eth.bitkub.com:8080
http://eth.bitkub.com:8880
http://event.bitkub.com
http://event.bitkub.com:2082
http://event.bitkub.com:2083
http://event.bitkub.com:2086
http://event.bitkub.com:2087
http://event.bitkub.com:8080
http://freeshirt-api.bitkub.com
http://freeshirt-api.bitkub.com:2082
http://freeshirt-api.bitkub.com:2086
http://freeshirt-api.bitkub.com:8080
http://gitlab.bitkub.com
http://gitlab.bitkub.com:2052
http://gitlab.bitkub.com:2086
http://gitlab.bitkub.com:8080
http://itb.bitkub.com
http://itb.bitkub.com:2082
http://itb.bitkub.com:2086
http://itb.bitkub.com:8080
http://macro.bitkub.com
http://macro.bitkub.com:2082
http://macro.bitkub.com:2086
http://macro.bitkub.com:8080
http://mobileapi.bitkub.com
http://mobileapi.bitkub.com:2082
http://mobileapi.bitkub.com:2086
http://mobileapi.bitkub.com:8080
http://ms.bitkub.com
http://ms.bitkub.com:2052
http://ms.bitkub.com:2086
http://ms.bitkub.com:8080
http://mta-2.newsletter.bitkub.com
http://mta-3.newsletter.bitkub.com
http://mta-6.newsletter.bitkub.com
http://mta-7.newsletter.bitkub.com
http://multimedia.newsletter.bitkub.com
http://newsletter.bitkub.com
http://nft.bitkub.com
http://nft.bitkub.com:2052
http://nft.bitkub.com:2086
http://nft.bitkub.com:8080
http://nonprod.bitkub.com
http://nonprod.bitkub.com:2082
http://nonprod.bitkub.com:2086
http://nonprod.bitkub.com:8080
http://oauth.bitkub.com
http://oauth.bitkub.com:2082
http://oauth.bitkub.com:2086
http://oauth.bitkub.com:8080
http://onelink.bitkub.com
http://preprod.bitkub.com
http://preprod.bitkub.com:2052
http://preprod.bitkub.com:2086
http://preprod.bitkub.com:8080
http://prod.bitkub.com
http://prod.bitkub.com:2082
http://prod.bitkub.com:2086
http://prod.bitkub.com:8080
http://promo.bitkub.com
http://promo.bitkub.com:2052
http://promo.bitkub.com:2086
http://promo.bitkub.com:8080
http://registry-gitlab.bitkub.com
http://registry-gitlab.bitkub.com:2082
http://registry-gitlab.bitkub.com:2086
http://registry-gitlab.bitkub.com:8080
http://reward.bitkub.com
http://reward.bitkub.com:2052
http://reward.bitkub.com:2086
http://reward.bitkub.com:8080
http://rts.bitkub.com
http://rts.bitkub.com:2082
http://rts.bitkub.com:2086
http://rts.bitkub.com:8080
https://academy.bitkub.com
https://academy.bitkub.com:2083
https://academy.bitkub.com:2087
https://academy.bitkub.com:8443
https://admin.bitkub.com
https://admin.bitkub.com:2083
https://admin.bitkub.com:2087
https://admin.bitkub.com:8443
http://sandbox.bitkub.com
http://sandbox.bitkub.com:2052
http://sandbox.bitkub.com:2086
http://sandbox.bitkub.com:8080
https://api.bitkub.com
https://api.bitkub.com:2083
https://api.bitkub.com:2087
https://api-careers.bitkub.com
https://api-careers.bitkub.com:2083
https://api-careers.bitkub.com:2087
https://auth.bitkub.com
https://auth.bitkub.com:2083
https://auth.bitkub.com:2087
https://auth.bitkub.com:8443
https://bitkub.com
https://bitkub.com:2083
https://bitkub.com:2087
https://bitkub.com:8443
https://careers.bitkub.com
https://careers.bitkub.com:2083
https://careers.bitkub.com:2087
https://careers.bitkub.com:8443
https://chat.bitkub.com
https://chat.bitkub.com:2083
https://chat.bitkub.com:2087
https://chat.bitkub.com:8443
https://classic.bitkub.com
https://classic.bitkub.com:2083
https://classic.bitkub.com:2087
https://cms.bitkub.com
https://cms.bitkub.com:2083
https://cms.bitkub.com:2087
https://cms.bitkub.com:8443
https://core.bitkub.com
https://core.bitkub.com:2083
https://core.bitkub.com:2087
https://demo.bitkub.com
https://demo.bitkub.com:2083
https://demo.bitkub.com:2087
https://dev-api.bitkub.com
https://dev-api.bitkub.com:2083
https://dev-api.bitkub.com:2087
https://dev-api.bitkub.com:8443
https://enterprise.bitkub.com
https://enterprise.bitkub.com:2083
https://enterprise.bitkub.com:2087
https://enterprise.bitkub.com:8443
http://service.bitkub.com
http://service.bitkub.com:2052
http://service.bitkub.com:2086
http://service.bitkub.com:8080
https://eth.bitkub.com
https://eth.bitkub.com:2083
https://eth.bitkub.com:2087
https://eth.bitkub.com:8443
https://event.bitkub.com
https://freeshirt-api.bitkub.com
https://freeshirt-api.bitkub.com:2083
https://freeshirt-api.bitkub.com:2087
https://gitlab.bitkub.com
https://gitlab.bitkub.com:2083
https://gitlab.bitkub.com:2087
https://gitlab.bitkub.com:8443
https://itb.bitkub.com
https://itb.bitkub.com:2083
https://itb.bitkub.com:2087
https://macro.bitkub.com
https://macro.bitkub.com:2083
https://macro.bitkub.com:2087
https://mobileapi.bitkub.com
https://mobileapi.bitkub.com:2083
https://mobileapi.bitkub.com:2087
https://ms.bitkub.com
https://ms.bitkub.com:2083
https://ms.bitkub.com:2087
https://ms.bitkub.com:8443
https://mta-2.newsletter.bitkub.com
https://mta-3.newsletter.bitkub.com
https://mta-6.newsletter.bitkub.com
https://mta-7.newsletter.bitkub.com
https://multimedia.newsletter.bitkub.com
https://newsletter.bitkub.com
https://nft.bitkub.com
https://nft.bitkub.com:2083
https://nft.bitkub.com:2087
https://nft.bitkub.com:8443
https://nonprod.bitkub.com
https://nonprod.bitkub.com:2083
https://nonprod.bitkub.com:2087
https://oauth.bitkub.com
https://oauth.bitkub.com:2083
https://oauth.bitkub.com:2087
https://onelink.bitkub.com
https://preprod.bitkub.com
https://preprod.bitkub.com:2083
https://preprod.bitkub.com:2087
https://preprod.bitkub.com:8443
https://prod.bitkub.com
https://prod.bitkub.com:2083
https://prod.bitkub.com:2087
https://promo.bitkub.com
https://promo.bitkub.com:2083
https://promo.bitkub.com:2087
https://promo.bitkub.com:8443
https://registry-gitlab.bitkub.com
https://registry-gitlab.bitkub.com:2083
https://registry-gitlab.bitkub.com:2087
https://reward.bitkub.com
https://reward.bitkub.com:2083
https://reward.bitkub.com:2087
https://reward.bitkub.com:8443
https://rts.bitkub.com
https://rts.bitkub.com:2083
https://rts.bitkub.com:2087
https://sandbox.bitkub.com
https://sandbox.bitkub.com:2083
https://sandbox.bitkub.com:2087
https://sandbox.bitkub.com:8443
https://service.bitkub.com
https://service.bitkub.com:2083
https://service.bitkub.com:2087
https://service.bitkub.com:8443
https://staging.bitkub.com
https://staging.bitkub.com:2083
https://staging.bitkub.com:2087
https://staging-cms.bitkub.com
https://staging-cms.bitkub.com:2083
https://staging-cms.bitkub.com:2087
https://staging-cms.bitkub.com:8443
https://staging-core.bitkub.com
https://staging-core.bitkub.com:2083
https://staging-core.bitkub.com:2087
https://staging-core.bitkub.com:8443
https://staging-oauth.bitkub.com
https://staging-oauth.bitkub.com:2083
https://staging-oauth.bitkub.com:2087
https://staging-oauth.bitkub.com:8443
https://staging-reward.bitkub.com
https://staging-reward.bitkub.com:2083
https://staging-reward.bitkub.com:2087
https://staging-reward.bitkub.com:8443
https://staging-service.bitkub.com
https://staging-service.bitkub.com:2083
https://staging-service.bitkub.com:2087
https://staging-test.bitkub.com
https://staging-test.bitkub.com:2083
https://staging-test.bitkub.com:2087
https://support.bitkub.com
http://staging.bitkub.com
http://staging.bitkub.com:2082
http://staging.bitkub.com:2086
http://staging.bitkub.com:8080
http://staging-cms.bitkub.com
http://staging-cms.bitkub.com:2052
http://staging-cms.bitkub.com:2086
http://staging-cms.bitkub.com:8080
http://staging-core.bitkub.com
http://staging-core.bitkub.com:2052
http://staging-core.bitkub.com:2086
http://staging-core.bitkub.com:8080
http://staging-oauth.bitkub.com
http://staging-oauth.bitkub.com:2052
http://staging-oauth.bitkub.com:2086
http://staging-oauth.bitkub.com:8080
http://staging-reward.bitkub.com
http://staging-reward.bitkub.com:2052
http://staging-reward.bitkub.com:2086
http://staging-reward.bitkub.com:8080
http://staging-service.bitkub.com
http://staging-service.bitkub.com:2082
http://staging-service.bitkub.com:2086
http://staging-service.bitkub.com:8080
http://staging-test.bitkub.com
http://staging-test.bitkub.com:2082
http://staging-test.bitkub.com:2086
http://staging-test.bitkub.com:8080
https://test-api.bitkub.com
https://test-api.bitkub.com:2083
https://test-api.bitkub.com:2087
https://tradingview.bitkub.com
https://tradingview.bitkub.com:2083
https://tradingview.bitkub.com:2087
https://tradingview.bitkub.com:8443
http://support.bitkub.com
http://support.bitkub.com:2053
http://support.bitkub.com:2083
http://support.bitkub.com:2087
http://support.bitkub.com:2096
http://support.bitkub.com:8443
https://webapi.bitkub.com
https://webapi.bitkub.com:2083
https://webapi.bitkub.com:2087
https://webapi.bitkub.com:8443
https://websocket2.bitkub.com
https://websocket2.bitkub.com:2083
https://websocket2.bitkub.com:2087
https://websocket2.bitkub.com:8443
https://websocket.bitkub.com
https://wsdesktop.bitkub.com
https://www.bitkub.com
https://www.bitkub.com:2083
https://www.bitkub.com:2087
https://www.newsletter.bitkub.com
http://test-api.bitkub.com
http://test-api.bitkub.com:2082
http://test-api.bitkub.com:2086
http://test-api.bitkub.com:8080
http://tradingview.bitkub.com
http://tradingview.bitkub.com:2052
http://tradingview.bitkub.com:2086
http://tradingview.bitkub.com:8080
http://webapi.bitkub.com
http://webapi.bitkub.com:2052
http://webapi.bitkub.com:2086
http://webapi.bitkub.com:8080
http://websocket2.bitkub.com
http://websocket2.bitkub.com:2052
http://websocket2.bitkub.com:2086
http://websocket2.bitkub.com:8080
http://websocket.bitkub.com
http://wsdesktop.bitkub.com
http://www.bitkub.com
http://www.bitkub.com:2082
http://www.bitkub.com:2086
http://www.bitkub.com:8080
http://www.newsletter.bitkub.com
