http://api-app.bitmart.com
http://api-app.bitmart.com:8880
http://api.bitmart.com
http://api.bitmart.com:2053
http://api.bitmart.com:2087
http://api.bitmart.com:8443
http://api.bitmart.com:8880
http://api-cloud.bitmart.com
http://api-cloud.bitmart.com:2086
http://api-cloud.bitmart.com:2087
http://api-cloud.bitmart.com:8080
http://api-cloud.bitmart.com:8880
http://autodiscover.bitmart.com
http://beta.bitmart.com
http://beta.bitmart.com:8880
http://bitmart.com
http://bitmart.com:2082
http://bitmart.com:2083
http://bitmart.com:2086
http://bitmart.com:2087
http://bitmart.com:8080
http://bitmart.com:8443
http://bitmart.com:8880
http://derivatives.bitmart.com
http://derivatives.bitmart.com:2082
http://derivatives.bitmart.com:2083
http://derivatives.bitmart.com:2086
http://derivatives.bitmart.com:8080
http://derivatives.bitmart.com:8443
http://derivatives.bitmart.com:8880
http://developer.bitmart.com
http://developer.bitmart.com:2053
http://developer.bitmart.com:2087
http://developer.bitmart.com:8443
http://developer.bitmart.com:8880
http://developer-old.bitmart.com
http://developer-old.bitmart.com:2053
http://developer-old.bitmart.com:2087
http://developer-old.bitmart.com:8443
http://developer-old.bitmart.com:8880
http://developer-pro.bitmart.com
http://developer-pro.bitmart.com:2082
http://developer-pro.bitmart.com:2083
http://developer-pro.bitmart.com:2086
http://developer-pro.bitmart.com:2087
http://developer-pro.bitmart.com:8080
http://developer-pro.bitmart.com:8443
http://developer-pro.bitmart.com:8880
http://emx-links.bitmart.com
http://emx-links.bitmart.com:2086
http://emx-links.bitmart.com:2087
http://emx-links.bitmart.com:8080
http://emx-links.bitmart.com:8880
http://finance-ws.bitmart.com
http://finance-ws.bitmart.com:2082
http://finance-ws.bitmart.com:2083
http://finance-ws.bitmart.com:2086
http://finance-ws.bitmart.com:2087
http://finance-ws.bitmart.com:8080
http://finance-ws.bitmart.com:8443
http://finance-ws.bitmart.com:8880
http://futures.bitmart.com
http://futures.bitmart.com:2053
http://futures.bitmart.com:2087
http://futures.bitmart.com:8443
http://futures.bitmart.com:8880
http://h5.bitmart.com
http://h5.bitmart.com:2086
http://h5.bitmart.com:2087
http://h5.bitmart.com:8080
http://h5.bitmart.com:8880
http://links.bitmart.com
http://links.bitmart.com:2082
http://links.bitmart.com:2083
http://links.bitmart.com:2086
http://links.bitmart.com:2087
http://links.bitmart.com:8080
http://links.bitmart.com:8443
http://links.bitmart.com:8880
http://lyncdiscover.bitmart.com
http://msoid.bitmart.com
http://msoid.bitmart.com:2086
http://msoid.bitmart.com:2087
http://msoid.bitmart.com:8080
http://msoid.bitmart.com:8880
http://openapi.bitmart.com
http://openapi.bitmart.com:2053
http://openapi.bitmart.com:2087
http://openapi.bitmart.com:8443
http://openapi.bitmart.com:8880
http://otc.bitmart.com
http://otc.bitmart.com:2086
http://otc.bitmart.com:2087
http://otc.bitmart.com:8080
http://otc.bitmart.com:8880
https://api-app.bitmart.com
https://api-app.bitmart.com:2053
https://api-app.bitmart.com:2087
https://api-app.bitmart.com:8443
https://api.bitmart.com
https://api-cloud.bitmart.com
https://beta.bitmart.com
https://beta.bitmart.com:2053
https://beta.bitmart.com:2087
https://beta.bitmart.com:8443
https://bitmart.com
https://derivatives.bitmart.com
https://derivatives.bitmart.com:2087
https://developer.bitmart.com
https://developer-old.bitmart.com
https://developer-pro.bitmart.com
https://emx-links.bitmart.com
https://finance-ws.bitmart.com
https://futures.bitmart.com
https://h5.bitmart.com
https://links.bitmart.com
https://lyncdiscover.bitmart.com
https://msoid.bitmart.com
https://openapi.bitmart.com
https://otc.bitmart.com
https://sip.bitmart.com
https://support.bitmart.com
https://teams.bitmart.com
https://teams.bitmart.com:2053
https://teams.bitmart.com:2087
https://teams.bitmart.com:8443
http://support.bitmart.com
http://support.bitmart.com:2053
http://support.bitmart.com:2083
http://support.bitmart.com:2087
http://support.bitmart.com:2096
http://support.bitmart.com:8443
http://support.bitmart.com:8880
https://userprofile.bitmart.com
https://userprofile.bitmart.com:2083
https://userprofile.bitmart.com:2087
https://userprofile.bitmart.com:8443
https://workstation.bitmart.com
https://workstation.bitmart.com:2053
https://workstation.bitmart.com:2087
https://workstation.bitmart.com:8443
https://ws-manager.bitmart.com
https://ws-manager-compress.bitmart.com
https://ws-manager-compress.bitmart.com:2087
https://www.bitmart.com
http://teams.bitmart.com
http://teams.bitmart.com:8880
http://url3396.mkt.bitmart.com
http://url3396.mkt.bitmart.com:2053
http://url3396.mkt.bitmart.com:2087
http://url3396.mkt.bitmart.com:8443
http://url3396.mkt.bitmart.com:8880
http://userprofile.bitmart.com
http://userprofile.bitmart.com:2082
http://userprofile.bitmart.com:2086
http://userprofile.bitmart.com:8080
http://userprofile.bitmart.com:8880
http://workstation.bitmart.com
http://workstation.bitmart.com:8880
http://ws-manager.bitmart.com
http://ws-manager.bitmart.com:2082
http://ws-manager.bitmart.com:2083
http://ws-manager.bitmart.com:2086
http://ws-manager.bitmart.com:2087
http://ws-manager.bitmart.com:8080
http://ws-manager.bitmart.com:8443
http://ws-manager.bitmart.com:8880
http://ws-manager-compress.bitmart.com
http://ws-manager-compress.bitmart.com:2086
http://ws-manager-compress.bitmart.com:8080
http://ws-manager-compress.bitmart.com:8880
http://www.bitmart.com
http://www.bitmart.com:2053
http://www.bitmart.com:2087
http://www.bitmart.com:8443
http://www.bitmart.com:8880
