http://bitmarket.bitrue.com
http://bitrue.com
http://cdn.bitrue.com
http://fm.bitrue.com
http://futures.bitrue.com
http://futuresws.bitrue.com
http://link.bitrue.com
http://m.bitrue.com
http://openapi.bitrue.com
http://open.bitrue.com
https://b.bitrue.com
https://bitmarket.bitrue.com
https://bitrue.com
https://bitrue.com:6443
https://cdn.bitrue.com
https://fm.bitrue.com
https://futures.bitrue.com
https://futuresws.bitrue.com
https://link.bitrue.com
https://m.bitrue.com
https://openapi.bitrue.com
https://openapi.bitrue.com:444
https://open.bitrue.com
https://static.bitrue.com
http://static.bitrue.com
https://www.bitrue.com
http://ws.bitrue.com
http://www.bitrue.com
