http://autoconfig.bitswift.cash
http://autoconfig.bitswift.cash:2082
http://autoconfig.bitswift.cash:2095
http://autodiscover.bitswift.cash
http://autodiscover.bitswift.cash:2082
http://autodiscover.bitswift.cash:2095
http://bitswift.cash
http://cpanel.bitswift.cash
http://cpanel.bitswift.cash:2082
http://cpanel.bitswift.cash:2095
http://ftp.bitswift.cash
http://imap.bitswift.cash
http://imap.bitswift.cash:2082
http://imap.bitswift.cash:2095
http://mail.bitswift.cash
http://mail.bitswift.cash:2082
http://mail.bitswift.cash:2095
http://pop3.bitswift.cash
http://pop3.bitswift.cash:2082
http://pop3.bitswift.cash:2095
https://autoconfig.bitswift.cash
https://autoconfig.bitswift.cash:2083
https://autodiscover.bitswift.cash
https://autodiscover.bitswift.cash:2083
https://bitswift.cash
https://bitswift.cash:8443
https://cpanel.bitswift.cash
https://cpanel.bitswift.cash:2083
https://ftp.bitswift.cash
https://ftp.bitswift.cash:8443
https://imap.bitswift.cash
https://imap.bitswift.cash:2083
https://mail.bitswift.cash
https://mail.bitswift.cash:2083
http://smtp.bitswift.cash
http://smtp.bitswift.cash:2082
http://smtp.bitswift.cash:2095
https://pop3.bitswift.cash
https://pop3.bitswift.cash:2083
https://smtp.bitswift.cash
https://smtp.bitswift.cash:2083
https://webmail.bitswift.cash
https://webmail.bitswift.cash:2083
https://www.bitswift.cash
https://www.bitswift.cash:8443
http://webmail.bitswift.cash
http://webmail.bitswift.cash:2082
http://webmail.bitswift.cash:2095
http://www.bitswift.cash
