http://api.blastapi.io
http://api.blastapi.io:2052
http://api.blastapi.io:2053
http://api.blastapi.io:2082
http://api.blastapi.io:2083
http://api.blastapi.io:2086
http://api.blastapi.io:2096
http://api.blastapi.io:8443
http://api.blastapi.io:8880
http://api.dev.blastapi.io
http://api.houston.blastapi.io
http://api.qa.blastapi.io
http://astar.aws.blastapi.io
http://astar.blastapi.io
http://astar.public.blastapi.io
http://astar.public.blastapi.io:2053
http://astar.public.blastapi.io:2082
http://astar.public.blastapi.io:2083
http://astar.public.blastapi.io:2087
http://astar.public.blastapi.io:2096
http://astar.public.blastapi.io:8080
http://astar.public.blastapi.io:8880
http://ava-mainnet.blastapi.io
http://ava-mainnet.blastapi.io:2053
http://ava-mainnet.blastapi.io:2083
http://ava-mainnet.blastapi.io:2086
http://ava-mainnet.blastapi.io:2087
http://ava-mainnet.blastapi.io:8080
http://ava-mainnet.blastapi.io:8443
http://ava-mainnet.blastapi.io:8880
http://ava-mainnet.public.blastapi.io
http://ava-mainnet.public.blastapi.io:2053
http://ava-mainnet.public.blastapi.io:2082
http://ava-mainnet.public.blastapi.io:2083
http://ava-mainnet.public.blastapi.io:2087
http://ava-mainnet.public.blastapi.io:2096
http://ava-mainnet.public.blastapi.io:8080
http://ava-mainnet.public.blastapi.io:8880
http://blastapi.io
http://blastapi.io:2052
http://blastapi.io:2053
http://blastapi.io:2082
http://blastapi.io:2083
http://blastapi.io:2086
http://blastapi.io:2096
http://blastapi.io:8443
http://blastapi.io:8880
http://bsc-testnet.public.blastapi.io
http://bsc-testnet.public.blastapi.io:2052
http://bsc-testnet.public.blastapi.io:2053
http://bsc-testnet.public.blastapi.io:2082
http://bsc-testnet.public.blastapi.io:2083
http://bsc-testnet.public.blastapi.io:2086
http://bsc-testnet.public.blastapi.io:2096
http://bsc-testnet.public.blastapi.io:8443
http://bsc-testnet.public.blastapi.io:8880
http://bwareadmin.blastapi.io
http://bwareadmin.blastapi.io:2053
http://bwareadmin.blastapi.io:2082
http://bwareadmin.blastapi.io:2083
http://bwareadmin.blastapi.io:2087
http://bwareadmin.blastapi.io:2096
http://bwareadmin.blastapi.io:8080
http://bwareadmin.blastapi.io:8880
http://bwareadmin.dev1.blastapi.io
http://bwareadmin.houston.blastapi.io
http://bwareadmin.qa.blastapi.io
http://bware-staking-subgraph.houston.blastapi.io
http://contract.dev.blastapi.io
http://dev1.blastapi.io
http://dev.blastapi.io
http://docs.blastapi.io
http://docs.blastapi.io:2053
http://docs.blastapi.io:2082
http://docs.blastapi.io:2083
http://docs.blastapi.io:2096
http://docs.blastapi.io:8080
http://docs.blastapi.io:8880
http://eth-kovan.blastapi.io
http://eth-kovan.blastapi.io:2053
http://eth-kovan.blastapi.io:2082
http://eth-kovan.blastapi.io:2083
http://eth-kovan.blastapi.io:2087
http://eth-kovan.blastapi.io:2096
http://eth-kovan.blastapi.io:8080
http://eth-kovan.blastapi.io:8880
http://eth-mainnet.blastapi.io
http://eth-mainnet.blastapi.io:2053
http://eth-mainnet.blastapi.io:2083
http://eth-mainnet.blastapi.io:2086
http://eth-mainnet.blastapi.io:2087
http://eth-mainnet.blastapi.io:8080
http://eth-mainnet.blastapi.io:8443
http://eth-mainnet.blastapi.io:8880
http://eth-mainnet.public.blastapi.io
http://eth-mainnet.public.blastapi.io:2053
http://eth-mainnet.public.blastapi.io:2083
http://eth-mainnet.public.blastapi.io:2086
http://eth-mainnet.public.blastapi.io:2087
http://eth-mainnet.public.blastapi.io:8080
http://eth-mainnet.public.blastapi.io:8443
http://eth-mainnet.public.blastapi.io:8880
http://eth-rinkeby.blastapi.io
http://eth-rinkeby.blastapi.io:2053
http://eth-rinkeby.blastapi.io:2083
http://eth-rinkeby.blastapi.io:2086
http://eth-rinkeby.blastapi.io:2087
http://eth-rinkeby.blastapi.io:8080
http://eth-rinkeby.blastapi.io:8443
http://eth-rinkeby.blastapi.io:8880
http://fantom-mainnet.blastapi.io
http://fantom-mainnet.blastapi.io:2052
http://fantom-mainnet.blastapi.io:2053
http://fantom-mainnet.blastapi.io:2082
http://fantom-mainnet.blastapi.io:2083
http://fantom-mainnet.blastapi.io:2086
http://fantom-mainnet.blastapi.io:2096
http://fantom-mainnet.blastapi.io:8443
http://fantom-mainnet.blastapi.io:8880
http://fantom-mainnet.public.blastapi.io
http://fantom-mainnet.public.blastapi.io:2053
http://fantom-mainnet.public.blastapi.io:2083
http://fantom-mainnet.public.blastapi.io:2086
http://fantom-mainnet.public.blastapi.io:2087
http://fantom-mainnet.public.blastapi.io:8080
http://fantom-mainnet.public.blastapi.io:8443
http://fantom-mainnet.public.blastapi.io:8880
http://fantom-testnet.public.blastapi.io
http://fantom-testnet.public.blastapi.io:2053
http://fantom-testnet.public.blastapi.io:2083
http://fantom-testnet.public.blastapi.io:2086
http://fantom-testnet.public.blastapi.io:2087
http://fantom-testnet.public.blastapi.io:8080
http://fantom-testnet.public.blastapi.io:8443
http://fantom-testnet.public.blastapi.io:8880
http://fe.dev1.blastapi.io
http://gnosis-mainnet.blastapi.io
http://gnosis-mainnet.blastapi.io:2053
http://gnosis-mainnet.blastapi.io:2083
http://gnosis-mainnet.blastapi.io:2086
http://gnosis-mainnet.blastapi.io:2087
http://gnosis-mainnet.blastapi.io:8080
http://gnosis-mainnet.blastapi.io:8443
http://gnosis-mainnet.blastapi.io:8880
http://gnosis-mainnet.public.blastapi.io
http://gnosis-mainnet.public.blastapi.io:2052
http://gnosis-mainnet.public.blastapi.io:2053
http://gnosis-mainnet.public.blastapi.io:2082
http://gnosis-mainnet.public.blastapi.io:2083
http://gnosis-mainnet.public.blastapi.io:2086
http://gnosis-mainnet.public.blastapi.io:2096
http://gnosis-mainnet.public.blastapi.io:8443
http://gnosis-mainnet.public.blastapi.io:8880
http://houston.blastapi.io
http://influxdb.houston.blastapi.io
http://influxdb.qa.blastapi.io
http://moonbase-alpha.blastapi.io
http://moonbase-alpha.blastapi.io:2053
http://moonbase-alpha.blastapi.io:2083
http://moonbase-alpha.blastapi.io:2086
http://moonbase-alpha.blastapi.io:2087
http://moonbase-alpha.blastapi.io:8080
http://moonbase-alpha.blastapi.io:8443
http://moonbase-alpha.blastapi.io:8880
http://moonbase-alpha.public.blastapi.io
http://moonbase-alpha.public.blastapi.io:2053
http://moonbase-alpha.public.blastapi.io:2082
http://moonbase-alpha.public.blastapi.io:2083
http://moonbase-alpha.public.blastapi.io:2087
http://moonbase-alpha.public.blastapi.io:2096
http://moonbase-alpha.public.blastapi.io:8080
http://moonbase-alpha.public.blastapi.io:8880
http://moonbeam.blastapi.io
http://moonbeam.blastapi.io:2052
http://moonbeam.blastapi.io:2053
http://moonbeam.blastapi.io:2082
http://moonbeam.blastapi.io:2083
http://moonbeam.blastapi.io:2086
http://moonbeam.blastapi.io:2096
http://moonbeam.blastapi.io:8443
http://moonbeam.blastapi.io:8880
http://moonbeam.public.blastapi.io
http://moonbeam.public.blastapi.io:2053
http://moonbeam.public.blastapi.io:2083
http://moonbeam.public.blastapi.io:2086
http://moonbeam.public.blastapi.io:2087
http://moonbeam.public.blastapi.io:8080
http://moonbeam.public.blastapi.io:8443
http://moonbeam.public.blastapi.io:8880
http://moonriver.blastapi.io
http://moonriver.blastapi.io:2053
http://moonriver.blastapi.io:2083
http://moonriver.blastapi.io:2086
http://moonriver.blastapi.io:2087
http://moonriver.blastapi.io:8080
http://moonriver.blastapi.io:8443
http://moonriver.blastapi.io:8880
http://moonriver.public.blastapi.io
http://moonriver.public.blastapi.io:2052
http://moonriver.public.blastapi.io:2053
http://moonriver.public.blastapi.io:2082
http://moonriver.public.blastapi.io:2083
http://moonriver.public.blastapi.io:2086
http://moonriver.public.blastapi.io:2096
http://moonriver.public.blastapi.io:8443
http://moonriver.public.blastapi.io:8880
http://moonriver.qa.blastapi.io
http://optimism-mainnet.public.blastapi.io
http://optimism-mainnet.public.blastapi.io:2053
http://optimism-mainnet.public.blastapi.io:2083
http://optimism-mainnet.public.blastapi.io:2086
http://optimism-mainnet.public.blastapi.io:2087
http://optimism-mainnet.public.blastapi.io:8080
http://optimism-mainnet.public.blastapi.io:8443
http://optimism-mainnet.public.blastapi.io:8880
http://polygon-mainnet.blastapi.io
http://polygon-mainnet.blastapi.io:2053
http://polygon-mainnet.blastapi.io:2083
http://polygon-mainnet.blastapi.io:2086
http://polygon-mainnet.blastapi.io:2087
http://polygon-mainnet.blastapi.io:8080
http://polygon-mainnet.blastapi.io:8443
http://polygon-mainnet.blastapi.io:8880
http://polygon-mainnet.public.blastapi.io
http://polygon-mainnet.public.blastapi.io:2053
http://polygon-mainnet.public.blastapi.io:2082
http://polygon-mainnet.public.blastapi.io:2083
http://polygon-mainnet.public.blastapi.io:2087
http://polygon-mainnet.public.blastapi.io:2096
http://polygon-mainnet.public.blastapi.io:8080
http://polygon-mainnet.public.blastapi.io:8880
http://polygon-testnet.blastapi.io
http://polygon-testnet.blastapi.io:2053
http://polygon-testnet.blastapi.io:2082
http://polygon-testnet.blastapi.io:2083
http://polygon-testnet.blastapi.io:2087
http://polygon-testnet.blastapi.io:2096
http://polygon-testnet.blastapi.io:8080
http://polygon-testnet.blastapi.io:8880
http://polygon-testnet.dev1.blastapi.io
http://polygon-testnet.public.blastapi.io
http://polygon-testnet.public.blastapi.io:2053
http://polygon-testnet.public.blastapi.io:2083
http://polygon-testnet.public.blastapi.io:2086
http://polygon-testnet.public.blastapi.io:2087
http://polygon-testnet.public.blastapi.io:8080
http://polygon-testnet.public.blastapi.io:8443
http://polygon-testnet.public.blastapi.io:8880
http://polygon-testnet.public.dev1.blastapi.io
http://public.dev1.blastapi.io
http://public.houston.blastapi.io
http://public.qa.blastapi.io
http://qa.blastapi.io
https://api.blastapi.io
https://api.dev.blastapi.io
https://api.houston.blastapi.io
https://api.qa.blastapi.io
https://astar.aws.blastapi.io
https://astar.blastapi.io
https://astar.public.blastapi.io
https://ava-mainnet.blastapi.io
https://ava-mainnet.public.blastapi.io
https://blastapi.io
https://bsc-testnet.public.blastapi.io
https://bwareadmin.blastapi.io
https://bwareadmin.dev1.blastapi.io
https://bwareadmin.houston.blastapi.io
https://bwareadmin.qa.blastapi.io
https://bware-staking-subgraph.houston.blastapi.io
https://contract.dev.blastapi.io
https://dev1.blastapi.io
https://dev.blastapi.io
https://docs.blastapi.io
https://docs.blastapi.io:2087
http://session.qa.blastapi.io
https://eth-kovan.blastapi.io
https://eth-mainnet.blastapi.io
https://eth-mainnet.public.blastapi.io
https://eth-rinkeby.blastapi.io
https://fantom-mainnet.blastapi.io
https://fantom-mainnet.public.blastapi.io
https://fantom-testnet.public.blastapi.io
https://fe.dev1.blastapi.io
https://gnosis-mainnet.blastapi.io
https://gnosis-mainnet.public.blastapi.io
http://shibuya.blastapi.io
http://shibuya.public.blastapi.io
http://shibuya.public.blastapi.io:2052
http://shibuya.public.blastapi.io:2053
http://shibuya.public.blastapi.io:2082
http://shibuya.public.blastapi.io:2083
http://shibuya.public.blastapi.io:2086
http://shibuya.public.blastapi.io:2096
http://shibuya.public.blastapi.io:8443
http://shibuya.public.blastapi.io:8880
http://shiden.blastapi.io
http://shiden.blastapi.io:2052
http://shiden.blastapi.io:2053
http://shiden.blastapi.io:2082
http://shiden.blastapi.io:2083
http://shiden.blastapi.io:2086
http://shiden.blastapi.io:2096
http://shiden.blastapi.io:8443
http://shiden.blastapi.io:8880
http://shiden.public.blastapi.io
http://shiden.public.blastapi.io:2053
http://shiden.public.blastapi.io:2083
http://shiden.public.blastapi.io:2086
http://shiden.public.blastapi.io:2087
http://shiden.public.blastapi.io:8080
http://shiden.public.blastapi.io:8443
http://shiden.public.blastapi.io:8880
https://houston.blastapi.io
https://influxdb.houston.blastapi.io
https://influxdb.qa.blastapi.io
https://moonbase-alpha.blastapi.io
https://moonbase-alpha.public.blastapi.io
https://moonbeam.blastapi.io
https://moonbeam.public.blastapi.io
https://moonriver.blastapi.io
https://moonriver.public.blastapi.io
https://moonriver.qa.blastapi.io
https://optimism-mainnet.public.blastapi.io
https://polygon-mainnet.blastapi.io
https://polygon-mainnet.public.blastapi.io
https://polygon-testnet.blastapi.io
https://polygon-testnet.dev1.blastapi.io
https://polygon-testnet.public.blastapi.io
https://polygon-testnet.public.dev1.blastapi.io
https://provider-manager.dev.blastapi.io
https://provider-manager.houston.blastapi.io
https://public.dev1.blastapi.io
https://public.houston.blastapi.io
https://public.qa.blastapi.io
https://qa.blastapi.io
https://session.qa.blastapi.io
https://shibuya.blastapi.io
https://shibuya.public.blastapi.io
https://shiden.blastapi.io
https://shiden.public.blastapi.io
https://stats-exporter.blastapi.io
https://stats-exporter.dev.blastapi.io
https://stats-exporter.houston.blastapi.io
https://stats-exporter.qa.blastapi.io
https://status.blastapi.io
http://stats-exporter.blastapi.io
http://stats-exporter.blastapi.io:2052
http://stats-exporter.blastapi.io:2053
http://stats-exporter.blastapi.io:2082
http://stats-exporter.blastapi.io:2083
http://stats-exporter.blastapi.io:2086
http://stats-exporter.blastapi.io:2096
http://stats-exporter.blastapi.io:8443
http://stats-exporter.blastapi.io:8880
http://stats-exporter.dev.blastapi.io
http://stats-exporter.houston.blastapi.io
http://stats-exporter.qa.blastapi.io
http://status.blastapi.io
http://status.blastapi.io:2052
http://status.blastapi.io:2053
http://status.blastapi.io:2082
http://status.blastapi.io:2083
http://status.blastapi.io:2086
http://status.blastapi.io:2096
http://status.blastapi.io:8443
http://status.blastapi.io:8880
https://test.houston.blastapi.io
https://test.qa.blastapi.io
https://www.blastapi.io
http://test.houston.blastapi.io
http://test.qa.blastapi.io
http://www.blastapi.io
http://www.blastapi.io:2053
http://www.blastapi.io:2083
http://www.blastapi.io:2086
http://www.blastapi.io:2087
http://www.blastapi.io:8080
http://www.blastapi.io:8443
http://www.blastapi.io:8880
