http://alertmanager.blockfi.com
http://alertmanager-prod.blockfi.com
http://api.blockfi.com
http://api.blockfi.com:8080
http://app.blockfi.com
http://app.blockfi.com:8080
http://app-prod.blockfi.com
http://auth.blockfi.com
http://auth.blockfi.com:8080
http://auth-local.blockfi.com
http://auth-local.blockfi.com:8080
http://auth.prime.blockfi.com
http://auth.prime.blockfi.com:2082
http://auth.prime.blockfi.com:8080
http://auth.prime.blockfi.com:8880
http://blockfi.com
http://blockfi.com:2082
http://blockfi.com:2086
http://blockfi.com:8080
http://blockfi.com:8880
http://blockfi-relay.blockfi.com
http://blockfi-relay-prod.blockfi.com
http://blog.blockfi.com
http://blog.blockfi.com:8080
http://cerebro.blockfi.com
http://cerebro.blockfi.com:8080
http://cerebro-prod.blockfi.com
http://cerebro-prod.blockfi.com:8080
http://click.blockfi.com
http://click.blockfi.com:8080
http://clicks.blockfi.com
http://clicks.blockfi.com:8080
http://dev-overwatch.blockfi.com
http://docs.blockfi.com
http://enterpriseenrollment.blockfi.com
http://evs.mkt.blockfi.com
http://ffs.blockfi.com
http://ffs-prod.blockfi.com
http://grafana.blockfi.com
http://grafana-prod.blockfi.com
http://help.blockfi.com
http://help.blockfi.com:2053
http://help.blockfi.com:2083
http://help.blockfi.com:2087
http://help.blockfi.com:2096
http://help.blockfi.com:8443
http://humio.blockfi.com
http://humio-ingest.blockfi.com
http://identity.blockfi.com
http://identity.blockfi.com:8080
http://identity-prod.blockfi.com
http://identity-prod.blockfi.com:8080
http://kingpin.blockfi.com
http://kingpin-prod.blockfi.com
http://maintenance.blockfi.com
http://nebula.blockfi.com
http://nebula.blockfi.com:8080
http://nebula-prod.blockfi.com
http://nebula-prod.blockfi.com:8080
http://pen-test2.shield-sandbox.aws.blockfi.com
http://pen-test3.shield-sandbox.aws.blockfi.com
http://pen-test4.shield-sandbox.aws.blockfi.com
http://pen-test5.shield-sandbox.aws.blockfi.com
http://pen-test.shield-sandbox.aws.blockfi.com
http://prime.blockfi.com
http://prime.blockfi.com:8080
http://prometheus.blockfi.com
http://prometheus-prod.blockfi.com
http://rates.blockfi.com
https://alertmanager.blockfi.com
https://alertmanager-prod.blockfi.com
https://api.blockfi.com
https://api.blockfi.com:8443
https://api.mkt.blockfi.com
https://api.shield-sandbox.aws.blockfi.com
https://api.ss229.shield-sandbox.aws.blockfi.com
https://app.blockfi.com
https://app.blockfi.com:8443
https://app-prod.blockfi.com
https://auth.blockfi.com
https://auth.blockfi.com:8443
https://auth-local.blockfi.com
https://auth-local.blockfi.com:8443
https://auth.prime.blockfi.com
https://auth.prime.blockfi.com:2083
https://auth.prime.blockfi.com:2087
https://auth.prime.blockfi.com:8443
https://blockfi.com
https://blockfi.com:2083
https://blockfi.com:2087
https://blockfi.com:8443
https://blockfi-relay.blockfi.com
https://blockfi-relay-prod.blockfi.com
https://blog.blockfi.com
https://blog.blockfi.com:8443
https://cerebro.blockfi.com
https://cerebro.blockfi.com:8443
https://cerebro-prod.blockfi.com
https://cerebro-prod.blockfi.com:8443
https://click.blockfi.com
https://click.blockfi.com:8443
https://clicks.blockfi.com
https://clicks.blockfi.com:8443
https://dev-overwatch.blockfi.com
https://docs.blockfi.com
https://enterpriseenrollment.blockfi.com
https://evs.mkt.blockfi.com
https://fbcbh.csr.shield-sandbox.aws.blockfi.com
https://fbcbh.pen-test.shield-sandbox.aws.blockfi.com
https://fbcbh.shield-branch-test.shield-sandbox.aws.blockfi.com
https://fbcbh.ss332.shield-sandbox.aws.blockfi.com
https://fbcbh.vis591b.shield-sandbox.aws.blockfi.com
https://ffs.blockfi.com
https://ffs-prod.blockfi.com
https://grafana.blockfi.com
https://grafana-prod.blockfi.com
https://help.blockfi.com
http://shield-branch-test.shield-sandbox.aws.blockfi.com
http://shield-sandbox.aws.blockfi.com
http://shield-staging.aws.blockfi.com
https://humio.blockfi.com
https://humio.blockfi.com:9200
https://humio-ingest.blockfi.com
https://humio-ingest.blockfi.com:9200
https://identity.blockfi.com
https://identity.blockfi.com:8443
https://identity-prod.blockfi.com
https://identity-prod.blockfi.com:8443
https://kingpin.blockfi.com
https://kingpin-prod.blockfi.com
https://maintenance.blockfi.com
https://nebula.blockfi.com
https://nebula.blockfi.com:8443
https://nebula-prod.blockfi.com
https://nebula-prod.blockfi.com:8443
https://pen-test2.shield-sandbox.aws.blockfi.com
https://pen-test3.shield-sandbox.aws.blockfi.com
https://pen-test4.shield-sandbox.aws.blockfi.com
https://pen-test5.shield-sandbox.aws.blockfi.com
https://pen-test.shield-sandbox.aws.blockfi.com
https://prime.blockfi.com
https://prime.blockfi.com:8443
https://prometheus.blockfi.com
https://prometheus-prod.blockfi.com
http://ss139.shield-sandbox.aws.blockfi.com
http://ss229.shield-sandbox.aws.blockfi.com
http://ss235.shield-sandbox.aws.blockfi.com
http://ss299.shield-sandbox.aws.blockfi.com
http://ss323.shield-sandbox.aws.blockfi.com
http://ss332.shield-sandbox.aws.blockfi.com
http://ss70.shield-sandbox.aws.blockfi.com
https://shield-branch-test.shield-sandbox.aws.blockfi.com
https://shield-sandbox.aws.blockfi.com
https://shield-staging.aws.blockfi.com
https://ss139.shield-sandbox.aws.blockfi.com
https://ss229.shield-sandbox.aws.blockfi.com
https://ss235.shield-sandbox.aws.blockfi.com
https://ss299.shield-sandbox.aws.blockfi.com
https://ss323.shield-sandbox.aws.blockfi.com
https://ss332.shield-sandbox.aws.blockfi.com
https://ss70.shield-sandbox.aws.blockfi.com
https://status.blockfi.com
https://storm.blockfi.com
https://tableau.blockfi.com
http://status.blockfi.com
https://testdeploy.shield-sandbox.aws.blockfi.com
http://storm.blockfi.com
https://try.blockfi.com
https://virtru-cks.blockfi.com
https://virtru-cks.blockfi.com:8443
https://vis1013.shield-sandbox.aws.blockfi.com
https://vis1032.shield-sandbox.aws.blockfi.com
https://vis591b.shield-sandbox.aws.blockfi.com
https://vis591.shield-sandbox.aws.blockfi.com
https://vis-661.shield-sandbox.aws.blockfi.com
https://vis880.shield-sandbox.aws.blockfi.com
https://vis930.shield-sandbox.aws.blockfi.com
https://vis930test2.shield-sandbox.aws.blockfi.com
https://vis930test3.shield-sandbox.aws.blockfi.com
https://vis930test.shield-sandbox.aws.blockfi.com
https://vis990.shield-sandbox.aws.blockfi.com
https://vis995.shield-sandbox.aws.blockfi.com
https://vision.blockfi.com
https://vision-prod.blockfi.com
https://waitlist.blockfi.com
https://waitlist-prod.blockfi.com
https://www.app.blockfi.com
https://www.blockfi.com
https://www.blockfi.com:8443
http://tableau.blockfi.com
http://testdeploy.shield-sandbox.aws.blockfi.com
http://try.blockfi.com
http://virtru-cks.blockfi.com
http://virtru-cks.blockfi.com:8080
http://vis1013.shield-sandbox.aws.blockfi.com
http://vis1032.shield-sandbox.aws.blockfi.com
http://vis591b.shield-sandbox.aws.blockfi.com
http://vis591.shield-sandbox.aws.blockfi.com
http://vis-661.shield-sandbox.aws.blockfi.com
http://vis880.shield-sandbox.aws.blockfi.com
http://vis930.shield-sandbox.aws.blockfi.com
http://vis930test2.shield-sandbox.aws.blockfi.com
http://vis930test3.shield-sandbox.aws.blockfi.com
http://vis930test.shield-sandbox.aws.blockfi.com
http://vis990.shield-sandbox.aws.blockfi.com
http://vis995.shield-sandbox.aws.blockfi.com
http://vision.blockfi.com
http://vision-prod.blockfi.com
http://waitlist.blockfi.com
http://waitlist-prod.blockfi.com
http://webmail.blockfi.com
http://www.app.blockfi.com
http://www.blockfi.com
http://www.blockfi.com:8080
