http://bluebit.fi
http://bluebit.fi:2082
http://bluebit.fi:2086
http://bluebit.fi:8080
http://bluebit.fi:8880
https://bluebit.fi
https://bluebit.fi:2053
https://bluebit.fi:2087
https://test703.bluebit.fi
https://test703.bluebit.fi:2053
https://test703.bluebit.fi:2087
https://www.bluebit.fi
https://www.bluebit.fi:2083
https://www.bluebit.fi:2087
https://www.bluebit.fi:8443
http://test703.bluebit.fi
http://test703.bluebit.fi:2082
http://test703.bluebit.fi:2086
http://test703.bluebit.fi:8080
http://test703.bluebit.fi:8880
http://www.bluebit.fi
http://www.bluebit.fi:2086
http://www.bluebit.fi:8080
http://www.bluebit.fi:8880
