http://admin-ui-prod.certsy.com
http://app.certsy.com
http://auth.certsy.com
http://autodiscover.certsy.com
http://candidate-docs.certsy.com
http://candidate-ui-prod.certsy.com
http://certsy.com
http://docs.certsy.com
http://help.certsy.com
http://help.certsy.com:2083
http://help.certsy.com:2087
http://help.certsy.com:8443
http://hirer.certsy.com
http://hirer-ui-prod.certsy.com
https://admin-ui-prod.certsy.com
https://app.certsy.com
https://auth.certsy.com
https://candidate-docs.certsy.com
https://candidate-ui-prod.certsy.com
https://certsy.com
https://docs.certsy.com
https://help.certsy.com
https://hirer.certsy.com
https://hirer-ui-prod.certsy.com
https://matomo.certsy.com
https://status.certsy.com
http://status.certsy.com
https://www.certsy.com
http://www.certsy.com
http://www.hirer.certsy.com
