http://apps.chain.link
http://apps.chain.link:2083
http://apps.chain.link:2087
http://apps.chain.link:8443
http://archive.docs.chain.link
http://archive.docs.chain.link:2082
http://archive.docs.chain.link:2086
http://archive.docs.chain.link:2095
http://archive.docs.chain.link:8080
http://archive.docs.chain.link:8880
http://blog.chain.link
http://careers.chain.link
http://careers.chain.link:2082
http://careers.chain.link:2086
http://careers.chain.link:8080
http://careers.chain.link:8880
http://chain.link
http://data3.chain.link
http://data.chain.link
http://data.chain.link:2083
http://data.chain.link:2087
http://data.chain.link:8443
http://defi.chain.link
http://defi.chain.link:2082
http://defi.chain.link:2086
http://defi.chain.link:2095
http://defi.chain.link:8080
http://defi.chain.link:8880
http://docs.chain.link
http://email.chain.link
http://email.chain.link:2082
http://email.chain.link:2086
http://email.chain.link:2095
http://email.chain.link:8080
http://email.chain.link:8880
http://events.chain.link
http://explorer.chain.link
http://faucet.chain.link
http://faucet.chain.link:2083
http://faucet.chain.link:8443
http://faucets.chain.link
http://faucets.chain.link:2083
http://faucets.chain.link:2087
http://faucets.chain.link:8443
http://feeds.chain.link
http://feeds.chain.link:2052
http://feeds.chain.link:2082
http://feeds.chain.link:2086
http://feeds.chain.link:2095
http://feeds.chain.link:8080
http://feeds.chain.link:8880
http://fms-rpc.chain.link
http://go.chain.link
http://gql.graph.chain.link
http://hack.chain.link
http://hack.chain.link:2052
http://hack.chain.link:2082
http://hack.chain.link:2086
http://hack.chain.link:2095
http://hack.chain.link:8080
http://hack.chain.link:8880
http://jwh.chain.link
http://keeper.chain.link
http://keeper.chain.link:2083
http://keeper.chain.link:2087
http://keeper.chain.link:8443
http://keepers-beta.chain.link
http://keepers-beta.chain.link:2083
http://keepers-beta.chain.link:2087
http://keepers-beta.chain.link:8443
http://keepers.chain.link
http://keepers.chain.link:2083
http://keepers.chain.link:2087
http://keepers.chain.link:8443
http://ko.chain.link
http://kovan.chain.link
http://kovan.chain.link:2083
http://kovan.chain.link:2087
http://kovan.chain.link:8443
http://kovan.eth.chain.link
http://kovan.explorer.chain.link
http://pages.chain.link
http://pages.chain.link:2082
http://pages.chain.link:2086
http://pages.chain.link:2095
http://pages.chain.link:8080
http://pages.chain.link:8880
http://pegswap.chain.link
http://pegswap.chain.link:2083
http://pegswap.chain.link:2087
http://pegswap.chain.link:8443
http://research.chain.link
http://rinkeby.chain.link
http://rinkeby.chain.link:2083
http://rinkeby.chain.link:2087
http://rinkeby.chain.link:8443
http://rinkeby.eth.chain.link
http://rinkeby.explorer.chain.link
http://ropsten.chain.link
http://ropsten.chain.link:2083
http://ropsten.chain.link:2087
http://ropsten.chain.link:8443
https://apps.chain.link
https://archive.docs.chain.link
https://archive.docs.chain.link:2053
https://archive.docs.chain.link:2083
https://archive.docs.chain.link:2087
https://archive.docs.chain.link:2096
https://archive.docs.chain.link:8443
https://blog.chain.link
https://careers.chain.link
https://careers.chain.link:2083
https://careers.chain.link:2087
https://careers.chain.link:8443
https://chain.link
https://data3.chain.link
https://data.chain.link
https://defi.chain.link
https://defi.chain.link:2083
https://defi.chain.link:2087
https://defi.chain.link:8443
https://docs.chain.link
https://email.chain.link
https://email.chain.link:2053
https://email.chain.link:2083
https://email.chain.link:2087
https://email.chain.link:2096
https://email.chain.link:8443
https://events.chain.link
https://explorer.chain.link
https://faucet.chain.link
https://faucet.chain.link:2087
https://faucets.chain.link
https://feeds.chain.link
https://feeds.chain.link:2083
https://feeds.chain.link:2087
https://feeds.chain.link:8443
https://go.chain.link
https://gql.graph.chain.link
https://hack.chain.link
https://hack.chain.link:2083
https://hack.chain.link:2087
https://hack.chain.link:8443
https://jwh.chain.link
https://keeper.chain.link
https://keepers-beta.chain.link
https://keepers.chain.link
https://ko.chain.link
https://kovan.chain.link
https://kovan.eth.chain.link
https://kovan.explorer.chain.link
http://smartcon.chain.link
https://pages.chain.link
https://pages.chain.link:2053
https://pages.chain.link:2083
https://pages.chain.link:2087
https://pages.chain.link:2096
https://pages.chain.link:8443
https://pegswap.chain.link
https://research.chain.link
https://rinkeby.chain.link
https://rinkeby.eth.chain.link
https://rinkeby.explorer.chain.link
https://ropsten.chain.link
https://smartcon.chain.link
https://supply.chain.link
https://supply.chain.link:2083
https://supply.chain.link:2087
https://supply.chain.link:8443
http://supply.chain.link
http://supply.chain.link:2082
http://supply.chain.link:2086
http://supply.chain.link:2095
http://supply.chain.link:8080
http://supply.chain.link:8880
https://vrf.chain.link
https://www.chain.link
https://zh.chain.link
http://vrf.chain.link
http://vrf.chain.link:2083
http://vrf.chain.link:2087
http://vrf.chain.link:8443
http://www.careers.chain.link
http://www.careers.chain.link:2052
http://www.careers.chain.link:2082
http://www.careers.chain.link:2083
http://www.careers.chain.link:2086
http://www.careers.chain.link:2087
http://www.careers.chain.link:2095
http://www.careers.chain.link:8080
http://www.careers.chain.link:8443
http://www.careers.chain.link:8880
http://www.chain.link
http://zh.chain.link
