http://api2.chimecard.com
http://api2.chimecard.com:8080
http://api2.chimecard.com:8443
http://api.chimecard.com
http://api.chimecard.com:8080
http://api.chimecard.com:8443
http://blog.chimecard.com
http://blog.chimecard.com:8080
http://blog.chimecard.com:8443
http://cachet.chimecard.com
http://cachet.chimecard.com:8080
http://cachet.chimecard.com:8443
http://chimecard.com
http://chimecard.com:2082
http://chimecard.com:2083
http://chimecard.com:2086
http://chimecard.com:2087
http://chimecard.com:2096
http://chimecard.com:8080
http://chimecard.com:8443
http://chimecard.com:8880
http://email.chimecard.com
http://email.chimecard.com:8080
http://email.mg.chimecard.com
http://email.mg.chimecard.com:2082
http://email.mg.chimecard.com:2083
http://email.mg.chimecard.com:2086
http://email.mg.chimecard.com:2087
http://email.mg.chimecard.com:8080
http://email.mg.chimecard.com:8443
http://email.mg.chimecard.com:8880
http://email.sg.chimecard.com
http://links.chimecard.com
https://api2.chimecard.com
https://api.chimecard.com
https://blog.chimecard.com
https://cachet.chimecard.com
https://chimecard.com
https://chimecard.com:8443
https://email.chimecard.com
https://email.mg.chimecard.com
https://email.sg.chimecard.com
https://links.chimecard.com
https://support.chimecard.com
http://support.chimecard.com
https://wh.chimecard.com
https://www.chimecard.com
http://wh.chimecard.com
http://wh.chimecard.com:8080
http://wh.chimecard.com:8443
http://www.chimecard.com
http://www.chimecard.com:8080
http://www.chimecard.com:8443
