http://admin.coinmetro.com
http://admin.coinmetro.com:2082
http://admin.coinmetro.com:2086
http://admin.coinmetro.com:8080
http://admin-test.coinmetro.com
http://admin-test.coinmetro.com:2082
http://admin-test.coinmetro.com:2086
http://admin-test.coinmetro.com:8080
http://affiliate.coinmetro.com
http://ambassador.coinmetro.com
http://api.coinmetro.com
http://api.coinmetro.com:2082
http://api.coinmetro.com:2083
http://api.coinmetro.com:2086
http://api.coinmetro.com:2087
http://api.coinmetro.com:8080
http://api.coinmetro.com:8443
http://beta.coinmetro.com
http://beta.coinmetro.com:2082
http://beta.coinmetro.com:2086
http://beta.coinmetro.com:8080
http://beta.coinmetro.com:8880
http://blog.coinmetro.com
http://blog.coinmetro.com:2082
http://blog.coinmetro.com:2086
http://blog.coinmetro.com:8080
http://bond.coinmetro.com
http://clicks.coinmetro.com
http://clicks.coinmetro.com:2082
http://clicks.coinmetro.com:2086
http://clicks.coinmetro.com:8080
http://clicks.coinmetro.com:8880
http://coinmetro.com
http://coinmetro.com:2082
http://coinmetro.com:2086
http://coinmetro.com:8080
http://coinmetro.com:8880
http://copytrading.coinmetro.com
http://cryptoaffiliate.coinmetro.com
http://crypto.coinmetro.com
http://cryptocurrency.coinmetro.com
http://demo.coinmetro.com
http://demo.coinmetro.com:2082
http://demo.coinmetro.com:2086
http://demo.coinmetro.com:8080
http://demo.coinmetro.com:8880
http://email.coinmetro.com
http://email.coinmetro.com:2082
http://email.coinmetro.com:2083
http://email.coinmetro.com:2086
http://email.coinmetro.com:2087
http://email.coinmetro.com:2096
http://email.coinmetro.com:8080
http://email.coinmetro.com:8443
http://email.coinmetro.com:8880
http://exchange.coinmetro.com
http://exchange.coinmetro.com:2082
http://exchange.coinmetro.com:2086
http://exchange.coinmetro.com:2087
http://exchange.coinmetro.com:8080
http://exchange.coinmetro.com:8443
http://exchange.coinmetro.com:8880
http://express.coinmetro.com
http://go.coinmetro.com
http://go.coinmetro.com:2082
http://go.coinmetro.com:2086
http://go.coinmetro.com:8080
http://hansecoin.coinmetro.com
http://hansecoin.coinmetro.com:2082
http://hansecoin.coinmetro.com:2086
http://hansecoin.coinmetro.com:8080
http://hansecoin.coinmetro.com:8880
http://help.coinmetro.com
http://help.coinmetro.com:2082
http://help.coinmetro.com:2086
http://help.coinmetro.com:8080
http://help.coinmetro.com:8880
http://invest.coinmetro.com
http://investment.coinmetro.com
http://leaderboard.coinmetro.com
http://margin.coinmetro.com
http://media.coinmetro.com
http://media.coinmetro.com:2082
http://media.coinmetro.com:2086
http://media.coinmetro.com:8080
http://olympics.coinmetro.com
http://open.coinmetro.com
http://open.coinmetro.com:2082
http://open.coinmetro.com:2086
http://open.coinmetro.com:8080
http://open.coinmetro.com:8880
http://parsiq.coinmetro.com
http://pro.coinmetro.com
http://rc.coinmetro.com
http://rc.coinmetro.com:2082
http://rc.coinmetro.com:2086
http://rc.coinmetro.com:8080
https://admin.coinmetro.com:2083
https://admin.coinmetro.com:2087
https://admin.coinmetro.com:8443
https://admin-test.coinmetro.com:2083
https://admin-test.coinmetro.com:2087
https://admin-test.coinmetro.com:8443
https://affiliate.coinmetro.com
https://ambassador.coinmetro.com
http://sandbox.coinmetro.com
http://sandbox.coinmetro.com:2082
http://sandbox.coinmetro.com:2086
http://sandbox.coinmetro.com:8080
https://beta.coinmetro.com
https://beta.coinmetro.com:2083
https://beta.coinmetro.com:2087
https://beta.coinmetro.com:2096
https://beta.coinmetro.com:8443
https://blog.coinmetro.com:2083
https://blog.coinmetro.com:2087
https://blog.coinmetro.com:8443
https://bond.coinmetro.com
https://clicks.coinmetro.com
https://clicks.coinmetro.com:2083
https://clicks.coinmetro.com:2087
https://clicks.coinmetro.com:2096
https://clicks.coinmetro.com:8443
https://coinmetro.com
https://coinmetro.com:2087
https://coinmetro.com:8443
https://copytrading.coinmetro.com
https://cryptoaffiliate.coinmetro.com
https://crypto.coinmetro.com
https://cryptocurrency.coinmetro.com
https://demo.coinmetro.com
https://demo.coinmetro.com:2087
https://demo.coinmetro.com:8443
http://securities.coinmetro.com
https://email.coinmetro.com
http://services.coinmetro.com
http://services.coinmetro.com:2082
http://services.coinmetro.com:2086
http://services.coinmetro.com:8080
http://services-sandbox.coinmetro.com
http://services-sandbox.coinmetro.com:2082
http://services-sandbox.coinmetro.com:2086
http://services-sandbox.coinmetro.com:8080
https://exchange.coinmetro.com
https://express.coinmetro.com
https://go.coinmetro.com:2083
https://go.coinmetro.com:2087
https://go.coinmetro.com:8443
https://hansecoin.coinmetro.com
https://hansecoin.coinmetro.com:2083
https://hansecoin.coinmetro.com:2087
https://hansecoin.coinmetro.com:2096
https://hansecoin.coinmetro.com:8443
https://help.coinmetro.com
https://help.coinmetro.com:2087
https://help.coinmetro.com:8443
https://invest.coinmetro.com
https://investment.coinmetro.com
https://leaderboard.coinmetro.com
https://margin.coinmetro.com
https://media.coinmetro.com:2083
https://media.coinmetro.com:2087
https://media.coinmetro.com:8443
https://olympics.coinmetro.com
https://open.coinmetro.com
https://open.coinmetro.com:2083
https://open.coinmetro.com:2087
https://open.coinmetro.com:2096
https://open.coinmetro.com:8443
https://parsiq.coinmetro.com
https://pro.coinmetro.com
https://rc.coinmetro.com:2083
https://rc.coinmetro.com:2087
https://rc.coinmetro.com:8443
https://sandbox.coinmetro.com:2083
https://sandbox.coinmetro.com:2087
https://sandbox.coinmetro.com:8443
https://securities.coinmetro.com
https://services.coinmetro.com:2083
https://services.coinmetro.com:2087
https://services.coinmetro.com:8443
https://services-sandbox.coinmetro.com:2083
https://services-sandbox.coinmetro.com:2087
https://services-sandbox.coinmetro.com:8443
https://status.coinmetro.com:2083
https://status.coinmetro.com:2087
https://status.coinmetro.com:8443
https://summer.coinmetro.com
http://status.coinmetro.com
http://status.coinmetro.com:2082
http://status.coinmetro.com:2086
http://status.coinmetro.com:8080
https://trading.coinmetro.com
https://tram.coinmetro.com
http://summer.coinmetro.com
https://www.coinmetro.com
https://www.coinmetro.com:2083
https://www.coinmetro.com:2087
https://www.coinmetro.com:2096
https://www.coinmetro.com:8443
http://trading.coinmetro.com
http://tram.coinmetro.com
http://www.coinmetro.com
http://www.coinmetro.com:2082
http://www.coinmetro.com:2086
http://www.coinmetro.com:8080
http://www.coinmetro.com:8880
