http://api.coingecko.com
http://api.coingecko.com:2082
http://api.coingecko.com:2086
http://api.coingecko.com:8080
http://api.coingecko.com:8443
http://api.coingecko.com:8880
http://assets.coingecko.com
http://assets.coingecko.com:2052
http://assets.coingecko.com:2082
http://assets.coingecko.com:2083
http://assets.coingecko.com:2086
http://assets.coingecko.com:2087
http://assets.coingecko.com:2096
http://assets.coingecko.com:8080
http://assets.coingecko.com:8443
http://assets.coingecko.com:8880
http://backend-analytics.coingecko.com
http://backend-analytics.coingecko.com:2052
http://backend-analytics.coingecko.com:2082
http://backend-analytics.coingecko.com:2083
http://backend-analytics.coingecko.com:2086
http://backend-analytics.coingecko.com:2087
http://backend-analytics.coingecko.com:2096
http://backend-analytics.coingecko.com:8080
http://backend-analytics.coingecko.com:8443
http://backend-analytics.coingecko.com:8880
http://blog.coingecko.com
http://blog.coingecko.com:2082
http://blog.coingecko.com:2083
http://blog.coingecko.com:2086
http://blog.coingecko.com:2087
http://blog.coingecko.com:8443
http://blog.coingecko.com:8880
http://cables.coingecko.com
http://cables.coingecko.com:2053
http://cables.coingecko.com:2082
http://cables.coingecko.com:2087
http://cables.coingecko.com:8080
http://cables.coingecko.com:8880
http://coingecko.com
http://coingecko.com:2082
http://coingecko.com:2086
http://coingecko.com:8880
http://conference.coingecko.com
http://conference.coingecko.com:2052
http://conference.coingecko.com:2082
http://conference.coingecko.com:2086
http://conference.coingecko.com:8080
http://conference.coingecko.com:8880
http://landing.coingecko.com
http://landing.coingecko.com:2052
http://landing.coingecko.com:2082
http://landing.coingecko.com:2083
http://landing.coingecko.com:2086
http://landing.coingecko.com:2087
http://landing.coingecko.com:2096
http://landing.coingecko.com:8080
http://landing.coingecko.com:8443
http://landing.coingecko.com:8880
http://mta-1.newsletter.coingecko.com
http://mta-3.newsletter.coingecko.com
http://multimedia.newsletter.coingecko.com
http://newsletter.coingecko.com
http://podcast.coingecko.com
http://pro-api.coingecko.com
http://pro-api.coingecko.com:2083
http://pro-api.coingecko.com:2087
http://reports.coingecko.com
https://api.coingecko.com
https://assets.coingecko.com
https://backend-analytics.coingecko.com
https://blog.coingecko.com
https://cables.coingecko.com
https://cables.coingecko.com:2096
https://coingecko.com
https://coingecko.com:2083
https://coingecko.com:2087
https://coingecko.com:8443
https://conference.coingecko.com
https://conference.coingecko.com:2083
https://conference.coingecko.com:2087
https://conference.coingecko.com:2096
https://conference.coingecko.com:8443
http://selfserve.coingecko.com
https://landing.coingecko.com
https://mta-1.newsletter.coingecko.com
https://mta-3.newsletter.coingecko.com
https://multimedia.newsletter.coingecko.com
https://newsletter.coingecko.com
https://podcast.coingecko.com
https://pro-api.coingecko.com
https://reports.coingecko.com
https://selfserve.coingecko.com
https://static.coingecko.com
https://status.coingecko.com
https://store.coingecko.com
https://store.coingecko.com:2053
https://store.coingecko.com:2083
https://store.coingecko.com:2087
https://store.coingecko.com:2096
https://store.coingecko.com:8443
https://support.coingecko.com
http://static.coingecko.com
http://static.coingecko.com:2052
http://static.coingecko.com:2082
http://static.coingecko.com:2083
http://static.coingecko.com:2086
http://static.coingecko.com:2087
http://static.coingecko.com:2096
http://static.coingecko.com:8080
http://static.coingecko.com:8443
http://static.coingecko.com:8880
http://status.coingecko.com
https://tokens.coingecko.com
https://tokens-test.coingecko.com
http://store.coingecko.com
http://store.coingecko.com:2052
http://store.coingecko.com:2082
http://store.coingecko.com:2086
http://store.coingecko.com:2095
http://store.coingecko.com:8080
http://store.coingecko.com:8880
http://support.coingecko.com
http://support.coingecko.com:2053
http://support.coingecko.com:2083
http://support.coingecko.com:2087
http://support.coingecko.com:2096
http://support.coingecko.com:8443
https://url8813.coingecko.com
https://widgets.coingecko.com
https://www.coingecko.com
https://www.newsletter.coingecko.com
https://xmas2018.coingecko.com
http://tokens.coingecko.com
http://tokens.coingecko.com:2083
http://tokens.coingecko.com:2087
http://tokens.coingecko.com:8443
http://tokens-test.coingecko.com
http://tokens-test.coingecko.com:2087
http://tokens-test.coingecko.com:8443
http://url8813.coingecko.com
http://url8813.coingecko.com:2052
http://url8813.coingecko.com:2082
http://url8813.coingecko.com:2083
http://url8813.coingecko.com:2086
http://url8813.coingecko.com:2087
http://url8813.coingecko.com:2096
http://url8813.coingecko.com:8080
http://url8813.coingecko.com:8443
http://url8813.coingecko.com:8880
http://widgets.coingecko.com
http://widgets.coingecko.com:2082
http://widgets.coingecko.com:2083
http://widgets.coingecko.com:2086
http://widgets.coingecko.com:2087
http://widgets.coingecko.com:8443
http://widgets.coingecko.com:8880
http://www.coingecko.com
http://www.coingecko.com:2052
http://www.coingecko.com:2082
http://www.coingecko.com:2083
http://www.coingecko.com:2086
http://www.coingecko.com:2087
http://www.coingecko.com:2096
http://www.coingecko.com:8080
http://www.coingecko.com:8443
http://www.coingecko.com:8880
http://www.newsletter.coingecko.com
http://xmas2018.coingecko.com
http://xmas2018.coingecko.com:2082
http://xmas2018.coingecko.com:2083
http://xmas2018.coingecko.com:2086
http://xmas2018.coingecko.com:2087
http://xmas2018.coingecko.com:8443
http://xmas2018.coingecko.com:8880
