http://api.coinsbit.io
http://api.coinsbit.io:2052
http://api.coinsbit.io:2082
http://api.coinsbit.io:2083
http://api.coinsbit.io:2086
http://api.coinsbit.io:2087
http://api.coinsbit.io:8443
http://api.coinsbit.io:8880
http://backend.coinsbit.io
http://backend.coinsbit.io:2052
http://backend.coinsbit.io:2082
http://backend.coinsbit.io:2083
http://backend.coinsbit.io:2086
http://backend.coinsbit.io:2087
http://backend.coinsbit.io:8443
http://backend.coinsbit.io:8880
http://coinsbit.io
http://coinsbit.io:2053
http://coinsbit.io:2082
http://coinsbit.io:2083
http://coinsbit.io:2086
http://coinsbit.io:2087
http://coinsbit.io:8080
http://coinsbit.io:8443
http://coinsbit.io:8880
http://dex.coinsbit.io
http://dex.coinsbit.io:2052
http://dex.coinsbit.io:2082
http://dex.coinsbit.io:2083
http://dex.coinsbit.io:2086
http://dex.coinsbit.io:2087
http://dex.coinsbit.io:8443
http://dex.coinsbit.io:8880
http://email.coinsbit.io
https://api.coinsbit.io
https://backend.coinsbit.io
https://coinsbit.io
https://dex.coinsbit.io
https://email.coinsbit.io
https://storeapi.coinsbit.io
https://store.coinsbit.io
https://t4.coinsbit.io
http://storeapi.coinsbit.io
http://storeapi.coinsbit.io:2052
http://storeapi.coinsbit.io:2082
http://storeapi.coinsbit.io:2083
http://storeapi.coinsbit.io:2086
http://storeapi.coinsbit.io:2087
http://storeapi.coinsbit.io:8443
http://storeapi.coinsbit.io:8880
http://store.coinsbit.io
http://store.coinsbit.io:2053
http://store.coinsbit.io:2082
http://store.coinsbit.io:2083
http://store.coinsbit.io:2086
http://store.coinsbit.io:2087
http://store.coinsbit.io:8080
http://store.coinsbit.io:8443
http://store.coinsbit.io:8880
https://ws.coinsbit.io
https://www.coinsbit.io
https://www.coinsbit.io:2083
https://www.coinsbit.io:2087
https://www.coinsbit.io:8443
http://t4.coinsbit.io
http://t4.coinsbit.io:2053
http://t4.coinsbit.io:2082
http://t4.coinsbit.io:2083
http://t4.coinsbit.io:2086
http://t4.coinsbit.io:2087
http://t4.coinsbit.io:8080
http://t4.coinsbit.io:8443
http://t4.coinsbit.io:8880
http://ws.coinsbit.io
http://ws.coinsbit.io:2052
http://ws.coinsbit.io:2082
http://ws.coinsbit.io:2083
http://ws.coinsbit.io:2086
http://ws.coinsbit.io:2087
http://ws.coinsbit.io:8443
http://ws.coinsbit.io:8880
http://www.coinsbit.io
http://www.coinsbit.io:2052
http://www.coinsbit.io:2082
http://www.coinsbit.io:2086
http://www.coinsbit.io:8880
