http://autodiscover.cynicaltechnology.com
http://cynicaltechnology.com
http://enterpriseenrollment.cynicaltechnology.com
http://enterpriseregistration.cynicaltechnology.com
http://falcon.cynicaltechnology.com
http://falcon.cynicaltechnology.com:2082
http://falcon.cynicaltechnology.com:2086
http://falcon.cynicaltechnology.com:2095
http://falcon.cynicaltechnology.com:8080
http://falcon.cynicaltechnology.com:8880
http://lyncdiscover.cynicaltechnology.com
https://cynicaltechnology.com
https://enterpriseenrollment.cynicaltechnology.com
https://enterpriseregistration.cynicaltechnology.com
https://falcon.cynicaltechnology.com
https://falcon.cynicaltechnology.com:2083
https://falcon.cynicaltechnology.com:2087
https://falcon.cynicaltechnology.com:8443
https://lyncdiscover.cynicaltechnology.com
https://sip.cynicaltechnology.com
https://www.cynicaltechnology.com
http://www.cynicaltechnology.com
