http://admin.dcxstage.com
http://admin.dcxstage.com:2082
http://admin.dcxstage.com:2086
http://admin.dcxstage.com:8080
http://admin.dcxstage.com:8880
http://api.dcxstage.com
http://api.dcxstage.com:2082
http://api.dcxstage.com:2086
http://api.dcxstage.com:8080
http://api.dcxstage.com:8880
http://blog.dcxstage.com
http://blog.dcxstage.com:2082
http://blog.dcxstage.com:2086
http://blog.dcxstage.com:8080
http://blog.dcxstage.com:8880
http://cdn.dcxstage.com
http://cdn.dcxstage.com:2082
http://cdn.dcxstage.com:2086
http://cdn.dcxstage.com:8080
http://cdn.dcxstage.com:8880
http://dcxstage.com
http://dcxstage.com:2082
http://dcxstage.com:2086
http://dcxstage.com:2095
http://dcxstage.com:8080
http://dcxstage.com:8880
http://gmu.dcxstage.com
http://gmu.dcxstage.com:2082
http://gmu.dcxstage.com:2086
http://gmu.dcxstage.com:8080
http://gmu.dcxstage.com:8880
http://go.dcxstage.com
http://go.dcxstage.com:2082
http://go.dcxstage.com:2086
http://go.dcxstage.com:8080
http://go.dcxstage.com:8880
http://info.dcxstage.com
http://info.dcxstage.com:2082
http://info.dcxstage.com:2086
http://info.dcxstage.com:8080
http://info.dcxstage.com:8880
http://invest.dcxstage.com
http://invest.dcxstage.com:2082
http://invest.dcxstage.com:2086
http://invest.dcxstage.com:8080
http://invest.dcxstage.com:8880
http://m.dcxstage.com
http://m.dcxstage.com:2082
http://m.dcxstage.com:2086
http://m.dcxstage.com:8080
http://m.dcxstage.com:8880
http://node-registry.dcxstage.com
https://admin.dcxstage.com
https://admin.dcxstage.com:2053
https://admin.dcxstage.com:2083
https://admin.dcxstage.com:2087
https://admin.dcxstage.com:8443
https://api.dcxstage.com
https://api.dcxstage.com:2083
https://api.dcxstage.com:2087
https://api.dcxstage.com:8443
https://blog.dcxstage.com
https://blog.dcxstage.com:2053
https://blog.dcxstage.com:2083
https://blog.dcxstage.com:2087
https://blog.dcxstage.com:8443
https://cdn.dcxstage.com
https://cdn.dcxstage.com:2083
https://cdn.dcxstage.com:2087
https://cdn.dcxstage.com:8443
https://dcxstage.com
https://dcxstage.com:2053
https://dcxstage.com:2083
https://dcxstage.com:2087
https://dcxstage.com:8443
http://sec.dcxstage.com
http://sec.dcxstage.com:2082
http://sec.dcxstage.com:2086
http://sec.dcxstage.com:8080
http://sec.dcxstage.com:8880
https://gmu.dcxstage.com
https://gmu.dcxstage.com:2053
https://gmu.dcxstage.com:2083
https://gmu.dcxstage.com:2087
https://gmu.dcxstage.com:8443
https://go.dcxstage.com
https://go.dcxstage.com:2083
https://go.dcxstage.com:2087
https://go.dcxstage.com:8443
https://info.dcxstage.com
https://info.dcxstage.com:2083
https://info.dcxstage.com:2087
https://info.dcxstage.com:8443
https://invest.dcxstage.com
https://invest.dcxstage.com:2083
https://invest.dcxstage.com:2087
https://invest.dcxstage.com:8443
https://m.dcxstage.com
https://m.dcxstage.com:2053
https://m.dcxstage.com:2083
https://m.dcxstage.com:2087
https://m.dcxstage.com:8443
https://sec.dcxstage.com
https://sec.dcxstage.com:2053
https://sec.dcxstage.com:2083
https://sec.dcxstage.com:2087
https://sec.dcxstage.com:8443
https://upload.dcxstage.com
https://upload.dcxstage.com:2083
https://upload.dcxstage.com:2087
https://upload.dcxstage.com:8443
https://www.dcxstage.com
https://www.dcxstage.com:2083
https://www.dcxstage.com:2087
https://www.dcxstage.com:8443
http://upload.dcxstage.com
http://upload.dcxstage.com:2082
http://upload.dcxstage.com:2086
http://upload.dcxstage.com:8080
http://upload.dcxstage.com:8880
http://www.dcxstage.com
http://www.dcxstage.com:2082
http://www.dcxstage.com:2086
http://www.dcxstage.com:8080
http://www.dcxstage.com:8880
