http://account.decentraland.org
http://account.decentraland.org:2082
http://account.decentraland.org:2086
http://account.decentraland.org:2095
http://account.decentraland.org:8080
http://account.decentraland.org:8880
http://a.decentraland.org
http://a.decentraland.org:2082
http://a.decentraland.org:2083
http://a.decentraland.org:2086
http://a.decentraland.org:2087
http://agora.decentraland.org
http://api.decentraland.org
http://api.decentraland.org:2082
http://api.decentraland.org:2083
http://api.decentraland.org:2086
http://api.decentraland.org:2087
http://assets.decentraland.org
http://assets.decentraland.org:2082
http://assets.decentraland.org:2083
http://assets.decentraland.org:2086
http://assets.decentraland.org:2087
http://blog.decentraland.org
http://blog.decentraland.org:2082
http://blog.decentraland.org:2086
http://blog.decentraland.org:2095
http://blog.decentraland.org:8080
http://blog.decentraland.org:8880
http://builder-api.decentraland.org
http://builder-api.decentraland.org:2082
http://builder-api.decentraland.org:2083
http://builder-api.decentraland.org:2086
http://builder-api.decentraland.org:2087
http://builder.decentraland.org
http://builder.decentraland.org:2082
http://builder.decentraland.org:2086
http://builder.decentraland.org:2095
http://builder.decentraland.org:8080
http://builder.decentraland.org:8880
http://builder-old.decentraland.org
http://builder-old.decentraland.org:2082
http://builder-old.decentraland.org:2086
http://cdn-data.decentraland.org
http://cdn-data.decentraland.org:2082
http://cdn-data.decentraland.org:2083
http://cdn-data.decentraland.org:2086
http://cdn-data.decentraland.org:2087
http://cdn.decentraland.org
http://cdn.decentraland.org:2082
http://cdn.decentraland.org:2083
http://cdn.decentraland.org:2086
http://cdn.decentraland.org:2087
http://cdn.decentraland.org:2095
http://cdn.decentraland.org:2096
http://cdn.decentraland.org:8080
http://cdn.decentraland.org:8443
http://cdn.decentraland.org:8880
http://config.decentraland.org
http://config.decentraland.org:2082
http://config.decentraland.org:2086
http://config.decentraland.org:2095
http://config.decentraland.org:8080
http://config.decentraland.org:8880
http://content-assets-as-bundle.decentraland.org
http://content-assets-as-bundle.decentraland.org:2082
http://content-assets-as-bundle.decentraland.org:2086
http://content-assets-as-bundle.decentraland.org:2095
http://content-assets-as-bundle.decentraland.org:8080
http://content-assets-as-bundle.decentraland.org:8880
http://content-assets.decentraland.org
http://content-assets.decentraland.org:2082
http://content-assets.decentraland.org:2083
http://content-assets.decentraland.org:2086
http://content-assets.decentraland.org:2087
http://content.decentraland.org
http://content.decentraland.org:2082
http://content.decentraland.org:2086
http://content.decentraland.org:2095
http://content.decentraland.org:8080
http://content.decentraland.org:8880
http://contracts.decentraland.org
http://contracts.decentraland.org:2082
http://contracts.decentraland.org:2083
http://contracts.decentraland.org:2086
http://contracts.decentraland.org:2087
http://dao.decentraland.org
http://dao.decentraland.org:2082
http://dao.decentraland.org:2083
http://dao.decentraland.org:2086
http://dao.decentraland.org:2087
http://dao.decentraland.org:2095
http://dao.decentraland.org:2096
http://dao.decentraland.org:8080
http://dao.decentraland.org:8443
http://dao.decentraland.org:8880
http://data.decentraland.org
http://decentraland.org
http://decentraland.org:2082
http://decentraland.org:2083
http://decentraland.org:2086
http://decentraland.org:2087
http://delegatecontent.decentraland.org
http://delegatecontent.decentraland.org:2082
http://delegatecontent.decentraland.org:2083
http://delegatecontent.decentraland.org:2086
http://delegatecontent.decentraland.org:2087
http://delegatecontent.decentraland.org:2095
http://delegatecontent.decentraland.org:2096
http://delegatecontent.decentraland.org:8080
http://delegatecontent.decentraland.org:8443
http://delegatecontent.decentraland.org:8880
http://developer.decentraland.org
http://developer.decentraland.org:2082
http://developer.decentraland.org:2086
http://developers.decentraland.org
http://developers.decentraland.org:2082
http://developers.decentraland.org:2086
http://discord.decentraland.org
http://discord.decentraland.org:2082
http://discord.decentraland.org:2086
http://docs.decentraland.org
http://docs.decentraland.org:2082
http://docs.decentraland.org:2083
http://docs.decentraland.org:2086
http://docs.decentraland.org:2087
http://docs.decentraland.org:2095
http://docs.decentraland.org:2096
http://docs.decentraland.org:8080
http://docs.decentraland.org:8443
http://docs.decentraland.org:8880
http://events.decentraland.org
http://events.decentraland.org:2082
http://events.decentraland.org:2083
http://events.decentraland.org:2086
http://events.decentraland.org:2087
http://explorer-artifacts.decentraland.org
http://explorer-config.decentraland.org
http://explorer-config.decentraland.org:2082
http://explorer-config.decentraland.org:2083
http://explorer-config.decentraland.org:2086
http://explorer-config.decentraland.org:2087
http://explorer.decentraland.org
http://explorer.decentraland.org:2082
http://explorer.decentraland.org:2086
http://explorer.decentraland.org:2095
http://explorer.decentraland.org:8080
http://explorer.decentraland.org:8880
http://explorer-metrics.decentraland.org
http://explorer-metrics.decentraland.org:2082
http://explorer-metrics.decentraland.org:2083
http://explorer-metrics.decentraland.org:2086
http://explorer-metrics.decentraland.org:2087
http://explorer-metrics.decentraland.org:2095
http://explorer-metrics.decentraland.org:2096
http://explorer-metrics.decentraland.org:8080
http://explorer-metrics.decentraland.org:8443
http://explorer-metrics.decentraland.org:8880
http://feature-flags.decentraland.org
http://feature-flags.decentraland.org:2082
http://feature-flags.decentraland.org:2086
http://feature-flags.decentraland.org:2095
http://feature-flags.decentraland.org:8080
http://feature-flags.decentraland.org:8880
http://forum.decentraland.org
http://gate.decentraland.org
http://gate.decentraland.org:2082
http://gate.decentraland.org:2086
http://governance.decentraland.org
http://governance.decentraland.org:2082
http://governance.decentraland.org:2083
http://governance.decentraland.org:2086
http://governance.decentraland.org:2087
http://hack.decentraland.org
http://hack.decentraland.org:2082
http://hack.decentraland.org:2086
http://hack.decentraland.org:2095
http://hack.decentraland.org:8080
http://hack.decentraland.org:8880
http://land.decentraland.org
http://land.decentraland.org:2082
http://land.decentraland.org:2086
http://land.decentraland.org:2095
http://land.decentraland.org:8080
http://land.decentraland.org:8880
http://landing.decentraland.org
http://landing.decentraland.org:2082
http://landing.decentraland.org:2086
http://market.decentraland.org
http://market.decentraland.org:2082
http://market.decentraland.org:2086
http://market-old.decentraland.org
http://market-old.decentraland.org:2082
http://market-old.decentraland.org:2086
http://metabase.decentraland.org
http://metabase.decentraland.org:2082
http://metabase.decentraland.org:2086
http://metrics.decentraland.org
http://metrics.decentraland.org:2082
http://metrics.decentraland.org:2086
http://metrics.decentraland.org:2095
http://metrics.decentraland.org:8080
http://metrics.decentraland.org:8880
http://nft-api.decentraland.org
http://nft-api.decentraland.org:2082
http://nft-api.decentraland.org:2083
http://nft-api.decentraland.org:2086
http://peer-ap1.decentraland.org
http://peer-ap1.decentraland.org:2082
http://peer-ap1.decentraland.org:2086
http://peer-ap1.decentraland.org:2087
http://peer-ap1.decentraland.org:2095
http://peer-ap1.decentraland.org:2096
http://peer-ap1.decentraland.org:8080
http://peer-ap1.decentraland.org:8443
http://peer-ap1.decentraland.org:8880
http://peer.decentraland.org
http://peer.decentraland.org:2082
http://peer.decentraland.org:2083
http://peer.decentraland.org:2086
http://peer.decentraland.org:2087
http://peer-ec1.decentraland.org
http://peer-ec1.decentraland.org:2082
http://peer-ec1.decentraland.org:2083
http://peer-ec1.decentraland.org:2086
http://peer-ec1.decentraland.org:2087
http://peer-ec2.decentraland.org
http://peer-ec2.decentraland.org:2082
http://peer-ec2.decentraland.org:2083
http://peer-ec2.decentraland.org:2086
http://peer-ec2.decentraland.org:2095
http://peer-ec2.decentraland.org:2096
http://peer-ec2.decentraland.org:8080
http://peer-ec2.decentraland.org:8443
http://peer-ec2.decentraland.org:8880
http://peer-eu1.decentraland.org
http://peer-eu1.decentraland.org:2082
http://peer-eu1.decentraland.org:2083
http://peer-eu1.decentraland.org:2086
http://peer-eu1.decentraland.org:2087
http://peer-eu1.decentraland.org:2095
http://peer-eu1.decentraland.org:2096
http://peer-eu1.decentraland.org:8080
http://peer-eu1.decentraland.org:8443
http://peer-eu1.decentraland.org:8880
http://peer-historical.decentraland.org
http://peer-historical.decentraland.org:2082
http://peer-historical.decentraland.org:2083
http://peer-historical.decentraland.org:2086
http://peer-historical.decentraland.org:2087
http://peer-lb.decentraland.org
http://peer-lb.decentraland.org:2082
http://peer-lb.decentraland.org:2083
http://peer-lb.decentraland.org:2086
http://peer-lb.decentraland.org:2087
http://peer-lb.decentraland.org:2095
http://peer-lb.decentraland.org:2096
http://peer-lb.decentraland.org:8080
http://peer-lb.decentraland.org:8443
http://peer-lb.decentraland.org:8880
http://peer-testing-2.decentraland.org
http://peer-testing-2.decentraland.org:2082
http://peer-testing-2.decentraland.org:2083
http://peer-testing-2.decentraland.org:2086
http://peer-testing-2.decentraland.org:2087
http://peer-testing-3.decentraland.org
http://peer-testing-3.decentraland.org:2082
http://peer-testing-3.decentraland.org:2083
http://peer-testing-3.decentraland.org:2086
http://peer-testing-3.decentraland.org:2087
http://peer-testing.decentraland.org
http://peer-testing.decentraland.org:2082
http://peer-testing.decentraland.org:2083
http://peer-testing.decentraland.org:2086
http://peer-testing.decentraland.org:2087
http://peer-wc1.decentraland.org
http://peer-wc1.decentraland.org:2082
http://peer-wc1.decentraland.org:2083
http://peer-wc1.decentraland.org:2086
http://peer-wc1.decentraland.org:2087
http://peer-wc1.decentraland.org:2095
http://peer-wc1.decentraland.org:2096
http://peer-wc1.decentraland.org:8080
http://peer-wc1.decentraland.org:8443
http://peer-wc1.decentraland.org:8880
http://play.decentraland.org
http://play.decentraland.org:2082
http://play.decentraland.org:2086
http://play.decentraland.org:2095
http://play.decentraland.org:8080
http://play.decentraland.org:8880
http://poap-api.decentraland.org
http://poap-api.decentraland.org:2082
http://poap-api.decentraland.org:2083
http://poap-api.decentraland.org:2086
http://poap-api.decentraland.org:2087
http://poap.decentraland.org
http://poap.decentraland.org:2082
http://poap.decentraland.org:2086
http://purge.decentraland.org
http://purge.decentraland.org:2082
http://purge.decentraland.org:2083
http://purge.decentraland.org:2086
http://purge.decentraland.org:2087
http://purge.decentraland.org:2095
http://purge.decentraland.org:2096
http://purge.decentraland.org:8080
http://purge.decentraland.org:8443
http://purge.decentraland.org:8880
http://quests-api.decentraland.org
http://quests-api.decentraland.org:2082
http://quests-api.decentraland.org:2083
http://quests-api.decentraland.org:2086
http://quests-api.decentraland.org:2087
http://quests-api.decentraland.org:2095
http://quests-api.decentraland.org:2096
http://quests-api.decentraland.org:8080
http://quests-api.decentraland.org:8443
http://quests-api.decentraland.org:8880
http://renderer-artifacts.decentraland.org
http://rewards.decentraland.org
http://rewards.decentraland.org:2082
http://rewards.decentraland.org:2083
http://rewards.decentraland.org:2086
http://rewards.decentraland.org:2087
http://rpc.decentraland.org
http://rpc.decentraland.org:2082
http://rpc.decentraland.org:2086
https://account.decentraland.org
https://account.decentraland.org:2083
https://account.decentraland.org:2087
https://account.decentraland.org:2096
https://account.decentraland.org:8443
https://a.decentraland.org
https://agora.decentraland.org
https://api.decentraland.org
https://assets.decentraland.org
https://blog.decentraland.org
https://blog.decentraland.org:2083
https://blog.decentraland.org:2087
https://blog.decentraland.org:2096
https://blog.decentraland.org:8443
https://builder-api.decentraland.org
https://builder.decentraland.org
https://builder.decentraland.org:2083
https://builder.decentraland.org:2087
https://builder.decentraland.org:2096
https://builder.decentraland.org:8443
https://builder-old.decentraland.org
https://builder-old.decentraland.org:2083
https://builder-old.decentraland.org:2087
https://cdn-data.decentraland.org
https://cdn.decentraland.org
https://config.decentraland.org
https://config.decentraland.org:2083
https://config.decentraland.org:2087
https://config.decentraland.org:2096
https://config.decentraland.org:8443
https://content-assets-as-bundle.decentraland.org
https://content-assets-as-bundle.decentraland.org:2083
https://content-assets-as-bundle.decentraland.org:2087
https://content-assets-as-bundle.decentraland.org:2096
https://content-assets-as-bundle.decentraland.org:8443
https://content-assets.decentraland.org
https://content.decentraland.org
https://content.decentraland.org:2083
https://content.decentraland.org:2087
https://content.decentraland.org:2096
https://content.decentraland.org:8443
https://contracts.decentraland.org
https://dao.decentraland.org
https://data.decentraland.org
https://decentraland.org
https://delegatecontent.decentraland.org
https://developer.decentraland.org
https://developer.decentraland.org:2083
https://developer.decentraland.org:2087
https://developers.decentraland.org
https://developers.decentraland.org:2083
https://developers.decentraland.org:2087
https://discord.decentraland.org
https://discord.decentraland.org:2083
https://discord.decentraland.org:2087
http://sdk-content-server.decentraland.org
http://sdk-content-server.decentraland.org:2082
http://sdk-content-server.decentraland.org:2083
http://sdk-content-server.decentraland.org:2086
http://sdk-content-server.decentraland.org:2087
http://sdk-content-server.decentraland.org:2095
http://sdk-content-server.decentraland.org:2096
http://sdk-content-server.decentraland.org:8080
http://sdk-content-server.decentraland.org:8443
http://sdk-content-server.decentraland.org:8880
http://sdk-team-cdn.decentraland.org
http://sdk-team-cdn.decentraland.org:2082
http://sdk-team-cdn.decentraland.org:2083
http://sdk-team-cdn.decentraland.org:2086
http://sdk-team-cdn.decentraland.org:2087
https://docs.decentraland.org
http://segment.decentraland.org
http://segment.decentraland.org:2082
http://segment.decentraland.org:2086
http://segment.decentraland.org:2095
http://segment.decentraland.org:8080
http://segment.decentraland.org:8880
https://events.decentraland.org
https://explorer-artifacts.decentraland.org
https://explorer-config.decentraland.org
https://explorer.decentraland.org
https://explorer.decentraland.org:2083
https://explorer.decentraland.org:2087
https://explorer.decentraland.org:2096
https://explorer.decentraland.org:8443
https://explorer-metrics.decentraland.org
https://feature-flags.decentraland.org
https://feature-flags.decentraland.org:2083
https://feature-flags.decentraland.org:2087
https://feature-flags.decentraland.org:2096
https://feature-flags.decentraland.org:8443
https://forum.decentraland.org
https://gate.decentraland.org
https://gate.decentraland.org:2083
https://gate.decentraland.org:2087
https://governance.decentraland.org
https://hack.decentraland.org
https://hack.decentraland.org:2083
https://hack.decentraland.org:2087
https://hack.decentraland.org:2096
https://hack.decentraland.org:8443
http://share.decentraland.org
http://share.decentraland.org:2082
http://share.decentraland.org:2086
https://land.decentraland.org
https://land.decentraland.org:2083
https://land.decentraland.org:2087
https://land.decentraland.org:2096
https://land.decentraland.org:8443
https://landing.decentraland.org
https://landing.decentraland.org:2083
https://landing.decentraland.org:2087
https://market.decentraland.org
https://market.decentraland.org:2083
https://market.decentraland.org:2087
https://market-old.decentraland.org
https://market-old.decentraland.org:2083
https://market-old.decentraland.org:2087
https://metabase.decentraland.org
https://metabase.decentraland.org:2083
https://metabase.decentraland.org:2087
https://metrics.decentraland.org
https://metrics.decentraland.org:2083
https://metrics.decentraland.org:2087
https://metrics.decentraland.org:2096
https://metrics.decentraland.org:8443
https://nft-api.decentraland.org
https://nft-api.decentraland.org:2087
https://peer-ap1.decentraland.org
https://peer-ap1.decentraland.org:2083
https://peer.decentraland.org
https://peer-ec1.decentraland.org
https://peer-ec2.decentraland.org
https://peer-ec2.decentraland.org:2087
https://peer-eu1.decentraland.org
https://peer-historical.decentraland.org
https://peer-lb.decentraland.org
https://peer-testing-2.decentraland.org
https://peer-testing-3.decentraland.org
https://peer-testing.decentraland.org
https://peer-wc1.decentraland.org
https://play.decentraland.org
https://play.decentraland.org:2083
https://play.decentraland.org:2087
https://play.decentraland.org:2096
https://play.decentraland.org:8443
https://poap-api.decentraland.org
https://poap.decentraland.org
https://poap.decentraland.org:2083
https://poap.decentraland.org:2087
https://purge.decentraland.org
https://quests-api.decentraland.org
https://renderer-artifacts.decentraland.org
https://rewards.decentraland.org
https://rpc.decentraland.org
https://rpc.decentraland.org:2083
https://rpc.decentraland.org:2087
https://sdk-content-server.decentraland.org
https://sdk-team-cdn.decentraland.org
https://segment.decentraland.org
https://segment.decentraland.org:2083
https://segment.decentraland.org:2087
https://segment.decentraland.org:2096
https://segment.decentraland.org:8443
https://share.decentraland.org
https://share.decentraland.org:2083
https://share.decentraland.org:2087
https://synapse.decentraland.org
https://tech-docs.decentraland.org
https://tech-docs.decentraland.org:2083
https://tech-docs.decentraland.org:2087
https://test-site.decentraland.org
https://test-site.decentraland.org:2083
https://test-site.decentraland.org:2087
https://tracking.decentraland.org
https://tracking.decentraland.org:2083
https://tracking.decentraland.org:2087
https://tracking.decentraland.org:2096
https://tracking.decentraland.org:8443
https://transactions-api.decentraland.org
https://ui.decentraland.org
https://vesting.decentraland.org
https://vesting.decentraland.org:2083
https://vesting.decentraland.org:2087
https://wearable-api.decentraland.org
https://wearable-preview.decentraland.org
https://wearable-preview.decentraland.org:2083
https://wearable-preview.decentraland.org:2087
https://wearable-preview.decentraland.org:2096
https://wearable-preview.decentraland.org:8443
https://wiki.decentraland.org
https://wiki.decentraland.org:2083
https://wiki.decentraland.org:2087
https://wiki.decentraland.org:2096
https://wiki.decentraland.org:8443
https://world.decentraland.org
https://world.decentraland.org:2083
https://world.decentraland.org:2087
https://world.decentraland.org:2096
https://world.decentraland.org:8443
https://www.decentraland.org
https://www.decentraland.org:2083
https://www.decentraland.org:2087
http://synapse.decentraland.org
http://synapse.decentraland.org:2082
http://synapse.decentraland.org:2083
http://synapse.decentraland.org:2086
http://synapse.decentraland.org:2087
http://tech-docs.decentraland.org
http://tech-docs.decentraland.org:2082
http://tech-docs.decentraland.org:2086
http://test-site.decentraland.org
http://test-site.decentraland.org:2082
http://test-site.decentraland.org:2086
http://tracking.decentraland.org
http://tracking.decentraland.org:2082
http://tracking.decentraland.org:2086
http://tracking.decentraland.org:2095
http://tracking.decentraland.org:8080
http://tracking.decentraland.org:8880
http://transactions-api.decentraland.org
http://transactions-api.decentraland.org:2082
http://transactions-api.decentraland.org:2083
http://transactions-api.decentraland.org:2086
http://transactions-api.decentraland.org:2087
http://ui.decentraland.org
http://vesting.decentraland.org
http://vesting.decentraland.org:2082
http://vesting.decentraland.org:2086
http://wearable-api.decentraland.org
http://wearable-api.decentraland.org:2082
http://wearable-api.decentraland.org:2083
http://wearable-api.decentraland.org:2086
http://wearable-api.decentraland.org:2087
http://wearable-api.decentraland.org:2095
http://wearable-api.decentraland.org:2096
http://wearable-api.decentraland.org:8080
http://wearable-api.decentraland.org:8443
http://wearable-api.decentraland.org:8880
http://wearable-preview.decentraland.org
http://wearable-preview.decentraland.org:2082
http://wearable-preview.decentraland.org:2086
http://wearable-preview.decentraland.org:2095
http://wearable-preview.decentraland.org:8080
http://wearable-preview.decentraland.org:8880
http://wiki.decentraland.org
http://wiki.decentraland.org:2082
http://wiki.decentraland.org:2086
http://wiki.decentraland.org:2095
http://wiki.decentraland.org:8080
http://wiki.decentraland.org:8880
http://world.decentraland.org
http://world.decentraland.org:2082
http://world.decentraland.org:2086
http://world.decentraland.org:2095
http://world.decentraland.org:8080
http://world.decentraland.org:8880
http://www.decentraland.org
http://www.decentraland.org:2082
http://www.decentraland.org:2086
