http://api.deepspace.game
http://api.deepspace.game:2082
http://api.deepspace.game:2086
http://api.deepspace.game:8080
http://api.deepspace.game:8880
http://app.deepspace.game
http://app.deepspace.game:2053
http://app.deepspace.game:2086
http://app.deepspace.game:2087
http://app.deepspace.game:8080
http://app.deepspace.game:8443
http://app.deepspace.game:8880
http://assets.deepspace.game
http://assets.deepspace.game:2082
http://assets.deepspace.game:2086
http://assets.deepspace.game:8080
http://assets.deepspace.game:8880
http://autodiscover.deepspace.game
http://blog.deepspace.game
http://blog.deepspace.game:2082
http://blog.deepspace.game:2083
http://blog.deepspace.game:2086
http://blog.deepspace.game:2087
http://blog.deepspace.game:2096
http://blog.deepspace.game:8080
http://blog.deepspace.game:8443
http://blog.deepspace.game:8880
http://branding.deepspace.game
http://branding.deepspace.game:2082
http://branding.deepspace.game:2086
http://branding.deepspace.game:8080
http://branding.deepspace.game:8880
http://bsg.deepspace.game
http://bsg.deepspace.game:2086
http://bsg.deepspace.game:8080
http://bsg.deepspace.game:8880
http://contracts.deepspace.game
http://contracts.deepspace.game:2082
http://contracts.deepspace.game:2086
http://contracts.deepspace.game:8080
http://contracts.deepspace.game:8880
http://daily.deepspace.game
http://daily.deepspace.game:2086
http://daily.deepspace.game:8080
http://daily.deepspace.game:8880
http://dash.deepspace.game
http://dash.deepspace.game:2086
http://dash.deepspace.game:8080
http://dash.deepspace.game:8880
http://deepspace.game
http://deepspace.game:2086
http://deepspace.game:8080
http://deepspace.game:8880
http://dev-api.deepspace.game
http://dev-api.deepspace.game:2086
http://dev-api.deepspace.game:8080
http://dev-api.deepspace.game:8880
http://dev-app.deepspace.game
http://dev-app.deepspace.game:2053
http://dev-app.deepspace.game:2086
http://dev-app.deepspace.game:2087
http://dev-app.deepspace.game:8080
http://dev-app.deepspace.game:8443
http://dev-app.deepspace.game:8880
http://dev-assets.deepspace.game
http://dev-assets.deepspace.game:2082
http://dev-assets.deepspace.game:2086
http://dev-assets.deepspace.game:8080
http://dev-assets.deepspace.game:8880
http://dev-game-api.deepspace.game
http://dev-game-api.deepspace.game:2082
http://dev-game-api.deepspace.game:2086
http://dev-game-api.deepspace.game:8080
http://dev-game-api.deepspace.game:8880
http://dev-play.deepspace.game
http://dev-play.deepspace.game:2082
http://dev-play.deepspace.game:2086
http://dev-play.deepspace.game:8080
http://dev-play.deepspace.game:8880
http://docs.deepspace.game
http://docs.deepspace.game:2082
http://docs.deepspace.game:2083
http://docs.deepspace.game:2086
http://docs.deepspace.game:2087
http://docs.deepspace.game:2096
http://docs.deepspace.game:8080
http://docs.deepspace.game:8443
http://docs.deepspace.game:8880
http://faucet.deepspace.game
http://faucet.deepspace.game:2082
http://faucet.deepspace.game:2086
http://faucet.deepspace.game:8080
http://faucet.deepspace.game:8880
http://feedback.deepspace.game
http://game-api.deepspace.game
http://game-api.deepspace.game:2082
http://game-api.deepspace.game:2086
http://game-api.deepspace.game:8080
http://game-api.deepspace.game:8880
http://gas.deepspace.game
http://gas.deepspace.game:2086
http://gas.deepspace.game:8080
http://gas.deepspace.game:8880
http://lyncdiscover.deepspace.game
http://pitch.deepspace.game
http://pitch.deepspace.game:2082
http://pitch.deepspace.game:2086
http://pitch.deepspace.game:8080
http://pitch.deepspace.game:8880
http://play.deepspace.game
http://play.deepspace.game:2082
http://play.deepspace.game:2086
http://play.deepspace.game:8080
http://play.deepspace.game:8880
http://prod-game-3-login.deepspace.game
http://prod-game-3-login.deepspace.game:2082
http://prod-game-3-login.deepspace.game:2086
http://prod-game-3-login.deepspace.game:8080
http://prod-game-3-login.deepspace.game:8880
http://referrals.deepspace.game
http://referrals.deepspace.game:2082
http://referrals.deepspace.game:2086
http://referrals.deepspace.game:8080
http://referrals.deepspace.game:8880
http://riskswap.deepspace.game
http://riskswap.deepspace.game:2086
http://riskswap.deepspace.game:8080
http://riskswap.deepspace.game:8880
https://api.deepspace.game
https://api.deepspace.game:2083
https://api.deepspace.game:8443
https://app.deepspace.game
https://assets.deepspace.game
https://assets.deepspace.game:2083
https://assets.deepspace.game:8443
https://blog.deepspace.game
https://branding.deepspace.game
https://branding.deepspace.game:2083
https://branding.deepspace.game:2087
https://branding.deepspace.game:2096
https://branding.deepspace.game:8443
https://bsg.deepspace.game
https://bsg.deepspace.game:2053
https://bsg.deepspace.game:2087
https://bsg.deepspace.game:8443
https://contracts.deepspace.game
https://contracts.deepspace.game:2083
https://contracts.deepspace.game:2087
https://contracts.deepspace.game:2096
https://contracts.deepspace.game:8443
https://daily.deepspace.game
https://daily.deepspace.game:2053
https://daily.deepspace.game:2087
https://daily.deepspace.game:8443
https://dash.deepspace.game
https://dash.deepspace.game:2053
https://dash.deepspace.game:2087
https://dash.deepspace.game:8443
https://deepspace.game
https://deepspace.game:2053
https://deepspace.game:2087
https://deepspace.game:8443
https://dev-api.deepspace.game
https://dev-api.deepspace.game:2053
https://dev-api.deepspace.game:2087
https://dev-api.deepspace.game:8443
https://dev-app.deepspace.game
https://dev-assets.deepspace.game
https://dev-assets.deepspace.game:2083
https://dev-assets.deepspace.game:8443
https://dev-game-api.deepspace.game
https://dev-game-api.deepspace.game:2083
https://dev-game-api.deepspace.game:2087
https://dev-game-api.deepspace.game:2096
https://dev-game-api.deepspace.game:8443
https://dev-play.deepspace.game
https://dev-play.deepspace.game:2083
https://dev-play.deepspace.game:2087
https://dev-play.deepspace.game:2096
https://dev-play.deepspace.game:8443
https://docs.deepspace.game
https://faucet.deepspace.game
https://faucet.deepspace.game:2083
https://faucet.deepspace.game:8443
https://feedback.deepspace.game
https://game-api.deepspace.game
https://game-api.deepspace.game:2083
https://game-api.deepspace.game:2087
https://game-api.deepspace.game:2096
https://game-api.deepspace.game:8443
https://gas.deepspace.game
https://gas.deepspace.game:2053
https://gas.deepspace.game:2087
https://gas.deepspace.game:8443
https://lyncdiscover.deepspace.game
https://pitch.deepspace.game
https://pitch.deepspace.game:2083
https://pitch.deepspace.game:8443
https://play.deepspace.game
https://play.deepspace.game:2083
https://play.deepspace.game:8443
https://prod-game-3-login.deepspace.game
https://prod-game-3-login.deepspace.game:2083
https://prod-game-3-login.deepspace.game:8443
https://referrals.deepspace.game
https://referrals.deepspace.game:2083
https://referrals.deepspace.game:2087
https://referrals.deepspace.game:2096
https://referrals.deepspace.game:8443
https://riskswap.deepspace.game
https://riskswap.deepspace.game:2053
https://riskswap.deepspace.game:2087
https://riskswap.deepspace.game:8443
https://sip.deepspace.game
https://stats.deepspace.game
https://stats.deepspace.game:2083
https://stats.deepspace.game:8443
https://stream.deepspace.game
https://stream.deepspace.game:2083
https://stream.deepspace.game:8443
https://swap.deepspace.game
https://swap.deepspace.game:2083
https://swap.deepspace.game:8443
http://stats.deepspace.game
http://stats.deepspace.game:2082
http://stats.deepspace.game:2086
http://stats.deepspace.game:8080
http://stats.deepspace.game:8880
https://test-api.deepspace.game
https://test-api.deepspace.game:2096
https://test-app.deepspace.game
https://test-assets.deepspace.game
https://test-assets.deepspace.game:2053
https://test-assets.deepspace.game:2087
https://test-assets.deepspace.game:8443
https://test-play.deepspace.game
https://test-play.deepspace.game:2053
https://test-play.deepspace.game:2087
https://test-play.deepspace.game:8443
https://test-signup.deepspace.game
https://test-signup.deepspace.game:2083
https://test-signup.deepspace.game:8443
https://test-site.deepspace.game
https://test-site.deepspace.game:2083
https://test-site.deepspace.game:8443
https://test-stats.deepspace.game
https://test-stats.deepspace.game:2083
https://test-stats.deepspace.game:2087
https://test-stats.deepspace.game:2096
https://test-stats.deepspace.game:8443
https://token.deepspace.game
https://token.deepspace.game:2053
https://token.deepspace.game:2087
https://token.deepspace.game:8443
http://stream.deepspace.game
http://stream.deepspace.game:2082
http://stream.deepspace.game:2086
http://stream.deepspace.game:8080
http://stream.deepspace.game:8880
http://swap.deepspace.game
http://swap.deepspace.game:2082
http://swap.deepspace.game:2086
http://swap.deepspace.game:8080
http://swap.deepspace.game:8880
https://www.deepspace.game
https://www.deepspace.game:2083
https://www.deepspace.game:8443
http://test-api.deepspace.game
http://test-api.deepspace.game:2082
http://test-api.deepspace.game:2083
http://test-api.deepspace.game:2086
http://test-api.deepspace.game:2087
http://test-api.deepspace.game:8080
http://test-api.deepspace.game:8443
http://test-api.deepspace.game:8880
http://test-app.deepspace.game
http://test-app.deepspace.game:2082
http://test-app.deepspace.game:2083
http://test-app.deepspace.game:2086
http://test-app.deepspace.game:8080
http://test-app.deepspace.game:8443
http://test-app.deepspace.game:8880
http://test-assets.deepspace.game
http://test-assets.deepspace.game:2086
http://test-assets.deepspace.game:8080
http://test-assets.deepspace.game:8880
http://test-play.deepspace.game
http://test-play.deepspace.game:2086
http://test-play.deepspace.game:8080
http://test-play.deepspace.game:8880
http://test-signup.deepspace.game
http://test-signup.deepspace.game:2082
http://test-signup.deepspace.game:2086
http://test-signup.deepspace.game:8080
http://test-signup.deepspace.game:8880
http://test-site.deepspace.game
http://test-site.deepspace.game:2082
http://test-site.deepspace.game:2086
http://test-site.deepspace.game:8080
http://test-site.deepspace.game:8880
http://test-stats.deepspace.game
http://test-stats.deepspace.game:2082
http://test-stats.deepspace.game:2086
http://test-stats.deepspace.game:8080
http://test-stats.deepspace.game:8880
http://token.deepspace.game
http://token.deepspace.game:2086
http://token.deepspace.game:8080
http://token.deepspace.game:8880
http://www.deepspace.game
http://www.deepspace.game:2082
http://www.deepspace.game:2086
http://www.deepspace.game:8080
http://www.deepspace.game:8880
