http://api.defisaver.com
http://app.defisaver.com
http://app.defisaver.com:2083
http://app.defisaver.com:2087
http://app.defisaver.com:8443
http://beta.defisaver.com
http://beta.defisaver.com:2053
http://beta.defisaver.com:2083
http://beta.defisaver.com:2087
http://beta.defisaver.com:8443
http://blog.defisaver.com
http://blog.defisaver.com:2083
http://blog.defisaver.com:2087
http://blog.defisaver.com:8443
http://dash.defisaver.com
http://dash.defisaver.com:2053
http://dash.defisaver.com:2083
http://dash.defisaver.com:2087
http://defisaver.com
http://defisaver.com:2083
http://defisaver.com:2087
http://defisaver.com:2096
http://defisaver.com:8443
http://docs.defisaver.com
http://docs.defisaver.com:2053
http://docs.defisaver.com:2082
http://docs.defisaver.com:2083
http://docs.defisaver.com:2086
http://docs.defisaver.com:2087
http://docs.defisaver.com:8080
http://exchange.defisaver.com
http://exchange.defisaver.com:8888
http://exchange.defisaver.com:8889
http://forum.defisaver.com
http://forum.defisaver.com:2083
http://forum.defisaver.com:2087
http://forum.defisaver.com:8443
http://help.defisaver.com
http://help.defisaver.com:2053
http://help.defisaver.com:2083
http://help.defisaver.com:2087
http://metabase.defisaver.com
http://metabase.defisaver.com:2083
http://metabase.defisaver.com:2087
http://metabase.defisaver.com:2096
http://metabase.defisaver.com:8443
https://api.defisaver.com
https://app.defisaver.com
https://beta.defisaver.com
https://blog.defisaver.com
https://dash.defisaver.com
https://defisaver.com
https://docs.defisaver.com
https://exchange.defisaver.com
https://forum.defisaver.com
https://help.defisaver.com
https://metabase.defisaver.com
https://stats.defisaver.com
https://stats.defisaver.com:2083
https://stats.defisaver.com:2087
https://stats.defisaver.com:8443
http://stats.defisaver.com
http://stats.defisaver.com:2082
http://stats.defisaver.com:2086
http://stats.defisaver.com:8880
https://txapi.defisaver.com
https://www.defisaver.com
http://txapi.defisaver.com
http://www.defisaver.com
http://www.defisaver.com:2083
http://www.defisaver.com:2087
http://www.defisaver.com:8443
