http://api.defrost.finance
http://defrost.finance
http://docs.defrost.finance
http://docs.defrost.finance:2082
http://docs.defrost.finance:2086
http://docs.defrost.finance:8080
http://docs.defrost.finance:8880
http://forum.defrost.finance
https://api.defrost.finance
https://defrost.finance
https://docs.defrost.finance
https://docs.defrost.finance:2053
https://docs.defrost.finance:2083
https://docs.defrost.finance:2087
https://docs.defrost.finance:8443
https://forum.defrost.finance
https://testnet.defrost.finance
https://www.defrost.finance
http://testnet.defrost.finance
http://www.defrost.finance
