http://alphaapi.deri.io
http://alphaapi.deri.io:2082
http://alphaapi.deri.io:2083
http://alphaapi.deri.io:2086
http://alphaapi.deri.io:2087
http://alphaapi.deri.io:2095
http://alphaapi.deri.io:2096
http://alphaapi.deri.io:8080
http://alphaapi.deri.io:8443
http://alphaapi.deri.io:8880
http://alphatest.deri.io
http://alphatest.deri.io:2082
http://alphatest.deri.io:2083
http://alphatest.deri.io:2086
http://alphatest.deri.io:2087
http://alphatest.deri.io:2096
http://alphatest.deri.io:8443
http://alphatest.deri.io:8880
http://api.deri.io
http://api.deri.io:2082
http://api.deri.io:2083
http://api.deri.io:2086
http://api.deri.io:2087
http://api.deri.io:2096
http://api.deri.io:8443
http://api.deri.io:8880
http://deri.io
http://deri.io:2082
http://deri.io:2083
http://deri.io:2086
http://deri.io:2087
http://deri.io:2095
http://deri.io:2096
http://deri.io:8080
http://deri.io:8443
http://deri.io:8880
http://docs.deri.io
http://docs.deri.io:2082
http://docs.deri.io:2086
http://docs.deri.io:8080
http://docs.deri.io:8880
http://infoapi.deri.io
http://infoapi.deri.io:2082
http://infoapi.deri.io:2083
http://infoapi.deri.io:2086
http://infoapi.deri.io:2087
http://infoapi.deri.io:2096
http://infoapi.deri.io:8443
http://infoapi.deri.io:8880
http://info.deri.io
http://info.deri.io:2082
http://info.deri.io:2083
http://info.deri.io:2086
http://info.deri.io:2087
http://info.deri.io:2095
http://info.deri.io:2096
http://info.deri.io:8080
http://info.deri.io:8443
http://info.deri.io:8880
http://oraclemainnet.deri.io
http://oraclemainnet.deri.io:2082
http://oraclemainnet.deri.io:2083
http://oraclemainnet.deri.io:2086
http://oraclemainnet.deri.io:2087
http://oraclemainnet.deri.io:2095
http://oraclemainnet.deri.io:2096
http://oraclemainnet.deri.io:8080
http://oraclemainnet.deri.io:8443
http://oraclemainnet.deri.io:8880
https://alphaapi.deri.io
https://alphatest.deri.io
https://api.deri.io
https://deri.io
https://docs.deri.io
https://docs.deri.io:2053
https://docs.deri.io:2083
https://docs.deri.io:2087
https://docs.deri.io:8443
http://share.deri.io
http://share.deri.io:2082
http://share.deri.io:2083
http://share.deri.io:2086
http://share.deri.io:2087
http://share.deri.io:2096
http://share.deri.io:8443
http://share.deri.io:8880
https://infoapi.deri.io
https://info.deri.io
https://oraclemainnet.deri.io
https://share.deri.io
https://testnet.deri.io
https://v2app.deri.io
https://www.deri.io
https://www.deri.io:2083
http://testnet.deri.io
http://testnet.deri.io:2082
http://testnet.deri.io:2083
http://testnet.deri.io:2086
http://testnet.deri.io:2087
http://testnet.deri.io:2096
http://testnet.deri.io:8443
http://testnet.deri.io:8880
http://v2app.deri.io
http://v2app.deri.io:2082
http://v2app.deri.io:2083
http://v2app.deri.io:2086
http://v2app.deri.io:2087
http://v2app.deri.io:2095
http://v2app.deri.io:2096
http://v2app.deri.io:8080
http://v2app.deri.io:8443
http://v2app.deri.io:8880
http://www.deri.io
http://www.deri.io:2082
http://www.deri.io:2086
http://www.deri.io:2087
http://www.deri.io:2096
http://www.deri.io:8443
http://www.deri.io:8880
