http://alpha.divergence-protocol.com
http://analytics.divergence-protocol.com
http://app.divergence-protocol.com
http://beta-analytics.divergence-protocol.com
http://beta.divergence-protocol.com
http://beta-faucet.divergence-protocol.com
http://dev.divergence-protocol.com
http://divergence-protocol.com
http://docs.divergence-protocol.com
http://docs.divergence-protocol.com:2082
http://docs.divergence-protocol.com:2086
http://docs.divergence-protocol.com:8080
http://docs.divergence-protocol.com:8880
http://faucet.divergence-protocol.com
http://lbp.divergence-protocol.com
https://alpha.divergence-protocol.com
https://analytics.divergence-protocol.com
https://app.divergence-protocol.com
https://beta-analytics.divergence-protocol.com
https://beta.divergence-protocol.com
https://beta-faucet.divergence-protocol.com
https://dev.divergence-protocol.com
https://divergence-protocol.com
https://docs.divergence-protocol.com
https://docs.divergence-protocol.com:2053
https://docs.divergence-protocol.com:2083
https://docs.divergence-protocol.com:2087
https://docs.divergence-protocol.com:8443
https://faucet.divergence-protocol.com
https://lbp.divergence-protocol.com
https://www.divergence-protocol.com
http://www.divergence-protocol.com
