http://about.doctolib.fr
http://about-staging.doctolib.fr
http://a-dev-aws-de-fra-1.doctolib.fr
http://a-dev-aws-de-fra-1.doctolib.fr:2082
http://a-dev-aws-de-fra-1.doctolib.fr:2086
http://a-dev-aws-de-fra-1.doctolib.fr:2095
http://a-dev-aws-de-fra-1.doctolib.fr:8080
http://a-dev-aws-de-fra-1.doctolib.fr:8880
http://a-dev-aws-fr-par-1.doctolib.fr
http://a-dev-aws-fr-par-1.doctolib.fr:2082
http://a-dev-aws-fr-par-1.doctolib.fr:2086
http://a-dev-aws-fr-par-1.doctolib.fr:2095
http://a-dev-aws-fr-par-1.doctolib.fr:8080
http://a-dev-aws-fr-par-1.doctolib.fr:8880
http://a-dev.doctolib.fr
http://a-dev.doctolib.fr:2082
http://a-dev.doctolib.fr:2086
http://a-dev.doctolib.fr:8080
http://a-dev.doctolib.fr:8880
http://adminium-dev-aws-de-fra-1.doctolib.fr
http://adminium-dev-aws-de-fra-1.doctolib.fr:2082
http://adminium-dev-aws-de-fra-1.doctolib.fr:2086
http://adminium-dev-aws-de-fra-1.doctolib.fr:8080
http://adminium-dev-aws-de-fra-1.doctolib.fr:8880
http://adminium-dev-aws-fr-par-1.doctolib.fr
http://adminium-dev-aws-fr-par-1.doctolib.fr:2082
http://adminium-dev-aws-fr-par-1.doctolib.fr:2086
http://adminium-dev-aws-fr-par-1.doctolib.fr:2095
http://adminium-dev-aws-fr-par-1.doctolib.fr:8080
http://adminium-dev-aws-fr-par-1.doctolib.fr:8880
http://adminium-dev.doctolib.fr
http://adminium-dev.doctolib.fr:2082
http://adminium-dev.doctolib.fr:2086
http://adminium-dev.doctolib.fr:2095
http://adminium-dev.doctolib.fr:8080
http://adminium-dev.doctolib.fr:8880
http://adminium-interf.doctolib.fr
http://adminium-prd-aws-de-fra-1.doctolib.fr
http://adminium-prd-aws-de-fra-1.doctolib.fr:2082
http://adminium-prd-aws-de-fra-1.doctolib.fr:2086
http://adminium-prd-aws-de-fra-1.doctolib.fr:8080
http://adminium-prd-aws-de-fra-1.doctolib.fr:8880
http://adminium-prd-aws-fr-par-1.doctolib.fr
http://adminium-prd-aws-fr-par-1.doctolib.fr:2082
http://adminium-prd-aws-fr-par-1.doctolib.fr:2086
http://adminium-prd-aws-fr-par-1.doctolib.fr:2095
http://adminium-prd-aws-fr-par-1.doctolib.fr:8080
http://adminium-prd-aws-fr-par-1.doctolib.fr:8880
http://adminium-production.doctolib.fr
http://adminium-staging-aws-de-fra-1.doctolib.fr
http://adminium-staging-aws-de-fra-1.doctolib.fr:2082
http://adminium-staging-aws-de-fra-1.doctolib.fr:2086
http://adminium-staging-aws-de-fra-1.doctolib.fr:2095
http://adminium-staging-aws-de-fra-1.doctolib.fr:8080
http://adminium-staging-aws-de-fra-1.doctolib.fr:8880
http://adminium-staging-aws-fr-par-1.doctolib.fr
http://adminium-staging-aws-fr-par-1.doctolib.fr:2082
http://adminium-staging-aws-fr-par-1.doctolib.fr:2086
http://adminium-staging-aws-fr-par-1.doctolib.fr:8080
http://adminium-staging-aws-fr-par-1.doctolib.fr:8880
http://adminium-staging.doctolib.fr
http://a.doctolib.fr
http://a-interf.doctolib.fr
http://api-dev-aws-de-fra-1.doctolib.fr
http://api-dev-aws-de-fra-1.doctolib.fr:2082
http://api-dev-aws-de-fra-1.doctolib.fr:2086
http://api-dev-aws-de-fra-1.doctolib.fr:8080
http://api-dev-aws-de-fra-1.doctolib.fr:8880
http://api-dev-aws-fr-par-1.doctolib.fr
http://api-dev-aws-fr-par-1.doctolib.fr:2082
http://api-dev-aws-fr-par-1.doctolib.fr:2086
http://api-dev-aws-fr-par-1.doctolib.fr:8080
http://api-dev-aws-fr-par-1.doctolib.fr:8880
http://api-dev.doctolib.fr
http://api-dev.doctolib.fr:2082
http://api-dev.doctolib.fr:2086
http://api-dev.doctolib.fr:8080
http://api-dev.doctolib.fr:8880
http://api.doctolib.fr
http://api-interf.doctolib.fr
http://api-legacy.doctolib.fr
http://api-legacy.doctolib.fr:2082
http://api-legacy.doctolib.fr:2086
http://api-legacy.doctolib.fr:2095
http://api-legacy.doctolib.fr:8080
http://api-legacy.doctolib.fr:8880
http://api-legacy-interf.doctolib.fr
http://api-legacy-interf.doctolib.fr:2082
http://api-legacy-interf.doctolib.fr:2086
http://api-legacy-interf.doctolib.fr:8080
http://api-legacy-interf.doctolib.fr:8880
http://api-legacy-prd-aws-de-fra-1.doctolib.fr
http://api-legacy-prd-aws-de-fra-1.doctolib.fr:2082
http://api-legacy-prd-aws-de-fra-1.doctolib.fr:2086
http://api-legacy-prd-aws-de-fra-1.doctolib.fr:2095
http://api-legacy-prd-aws-de-fra-1.doctolib.fr:8080
http://api-legacy-prd-aws-de-fra-1.doctolib.fr:8880
http://api-legacy-prd-aws-fr-par-1.doctolib.fr
http://api-legacy-prd-aws-fr-par-1.doctolib.fr:2082
http://api-legacy-prd-aws-fr-par-1.doctolib.fr:2086
http://api-legacy-prd-aws-fr-par-1.doctolib.fr:8080
http://api-legacy-prd-aws-fr-par-1.doctolib.fr:8880
http://api-prd-aws-de-fra-1.doctolib.fr
http://api-prd-aws-de-fra-1.doctolib.fr:2082
http://api-prd-aws-de-fra-1.doctolib.fr:2086
http://api-prd-aws-de-fra-1.doctolib.fr:2095
http://api-prd-aws-de-fra-1.doctolib.fr:8080
http://api-prd-aws-de-fra-1.doctolib.fr:8880
http://api-prd-aws-fr-par-1.doctolib.fr
http://api-prd-aws-fr-par-1.doctolib.fr:2082
http://api-prd-aws-fr-par-1.doctolib.fr:2086
http://api-prd-aws-fr-par-1.doctolib.fr:8080
http://api-prd-aws-fr-par-1.doctolib.fr:8880
http://api-sas.doctolib.fr
http://api-sas-interf.doctolib.fr
http://api-sas-staging.doctolib.fr
http://api-staging-aws-de-fra-1.doctolib.fr
http://api-staging-aws-de-fra-1.doctolib.fr:2082
http://api-staging-aws-de-fra-1.doctolib.fr:2086
http://api-staging-aws-de-fra-1.doctolib.fr:2095
http://api-staging-aws-de-fra-1.doctolib.fr:8080
http://api-staging-aws-de-fra-1.doctolib.fr:8880
http://api-staging-aws-fr-par-1.doctolib.fr
http://api-staging-aws-fr-par-1.doctolib.fr:2082
http://api-staging-aws-fr-par-1.doctolib.fr:2086
http://api-staging-aws-fr-par-1.doctolib.fr:8080
http://api-staging-aws-fr-par-1.doctolib.fr:8880
http://api-staging.doctolib.fr
http://a-prd-aws-de-fra-1.doctolib.fr
http://a-prd-aws-de-fra-1.doctolib.fr:2082
http://a-prd-aws-de-fra-1.doctolib.fr:2086
http://a-prd-aws-de-fra-1.doctolib.fr:8080
http://a-prd-aws-de-fra-1.doctolib.fr:8880
http://a-prd-aws-fr-par-1.doctolib.fr
http://a-prd-aws-fr-par-1.doctolib.fr:2082
http://a-prd-aws-fr-par-1.doctolib.fr:2086
http://a-prd-aws-fr-par-1.doctolib.fr:2095
http://a-prd-aws-fr-par-1.doctolib.fr:8080
http://a-prd-aws-fr-par-1.doctolib.fr:8880
http://assets-dev-aws-de-fra-1.doctolib.fr
http://assets-dev-aws-de-fra-1.doctolib.fr:2082
http://assets-dev-aws-de-fra-1.doctolib.fr:2086
http://assets-dev-aws-de-fra-1.doctolib.fr:2095
http://assets-dev-aws-de-fra-1.doctolib.fr:8080
http://assets-dev-aws-de-fra-1.doctolib.fr:8880
http://assets-dev-aws-fr-par-1.doctolib.fr
http://assets-dev-aws-fr-par-1.doctolib.fr:2082
http://assets-dev-aws-fr-par-1.doctolib.fr:2086
http://assets-dev-aws-fr-par-1.doctolib.fr:8080
http://assets-dev-aws-fr-par-1.doctolib.fr:8880
http://assets-dev.doctolib.fr
http://assets-dev.doctolib.fr:2082
http://assets-dev.doctolib.fr:2086
http://assets-dev.doctolib.fr:8080
http://assets-dev.doctolib.fr:8880
http://assets.doctolib.fr
http://assets-interf.doctolib.fr
http://assets-prd-aws-de-fra-1.doctolib.fr
http://assets-prd-aws-de-fra-1.doctolib.fr:2082
http://assets-prd-aws-de-fra-1.doctolib.fr:2086
http://assets-prd-aws-de-fra-1.doctolib.fr:2095
http://assets-prd-aws-de-fra-1.doctolib.fr:8080
http://assets-prd-aws-de-fra-1.doctolib.fr:8880
http://assets-prd-aws-fr-par-1.doctolib.fr
http://assets-prd-aws-fr-par-1.doctolib.fr:2082
http://assets-prd-aws-fr-par-1.doctolib.fr:2086
http://assets-prd-aws-fr-par-1.doctolib.fr:8080
http://assets-prd-aws-fr-par-1.doctolib.fr:8880
http://assets-staging-aws-de-fra-1.doctolib.fr
http://assets-staging-aws-de-fra-1.doctolib.fr:2082
http://assets-staging-aws-de-fra-1.doctolib.fr:2086
http://assets-staging-aws-de-fra-1.doctolib.fr:8080
http://assets-staging-aws-de-fra-1.doctolib.fr:8880
http://assets-staging-aws-fr-par-1.doctolib.fr
http://assets-staging-aws-fr-par-1.doctolib.fr:2082
http://assets-staging-aws-fr-par-1.doctolib.fr:2086
http://assets-staging-aws-fr-par-1.doctolib.fr:8080
http://assets-staging-aws-fr-par-1.doctolib.fr:8880
http://assets-staging.doctolib.fr
http://a-staging-aws-de-fra-1.doctolib.fr
http://a-staging-aws-de-fra-1.doctolib.fr:2082
http://a-staging-aws-de-fra-1.doctolib.fr:2086
http://a-staging-aws-de-fra-1.doctolib.fr:2095
http://a-staging-aws-de-fra-1.doctolib.fr:8080
http://a-staging-aws-de-fra-1.doctolib.fr:8880
http://a-staging-aws-fr-par-1.doctolib.fr
http://a-staging-aws-fr-par-1.doctolib.fr:2082
http://a-staging-aws-fr-par-1.doctolib.fr:2086
http://a-staging-aws-fr-par-1.doctolib.fr:2095
http://a-staging-aws-fr-par-1.doctolib.fr:8080
http://a-staging-aws-fr-par-1.doctolib.fr:8880
http://a-staging.doctolib.fr
http://careers.doctolib.fr
http://careers-staging.doctolib.fr
http://cerebro-dev.doctolib.fr
http://cerebro-dev.doctolib.fr:2082
http://cerebro-dev.doctolib.fr:2086
http://cerebro-dev.doctolib.fr:8080
http://cerebro-dev.doctolib.fr:8880
http://cerebro-interf.doctolib.fr
http://cerebro-interf.doctolib.fr:2082
http://cerebro-interf.doctolib.fr:2086
http://cerebro-interf.doctolib.fr:8080
http://cerebro-interf.doctolib.fr:8880
http://cerebro-preprod.doctolib.fr
http://cerebro-production.doctolib.fr
http://cerebro-production.doctolib.fr:2082
http://cerebro-production.doctolib.fr:2086
http://cerebro-production.doctolib.fr:2095
http://cerebro-production.doctolib.fr:8080
http://cerebro-production.doctolib.fr:8880
http://cerebro-security.doctolib.fr
http://cerebro-security.doctolib.fr:2082
http://cerebro-security.doctolib.fr:2086
http://cerebro-security.doctolib.fr:2095
http://cerebro-security.doctolib.fr:8080
http://cerebro-security.doctolib.fr:8880
http://cerebro-staging.doctolib.fr
http://cerebro-staging.doctolib.fr:2082
http://cerebro-staging.doctolib.fr:2086
http://cerebro-staging.doctolib.fr:2095
http://cerebro-staging.doctolib.fr:8080
http://cerebro-staging.doctolib.fr:8880
http://cf-lb-doctolib-dev.doctolib.fr
http://cf-lb-doctolib-dev.doctolib.fr:2082
http://cf-lb-doctolib-dev.doctolib.fr:2086
http://cf-lb-doctolib-dev.doctolib.fr:8080
http://cf-lb-doctolib-dev.doctolib.fr:8880
http://cf-lb-doctolib-staging.doctolib.fr
http://cf-lb-doctolib-staging.doctolib.fr:2082
http://cf-lb-doctolib-staging.doctolib.fr:2086
http://cf-lb-doctolib-staging.doctolib.fr:2095
http://cf-lb-doctolib-staging.doctolib.fr:8080
http://cf-lb-doctolib-staging.doctolib.fr:8880
http://connectors.doctolib.fr
http://connectors-staging.doctolib.fr
http://couchbase-dev-aws-de-fra-1.doctolib.fr
http://couchbase-dev-aws-de-fra-1.doctolib.fr:2082
http://couchbase-dev-aws-de-fra-1.doctolib.fr:2086
http://couchbase-dev-aws-de-fra-1.doctolib.fr:2095
http://couchbase-dev-aws-de-fra-1.doctolib.fr:8080
http://couchbase-dev-aws-de-fra-1.doctolib.fr:8880
http://couchbase-dev-aws-fr-par-1.doctolib.fr
http://couchbase-dev-aws-fr-par-1.doctolib.fr:2082
http://couchbase-dev-aws-fr-par-1.doctolib.fr:2086
http://couchbase-dev-aws-fr-par-1.doctolib.fr:2095
http://couchbase-dev-aws-fr-par-1.doctolib.fr:8080
http://couchbase-dev-aws-fr-par-1.doctolib.fr:8880
http://couchbase-dev.doctolib.fr
http://couchbase-dev.doctolib.fr:2082
http://couchbase-dev.doctolib.fr:2086
http://couchbase-dev.doctolib.fr:2095
http://couchbase-dev.doctolib.fr:8080
http://couchbase-dev.doctolib.fr:8880
http://couchbase.doctolib.fr
http://couchbase.doctolib.fr:2082
http://couchbase.doctolib.fr:2086
http://couchbase.doctolib.fr:2095
http://couchbase.doctolib.fr:8080
http://couchbase.doctolib.fr:8880
http://couchbase-prd-aws-de-fra-1.doctolib.fr
http://couchbase-prd-aws-de-fra-1.doctolib.fr:2082
http://couchbase-prd-aws-de-fra-1.doctolib.fr:2086
http://couchbase-prd-aws-de-fra-1.doctolib.fr:2095
http://couchbase-prd-aws-de-fra-1.doctolib.fr:8080
http://couchbase-prd-aws-de-fra-1.doctolib.fr:8880
http://couchbase-prd-aws-fr-par-1.doctolib.fr
http://couchbase-prd-aws-fr-par-1.doctolib.fr:2082
http://couchbase-prd-aws-fr-par-1.doctolib.fr:2086
http://couchbase-prd-aws-fr-par-1.doctolib.fr:2095
http://couchbase-prd-aws-fr-par-1.doctolib.fr:8080
http://couchbase-prd-aws-fr-par-1.doctolib.fr:8880
http://couchbase-staging-aws-de-fra-1.doctolib.fr
http://couchbase-staging-aws-de-fra-1.doctolib.fr:2082
http://couchbase-staging-aws-de-fra-1.doctolib.fr:2086
http://couchbase-staging-aws-de-fra-1.doctolib.fr:8080
http://couchbase-staging-aws-de-fra-1.doctolib.fr:8880
http://couchbase-staging-aws-fr-par-1.doctolib.fr
http://couchbase-staging-aws-fr-par-1.doctolib.fr:2082
http://couchbase-staging-aws-fr-par-1.doctolib.fr:2086
http://couchbase-staging-aws-fr-par-1.doctolib.fr:2095
http://couchbase-staging-aws-fr-par-1.doctolib.fr:8080
http://couchbase-staging-aws-fr-par-1.doctolib.fr:8880
http://couchbase-staging.doctolib.fr
http://couchbase-staging.doctolib.fr:2082
http://couchbase-staging.doctolib.fr:2086
http://couchbase-staging.doctolib.fr:8080
http://couchbase-staging.doctolib.fr:8880
http://dbinsights-dev-aws-de-fra-1.doctolib.fr
http://dbinsights-dev-aws-de-fra-1.doctolib.fr:2082
http://dbinsights-dev-aws-de-fra-1.doctolib.fr:2086
http://dbinsights-dev-aws-de-fra-1.doctolib.fr:8080
http://dbinsights-dev-aws-de-fra-1.doctolib.fr:8880
http://dbinsights-dev-aws-fr-par-1.doctolib.fr
http://dbinsights-dev-aws-fr-par-1.doctolib.fr:2082
http://dbinsights-dev-aws-fr-par-1.doctolib.fr:2086
http://dbinsights-dev-aws-fr-par-1.doctolib.fr:8080
http://dbinsights-dev-aws-fr-par-1.doctolib.fr:8880
http://dbinsights-dev.doctolib.fr
http://dbinsights-dev.doctolib.fr:2082
http://dbinsights-dev.doctolib.fr:2086
http://dbinsights-dev.doctolib.fr:2095
http://dbinsights-dev.doctolib.fr:8080
http://dbinsights-dev.doctolib.fr:8880
http://dbinsights-interf.doctolib.fr
http://dbinsights-prd-aws-de-fra-1.doctolib.fr
http://dbinsights-prd-aws-de-fra-1.doctolib.fr:2082
http://dbinsights-prd-aws-de-fra-1.doctolib.fr:2086
http://dbinsights-prd-aws-de-fra-1.doctolib.fr:2095
http://dbinsights-prd-aws-de-fra-1.doctolib.fr:8080
http://dbinsights-prd-aws-de-fra-1.doctolib.fr:8880
http://dbinsights-prd-aws-fr-par-1.doctolib.fr
http://dbinsights-prd-aws-fr-par-1.doctolib.fr:2082
http://dbinsights-prd-aws-fr-par-1.doctolib.fr:2086
http://dbinsights-prd-aws-fr-par-1.doctolib.fr:8080
http://dbinsights-prd-aws-fr-par-1.doctolib.fr:8880
http://dbinsights-production.doctolib.fr
http://dbinsights-staging-aws-de-fra-1.doctolib.fr
http://dbinsights-staging-aws-de-fra-1.doctolib.fr:2082
http://dbinsights-staging-aws-de-fra-1.doctolib.fr:2086
http://dbinsights-staging-aws-de-fra-1.doctolib.fr:8080
http://dbinsights-staging-aws-de-fra-1.doctolib.fr:8880
http://dbinsights-staging-aws-fr-par-1.doctolib.fr
http://dbinsights-staging-aws-fr-par-1.doctolib.fr:2082
http://dbinsights-staging-aws-fr-par-1.doctolib.fr:2086
http://dbinsights-staging-aws-fr-par-1.doctolib.fr:2095
http://dbinsights-staging-aws-fr-par-1.doctolib.fr:8080
http://dbinsights-staging-aws-fr-par-1.doctolib.fr:8880
http://dbinsights-staging.doctolib.fr
http://dmp.doctolib.fr
http://dmp-interf.doctolib.fr
http://dmp-prd-aws-de-fra-1.doctolib.fr
http://dmp-prd-aws-de-fra-1.doctolib.fr:2082
http://dmp-prd-aws-de-fra-1.doctolib.fr:2086
http://dmp-prd-aws-de-fra-1.doctolib.fr:8080
http://dmp-prd-aws-de-fra-1.doctolib.fr:8880
http://dmp-prd-aws-fr-par-1.doctolib.fr
http://dmp-prd-aws-fr-par-1.doctolib.fr:2082
http://dmp-prd-aws-fr-par-1.doctolib.fr:2086
http://dmp-prd-aws-fr-par-1.doctolib.fr:8080
http://dmp-prd-aws-fr-par-1.doctolib.fr:8880
http://dmp-staging.doctolib.fr
http://doctolib.fr
http://events-logs.doctolib.fr
http://events-logs.doctolib.fr:2082
http://events-logs.doctolib.fr:2086
http://events-logs.doctolib.fr:8080
http://events-logs.doctolib.fr:8880
http://exceptions.doctolib.fr
http://exceptions-interf.doctolib.fr
http://exceptions-staging.doctolib.fr
http://fb-dev.doctolib.fr
http://fb-staging.doctolib.fr
http://fm.doctolib.fr
http://img.ip-1.sib.doctolib.fr
http://img.ip-1.sib.doctolib.fr:2053
http://img.ip-1.sib.doctolib.fr:2083
http://img.ip-1.sib.doctolib.fr:2087
http://img.ip-1.sib.doctolib.fr:2096
http://img.ip-1.sib.doctolib.fr:8443
http://img.ip-2.sib.doctolib.fr
http://img.ip-2.sib.doctolib.fr:2053
http://img.ip-2.sib.doctolib.fr:2083
http://img.ip-2.sib.doctolib.fr:2087
http://img.ip-2.sib.doctolib.fr:2096
http://img.ip-2.sib.doctolib.fr:8443
http://img.ip-3.sib.doctolib.fr
http://img.ip-3.sib.doctolib.fr:2053
http://img.ip-3.sib.doctolib.fr:2083
http://img.ip-3.sib.doctolib.fr:2087
http://img.ip-3.sib.doctolib.fr:2096
http://img.ip-3.sib.doctolib.fr:8443
http://img.ip-4.sib.doctolib.fr
http://img.ip-4.sib.doctolib.fr:2053
http://img.ip-4.sib.doctolib.fr:2083
http://img.ip-4.sib.doctolib.fr:2087
http://img.ip-4.sib.doctolib.fr:2096
http://img.ip-4.sib.doctolib.fr:8443
http://img.ip-5.sib.doctolib.fr
http://img.ip-5.sib.doctolib.fr:2053
http://img.ip-5.sib.doctolib.fr:2083
http://img.ip-5.sib.doctolib.fr:2087
http://img.ip-5.sib.doctolib.fr:2096
http://img.ip-5.sib.doctolib.fr:8443
http://img.ip-6.sib.doctolib.fr
http://img.ip-6.sib.doctolib.fr:2053
http://img.ip-6.sib.doctolib.fr:2083
http://img.ip-6.sib.doctolib.fr:2087
http://img.ip-6.sib.doctolib.fr:2096
http://img.ip-6.sib.doctolib.fr:8443
http://info.doctolib.fr
http://info-staging.doctolib.fr
http://logs-billing-dev.doctolib.fr
http://logs-billing-dev.doctolib.fr:2082
http://logs-billing-dev.doctolib.fr:2086
http://logs-billing-dev.doctolib.fr:2095
http://logs-billing-dev.doctolib.fr:8080
http://logs-billing-dev.doctolib.fr:8880
http://logs-billing-production.doctolib.fr
http://logs-billing-production.doctolib.fr:2082
http://logs-billing-production.doctolib.fr:2086
http://logs-billing-production.doctolib.fr:8080
http://logs-billing-production.doctolib.fr:8880
http://logs-billing-staging.doctolib.fr
http://logs-billing-staging.doctolib.fr:2082
http://logs-billing-staging.doctolib.fr:2086
http://logs-billing-staging.doctolib.fr:8080
http://logs-billing-staging.doctolib.fr:8880
http://logs-dev.doctolib.fr
http://logs-dev.doctolib.fr:2082
http://logs-dev.doctolib.fr:2086
http://logs-dev.doctolib.fr:2095
http://logs-dev.doctolib.fr:8080
http://logs-dev.doctolib.fr:8880
http://logs-elasticsearch-dev.doctolib.fr
http://logs-elasticsearch-dev.doctolib.fr:2082
http://logs-elasticsearch-dev.doctolib.fr:2086
http://logs-elasticsearch-dev.doctolib.fr:8080
http://logs-elasticsearch-dev.doctolib.fr:8880
http://logs-interf.doctolib.fr
http://logs-interf.doctolib.fr:2082
http://logs-interf.doctolib.fr:2086
http://logs-interf.doctolib.fr:8080
http://logs-interf.doctolib.fr:8880
http://logs-preprod.doctolib.fr
http://logs-staging.doctolib.fr
http://logs-staging.doctolib.fr:2082
http://logs-staging.doctolib.fr:2086
http://logs-staging.doctolib.fr:8080
http://logs-staging.doctolib.fr:8880
http://m-dev-aws-de-fra-1.doctolib.fr
http://m-dev-aws-de-fra-1.doctolib.fr:2082
http://m-dev-aws-de-fra-1.doctolib.fr:2086
http://m-dev-aws-de-fra-1.doctolib.fr:8080
http://m-dev-aws-de-fra-1.doctolib.fr:8880
http://m-dev-aws-fr-par-1.doctolib.fr
http://m-dev-aws-fr-par-1.doctolib.fr:2082
http://m-dev-aws-fr-par-1.doctolib.fr:2086
http://m-dev-aws-fr-par-1.doctolib.fr:2095
http://m-dev-aws-fr-par-1.doctolib.fr:8080
http://m-dev-aws-fr-par-1.doctolib.fr:8880
http://m-dev.doctolib.fr
http://m-dev.doctolib.fr:2082
http://m-dev.doctolib.fr:2086
http://m-dev.doctolib.fr:2095
http://m-dev.doctolib.fr:8080
http://m-dev.doctolib.fr:8880
http://m.doctolib.fr
http://m-interf.doctolib.fr
http://m-prd-aws-de-fra-1.doctolib.fr
http://m-prd-aws-de-fra-1.doctolib.fr:2082
http://m-prd-aws-de-fra-1.doctolib.fr:2086
http://m-prd-aws-de-fra-1.doctolib.fr:2095
http://m-prd-aws-de-fra-1.doctolib.fr:8080
http://m-prd-aws-de-fra-1.doctolib.fr:8880
http://m-prd-aws-fr-par-1.doctolib.fr
http://m-prd-aws-fr-par-1.doctolib.fr:2082
http://m-prd-aws-fr-par-1.doctolib.fr:2086
http://m-prd-aws-fr-par-1.doctolib.fr:2095
http://m-prd-aws-fr-par-1.doctolib.fr:8080
http://m-prd-aws-fr-par-1.doctolib.fr:8880
http://m-staging-aws-de-fra-1.doctolib.fr
http://m-staging-aws-de-fra-1.doctolib.fr:2082
http://m-staging-aws-de-fra-1.doctolib.fr:2086
http://m-staging-aws-de-fra-1.doctolib.fr:2095
http://m-staging-aws-de-fra-1.doctolib.fr:8080
http://m-staging-aws-de-fra-1.doctolib.fr:8880
http://m-staging-aws-fr-par-1.doctolib.fr
http://m-staging-aws-fr-par-1.doctolib.fr:2082
http://m-staging-aws-fr-par-1.doctolib.fr:2086
http://m-staging-aws-fr-par-1.doctolib.fr:8080
http://m-staging-aws-fr-par-1.doctolib.fr:8880
http://m-staging.doctolib.fr
http://mta-sts.doctolib.fr
http://mta-sts.doctolib.fr:2082
http://mta-sts.doctolib.fr:2086
http://mta-sts.doctolib.fr:2095
http://mta-sts.doctolib.fr:8080
http://mta-sts.doctolib.fr:8880
http://partners-dev-aws-de-fra-1.doctolib.fr
http://partners-dev-aws-de-fra-1.doctolib.fr:2082
http://partners-dev-aws-de-fra-1.doctolib.fr:2086
http://partners-dev-aws-de-fra-1.doctolib.fr:2095
http://partners-dev-aws-de-fra-1.doctolib.fr:8080
http://partners-dev-aws-de-fra-1.doctolib.fr:8880
http://partners-dev-aws-fr-par-1.doctolib.fr
http://partners-dev-aws-fr-par-1.doctolib.fr:2082
http://partners-dev-aws-fr-par-1.doctolib.fr:2086
http://partners-dev-aws-fr-par-1.doctolib.fr:8080
http://partners-dev-aws-fr-par-1.doctolib.fr:8880
http://partners-dev.doctolib.fr
http://partners-dev.doctolib.fr:2082
http://partners-dev.doctolib.fr:2086
http://partners-dev.doctolib.fr:2095
http://partners-dev.doctolib.fr:8080
http://partners-dev.doctolib.fr:8880
http://partners.doctolib.fr
http://partners-interf.doctolib.fr
http://partners-prd-aws-de-fra-1.doctolib.fr
http://partners-prd-aws-de-fra-1.doctolib.fr:2082
http://partners-prd-aws-de-fra-1.doctolib.fr:2086
http://partners-prd-aws-de-fra-1.doctolib.fr:2095
http://partners-prd-aws-de-fra-1.doctolib.fr:8080
http://partners-prd-aws-de-fra-1.doctolib.fr:8880
http://partners-prd-aws-fr-par-1.doctolib.fr
http://partners-prd-aws-fr-par-1.doctolib.fr:2082
http://partners-prd-aws-fr-par-1.doctolib.fr:2086
http://partners-prd-aws-fr-par-1.doctolib.fr:2095
http://partners-prd-aws-fr-par-1.doctolib.fr:8080
http://partners-prd-aws-fr-par-1.doctolib.fr:8880
http://partners-staging-aws-de-fra-1.doctolib.fr
http://partners-staging-aws-de-fra-1.doctolib.fr:2082
http://partners-staging-aws-de-fra-1.doctolib.fr:2086
http://partners-staging-aws-de-fra-1.doctolib.fr:2095
http://partners-staging-aws-de-fra-1.doctolib.fr:8080
http://partners-staging-aws-de-fra-1.doctolib.fr:8880
http://partners-staging-aws-fr-par-1.doctolib.fr
http://partners-staging-aws-fr-par-1.doctolib.fr:2082
http://partners-staging-aws-fr-par-1.doctolib.fr:2086
http://partners-staging-aws-fr-par-1.doctolib.fr:2095
http://partners-staging-aws-fr-par-1.doctolib.fr:8080
http://partners-staging-aws-fr-par-1.doctolib.fr:8880
http://partners-staging.doctolib.fr
http://pgwatch2-production.doctolib.fr
http://pgwatch2-production.doctolib.fr:2082
http://pgwatch2-production.doctolib.fr:2086
http://pgwatch2-production.doctolib.fr:2095
http://pgwatch2-production.doctolib.fr:8080
http://pgwatch2-production.doctolib.fr:8880
http://pgwatch2-staging.doctolib.fr
http://pgwatch2-staging.doctolib.fr:2082
http://pgwatch2-staging.doctolib.fr:2086
http://pgwatch2-staging.doctolib.fr:2095
http://pgwatch2-staging.doctolib.fr:8080
http://pgwatch2-staging.doctolib.fr:8880
http://pro-dev-aws-de-fra-1.doctolib.fr
http://pro-dev-aws-de-fra-1.doctolib.fr:2082
http://pro-dev-aws-de-fra-1.doctolib.fr:2086
http://pro-dev-aws-de-fra-1.doctolib.fr:2095
http://pro-dev-aws-de-fra-1.doctolib.fr:8080
http://pro-dev-aws-de-fra-1.doctolib.fr:8880
http://pro-dev-aws-fr-par-1.doctolib.fr
http://pro-dev-aws-fr-par-1.doctolib.fr:2082
http://pro-dev-aws-fr-par-1.doctolib.fr:2086
http://pro-dev-aws-fr-par-1.doctolib.fr:8080
http://pro-dev-aws-fr-par-1.doctolib.fr:8880
http://pro-dev.doctolib.fr
http://pro-dev.doctolib.fr:2082
http://pro-dev.doctolib.fr:2086
http://pro-dev.doctolib.fr:8080
http://pro-dev.doctolib.fr:8880
http://pro.doctolib.fr
http://pro-interf.doctolib.fr
http://pro-prd-aws-de-fra-1.doctolib.fr
http://pro-prd-aws-de-fra-1.doctolib.fr:2082
http://pro-prd-aws-de-fra-1.doctolib.fr:2086
http://pro-prd-aws-de-fra-1.doctolib.fr:2095
http://pro-prd-aws-de-fra-1.doctolib.fr:8080
http://pro-prd-aws-de-fra-1.doctolib.fr:8880
http://pro-prd-aws-fr-par-1.doctolib.fr
http://pro-prd-aws-fr-par-1.doctolib.fr:2082
http://pro-prd-aws-fr-par-1.doctolib.fr:2086
http://pro-prd-aws-fr-par-1.doctolib.fr:2095
http://pro-prd-aws-fr-par-1.doctolib.fr:8080
http://pro-prd-aws-fr-par-1.doctolib.fr:8880
http://pro-staging-aws-de-fra-1.doctolib.fr
http://pro-staging-aws-de-fra-1.doctolib.fr:2082
http://pro-staging-aws-de-fra-1.doctolib.fr:2086
http://pro-staging-aws-de-fra-1.doctolib.fr:8080
http://pro-staging-aws-de-fra-1.doctolib.fr:8880
http://pro-staging-aws-fr-par-1.doctolib.fr
http://pro-staging-aws-fr-par-1.doctolib.fr:2082
http://pro-staging-aws-fr-par-1.doctolib.fr:2086
http://pro-staging-aws-fr-par-1.doctolib.fr:2095
http://pro-staging-aws-fr-par-1.doctolib.fr:8080
http://pro-staging-aws-fr-par-1.doctolib.fr:8880
http://pro-staging.doctolib.fr
http://r.ip-1.sib.doctolib.fr
http://r.ip-2.sib.doctolib.fr
http://r.ip-3.sib.doctolib.fr
http://r.ip-4.sib.doctolib.fr
http://r.ip-5.sib.doctolib.fr
http://r.ip-6.sib.doctolib.fr
http://rs.doctolib.fr
http://rs-interf.doctolib.fr
http://rs-interf-origin.doctolib.fr
http://rs-interf-origin.doctolib.fr:2082
http://rs-interf-origin.doctolib.fr:2086
http://rs-interf-origin.doctolib.fr:2095
http://rs-interf-origin.doctolib.fr:8080
http://rs-interf-origin.doctolib.fr:8880
http://rs-sftp-origin.doctolib.fr
http://rs-sftp-origin.doctolib.fr:2082
http://rs-sftp-origin.doctolib.fr:2086
http://rs-sftp-origin.doctolib.fr:2095
http://rs-sftp-origin.doctolib.fr:8080
http://rs-sftp-origin.doctolib.fr:8880
http://rs-staging.doctolib.fr
https://about.doctolib.fr
https://about-staging.doctolib.fr
https://a-dev-aws-de-fra-1.doctolib.fr
https://a-dev-aws-de-fra-1.doctolib.fr:2083
https://a-dev-aws-de-fra-1.doctolib.fr:2087
https://a-dev-aws-de-fra-1.doctolib.fr:8443
https://a-dev-aws-fr-par-1.doctolib.fr
https://a-dev-aws-fr-par-1.doctolib.fr:2083
https://a-dev-aws-fr-par-1.doctolib.fr:2087
https://a-dev-aws-fr-par-1.doctolib.fr:8443
https://a-dev.doctolib.fr
https://a-dev.doctolib.fr:2053
https://a-dev.doctolib.fr:2083
https://a-dev.doctolib.fr:2087
https://a-dev.doctolib.fr:8443
https://adminium-dev-aws-de-fra-1.doctolib.fr
https://adminium-dev-aws-de-fra-1.doctolib.fr:2053
https://adminium-dev-aws-de-fra-1.doctolib.fr:2083
https://adminium-dev-aws-de-fra-1.doctolib.fr:2087
https://adminium-dev-aws-de-fra-1.doctolib.fr:8443
https://adminium-dev-aws-fr-par-1.doctolib.fr
https://adminium-dev-aws-fr-par-1.doctolib.fr:2083
https://adminium-dev-aws-fr-par-1.doctolib.fr:2087
https://adminium-dev-aws-fr-par-1.doctolib.fr:8443
https://adminium-dev.doctolib.fr
https://adminium-dev.doctolib.fr:2083
https://adminium-dev.doctolib.fr:2087
https://adminium-dev.doctolib.fr:8443
https://adminium-interf.doctolib.fr
https://adminium-prd-aws-de-fra-1.doctolib.fr
https://adminium-prd-aws-de-fra-1.doctolib.fr:2053
https://adminium-prd-aws-de-fra-1.doctolib.fr:2083
https://adminium-prd-aws-de-fra-1.doctolib.fr:2087
https://adminium-prd-aws-de-fra-1.doctolib.fr:8443
https://adminium-prd-aws-fr-par-1.doctolib.fr
https://adminium-prd-aws-fr-par-1.doctolib.fr:2083
https://adminium-prd-aws-fr-par-1.doctolib.fr:2087
https://adminium-prd-aws-fr-par-1.doctolib.fr:8443
https://adminium-production.doctolib.fr
https://adminium-staging-aws-de-fra-1.doctolib.fr
https://adminium-staging-aws-de-fra-1.doctolib.fr:2083
https://adminium-staging-aws-de-fra-1.doctolib.fr:2087
https://adminium-staging-aws-de-fra-1.doctolib.fr:8443
https://adminium-staging-aws-fr-par-1.doctolib.fr
https://adminium-staging-aws-fr-par-1.doctolib.fr:2053
https://adminium-staging-aws-fr-par-1.doctolib.fr:2083
https://adminium-staging-aws-fr-par-1.doctolib.fr:2087
https://adminium-staging-aws-fr-par-1.doctolib.fr:8443
https://adminium-staging.doctolib.fr
https://a.doctolib.fr
https://a-interf.doctolib.fr
https://api-dev-aws-de-fra-1.doctolib.fr
https://api-dev-aws-de-fra-1.doctolib.fr:2053
https://api-dev-aws-de-fra-1.doctolib.fr:2083
https://api-dev-aws-de-fra-1.doctolib.fr:2087
https://api-dev-aws-de-fra-1.doctolib.fr:8443
https://api-dev-aws-fr-par-1.doctolib.fr
https://api-dev-aws-fr-par-1.doctolib.fr:2053
https://api-dev-aws-fr-par-1.doctolib.fr:2083
https://api-dev-aws-fr-par-1.doctolib.fr:2087
https://api-dev-aws-fr-par-1.doctolib.fr:8443
https://api-dev.doctolib.fr
https://api-dev.doctolib.fr:2053
https://api-dev.doctolib.fr:2083
https://api-dev.doctolib.fr:2087
https://api-dev.doctolib.fr:8443
https://api.doctolib.fr
https://api-interf.doctolib.fr
https://api-legacy.doctolib.fr
https://api-legacy.doctolib.fr:2083
https://api-legacy.doctolib.fr:2087
https://api-legacy.doctolib.fr:8443
https://api-legacy-interf.doctolib.fr
https://api-legacy-interf.doctolib.fr:2053
https://api-legacy-interf.doctolib.fr:2083
https://api-legacy-interf.doctolib.fr:2087
https://api-legacy-interf.doctolib.fr:8443
https://api-legacy-prd-aws-de-fra-1.doctolib.fr
https://api-legacy-prd-aws-de-fra-1.doctolib.fr:2083
https://api-legacy-prd-aws-de-fra-1.doctolib.fr:2087
https://api-legacy-prd-aws-de-fra-1.doctolib.fr:8443
https://api-legacy-prd-aws-fr-par-1.doctolib.fr
https://api-legacy-prd-aws-fr-par-1.doctolib.fr:2053
https://api-legacy-prd-aws-fr-par-1.doctolib.fr:2083
https://api-legacy-prd-aws-fr-par-1.doctolib.fr:2087
https://api-legacy-prd-aws-fr-par-1.doctolib.fr:8443
https://api-prd-aws-de-fra-1.doctolib.fr
https://api-prd-aws-de-fra-1.doctolib.fr:2083
https://api-prd-aws-de-fra-1.doctolib.fr:2087
https://api-prd-aws-de-fra-1.doctolib.fr:8443
https://api-prd-aws-fr-par-1.doctolib.fr
https://api-prd-aws-fr-par-1.doctolib.fr:2053
https://api-prd-aws-fr-par-1.doctolib.fr:2083
https://api-prd-aws-fr-par-1.doctolib.fr:2087
https://api-prd-aws-fr-par-1.doctolib.fr:8443
https://api-sas.doctolib.fr
https://api-sas-interf.doctolib.fr
https://api-sas-staging.doctolib.fr
https://api-staging-aws-de-fra-1.doctolib.fr
https://api-staging-aws-de-fra-1.doctolib.fr:2083
https://api-staging-aws-de-fra-1.doctolib.fr:2087
https://api-staging-aws-de-fra-1.doctolib.fr:8443
https://api-staging-aws-fr-par-1.doctolib.fr
https://api-staging-aws-fr-par-1.doctolib.fr:2053
https://api-staging-aws-fr-par-1.doctolib.fr:2083
https://api-staging-aws-fr-par-1.doctolib.fr:2087
https://api-staging-aws-fr-par-1.doctolib.fr:8443
https://api-staging.doctolib.fr
https://a-prd-aws-de-fra-1.doctolib.fr
https://a-prd-aws-de-fra-1.doctolib.fr:2053
https://a-prd-aws-de-fra-1.doctolib.fr:2083
https://a-prd-aws-de-fra-1.doctolib.fr:2087
https://a-prd-aws-de-fra-1.doctolib.fr:8443
https://a-prd-aws-fr-par-1.doctolib.fr
https://a-prd-aws-fr-par-1.doctolib.fr:2083
https://a-prd-aws-fr-par-1.doctolib.fr:2087
https://a-prd-aws-fr-par-1.doctolib.fr:8443
https://assets-dev-aws-de-fra-1.doctolib.fr
https://assets-dev-aws-de-fra-1.doctolib.fr:2083
https://assets-dev-aws-de-fra-1.doctolib.fr:2087
https://assets-dev-aws-de-fra-1.doctolib.fr:8443
https://assets-dev-aws-fr-par-1.doctolib.fr
https://assets-dev-aws-fr-par-1.doctolib.fr:2053
https://assets-dev-aws-fr-par-1.doctolib.fr:2083
https://assets-dev-aws-fr-par-1.doctolib.fr:2087
https://assets-dev-aws-fr-par-1.doctolib.fr:8443
https://assets-dev.doctolib.fr
https://assets-dev.doctolib.fr:2053
https://assets-dev.doctolib.fr:2083
https://assets-dev.doctolib.fr:2087
https://assets-dev.doctolib.fr:8443
https://assets.doctolib.fr
https://assets-interf.doctolib.fr
https://assets-prd-aws-de-fra-1.doctolib.fr
https://assets-prd-aws-de-fra-1.doctolib.fr:2083
https://assets-prd-aws-de-fra-1.doctolib.fr:2087
https://assets-prd-aws-de-fra-1.doctolib.fr:8443
https://assets-prd-aws-fr-par-1.doctolib.fr
https://assets-prd-aws-fr-par-1.doctolib.fr:2053
https://assets-prd-aws-fr-par-1.doctolib.fr:2083
https://assets-prd-aws-fr-par-1.doctolib.fr:2087
https://assets-prd-aws-fr-par-1.doctolib.fr:8443
https://assets-staging-aws-de-fra-1.doctolib.fr
https://assets-staging-aws-de-fra-1.doctolib.fr:2053
https://assets-staging-aws-de-fra-1.doctolib.fr:2083
https://assets-staging-aws-de-fra-1.doctolib.fr:2087
https://assets-staging-aws-de-fra-1.doctolib.fr:8443
https://assets-staging-aws-fr-par-1.doctolib.fr
https://assets-staging-aws-fr-par-1.doctolib.fr:2053
https://assets-staging-aws-fr-par-1.doctolib.fr:2083
https://assets-staging-aws-fr-par-1.doctolib.fr:2087
https://assets-staging-aws-fr-par-1.doctolib.fr:8443
https://assets-staging.doctolib.fr
https://a-staging-aws-de-fra-1.doctolib.fr
https://a-staging-aws-de-fra-1.doctolib.fr:2083
https://a-staging-aws-de-fra-1.doctolib.fr:2087
https://a-staging-aws-de-fra-1.doctolib.fr:8443
https://a-staging-aws-fr-par-1.doctolib.fr
https://a-staging-aws-fr-par-1.doctolib.fr:2083
https://a-staging-aws-fr-par-1.doctolib.fr:2087
https://a-staging-aws-fr-par-1.doctolib.fr:8443
https://a-staging.doctolib.fr
https://billing-client-logs.billing-dev.doctolib.fr
https://billing-client-logs.billing.doctolib.fr
https://billing-client-logs.billing-staging.doctolib.fr
https://careers.doctolib.fr
https://careers-staging.doctolib.fr
https://cerebro-dev.doctolib.fr
https://cerebro-dev.doctolib.fr:2053
https://cerebro-dev.doctolib.fr:2083
https://cerebro-dev.doctolib.fr:2087
https://cerebro-dev.doctolib.fr:8443
https://cerebro-interf.doctolib.fr
https://cerebro-interf.doctolib.fr:2053
https://cerebro-interf.doctolib.fr:2083
https://cerebro-interf.doctolib.fr:2087
https://cerebro-interf.doctolib.fr:8443
https://cerebro-preprod.doctolib.fr
https://cerebro-production.doctolib.fr
https://cerebro-production.doctolib.fr:2083
https://cerebro-production.doctolib.fr:2087
https://cerebro-production.doctolib.fr:8443
https://cerebro-security.doctolib.fr
https://cerebro-security.doctolib.fr:2083
https://cerebro-security.doctolib.fr:2087
https://cerebro-security.doctolib.fr:8443
https://cerebro-staging.doctolib.fr
https://cerebro-staging.doctolib.fr:2083
https://cerebro-staging.doctolib.fr:2087
https://cerebro-staging.doctolib.fr:8443
https://cf-lb-doctolib-dev.doctolib.fr
https://cf-lb-doctolib-dev.doctolib.fr:2053
https://cf-lb-doctolib-dev.doctolib.fr:2083
https://cf-lb-doctolib-dev.doctolib.fr:2087
https://cf-lb-doctolib-dev.doctolib.fr:8443
https://cf-lb-doctolib-staging.doctolib.fr
https://cf-lb-doctolib-staging.doctolib.fr:2083
https://cf-lb-doctolib-staging.doctolib.fr:2087
https://cf-lb-doctolib-staging.doctolib.fr:8443
https://connectors.doctolib.fr
https://connectors-staging.doctolib.fr
https://couchbase-dev-aws-de-fra-1.doctolib.fr
https://couchbase-dev-aws-de-fra-1.doctolib.fr:2083
https://couchbase-dev-aws-de-fra-1.doctolib.fr:2087
https://couchbase-dev-aws-de-fra-1.doctolib.fr:8443
https://couchbase-dev-aws-fr-par-1.doctolib.fr
https://couchbase-dev-aws-fr-par-1.doctolib.fr:2083
https://couchbase-dev-aws-fr-par-1.doctolib.fr:2087
https://couchbase-dev-aws-fr-par-1.doctolib.fr:8443
https://couchbase-dev.doctolib.fr
https://couchbase-dev.doctolib.fr:2083
https://couchbase-dev.doctolib.fr:2087
https://couchbase-dev.doctolib.fr:8443
https://couchbase.doctolib.fr
https://couchbase.doctolib.fr:2083
https://couchbase.doctolib.fr:2087
https://couchbase.doctolib.fr:8443
https://couchbase-prd-aws-de-fra-1.doctolib.fr
https://couchbase-prd-aws-de-fra-1.doctolib.fr:2083
https://couchbase-prd-aws-de-fra-1.doctolib.fr:2087
https://couchbase-prd-aws-de-fra-1.doctolib.fr:8443
https://couchbase-prd-aws-fr-par-1.doctolib.fr
https://couchbase-prd-aws-fr-par-1.doctolib.fr:2083
https://couchbase-prd-aws-fr-par-1.doctolib.fr:2087
https://couchbase-prd-aws-fr-par-1.doctolib.fr:8443
https://couchbase-staging-aws-de-fra-1.doctolib.fr
https://couchbase-staging-aws-de-fra-1.doctolib.fr:2053
https://couchbase-staging-aws-de-fra-1.doctolib.fr:2083
https://couchbase-staging-aws-de-fra-1.doctolib.fr:2087
https://couchbase-staging-aws-de-fra-1.doctolib.fr:8443
https://couchbase-staging-aws-fr-par-1.doctolib.fr
https://couchbase-staging-aws-fr-par-1.doctolib.fr:2083
https://couchbase-staging-aws-fr-par-1.doctolib.fr:2087
https://couchbase-staging-aws-fr-par-1.doctolib.fr:8443
https://couchbase-staging.doctolib.fr
https://couchbase-staging.doctolib.fr:2053
https://couchbase-staging.doctolib.fr:2083
https://couchbase-staging.doctolib.fr:2087
https://couchbase-staging.doctolib.fr:8443
https://dbinsights-dev-aws-de-fra-1.doctolib.fr
https://dbinsights-dev-aws-de-fra-1.doctolib.fr:2053
https://dbinsights-dev-aws-de-fra-1.doctolib.fr:2083
https://dbinsights-dev-aws-de-fra-1.doctolib.fr:2087
https://dbinsights-dev-aws-de-fra-1.doctolib.fr:8443
https://dbinsights-dev-aws-fr-par-1.doctolib.fr
https://dbinsights-dev-aws-fr-par-1.doctolib.fr:2053
https://dbinsights-dev-aws-fr-par-1.doctolib.fr:2083
https://dbinsights-dev-aws-fr-par-1.doctolib.fr:2087
https://dbinsights-dev-aws-fr-par-1.doctolib.fr:8443
https://dbinsights-dev.doctolib.fr
https://dbinsights-dev.doctolib.fr:2083
https://dbinsights-dev.doctolib.fr:2087
https://dbinsights-dev.doctolib.fr:8443
https://dbinsights-interf.doctolib.fr
https://dbinsights-prd-aws-de-fra-1.doctolib.fr
https://dbinsights-prd-aws-de-fra-1.doctolib.fr:2083
https://dbinsights-prd-aws-de-fra-1.doctolib.fr:2087
https://dbinsights-prd-aws-de-fra-1.doctolib.fr:8443
https://dbinsights-prd-aws-fr-par-1.doctolib.fr
https://dbinsights-prd-aws-fr-par-1.doctolib.fr:2053
https://dbinsights-prd-aws-fr-par-1.doctolib.fr:2083
https://dbinsights-prd-aws-fr-par-1.doctolib.fr:2087
https://dbinsights-prd-aws-fr-par-1.doctolib.fr:8443
https://dbinsights-production.doctolib.fr
https://dbinsights-staging-aws-de-fra-1.doctolib.fr
https://dbinsights-staging-aws-de-fra-1.doctolib.fr:2053
https://dbinsights-staging-aws-de-fra-1.doctolib.fr:2083
https://dbinsights-staging-aws-de-fra-1.doctolib.fr:2087
https://dbinsights-staging-aws-de-fra-1.doctolib.fr:8443
https://dbinsights-staging-aws-fr-par-1.doctolib.fr
https://dbinsights-staging-aws-fr-par-1.doctolib.fr:2083
https://dbinsights-staging-aws-fr-par-1.doctolib.fr:2087
https://dbinsights-staging-aws-fr-par-1.doctolib.fr:8443
https://dbinsights-staging.doctolib.fr
https://dmp.doctolib.fr
https://dmp-interf.doctolib.fr
https://dmp-prd-aws-de-fra-1.doctolib.fr
https://dmp-prd-aws-de-fra-1.doctolib.fr:2053
https://dmp-prd-aws-de-fra-1.doctolib.fr:2083
https://dmp-prd-aws-de-fra-1.doctolib.fr:2087
https://dmp-prd-aws-de-fra-1.doctolib.fr:8443
https://dmp-prd-aws-fr-par-1.doctolib.fr
https://dmp-prd-aws-fr-par-1.doctolib.fr:2053
https://dmp-prd-aws-fr-par-1.doctolib.fr:2083
https://dmp-prd-aws-fr-par-1.doctolib.fr:2087
https://dmp-prd-aws-fr-par-1.doctolib.fr:8443
https://dmp-staging.doctolib.fr
https://doctolib.fr
http://search-logs.doctolib.fr
http://search-logs.doctolib.fr:2082
http://search-logs.doctolib.fr:2086
http://search-logs.doctolib.fr:2095
http://search-logs.doctolib.fr:8080
http://search-logs.doctolib.fr:8880
https://events-logs.doctolib.fr
https://events-logs.doctolib.fr:2083
https://events-logs.doctolib.fr:2087
https://events-logs.doctolib.fr:8443
https://exceptions.doctolib.fr
https://exceptions-interf.doctolib.fr
https://exceptions-staging.doctolib.fr
https://fb-dev.doctolib.fr
https://fb-staging.doctolib.fr
https://fm.doctolib.fr
https://img.ip-1.sib.doctolib.fr
https://img.ip-2.sib.doctolib.fr
https://img.ip-3.sib.doctolib.fr
https://img.ip-4.sib.doctolib.fr
https://img.ip-5.sib.doctolib.fr
https://img.ip-6.sib.doctolib.fr
https://info.doctolib.fr
https://info-staging.doctolib.fr
https://logs-billing-dev.doctolib.fr
https://logs-billing-dev.doctolib.fr:2083
https://logs-billing-dev.doctolib.fr:2087
https://logs-billing-dev.doctolib.fr:8443
https://logs-billing-production.doctolib.fr
https://logs-billing-production.doctolib.fr:2053
https://logs-billing-production.doctolib.fr:2083
https://logs-billing-production.doctolib.fr:2087
https://logs-billing-production.doctolib.fr:8443
https://logs-billing-staging.doctolib.fr
https://logs-billing-staging.doctolib.fr:2053
https://logs-billing-staging.doctolib.fr:2083
https://logs-billing-staging.doctolib.fr:2087
https://logs-billing-staging.doctolib.fr:8443
https://logs-dev.doctolib.fr
https://logs-dev.doctolib.fr:2083
https://logs-dev.doctolib.fr:2087
https://logs-dev.doctolib.fr:8443
https://logs-elasticsearch-dev.doctolib.fr
https://logs-elasticsearch-dev.doctolib.fr:2053
https://logs-elasticsearch-dev.doctolib.fr:2083
https://logs-elasticsearch-dev.doctolib.fr:2087
https://logs-elasticsearch-dev.doctolib.fr:8443
https://logs-interf.doctolib.fr
https://logs-interf.doctolib.fr:2053
https://logs-interf.doctolib.fr:2083
https://logs-interf.doctolib.fr:2087
https://logs-interf.doctolib.fr:8443
https://logs-preprod.doctolib.fr
https://logs-staging.doctolib.fr
https://logs-staging.doctolib.fr:2053
https://logs-staging.doctolib.fr:2083
https://logs-staging.doctolib.fr:2087
https://logs-staging.doctolib.fr:8443
https://m-dev-aws-de-fra-1.doctolib.fr
https://m-dev-aws-de-fra-1.doctolib.fr:2053
https://m-dev-aws-de-fra-1.doctolib.fr:2083
https://m-dev-aws-de-fra-1.doctolib.fr:2087
https://m-dev-aws-de-fra-1.doctolib.fr:8443
https://m-dev-aws-fr-par-1.doctolib.fr
https://m-dev-aws-fr-par-1.doctolib.fr:2083
https://m-dev-aws-fr-par-1.doctolib.fr:2087
https://m-dev-aws-fr-par-1.doctolib.fr:8443
https://m-dev.doctolib.fr
https://m-dev.doctolib.fr:2083
https://m-dev.doctolib.fr:2087
https://m-dev.doctolib.fr:8443
https://m.doctolib.fr
https://m-interf.doctolib.fr
https://m-prd-aws-de-fra-1.doctolib.fr
https://m-prd-aws-de-fra-1.doctolib.fr:2083
https://m-prd-aws-de-fra-1.doctolib.fr:2087
https://m-prd-aws-de-fra-1.doctolib.fr:8443
https://m-prd-aws-fr-par-1.doctolib.fr
https://m-prd-aws-fr-par-1.doctolib.fr:2083
https://m-prd-aws-fr-par-1.doctolib.fr:2087
https://m-prd-aws-fr-par-1.doctolib.fr:8443
https://m-staging-aws-de-fra-1.doctolib.fr
https://m-staging-aws-de-fra-1.doctolib.fr:2083
https://m-staging-aws-de-fra-1.doctolib.fr:2087
https://m-staging-aws-de-fra-1.doctolib.fr:8443
https://m-staging-aws-fr-par-1.doctolib.fr
https://m-staging-aws-fr-par-1.doctolib.fr:2053
https://m-staging-aws-fr-par-1.doctolib.fr:2083
https://m-staging-aws-fr-par-1.doctolib.fr:2087
https://m-staging-aws-fr-par-1.doctolib.fr:8443
https://m-staging.doctolib.fr
https://mta-sts.doctolib.fr
https://mta-sts.doctolib.fr:2083
https://mta-sts.doctolib.fr:2087
https://mta-sts.doctolib.fr:8443
https://partners-dev-aws-de-fra-1.doctolib.fr
https://partners-dev-aws-de-fra-1.doctolib.fr:2083
https://partners-dev-aws-de-fra-1.doctolib.fr:2087
https://partners-dev-aws-de-fra-1.doctolib.fr:8443
https://partners-dev-aws-fr-par-1.doctolib.fr
https://partners-dev-aws-fr-par-1.doctolib.fr:2053
https://partners-dev-aws-fr-par-1.doctolib.fr:2083
https://partners-dev-aws-fr-par-1.doctolib.fr:2087
https://partners-dev-aws-fr-par-1.doctolib.fr:8443
https://partners-dev.doctolib.fr
https://partners-dev.doctolib.fr:2083
https://partners-dev.doctolib.fr:2087
https://partners-dev.doctolib.fr:8443
https://partners.doctolib.fr
https://partners-interf.doctolib.fr
https://partners-prd-aws-de-fra-1.doctolib.fr
https://partners-prd-aws-de-fra-1.doctolib.fr:2083
https://partners-prd-aws-de-fra-1.doctolib.fr:2087
https://partners-prd-aws-de-fra-1.doctolib.fr:8443
https://partners-prd-aws-fr-par-1.doctolib.fr
https://partners-prd-aws-fr-par-1.doctolib.fr:2083
https://partners-prd-aws-fr-par-1.doctolib.fr:2087
https://partners-prd-aws-fr-par-1.doctolib.fr:8443
https://partners-staging-aws-de-fra-1.doctolib.fr
https://partners-staging-aws-de-fra-1.doctolib.fr:2083
https://partners-staging-aws-de-fra-1.doctolib.fr:2087
https://partners-staging-aws-de-fra-1.doctolib.fr:8443
https://partners-staging-aws-fr-par-1.doctolib.fr
https://partners-staging-aws-fr-par-1.doctolib.fr:2083
https://partners-staging-aws-fr-par-1.doctolib.fr:2087
https://partners-staging-aws-fr-par-1.doctolib.fr:8443
https://partners-staging.doctolib.fr
https://pgwatch2-production.doctolib.fr
https://pgwatch2-production.doctolib.fr:2083
https://pgwatch2-production.doctolib.fr:2087
https://pgwatch2-production.doctolib.fr:8443
https://pgwatch2-staging.doctolib.fr
https://pgwatch2-staging.doctolib.fr:2083
https://pgwatch2-staging.doctolib.fr:2087
https://pgwatch2-staging.doctolib.fr:8443
https://pro-dev-aws-de-fra-1.doctolib.fr
https://pro-dev-aws-de-fra-1.doctolib.fr:2083
https://pro-dev-aws-de-fra-1.doctolib.fr:2087
https://pro-dev-aws-de-fra-1.doctolib.fr:8443
https://pro-dev-aws-fr-par-1.doctolib.fr
https://pro-dev-aws-fr-par-1.doctolib.fr:2053
https://pro-dev-aws-fr-par-1.doctolib.fr:2083
https://pro-dev-aws-fr-par-1.doctolib.fr:2087
https://pro-dev-aws-fr-par-1.doctolib.fr:8443
https://pro-dev.doctolib.fr
https://pro-dev.doctolib.fr:2053
https://pro-dev.doctolib.fr:2083
https://pro-dev.doctolib.fr:2087
https://pro-dev.doctolib.fr:8443
https://pro.doctolib.fr
https://pro-interf.doctolib.fr
https://pro-prd-aws-de-fra-1.doctolib.fr
https://pro-prd-aws-de-fra-1.doctolib.fr:2083
https://pro-prd-aws-de-fra-1.doctolib.fr:2087
https://pro-prd-aws-de-fra-1.doctolib.fr:8443
https://pro-prd-aws-fr-par-1.doctolib.fr
https://pro-prd-aws-fr-par-1.doctolib.fr:2083
https://pro-prd-aws-fr-par-1.doctolib.fr:2087
https://pro-prd-aws-fr-par-1.doctolib.fr:8443
https://pro-staging-aws-de-fra-1.doctolib.fr
https://pro-staging-aws-de-fra-1.doctolib.fr:2053
https://pro-staging-aws-de-fra-1.doctolib.fr:2083
https://pro-staging-aws-de-fra-1.doctolib.fr:2087
https://pro-staging-aws-de-fra-1.doctolib.fr:8443
https://pro-staging-aws-fr-par-1.doctolib.fr
https://pro-staging-aws-fr-par-1.doctolib.fr:2083
https://pro-staging-aws-fr-par-1.doctolib.fr:2087
https://pro-staging-aws-fr-par-1.doctolib.fr:8443
https://pro-staging.doctolib.fr
https://r.ip-1.sib.doctolib.fr
https://r.ip-1.sib.doctolib.fr:4443
https://r.ip-2.sib.doctolib.fr
https://r.ip-2.sib.doctolib.fr:4443
https://r.ip-3.sib.doctolib.fr
https://r.ip-3.sib.doctolib.fr:4443
https://r.ip-4.sib.doctolib.fr
https://r.ip-4.sib.doctolib.fr:4443
https://r.ip-5.sib.doctolib.fr
https://r.ip-5.sib.doctolib.fr:4443
https://r.ip-6.sib.doctolib.fr
https://r.ip-6.sib.doctolib.fr:4443
https://rs.doctolib.fr
https://rs-interf.doctolib.fr
https://rs-interf-origin.doctolib.fr
https://rs-interf-origin.doctolib.fr:2083
https://rs-interf-origin.doctolib.fr:2087
https://rs-interf-origin.doctolib.fr:8443
https://rs-sftp-origin.doctolib.fr
https://rs-sftp-origin.doctolib.fr:2083
https://rs-sftp-origin.doctolib.fr:2087
https://rs-sftp-origin.doctolib.fr:8443
https://rs-staging.doctolib.fr
https://search-logs.doctolib.fr
https://search-logs.doctolib.fr:2083
https://search-logs.doctolib.fr:2087
https://search-logs.doctolib.fr:8443
https://status.doctolib.fr
https://status-staging.doctolib.fr
http://status.doctolib.fr
http://status-staging.doctolib.fr
https://test-assets-staging.doctolib.fr
https://test-assets-staging.doctolib.fr:2053
https://test-assets-staging.doctolib.fr:2083
https://test-assets-staging.doctolib.fr:2087
https://test-assets-staging.doctolib.fr:8443
https://toolbox-dev-aws-de-fra-1.doctolib.fr
https://toolbox-dev-aws-de-fra-1.doctolib.fr:2053
https://toolbox-dev-aws-de-fra-1.doctolib.fr:2083
https://toolbox-dev-aws-de-fra-1.doctolib.fr:2087
https://toolbox-dev-aws-de-fra-1.doctolib.fr:8443
https://toolbox-dev-aws-fr-par-1.doctolib.fr
https://toolbox-dev-aws-fr-par-1.doctolib.fr:2083
https://toolbox-dev-aws-fr-par-1.doctolib.fr:2087
https://toolbox-dev-aws-fr-par-1.doctolib.fr:8443
https://toolbox-dev.doctolib.fr
https://toolbox-dev.doctolib.fr:2083
https://toolbox-dev.doctolib.fr:2087
https://toolbox-dev.doctolib.fr:8443
https://toolbox-interf.doctolib.fr
https://toolbox-prd-aws-de-fra-1.doctolib.fr
https://toolbox-prd-aws-de-fra-1.doctolib.fr:2083
https://toolbox-prd-aws-de-fra-1.doctolib.fr:2087
https://toolbox-prd-aws-de-fra-1.doctolib.fr:8443
https://toolbox-prd-aws-fr-par-1.doctolib.fr
https://toolbox-prd-aws-fr-par-1.doctolib.fr:2053
https://toolbox-prd-aws-fr-par-1.doctolib.fr:2083
https://toolbox-prd-aws-fr-par-1.doctolib.fr:2087
https://toolbox-prd-aws-fr-par-1.doctolib.fr:8443
https://toolbox-production.doctolib.fr
https://toolbox-staging-aws-de-fra-1.doctolib.fr
https://toolbox-staging-aws-de-fra-1.doctolib.fr:2083
https://toolbox-staging-aws-de-fra-1.doctolib.fr:2087
https://toolbox-staging-aws-de-fra-1.doctolib.fr:8443
https://toolbox-staging-aws-fr-par-1.doctolib.fr
https://toolbox-staging-aws-fr-par-1.doctolib.fr:2053
https://toolbox-staging-aws-fr-par-1.doctolib.fr:2083
https://toolbox-staging-aws-fr-par-1.doctolib.fr:2087
https://toolbox-staging-aws-fr-par-1.doctolib.fr:8443
https://toolbox-staging.doctolib.fr
https://www-dev-aws-de-fra-1.doctolib.fr
https://www-dev-aws-de-fra-1.doctolib.fr:2083
https://www-dev-aws-de-fra-1.doctolib.fr:2087
https://www-dev-aws-de-fra-1.doctolib.fr:8443
https://www-dev-aws-fr-par-1.doctolib.fr
https://www-dev-aws-fr-par-1.doctolib.fr:2053
https://www-dev-aws-fr-par-1.doctolib.fr:2083
https://www-dev-aws-fr-par-1.doctolib.fr:2087
https://www-dev-aws-fr-par-1.doctolib.fr:8443
https://www-dev.doctolib.fr
https://www-dev.doctolib.fr:2083
https://www-dev.doctolib.fr:2087
https://www-dev.doctolib.fr:8443
https://www.doctolib.fr
https://www-interf.doctolib.fr
https://www-prd-aws-de-fra-1.doctolib.fr
https://www-prd-aws-de-fra-1.doctolib.fr:2053
https://www-prd-aws-de-fra-1.doctolib.fr:2083
https://www-prd-aws-de-fra-1.doctolib.fr:2087
https://www-prd-aws-de-fra-1.doctolib.fr:8443
https://www-prd-aws-fr-par-1.doctolib.fr
https://www-prd-aws-fr-par-1.doctolib.fr:2083
https://www-prd-aws-fr-par-1.doctolib.fr:2087
https://www-prd-aws-fr-par-1.doctolib.fr:8443
https://www-staging-aws-de-fra-1.doctolib.fr
https://www-staging-aws-de-fra-1.doctolib.fr:2083
https://www-staging-aws-de-fra-1.doctolib.fr:2087
https://www-staging-aws-de-fra-1.doctolib.fr:8443
https://www-staging-aws-fr-par-1.doctolib.fr
https://www-staging-aws-fr-par-1.doctolib.fr:2053
https://www-staging-aws-fr-par-1.doctolib.fr:2083
https://www-staging-aws-fr-par-1.doctolib.fr:2087
https://www-staging-aws-fr-par-1.doctolib.fr:8443
https://www-staging.doctolib.fr
https://zipper-releases.doctolib.fr
https://zipper-releases-staging.doctolib.fr
http://test-assets-staging.doctolib.fr
http://test-assets-staging.doctolib.fr:2082
http://test-assets-staging.doctolib.fr:2086
http://test-assets-staging.doctolib.fr:8080
http://test-assets-staging.doctolib.fr:8880
http://toolbox-dev-aws-de-fra-1.doctolib.fr
http://toolbox-dev-aws-de-fra-1.doctolib.fr:2082
http://toolbox-dev-aws-de-fra-1.doctolib.fr:2086
http://toolbox-dev-aws-de-fra-1.doctolib.fr:8080
http://toolbox-dev-aws-de-fra-1.doctolib.fr:8880
http://toolbox-dev-aws-fr-par-1.doctolib.fr
http://toolbox-dev-aws-fr-par-1.doctolib.fr:2082
http://toolbox-dev-aws-fr-par-1.doctolib.fr:2086
http://toolbox-dev-aws-fr-par-1.doctolib.fr:2095
http://toolbox-dev-aws-fr-par-1.doctolib.fr:8080
http://toolbox-dev-aws-fr-par-1.doctolib.fr:8880
http://toolbox-dev.doctolib.fr
http://toolbox-dev.doctolib.fr:2082
http://toolbox-dev.doctolib.fr:2086
http://toolbox-dev.doctolib.fr:2095
http://toolbox-dev.doctolib.fr:8080
http://toolbox-dev.doctolib.fr:8880
http://toolbox-interf.doctolib.fr
http://toolbox-prd-aws-de-fra-1.doctolib.fr
http://toolbox-prd-aws-de-fra-1.doctolib.fr:2082
http://toolbox-prd-aws-de-fra-1.doctolib.fr:2086
http://toolbox-prd-aws-de-fra-1.doctolib.fr:2095
http://toolbox-prd-aws-de-fra-1.doctolib.fr:8080
http://toolbox-prd-aws-de-fra-1.doctolib.fr:8880
http://toolbox-prd-aws-fr-par-1.doctolib.fr
http://toolbox-prd-aws-fr-par-1.doctolib.fr:2082
http://toolbox-prd-aws-fr-par-1.doctolib.fr:2086
http://toolbox-prd-aws-fr-par-1.doctolib.fr:8080
http://toolbox-prd-aws-fr-par-1.doctolib.fr:8880
http://toolbox-production.doctolib.fr
http://toolbox-staging-aws-de-fra-1.doctolib.fr
http://toolbox-staging-aws-de-fra-1.doctolib.fr:2082
http://toolbox-staging-aws-de-fra-1.doctolib.fr:2086
http://toolbox-staging-aws-de-fra-1.doctolib.fr:2095
http://toolbox-staging-aws-de-fra-1.doctolib.fr:8080
http://toolbox-staging-aws-de-fra-1.doctolib.fr:8880
http://toolbox-staging-aws-fr-par-1.doctolib.fr
http://toolbox-staging-aws-fr-par-1.doctolib.fr:2082
http://toolbox-staging-aws-fr-par-1.doctolib.fr:2086
http://toolbox-staging-aws-fr-par-1.doctolib.fr:8080
http://toolbox-staging-aws-fr-par-1.doctolib.fr:8880
http://toolbox-staging.doctolib.fr
http://www-dev-aws-de-fra-1.doctolib.fr
http://www-dev-aws-de-fra-1.doctolib.fr:2082
http://www-dev-aws-de-fra-1.doctolib.fr:2086
http://www-dev-aws-de-fra-1.doctolib.fr:2095
http://www-dev-aws-de-fra-1.doctolib.fr:8080
http://www-dev-aws-de-fra-1.doctolib.fr:8880
http://www-dev-aws-fr-par-1.doctolib.fr
http://www-dev-aws-fr-par-1.doctolib.fr:2082
http://www-dev-aws-fr-par-1.doctolib.fr:2086
http://www-dev-aws-fr-par-1.doctolib.fr:8080
http://www-dev-aws-fr-par-1.doctolib.fr:8880
http://www-dev.doctolib.fr
http://www-dev.doctolib.fr:2082
http://www-dev.doctolib.fr:2086
http://www-dev.doctolib.fr:2095
http://www-dev.doctolib.fr:8080
http://www-dev.doctolib.fr:8880
http://www.doctolib.fr
http://www-interf.doctolib.fr
http://www-prd-aws-de-fra-1.doctolib.fr
http://www-prd-aws-de-fra-1.doctolib.fr:2082
http://www-prd-aws-de-fra-1.doctolib.fr:2086
http://www-prd-aws-de-fra-1.doctolib.fr:8080
http://www-prd-aws-de-fra-1.doctolib.fr:8880
http://www-prd-aws-fr-par-1.doctolib.fr
http://www-prd-aws-fr-par-1.doctolib.fr:2082
http://www-prd-aws-fr-par-1.doctolib.fr:2086
http://www-prd-aws-fr-par-1.doctolib.fr:2095
http://www-prd-aws-fr-par-1.doctolib.fr:8080
http://www-prd-aws-fr-par-1.doctolib.fr:8880
http://www-staging-aws-de-fra-1.doctolib.fr
http://www-staging-aws-de-fra-1.doctolib.fr:2082
http://www-staging-aws-de-fra-1.doctolib.fr:2086
http://www-staging-aws-de-fra-1.doctolib.fr:2095
http://www-staging-aws-de-fra-1.doctolib.fr:8080
http://www-staging-aws-de-fra-1.doctolib.fr:8880
http://www-staging-aws-fr-par-1.doctolib.fr
http://www-staging-aws-fr-par-1.doctolib.fr:2082
http://www-staging-aws-fr-par-1.doctolib.fr:2086
http://www-staging-aws-fr-par-1.doctolib.fr:8080
http://www-staging-aws-fr-par-1.doctolib.fr:8880
http://www-staging.doctolib.fr
http://zipper-releases.doctolib.fr
http://zipper-releases-staging.doctolib.fr
