http://backstage.doctolib.net
http://backstage.doctolib.net:2082
http://backstage.doctolib.net:2086
http://backstage.doctolib.net:8080
http://dashboards.doctolib.net
http://dashboards.doctolib.net:2082
http://dashboards.doctolib.net:2086
http://dashboards.doctolib.net:8080
http://docto-inventory.doctolib.net
http://docto-inventory.doctolib.net:2082
http://docto-inventory.doctolib.net:2086
http://docto-inventory.doctolib.net:8080
http://jenkins-interf.doctolib.net
http://jenkins-interf.doctolib.net:2082
http://jenkins-interf.doctolib.net:2086
http://jenkins-interf.doctolib.net:8080
http://nce.doctolib.net
http://nce.doctolib.net:2082
http://nce.doctolib.net:2086
http://nce.doctolib.net:8080
http://nexus.doctolib.net
http://nexus.doctolib.net:2082
http://nexus.doctolib.net:2086
http://nexus.doctolib.net:8080
http://nexus.doctolib.net:8880
https://backstage.doctolib.net
https://backstage.doctolib.net:2083
https://backstage.doctolib.net:2087
https://backstage.doctolib.net:8443
https://dashboards.doctolib.net
https://dashboards.doctolib.net:2083
https://dashboards.doctolib.net:2087
https://dashboards.doctolib.net:8443
https://docto-inventory.doctolib.net
https://docto-inventory.doctolib.net:2083
https://docto-inventory.doctolib.net:2087
https://docto-inventory.doctolib.net:8443
http://share.doctolib.net
https://jenkins-interf.doctolib.net
https://jenkins-interf.doctolib.net:2083
https://jenkins-interf.doctolib.net:2087
https://jenkins-interf.doctolib.net:8443
https://nce.doctolib.net
https://nce.doctolib.net:2083
https://nce.doctolib.net:2087
https://nce.doctolib.net:8443
https://nexus.doctolib.net
https://nexus.doctolib.net:2053
https://nexus.doctolib.net:2083
https://nexus.doctolib.net:2087
https://nexus.doctolib.net:8443
https://share.doctolib.net
https://tc.doctolib.net
https://tc.doctolib.net:2083
https://tc.doctolib.net:2087
https://tc.doctolib.net:8443
https://teamcity.doctolib.net
https://teamcity.doctolib.net:2053
https://teamcity.doctolib.net:2083
https://teamcity.doctolib.net:2087
https://teamcity.doctolib.net:8443
https://tfe-github.doctolib.net
https://tfe-github.doctolib.net:2053
https://tfe-github.doctolib.net:2083
https://tfe-github.doctolib.net:2087
https://tfe-github.doctolib.net:8443
https://tfe-github-staging.doctolib.net
https://tfe-github-staging.doctolib.net:2083
https://tfe-github-staging.doctolib.net:2087
https://tfe-github-staging.doctolib.net:8443
http://tc.doctolib.net
http://tc.doctolib.net:2082
http://tc.doctolib.net:2086
http://tc.doctolib.net:8080
http://teamcity.doctolib.net
http://teamcity.doctolib.net:2082
http://teamcity.doctolib.net:2086
http://teamcity.doctolib.net:8080
http://teamcity.doctolib.net:8880
http://tfe-github.doctolib.net
http://tfe-github.doctolib.net:2082
http://tfe-github.doctolib.net:2086
http://tfe-github.doctolib.net:8080
http://tfe-github.doctolib.net:8880
http://tfe-github-staging.doctolib.net
http://tfe-github-staging.doctolib.net:2082
http://tfe-github-staging.doctolib.net:2086
http://tfe-github-staging.doctolib.net:8080
