http://api.dsgmetaverse.com
http://api.dsgmetaverse.com:2083
http://api.dsgmetaverse.com:2087
http://api.dsgmetaverse.com:8443
http://autodiscover.dsgmetaverse.com
http://dsgmetaverse.com
http://dsgmetaverse.com:2083
http://dsgmetaverse.com:2087
http://dsgmetaverse.com:8443
http://graph.dsgmetaverse.com
http://graph.dsgmetaverse.com:2083
http://graph.dsgmetaverse.com:2087
http://graph.dsgmetaverse.com:8443
http://graphstate.dsgmetaverse.com
http://graphstate.dsgmetaverse.com:2083
http://graphstate.dsgmetaverse.com:2087
http://graphstate.dsgmetaverse.com:8443
http://info.dsgmetaverse.com
http://info.dsgmetaverse.com:2083
http://info.dsgmetaverse.com:2087
http://info.dsgmetaverse.com:8443
http://poly.dsgmetaverse.com
http://poly.dsgmetaverse.com:2052
http://poly.dsgmetaverse.com:2083
http://poly.dsgmetaverse.com:2087
http://poly.dsgmetaverse.com:8443
https://api.dsgmetaverse.com
https://dsgmetaverse.com
https://info.dsgmetaverse.com
https://poly.dsgmetaverse.com
https://sv.dsgmetaverse.com
https://task.dsgmetaverse.com
https://ts.dsgmetaverse.com
http://sv.dsgmetaverse.com
http://sv.dsgmetaverse.com:2083
http://sv.dsgmetaverse.com:2087
http://sv.dsgmetaverse.com:8443
https://w.dsgmetaverse.com
https://wts.dsgmetaverse.com
https://www.dsgmetaverse.com
http://task.dsgmetaverse.com
http://task.dsgmetaverse.com:2083
http://task.dsgmetaverse.com:2087
http://task.dsgmetaverse.com:8443
http://ts.dsgmetaverse.com
http://ts.dsgmetaverse.com:2083
http://ts.dsgmetaverse.com:2087
http://ts.dsgmetaverse.com:8443
http://w.dsgmetaverse.com
http://w.dsgmetaverse.com:2083
http://w.dsgmetaverse.com:2087
http://w.dsgmetaverse.com:8443
http://wts.dsgmetaverse.com
http://wts.dsgmetaverse.com:2083
http://wts.dsgmetaverse.com:2087
http://wts.dsgmetaverse.com:8443
http://www.dsgmetaverse.com
http://www.dsgmetaverse.com:2083
http://www.dsgmetaverse.com:2087
http://www.dsgmetaverse.com:8443
