http://analytics.dsla.network
http://analytics.dsla.network:5001
http://analytics.dsla.network:8080
http://api.dsla.network
http://api.dsla.network:2082
http://api.dsla.network:2083
http://api.dsla.network:2086
http://api.dsla.network:8080
http://api.dsla.network:8443
http://api.dsla.network:8880
http://ava.graph.node.dsla.network
http://avalanche.dsla.network
http://avalanche.dsla.network:2082
http://avalanche.dsla.network:2086
http://avalanche.dsla.network:8080
http://avalanche.dsla.network:8880
http://beta.dsla.network
http://beta.dsla.network:2082
http://beta.dsla.network:2083
http://beta.dsla.network:2086
http://beta.dsla.network:8080
http://beta.dsla.network:8443
http://beta.dsla.network:8880
http://bsc.graph.node.dsla.network
http://dsla.network
http://dsla.network:2082
http://dsla.network:2083
http://dsla.network:2086
http://dsla.network:8080
http://dsla.network:8443
http://dsla.network:8880
http://ethereum.dsla.network
http://ethereum.dsla.network:2052
http://ethereum.dsla.network:2086
http://ethereum.dsla.network:8080
http://ethereum.dsla.network:8880
http://eth.graph.node.dsla.network
http://ftm.graph.node.dsla.network
http://harmony.dsla.network
http://harmony.dsla.network:2052
http://harmony.dsla.network:2086
http://harmony.dsla.network:8080
http://harmony.dsla.network:8880
http://hny.graph.node.dsla.network
http://ipfs.dsla.network
http://ipfs.dsla.network:5001
http://ipfs.dsla.network:8080
http://new.dsla.network
http://new.dsla.network:2052
http://new.dsla.network:2086
http://new.dsla.network:2087
http://new.dsla.network:8080
http://new.dsla.network:8443
http://new.dsla.network:8880
http://plg.graph.node.dsla.network
https://analytics.dsla.network
https://ava.graph.node.dsla.network
https://avalanche.dsla.network
https://avalanche.dsla.network:2083
https://avalanche.dsla.network:8443
https://beta.dsla.network
https://bsc.graph.node.dsla.network
https://dsla.network
https://ethereum.dsla.network
https://ethereum.dsla.network:2087
https://ethereum.dsla.network:8443
https://eth.graph.node.dsla.network
https://ftm.graph.node.dsla.network
https://harmony.dsla.network
https://harmony.dsla.network:2087
https://harmony.dsla.network:8443
https://hny.graph.node.dsla.network
https://ipfs.dsla.network
https://new.dsla.network
https://plg.graph.node.dsla.network
http://staging.dsla.network
https://ws.ava.graph.node.dsla.network
https://ws.bsc.graph.node.dsla.network
https://ws.eth.graph.node.dsla.network
https://ws.ftm.graph.node.dsla.network
https://ws.hny.graph.node.dsla.network
https://ws.plg.graph.node.dsla.network
https://www.dsla.network
https://www.dsla.network:2087
https://www.dsla.network:8443
http://ws.ava.graph.node.dsla.network
http://ws.bsc.graph.node.dsla.network
http://ws.eth.graph.node.dsla.network
http://ws.ftm.graph.node.dsla.network
http://ws.hny.graph.node.dsla.network
http://ws.plg.graph.node.dsla.network
http://www.dsla.network
http://www.dsla.network:2052
http://www.dsla.network:2086
http://www.dsla.network:8080
http://www.dsla.network:8880
