http://api.exmo.com:2083
http://api.exmo.com:2087
http://api.exmo.com:8443
http://broker.exmo.com
http://broker.exmo.com:2086
http://broker.exmo.com:2095
http://broker.exmo.com:8080
http://broker.exmo.com:8880
http://email.exmo.com
http://exmocoin.exmo.com
http://exmocoin.exmo.com:2086
http://exmocoin.exmo.com:8080
http://exmocoin.exmo.com:8880
http://exmo.com:2086
http://exmo.com:8080
http://exmo.com:8880
http://fiat.exmo.com:2086
http://fiat.exmo.com:8080
http://fiat.exmo.com:8880
http://info.exmo.com:2086
http://info.exmo.com:8080
http://info.exmo.com:8880
https://api.exmo.com
http://saveukraine.exmo.com
http://saveukraine.exmo.com:2086
http://saveukraine.exmo.com:8080
http://saveukraine.exmo.com:8880
https://broker.exmo.com
https://broker.exmo.com:2083
https://broker.exmo.com:2087
https://broker.exmo.com:2096
https://broker.exmo.com:8443
https://email.exmo.com
https://exmocoin.exmo.com
https://exmocoin.exmo.com:2053
https://exmocoin.exmo.com:2083
https://exmocoin.exmo.com:2087
https://exmocoin.exmo.com:2096
https://exmocoin.exmo.com:8443
https://exmo.com
https://exmo.com:2083
https://exmo.com:2087
https://exmo.com:8443
https://fiat.exmo.com
https://fiat.exmo.com:2083
https://fiat.exmo.com:2087
https://fiat.exmo.com:8443
https://info.exmo.com
https://info.exmo.com:2083
https://info.exmo.com:2087
https://info.exmo.com:8443
https://saveukraine.exmo.com
https://saveukraine.exmo.com:2053
https://saveukraine.exmo.com:2083
https://saveukraine.exmo.com:2087
https://saveukraine.exmo.com:2096
https://saveukraine.exmo.com:8443
https://support.exmo.com
https://support.exmo.com:2083
https://support.exmo.com:2087
https://support.exmo.com:8443
http://support.exmo.com:2086
http://support.exmo.com:8080
http://support.exmo.com:8880
https://ws-api.exmo.com
https://ws-api.exmo.com:2083
https://ws-api.exmo.com:2087
https://ws-api.exmo.com:8443
https://www.exmo.com
https://www.exmo.com:2083
https://www.exmo.com:2087
https://www.exmo.com:8443
http://ws-api.exmo.com:2086
http://ws-api.exmo.com:8080
http://ws-api.exmo.com:8880
http://www.exmo.com:2086
http://www.exmo.com:8080
http://www.exmo.com:8880
