http://adm-tsmcexch01.exponent.cx
http://app.exponent.cx
http://c.exponent.cx
http://dashboard.exponent.cx
http://docs.exponent.cx
http://docs.exponent.cx:2082
http://docs.exponent.cx:2086
http://docs.exponent.cx:8080
http://docs.exponent.cx:8880
http://documentation.exponent.cx
http://email.exponent.cx
http://exponent.cx
http://nginx.exponent.cx
https://app.exponent.cx
https://dashboard.exponent.cx
https://docs.exponent.cx
https://docs.exponent.cx:2083
https://docs.exponent.cx:2087
https://docs.exponent.cx:8443
https://exponent.cx
https://strategist.exponent.cx
http://static.exponent.cx
http://stg.exponent.cx
http://strategist.exponent.cx
http://suica.exponent.cx
https://www.exponent.cx
http://tsmc1014.exponent.cx
http://tsmcexch01.exponent.cx
http://v1.exponent.cx
http://v2.exponent.cx
http://www.exponent.cx
