http://app.fei.money
http://assets.fei.money
http://docs.fei.money
http://fei.money
https://app.fei.money
https://assets.fei.money
https://docs.fei.money
https://fei.money
http://snapshot.fei.money
http://snapshot.fei.money:8082
http://snapshot.fei.money:8084
http://snapshot.fei.money:8085
https://snapshot.fei.money
https://snapshot.fei.money:1935
https://staging.fei.money
http://staging.fei.money
https://tribe.fei.money
https://v1.app.fei.money
https://www.app.fei.money
https://www.fei.money
https://www.staging.fei.money
https://www.v1.app.fei.money
http://tribe.fei.money
http://v1.app.fei.money
http://www.app.fei.money
http://www.fei.money
http://www.staging.fei.money
http://www.v1.app.fei.money
