http://app.folks.finance
http://docs.folks.finance
http://docs.folks.finance:2082
http://docs.folks.finance:2086
http://docs.folks.finance:8080
http://docs.folks.finance:8880
http://folks.finance
http://galgobullish.folks.finance
http://oracle.folks.finance
https://app.folks.finance
https://docs.folks.finance
https://docs.folks.finance:2083
https://docs.folks.finance:2087
https://docs.folks.finance:8443
https://folks.finance
https://galgobullish.folks.finance
https://oracle.folks.finance
https://testnet.folks.finance
https://www.folks.finance
http://testnet.folks.finance
http://www.folks.finance
