http://airdrop-api-dev.forta.network
http://airdrop-api-dev.forta.network:2082
http://airdrop-api-dev.forta.network:8080
http://airdrop-api-dev.forta.network:8880
http://airdrop-api.forta.network
http://airdrop-api.forta.network:2082
http://airdrop-api.forta.network:2086
http://airdrop-api.forta.network:8080
http://airdrop.forta.network
http://airdrop.forta.network:2087
http://airdrop.forta.network:2096
http://airdrop.forta.network:8443
http://alerts-dev.forta.network:2082
http://alerts-dev.forta.network:2086
http://alerts-dev.forta.network:8080
http://alerts-dev.forta.network:8443
http://alerts.forta.network:2082
http://alerts.forta.network:2086
http://alerts.forta.network:8080
http://alerts.forta.network:8443
http://api-dev.forta.network
http://api-dev.forta.network:2083
http://api-dev.forta.network:2087
http://api-dev.forta.network:2096
http://api-dev.forta.network:8443
http://api.forta.network
http://api.forta.network:2087
http://api.forta.network:8443
http://app.forta.network
http://app.forta.network:2087
http://app.forta.network:8443
http://bot-wizard-api-dev.forta.network
http://bot-wizard-api-dev.forta.network:2082
http://bot-wizard-api-dev.forta.network:2086
http://bot-wizard-api-dev.forta.network:8080
http://bot-wizard-api-dev.forta.network:8880
http://bot-wizard-api.forta.network
http://bot-wizard-api.forta.network:2082
http://bot-wizard-api.forta.network:2086
http://bot-wizard-api.forta.network:8080
http://bot-wizard-api.forta.network:8880
http://developer-dev.forta.network:2087
http://developer-dev.forta.network:8443
http://developer.forta.network:2087
http://developer.forta.network:8443
http://dist.forta.network
http://docs.forta.network
http://docs.forta.network:2087
http://docs.forta.network:8443
http://explorer-api-dev.forta.network:2087
http://explorer-api-dev.forta.network:8443
http://explorer-api.forta.network:2087
http://explorer-api.forta.network:8443
http://explorer.forta.network
http://explorer.forta.network:2083
http://explorer.forta.network:2087
http://explorer.forta.network:2096
http://explorer.forta.network:8443
http://forta.network
http://gov.forta.network
http://ipfs-dev.forta.network
http://ipfs.forta.network
https://airdrop-api-dev.forta.network
https://airdrop-api-dev.forta.network:2087
https://airdrop-api-dev.forta.network:8443
https://airdrop-api.forta.network
https://airdrop-api.forta.network:2087
https://airdrop-api.forta.network:8443
https://airdrop.forta.network
https://alerts-dev.forta.network
https://alerts-dev.forta.network:2087
https://alerts.forta.network
https://alerts.forta.network:2087
https://api-dev.forta.network
https://api.forta.network
https://app.forta.network
https://bot-wizard-api-dev.forta.network
https://bot-wizard-api-dev.forta.network:2083
https://bot-wizard-api-dev.forta.network:2087
https://bot-wizard-api-dev.forta.network:2096
https://bot-wizard-api-dev.forta.network:8443
https://bot-wizard-api.forta.network
https://bot-wizard-api.forta.network:2083
https://bot-wizard-api.forta.network:2087
https://bot-wizard-api.forta.network:2096
https://bot-wizard-api.forta.network:8443
https://developer-dev.forta.network
https://developer.forta.network
https://dist.forta.network
https://docs.forta.network
https://explorer-api-dev.forta.network
https://explorer-api.forta.network
https://explorer.forta.network
https://forta.network
https://gov.forta.network
https://ipfs-dev.forta.network
https://ipfs.forta.network
https://staging.airdrop.forta.network
https://staging.app.forta.network
https://staging.explorer.forta.network
http://staging.airdrop.forta.network
http://staging.airdrop.forta.network:2087
http://staging.airdrop.forta.network:8443
http://staging.app.forta.network
http://staging.explorer.forta.network
