http://api.foundation.app
http://api.foundation.app:2082
http://api.foundation.app:2083
http://api.foundation.app:2086
http://api.foundation.app:2087
http://api.foundation.app:8443
http://api.foundation.app:8880
http://api-goerli.foundation.app
http://api-goerli.foundation.app:2082
http://api-goerli.foundation.app:2083
http://api-goerli.foundation.app:2086
http://api-goerli.foundation.app:2087
http://api-goerli.foundation.app:8443
http://api-goerli.foundation.app:8880
http://api-sokol.foundation.app
http://api-sokol.foundation.app:2082
http://api-sokol.foundation.app:2083
http://api-sokol.foundation.app:2086
http://api-sokol.foundation.app:2087
http://api-sokol.foundation.app:8443
http://api-sokol.foundation.app:8880
http://api-v2.foundation.app
http://api-v2.foundation.app:2082
http://api-v2.foundation.app:2086
http://api-v2.foundation.app:2087
http://api-v2.foundation.app:8080
http://api-v2.foundation.app:8880
http://api-v2-qa.foundation.app
http://api-v2-qa.foundation.app:2082
http://api-v2-qa.foundation.app:2083
http://api-v2-qa.foundation.app:2086
http://api-v2-qa.foundation.app:2087
http://api-v2-qa.foundation.app:2096
http://api-v2-qa.foundation.app:8080
http://api-v2-qa.foundation.app:8443
http://api-v2-qa.foundation.app:8880
http://api-v2-staging.foundation.app
http://api-v2-staging.foundation.app:2082
http://api-v2-staging.foundation.app:2083
http://api-v2-staging.foundation.app:2086
http://api-v2-staging.foundation.app:2087
http://api-v2-staging.foundation.app:2096
http://api-v2-staging.foundation.app:8080
http://api-v2-staging.foundation.app:8443
http://api-v2-staging.foundation.app:8880
http://api-xdai.foundation.app
http://api-xdai.foundation.app:2052
http://api-xdai.foundation.app:2082
http://api-xdai.foundation.app:2083
http://api-xdai.foundation.app:2086
http://api-xdai.foundation.app:2096
http://api-xdai.foundation.app:8080
http://api-xdai.foundation.app:8443
http://api-xdai.foundation.app:8880
http://assets.foundation.app
http://auth.foundation.app
http://auth.foundation.app:2082
http://auth.foundation.app:2086
http://auth.foundation.app:8080
http://auth.foundation.app:8880
http://canary.foundation.app
http://canary.foundation.app:2052
http://canary.foundation.app:2082
http://canary.foundation.app:2083
http://canary.foundation.app:2086
http://canary.foundation.app:2096
http://canary.foundation.app:8080
http://canary.foundation.app:8443
http://canary.foundation.app:8880
http://careers.foundation.app
http://careers.foundation.app:2082
http://careers.foundation.app:2083
http://careers.foundation.app:2086
http://careers.foundation.app:2087
http://careers.foundation.app:2096
http://careers.foundation.app:8080
http://careers.foundation.app:8443
http://careers.foundation.app:8880
http://demo.foundation.app
http://demo.foundation.app:2052
http://demo.foundation.app:2082
http://demo.foundation.app:2083
http://demo.foundation.app:2086
http://demo.foundation.app:2096
http://demo.foundation.app:8080
http://demo.foundation.app:8443
http://demo.foundation.app:8880
http://docs.foundation.app
http://docs.foundation.app:2082
http://docs.foundation.app:2086
http://docs.foundation.app:8080
http://docs.foundation.app:8880
http://ethstaging.foundation.app
http://ethstaging.foundation.app:2082
http://ethstaging.foundation.app:2083
http://ethstaging.foundation.app:2086
http://ethstaging.foundation.app:2087
http://ethstaging.foundation.app:2096
http://ethstaging.foundation.app:8080
http://ethstaging.foundation.app:8443
http://ethstaging.foundation.app:8880
http://feedback.foundation.app
http://feedback.foundation.app:2082
http://feedback.foundation.app:2083
http://feedback.foundation.app:2086
http://feedback.foundation.app:2087
http://feedback.foundation.app:2096
http://feedback.foundation.app:8080
http://feedback.foundation.app:8443
http://feedback.foundation.app:8880
http://foundation.app
http://foundation.app:2087
http://goerli.foundation.app
http://goerli.foundation.app:2052
http://goerli.foundation.app:2082
http://goerli.foundation.app:2083
http://goerli.foundation.app:2086
http://goerli.foundation.app:2096
http://goerli.foundation.app:8080
http://goerli.foundation.app:8443
http://goerli.foundation.app:8880
http://hasura2.foundation.app
http://hasura2.foundation.app:2053
http://hasura2.foundation.app:2082
http://hasura2.foundation.app:2086
http://hasura2.foundation.app:2087
http://hasura2.foundation.app:8080
http://hasura2.foundation.app:8443
http://hasura.foundation.app
http://hasura.foundation.app:2082
http://hasura.foundation.app:2083
http://hasura.foundation.app:2086
http://hasura.foundation.app:2087
http://hasura.foundation.app:8443
http://hasura.foundation.app:8880
http://help.foundation.app
http://help.foundation.app:2053
http://help.foundation.app:2083
http://help.foundation.app:2087
http://help.foundation.app:2096
http://help.foundation.app:8443
http://ipfs.foundation.app
http://ipfs.foundation.app:2082
http://ipfs.foundation.app:2086
http://ipfs.foundation.app:8080
http://ipfs.foundation.app:8880
http://os.foundation.app
http://os.foundation.app:2053
http://os.foundation.app:2082
http://os.foundation.app:2086
http://os.foundation.app:2087
http://os.foundation.app:8080
http://os.foundation.app:8443
http://qa.foundation.app
http://qa.foundation.app:2052
http://qa.foundation.app:2082
http://qa.foundation.app:2083
http://qa.foundation.app:2086
http://qa.foundation.app:2096
http://qa.foundation.app:8080
http://qa.foundation.app:8443
http://qa.foundation.app:8880
https://api.foundation.app
https://api-goerli.foundation.app
https://api-sokol.foundation.app
https://api-v2.foundation.app
https://api-v2-qa.foundation.app
https://api-v2-staging.foundation.app
https://api-xdai.foundation.app
https://assets.foundation.app
https://auth.foundation.app
https://auth.foundation.app:2083
https://auth.foundation.app:2087
https://auth.foundation.app:2096
https://auth.foundation.app:8443
https://canary.foundation.app
https://careers.foundation.app
https://demo.foundation.app
https://docs.foundation.app
https://docs.foundation.app:2053
https://docs.foundation.app:2083
https://docs.foundation.app:2087
https://docs.foundation.app:8443
https://ethstaging.foundation.app
https://feedback.foundation.app
https://foundation.app
https://goerli.foundation.app
https://hasura2.foundation.app
https://hasura.foundation.app
https://help.foundation.app
https://ipfs.foundation.app
https://ipfs.foundation.app:2083
https://ipfs.foundation.app:8443
https://os.foundation.app
https://qa.foundation.app
https://staging.foundation.app
https://status.foundation.app
https://subgraph.foundation.app
https://subgraph.foundation.app:2083
https://subgraph.foundation.app:2087
https://subgraph.foundation.app:2096
https://subgraph.foundation.app:8443
http://staging.foundation.app
http://staging.foundation.app:2082
http://staging.foundation.app:2083
http://staging.foundation.app:2086
http://staging.foundation.app:2087
http://staging.foundation.app:8443
http://staging.foundation.app:8880
http://status.foundation.app
http://status.foundation.app:2082
http://status.foundation.app:2083
http://status.foundation.app:2086
http://status.foundation.app:2087
http://status.foundation.app:8443
http://status.foundation.app:8880
http://subgraph.foundation.app
http://subgraph.foundation.app:2082
http://subgraph.foundation.app:2086
http://subgraph.foundation.app:8080
http://subgraph.foundation.app:8880
https://url7380.foundation.app
https://www.foundation.app
http://url7380.foundation.app
http://www.foundation.app
http://www.foundation.app:2053
http://www.foundation.app:2082
http://www.foundation.app:2086
http://www.foundation.app:2087
http://www.foundation.app:8080
http://www.foundation.app:8443
