http://3box.fuse.io
http://agnin.fuse.io
http://alm.fuse.io
http://blog.fuse.io
http://blog.fuse.io:2082
http://blog.fuse.io:2083
http://blog.fuse.io:2087
http://blog.fuse.io:2095
http://blog.fuse.io:8080
http://blog.fuse.io:8880
http://bot.fuse.io
http://bscalm.fuse.io
http://cms.fuse.io
http://developers.fuse.io
http://docs.fuse.io
http://docs.fuse.io:2082
http://docs.fuse.io:2086
http://docs.fuse.io:8080
http://docs.fuse.io:8880
http://explorer.fuse.io
http://explorer-node.fuse.io
http://explorer-v3.fuse.io
http://forum.fuse.io
http://funder.fuse.io
http://fuse.io
http://gnosis-safe.fuse.io
http://gooddollar-rpc.fuse.io
http://graph.fuse.io
http://graph-monitor.fuse.io
http://health.fuse.io
http://ipfs-proxy.fuse.io
http://oldrewards.fuse.io
http://rewards.fuse.io
http://roadmap.fuse.io
http://roadmap.fuse.io:9001
https://3box.fuse.io
https://agnin.fuse.io
https://alm.fuse.io
https://blog.fuse.io
https://bot.fuse.io
https://bscalm.fuse.io
https://cms.fuse.io
https://developers.fuse.io
https://docs.fuse.io
https://docs.fuse.io:2053
https://docs.fuse.io:2083
https://docs.fuse.io:2087
https://docs.fuse.io:8443
https://explorer.fuse.io
https://explorer-node.fuse.io
https://explorer-v3.fuse.io
https://forum.fuse.io
https://funder.fuse.io
https://fuse.io
https://gnosis-safe.fuse.io
https://gooddollar-rpc.fuse.io
https://graph.fuse.io
https://graph-monitor.fuse.io
https://health.fuse.io
https://ipfs-proxy.fuse.io
https://oldrewards.fuse.io
https://openvpn.fuse.io
https://rewards.fuse.io
https://roadmap.fuse.io
https://rpc.fuse.io
https://staking.fuse.io
https://status.fuse.io
https://studio.fuse.io
https://studio-qa.fuse.io
https://studio-qa-ropsten.fuse.io
https://studio-ropsten.fuse.io
http://staking.fuse.io
http://status.fuse.io
http://studio.fuse.io
http://studio-qa.fuse.io
http://studio-qa-ropsten.fuse.io
http://studio-ropsten.fuse.io
https://tutorials.fuse.io
https://tutorials.fuse.io:2053
https://tutorials.fuse.io:2083
https://tutorials.fuse.io:2087
https://tutorials.fuse.io:8443
https://vote.fuse.io
https://vote.fuse.io:1935
https://www.fuse.io
http://tutorials.fuse.io
http://tutorials.fuse.io:2082
http://tutorials.fuse.io:2086
http://tutorials.fuse.io:8080
http://tutorials.fuse.io:8880
http://vote.fuse.io
http://vote.fuse.io:8082
http://vote.fuse.io:8084
http://vote.fuse.io:8085
http://www.fuse.io
