http://backend.gerowallet.io
http://backend.gerowallet.io:2082
http://backend.gerowallet.io:2086
http://backend.gerowallet.io:8080
http://backend.gerowallet.io:8880
http://gerowallet.io
http://gerowallet.io:2082
http://gerowallet.io:2086
http://nft.gerowallet.io
https://backend.gerowallet.io
https://backend.gerowallet.io:2087
https://backend.gerowallet.io:2096
https://backend.gerowallet.io:8443
https://gerowallet.io
https://gerowallet.io:2083
https://gerowallet.io:2087
https://gerowallet.io:8443
https://nft.gerowallet.io
https://www.gerowallet.io
https://www.gerowallet.io:2083
https://www.gerowallet.io:2087
https://www.gerowallet.io:8443
http://www.gerowallet.io
http://www.gerowallet.io:2082
http://www.gerowallet.io:8080
http://www.gerowallet.io:8880
