http://api-back.getbouncer.com
http://api.getbouncer.com
http://api-staging.getbouncer.com
http://aws-test.getbouncer.com
http://calendar.getbouncer.com
http://docs.getbouncer.com
http://docs.getbouncer.com:2082
http://docs.getbouncer.com:2086
http://docs.getbouncer.com:8080
http://docs.getbouncer.com:8880
http://downloads.getbouncer.com
http://drive.getbouncer.com
http://getbouncer.com
http://groups.getbouncer.com
http://images.getbouncer.com
http://karma.getbouncer.com
http://lookout.getbouncer.com
http://mail.getbouncer.com
http://plus.getbouncer.com
http://sandbox.api.getbouncer.com
https://api.getbouncer.com
http://scan-lab.getbouncer.com
https://docs.getbouncer.com
https://docs.getbouncer.com:2083
https://docs.getbouncer.com:2087
https://docs.getbouncer.com:2096
https://docs.getbouncer.com:8443
https://downloads.getbouncer.com
https://getbouncer.com
http://sites.getbouncer.com
http://start.getbouncer.com
https://www.getbouncer.com
http://vault.getbouncer.com
http://www.getbouncer.com
