http://api.gmx.io
http://app.gmx.io
http://app.gmx.io:2082
http://app.gmx.io:2086
http://app.gmx.io:8080
http://app.gmx.io:8880
http://gmx.io
http://gov.gmx.io
https://api.gmx.io
https://app.gmx.io
https://app.gmx.io:2053
https://app.gmx.io:2087
https://app.gmx.io:8443
https://gmx.io
https://gov.gmx.io
https://staging.gmx.io
https://stats.gmx.io
http://staging.gmx.io
http://stats.gmx.io
http://stats.gmx.io:2052
http://stats.gmx.io:2053
http://stats.gmx.io:2082
http://stats.gmx.io:2083
http://stats.gmx.io:2086
http://stats.gmx.io:2087
http://stats.gmx.io:8080
http://stats.gmx.io:8443
http://stats.gmx.io:8880
https://www.gmx.io
http://www.gmx.io
