http://app.goldfinch.finance
http://beta.app.goldfinch.finance
http://careers.goldfinch.finance
http://dev.goldfinch.finance
http://docs.goldfinch.finance
http://docs.goldfinch.finance:2082
http://docs.goldfinch.finance:2086
http://docs.goldfinch.finance:8080
http://docs.goldfinch.finance:8880
http://goldfinch.finance
http://gov.goldfinch.finance
https://app.goldfinch.finance
https://beta.app.goldfinch.finance
https://dev.goldfinch.finance
https://docs.goldfinch.finance
https://docs.goldfinch.finance:2053
https://docs.goldfinch.finance:2083
https://docs.goldfinch.finance:2087
https://docs.goldfinch.finance:8443
https://goldfinch.finance
https://gov.goldfinch.finance
https://murmuration.goldfinch.finance
https://www.goldfinch.finance
http://www.goldfinch.finance
