http://admin.preprod-proofit.grammarlyaws.com
http://admin.qa-proofit.grammarlyaws.com
http://api.platformer.platform.grammarlyaws.com
http://api.platformer.qa-platform.grammarlyaws.com
http://ci-config.preprod-payment-ui.grammarlyaws.com
http://f1f55aa.assets.preprod-design-system.grammarlyaws.com
http://f-assets.preprod-design-system.grammarlyaws.com
http://f-chroma.preprod-design-system.grammarlyaws.com
http://f-display-counter.preprod-design-system.grammarlyaws.com
http://f-dns-really-long-long-lo.preprod-design-system.grammarlyaws.com
http://f-swift-tokens.preprod-design-system.grammarlyaws.com
http://gb-audit-log-es.preprod-gb-audit-log.grammarlyaws.com
http://gramly.subscription.grammarlyaws.com
http://knots.core-prod.grammarlyaws.com
http://main.preprod-design-system.grammarlyaws.com
http://new-tf-features-playground.sandbox.grammarlyaws.com
http://opassscimgc.it.grammarlyaws.com
http://pollock.prod-reader.grammarlyaws.com
http://pollock.qa-reader.grammarlyaws.com
http://preprod-design-system.grammarlyaws.com
http://qa-anniversary-swag-store.grammarlyaws.com
http://renovate-all-gr-bazel-baz.preprod-design-system.grammarlyaws.com
https://admin.preprod-proofit.grammarlyaws.com
https://admin.qa-proofit.grammarlyaws.com
https://alb-okta-test-qa.platform.grammarlyaws.com
https://api.platformer.platform.grammarlyaws.com
https://api.platformer.qa-platform.grammarlyaws.com
https://billing-events.subscription.grammarlyaws.com
https://bixby.qa-data-ingestion.grammarlyaws.com
https://capi.core-prod.grammarlyaws.com
https://capi-msdk.core-prod.grammarlyaws.com
https://ci-config.preprod-payment-ui.grammarlyaws.com
https://datacat-ext.nlp-processing.grammarlyaws.com
https://datacat-ext.qa-nlp-processing.grammarlyaws.com
https://datacat-ext.qa-redwall.grammarlyaws.com
https://datareport.prod-gdpr-export.grammarlyaws.com
https://datareport.subscription.grammarlyaws.com
https://dox.core-prod.grammarlyaws.com
https://f1f55aa.assets.preprod-design-system.grammarlyaws.com
https://f-assets.preprod-design-system.grammarlyaws.com
https://f-chroma.preprod-design-system.grammarlyaws.com
https://f-display-counter.preprod-design-system.grammarlyaws.com
https://f-dns-really-long-long-lo.preprod-design-system.grammarlyaws.com
https://fridge.prod-fridge.grammarlyaws.com
https://f-swift-tokens.preprod-design-system.grammarlyaws.com
https://gb-audit-log-es.preprod-gb-audit-log.grammarlyaws.com
https://gnar.qa-lt-data.grammarlyaws.com
https://gnar-writr.data.grammarlyaws.com
https://gramly.subscription.grammarlyaws.com
https://knots.core-prod.grammarlyaws.com
https://lumpkin.subscription.grammarlyaws.com
https://main.preprod-design-system.grammarlyaws.com
https://narnia.it.grammarlyaws.com
https://new-tf-features-playground.sandbox.grammarlyaws.com
https://opassscimgc.it.grammarlyaws.com
http://speak.qa-speakerly.grammarlyaws.com
https://pollock.prod-reader.grammarlyaws.com
https://pollock.qa-reader.grammarlyaws.com
https://preprod-billing-events.preprod-billing.grammarlyaws.com
https://preprod-design-system.grammarlyaws.com
https://prod-data.acquisition.grammarlyaws.com
https://prod-institution.acquisition.grammarlyaws.com
https://prod-irbis.acquisition.grammarlyaws.com
https://prod-redirect.acquisition.grammarlyaws.com
https://public-treatment.prod-experimentation.grammarlyaws.com
https://qa-anniversary-swag-store.grammarlyaws.com
https://qa-billing-events.qa-billing.grammarlyaws.com
https://renovate-all-gr-bazel-baz.preprod-design-system.grammarlyaws.com
https://speak.qa-speakerly.grammarlyaws.com
https://subscription.subscription.grammarlyaws.com
https://support-automations.subscription.grammarlyaws.com
https://tableuqa.sandbox.grammarlyaws.com
https://trainspotter.qa-platform.grammarlyaws.com
http://subscription.subscription.grammarlyaws.com
https://ui.preprod-proofit.grammarlyaws.com
https://ui.qa-proofit.grammarlyaws.com
https://update-officeaddin.sandbox.grammarlyaws.com
https://zoommarly.core-prod.grammarlyaws.com
http://tableuqa.sandbox.grammarlyaws.com
http://trainspotter.qa-platform.grammarlyaws.com
http://ui.preprod-proofit.grammarlyaws.com
http://ui.qa-proofit.grammarlyaws.com
http://update-officeaddin.sandbox.grammarlyaws.com
http://zoommarly.core-prod.grammarlyaws.com
