http://alpha.app.halodao.com
http://app.halodao.com
http://app.lending.halodao.com
http://beta.app.halodao.com
http://dev.app.halodao.com
http://dev.app.lending.halodao.com
http://dev.beta.app.halodao.com
http://dev.halodao.com
http://dev.lending.app.halodao.com
http://dev.minter.halodao.com
http://docs.halodao.com
http://docs.halodao.com:2082
http://docs.halodao.com:2086
http://docs.halodao.com:8080
http://docs.halodao.com:8880
http://halodao.com
http://lending.app.halodao.com
https://alpha.app.halodao.com
https://app.halodao.com
https://app.lending.halodao.com
https://beta.app.halodao.com
https://dev.app.halodao.com
https://dev.app.lending.halodao.com
https://dev.beta.app.halodao.com
https://dev.halodao.com
https://dev.lending.app.halodao.com
https://dev.minter.halodao.com
https://docs.halodao.com
https://docs.halodao.com:2053
https://docs.halodao.com:2083
https://docs.halodao.com:2087
https://docs.halodao.com:8443
https://halodao.com
https://lending.app.halodao.com
https://staging.minter.halodao.com
http://staging.minter.halodao.com
https://test.app.halodao.com
https://www.halodao.com
http://test.app.halodao.com
http://www.halodao.com
