http://api.hashflow.com
http://api.hashflow.com:2052
http://api.hashflow.com:2082
http://api.hashflow.com:2086
http://api.hashflow.com:8080
http://api.hashflow.com:8880
http://api-staging.hashflow.com
http://api-staging.hashflow.com:2086
http://api-staging.hashflow.com:8080
http://api-staging.hashflow.com:8880
http://app.hashflow.com
http://app.hashflow.com:2086
http://app.hashflow.com:8080
http://app.hashflow.com:8880
http://blog.hashflow.com
http://blog.hashflow.com:2052
http://blog.hashflow.com:2082
http://blog.hashflow.com:2083
http://blog.hashflow.com:2086
http://blog.hashflow.com:2087
http://blog.hashflow.com:8080
http://blog.hashflow.com:8443
http://blog.hashflow.com:8880
http://docs.hashflow.com
http://docs.hashflow.com:2082
http://docs.hashflow.com:2086
http://docs.hashflow.com:8080
http://docs.hashflow.com:8880
http://gov.hashflow.com
http://hashflow.com
http://motivating-instantaneous.hashflow.com
http://motivating-instantaneous.hashflow.com:8082
http://motivating-instantaneous.hashflow.com:8084
http://motivating-instantaneous.hashflow.com:8085
http://next.hashflow.com
http://next.hashflow.com:2052
http://next.hashflow.com:2082
http://next.hashflow.com:2083
http://next.hashflow.com:2086
http://next.hashflow.com:2087
http://next.hashflow.com:8080
http://next.hashflow.com:8443
http://next.hashflow.com:8880
https://api.hashflow.com
https://api.hashflow.com:2083
https://api.hashflow.com:2087
https://api.hashflow.com:8443
https://api-staging.hashflow.com
https://api-staging.hashflow.com:2083
https://api-staging.hashflow.com:2087
https://app.hashflow.com
https://app.hashflow.com:2083
https://app.hashflow.com:2087
https://blog.hashflow.com
https://docs.hashflow.com
https://docs.hashflow.com:2083
https://docs.hashflow.com:2087
https://docs.hashflow.com:8443
https://gov.hashflow.com
https://hashflow.com
https://motivating-instantaneous.hashflow.com
https://motivating-instantaneous.hashflow.com:1935
https://next.hashflow.com
https://www.hashflow.com
http://www.hashflow.com
