http://avalanche.honeyfarm.finance
http://bear.honeyfarm.finance
http://bee.honeyfarm.finance
http://busybee.honeyfarm.finance
http://comb.honeyfarm.finance
http://docs.honeyfarm.finance
http://docs.honeyfarm.finance:2082
http://docs.honeyfarm.finance:2086
http://docs.honeyfarm.finance:8080
http://docs.honeyfarm.finance:8880
http://honeyfarm.finance
http://honey.honeyfarm.finance
http://moon.honeyfarm.finance
https://avalanche.honeyfarm.finance
https://bear.honeyfarm.finance
https://bee.honeyfarm.finance
https://busybee.honeyfarm.finance
https://comb.honeyfarm.finance
https://docs.honeyfarm.finance
https://docs.honeyfarm.finance:2083
https://docs.honeyfarm.finance:2087
https://docs.honeyfarm.finance:8443
https://honeyfarm.finance
https://honey.honeyfarm.finance
https://moon.honeyfarm.finance
https://www.honeyfarm.finance
http://www.honeyfarm.finance
