http://admin.hotbit.io
http://admin.hotbit.io:2086
http://admin.hotbit.io:2095
http://admin.hotbit.io:8080
http://admin.hotbit.io:8880
http://api.hotbit.io
http://api.hotbit.io:2083
http://api.hotbit.io:2086
http://api.hotbit.io:2087
http://api.hotbit.io:2095
http://api.hotbit.io:8080
http://api.hotbit.io:8443
http://api.hotbit.io:8880
http://appapi.hotbit.io
http://appapi.hotbit.io:2086
http://appapi.hotbit.io:2095
http://appapi.hotbit.io:8080
http://appapi.hotbit.io:8880
http://appversion.hotbit.io
http://appversion.hotbit.io:2082
http://appversion.hotbit.io:2086
http://appversion.hotbit.io:8080
http://appversion.hotbit.io:8880
http://contractadmin.hotbit.io
http://contractadmin.hotbit.io:2082
http://contractadmin.hotbit.io:2086
http://contractadmin.hotbit.io:8080
http://contractadmin.hotbit.io:8880
http://contract.hotbit.io
http://contract.hotbit.io:2086
http://contract.hotbit.io:2095
http://contract.hotbit.io:8080
http://contract.hotbit.io:8880
http://dist.hotbit.io
http://dist.hotbit.io:2082
http://dist.hotbit.io:2086
http://dist.hotbit.io:8080
http://dist.hotbit.io:8880
http://down.hotbit.io
http://down.hotbit.io:2083
http://down.hotbit.io:2086
http://down.hotbit.io:2087
http://down.hotbit.io:2095
http://down.hotbit.io:8080
http://down.hotbit.io:8443
http://down.hotbit.io:8880
http://error.hotbit.io
http://error.hotbit.io:2053
http://error.hotbit.io:2082
http://error.hotbit.io:2083
http://error.hotbit.io:2086
http://error.hotbit.io:2087
http://error.hotbit.io:8080
http://error.hotbit.io:8443
http://error.hotbit.io:8880
http://etfws.hotbit.io
http://etfws.hotbit.io:2083
http://etfws.hotbit.io:2086
http://etfws.hotbit.io:2087
http://etfws.hotbit.io:2095
http://etfws.hotbit.io:8080
http://etfws.hotbit.io:8443
http://etfws.hotbit.io:8880
http://fund.hotbit.io
http://fund.hotbit.io:2083
http://fund.hotbit.io:2086
http://fund.hotbit.io:2087
http://fund.hotbit.io:2095
http://fund.hotbit.io:8080
http://fund.hotbit.io:8443
http://fund.hotbit.io:8880
http://grin.hotbit.io
http://grin.hotbit.io:2083
http://grin.hotbit.io:2086
http://grin.hotbit.io:2087
http://grin.hotbit.io:2095
http://grin.hotbit.io:8080
http://grin.hotbit.io:8443
http://grin.hotbit.io:8880
http://help.hotbit.io
http://help.hotbit.io:2053
http://help.hotbit.io:2087
http://help.hotbit.io:2096
http://help.hotbit.io:8443
http://hotbit.io
http://hotbit.io:2082
http://hotbit.io:2086
http://hotbit.io:8080
http://hotbit.io:8880
http://makeapi.hotbit.io
http://makeapi.hotbit.io:2086
http://makeapi.hotbit.io:2095
http://makeapi.hotbit.io:8080
http://makeapi.hotbit.io:8880
http://m.hotbit.io
http://m.hotbit.io:2086
http://m.hotbit.io:2095
http://m.hotbit.io:8080
http://m.hotbit.io:8880
http://mwc.hotbit.io
http://mwc.hotbit.io:2083
http://mwc.hotbit.io:2086
http://mwc.hotbit.io:2087
http://mwc.hotbit.io:2095
http://mwc.hotbit.io:8080
http://mwc.hotbit.io:8443
http://mwc.hotbit.io:8880
http://otcepay.hotbit.io
http://otcepay.hotbit.io:2086
http://otcepay.hotbit.io:2095
http://otcepay.hotbit.io:8080
http://otcepay.hotbit.io:8880
http://price.hotbit.io
http://price.hotbit.io:2082
http://price.hotbit.io:2086
http://price.hotbit.io:8080
http://price.hotbit.io:8880
https://admin.hotbit.io
https://admin.hotbit.io:2083
https://admin.hotbit.io:2087
https://admin.hotbit.io:8443
https://api.hotbit.io
https://appapi.hotbit.io
https://appapi.hotbit.io:2083
https://appapi.hotbit.io:2087
https://appapi.hotbit.io:8443
https://appversion.hotbit.io
https://appversion.hotbit.io:2053
https://appversion.hotbit.io:2083
https://appversion.hotbit.io:2087
https://appversion.hotbit.io:8443
https://contractadmin.hotbit.io
https://contractadmin.hotbit.io:2053
https://contractadmin.hotbit.io:2083
https://contractadmin.hotbit.io:2087
https://contractadmin.hotbit.io:8443
https://contract.hotbit.io
https://contract.hotbit.io:2083
https://contract.hotbit.io:2087
https://contract.hotbit.io:8443
https://dist.hotbit.io
https://dist.hotbit.io:2053
https://dist.hotbit.io:2083
https://dist.hotbit.io:2087
https://dist.hotbit.io:8443
https://down.hotbit.io
https://etfws.hotbit.io
https://fund.hotbit.io
https://grin.hotbit.io
https://help.hotbit.io
https://help.hotbit.io:2083
https://hotbit.io
https://hotbit.io:2053
https://hotbit.io:2083
https://hotbit.io:2087
https://hotbit.io:8443
https://makeapi.hotbit.io
https://makeapi.hotbit.io:2083
https://makeapi.hotbit.io:2087
https://makeapi.hotbit.io:8443
https://m.hotbit.io
https://m.hotbit.io:2083
https://m.hotbit.io:2087
https://m.hotbit.io:8443
https://mwc.hotbit.io
https://otcepay.hotbit.io
https://otcepay.hotbit.io:2083
https://otcepay.hotbit.io:2087
https://otcepay.hotbit.io:8443
https://price.hotbit.io
https://price.hotbit.io:2053
https://price.hotbit.io:2083
https://price.hotbit.io:2087
https://price.hotbit.io:8443
https://test.hotbit.io
http://support.hotbit.io
http://support.hotbit.io:2083
http://support.hotbit.io:2086
http://support.hotbit.io:2087
http://support.hotbit.io:2095
http://support.hotbit.io:8080
http://support.hotbit.io:8443
http://support.hotbit.io:8880
https://url9878.mailnotice.hotbit.io
https://ws3.hotbit.io
https://ws3.hotbit.io:2083
https://ws3.hotbit.io:2087
https://ws3.hotbit.io:8443
https://ws.hotbit.io
https://ws.hotbit.io:8443
https://www.hotbit.io
https://www.hotbit.io:2053
https://www.hotbit.io:2083
https://www.hotbit.io:2087
https://www.hotbit.io:8443
http://test.hotbit.io
http://test.hotbit.io:2053
http://test.hotbit.io:2082
http://test.hotbit.io:2083
http://test.hotbit.io:2086
http://test.hotbit.io:2087
http://test.hotbit.io:8080
http://test.hotbit.io:8443
http://test.hotbit.io:8880
http://url9878.mailnotice.hotbit.io
http://walletws.hotbit.io
http://walletws.hotbit.io:2083
http://walletws.hotbit.io:2086
http://walletws.hotbit.io:2087
http://walletws.hotbit.io:2095
http://walletws.hotbit.io:8080
http://walletws.hotbit.io:8443
http://walletws.hotbit.io:8880
http://ws3.hotbit.io
http://ws3.hotbit.io:2086
http://ws3.hotbit.io:2095
http://ws3.hotbit.io:8080
http://ws3.hotbit.io:8880
http://ws.hotbit.io
http://ws.hotbit.io:2083
http://ws.hotbit.io:2086
http://ws.hotbit.io:2087
http://ws.hotbit.io:2095
http://ws.hotbit.io:8080
http://ws.hotbit.io:8880
http://www.hotbit.io
http://www.hotbit.io:2082
http://www.hotbit.io:2086
http://www.hotbit.io:8080
http://www.hotbit.io:8880
