http://api.hundred.finance
http://blog.hundred.finance
http://blog.hundred.finance:2083
http://blog.hundred.finance:2087
http://blog.hundred.finance:8080
http://blog.hundred.finance:8880
http://dashboard.hundred.finance
http://docs.hundred.finance
http://docs.hundred.finance:2082
http://docs.hundred.finance:2086
http://docs.hundred.finance:8080
http://docs.hundred.finance:8880
http://forum.hundred.finance
http://hundred.finance
http://lendly.hundred.finance
http://migration.hundred.finance
http://old.hundred.finance
https://api.hundred.finance
https://blog.hundred.finance
https://dashboard.hundred.finance
https://docs.hundred.finance
https://docs.hundred.finance:2083
https://docs.hundred.finance:2087
https://docs.hundred.finance:8443
https://forum.hundred.finance
https://hundred.finance
https://lendly.hundred.finance
https://migration.hundred.finance
https://old.hundred.finance
https://vote.hundred.finance
https://www.hundred.finance
http://vote.hundred.finance
http://www.hundred.finance
