http://0206shin.blog.huobi.com
http://6shin.blog.huobi.com
http://account.huobi.com
http://account.huobi.com:2052
http://account.huobi.com:2082
http://account.huobi.com:2083
http://account.huobi.com:2086
http://account.huobi.com:2087
http://account.huobi.com:8080
http://account.huobi.com:8880
http://amecomimovienews.blog.huobi.com
http://amehou.blog.huobi.com
http://aphantomtheater.blog.huobi.com
http://api.huobi.com
http://api.huobi.com:2052
http://api.huobi.com:2082
http://api.huobi.com:2083
http://api.huobi.com:2086
http://api.huobi.com:2087
http://api.huobi.com:8080
http://api.huobi.com:8880
http://asset.huobi.com
http://asset.huobi.com:2052
http://asset.huobi.com:2082
http://asset.huobi.com:2083
http://asset.huobi.com:2086
http://asset.huobi.com:2087
http://asset.huobi.com:8080
http://asset.huobi.com:8880
http://autodiscover.huobi.com
http://autodiscover.mm.huobi.com
http://bakutotsuma.blog.huobi.com
http://blog.huobi.com
http://brokerage.huobi.com
http://brokerage.huobi.com:2082
http://brokerage.huobi.com:2083
http://brokerage.huobi.com:2086
http://brokerage.huobi.com:2087
http://brokerage.huobi.com:8080
http://brokerage.huobi.com:8443
http://brokerage.huobi.com:8880
http://broker.huobi.com
http://broker.huobi.com:2052
http://broker.huobi.com:2082
http://broker.huobi.com:2083
http://broker.huobi.com:2086
http://broker.huobi.com:2087
http://broker.huobi.com:8080
http://broker.huobi.com:8880
http://c2c.huobi.com
http://c2c.huobi.com:2052
http://c2c.huobi.com:2082
http://c2c.huobi.com:2083
http://c2c.huobi.com:2086
http://c2c.huobi.com:2087
http://c2c.huobi.com:8080
http://c2c.huobi.com:8880
http://cde.pre.1a.blog.huobi.com
http://charity.huobi.com
http://charity.huobi.com:2082
http://charity.huobi.com:2083
http://charity.huobi.com:2086
http://charity.huobi.com:2087
http://charity.huobi.com:8080
http://charity.huobi.com:8443
http://charity.huobi.com:8880
http://chat.huobi.com
http://chat.huobi.com:2082
http://chat.huobi.com:2083
http://chat.huobi.com:2086
http://chat.huobi.com:2087
http://chat.huobi.com:8080
http://chat.huobi.com:8443
http://chat.huobi.com:8880
http://dm.huobi.com
http://dm.huobi.com:2082
http://dm.huobi.com:2083
http://dm.huobi.com:2086
http://dm.huobi.com:2087
http://dm.huobi.com:8080
http://dm.huobi.com:8443
http://dm.huobi.com:8880
http://eco.huobi.com
http://eco.huobi.com:2082
http://eco.huobi.com:2083
http://eco.huobi.com:2086
http://eco.huobi.com:2087
http://eco.huobi.com:8080
http://eco.huobi.com:8443
http://eco.huobi.com:8880
http://enterpriseenrollment.huobi.com
http://enterpriseenrollment.mm.huobi.com
http://enterpriseregistration.huobi.com
http://enterpriseregistration.mm.huobi.com
http://futures.huobi.com
http://futures.huobi.com:2082
http://futures.huobi.com:2083
http://futures.huobi.com:2086
http://futures.huobi.com:2087
http://futures.huobi.com:8080
http://futures.huobi.com:8443
http://futures.huobi.com:8880
http://general.huobi.com
http://general.huobi.com:2082
http://general.huobi.com:2083
http://general.huobi.com:2086
http://general.huobi.com:2087
http://general.huobi.com:8080
http://general.huobi.com:8443
http://general.huobi.com:8880
http://hdm.huobi.com
http://hdm.huobi.com:2082
http://hdm.huobi.com:2083
http://hdm.huobi.com:2086
http://hdm.huobi.com:2087
http://hdm.huobi.com:8080
http://hdm.huobi.com:8443
http://hdm.huobi.com:8880
http://huobi.com
http://huobi.com:2082
http://huobi.com:2086
http://huobi.com:8080
http://im.huobi.com
http://im.huobi.com:2082
http://im.huobi.com:2083
http://im.huobi.com:2086
http://im.huobi.com:2087
http://im.huobi.com:8080
http://im.huobi.com:8443
http://im.huobi.com:8880
http://institution.huobi.com
http://institution.huobi.com:2082
http://institution.huobi.com:2083
http://institution.huobi.com:2086
http://institution.huobi.com:2087
http://institution.huobi.com:8080
http://institution.huobi.com:8443
http://institution.huobi.com:8880
http://kr.huobi.com
http://kr.huobi.com:2052
http://kr.huobi.com:2082
http://kr.huobi.com:2086
http://kr.huobi.com:8080
http://kr.huobi.com:8880
http://kyc.huobi.com
http://kyc.huobi.com:2082
http://kyc.huobi.com:2086
http://kyc.huobi.com:2087
http://kyc.huobi.com:8080
http://kyc.huobi.com:8443
http://kyc.huobi.com:8880
http://learn.huobi.com
http://learn.huobi.com:2052
http://learn.huobi.com:2082
http://learn.huobi.com:2083
http://learn.huobi.com:2086
http://learn.huobi.com:2087
http://learn.huobi.com:8080
http://learn.huobi.com:8880
http://lt.huobi.com
http://lt.huobi.com:2052
http://lt.huobi.com:2082
http://lt.huobi.com:2083
http://lt.huobi.com:2086
http://lt.huobi.com:2087
http://lt.huobi.com:8080
http://lt.huobi.com:8880
http://lus.huobi.com
http://lus.huobi.com:2082
http://lus.huobi.com:2086
http://lus.huobi.com:8080
http://lus.huobi.com:8880
http://lyncdiscover.huobi.com
http://lyncdiscover.mm.huobi.com
http://mailagent.huobi.com
http://mailagent.huobi.com:22
http://mail.huobi.com
http://market.huobi.com
http://market.huobi.com:2082
http://market.huobi.com:2083
http://market.huobi.com:2086
http://market.huobi.com:2087
http://market.huobi.com:8080
http://market.huobi.com:8443
http://market.huobi.com:8880
http://m.huobi.com
http://m.huobi.com:2082
http://m.huobi.com:2083
http://m.huobi.com:2086
http://m.huobi.com:2087
http://m.huobi.com:8080
http://m.huobi.com:8443
http://m.huobi.com:8880
http://mis-api.huobi.com
http://mis-api.huobi.com:2052
http://mis-api.huobi.com:2082
http://mis-api.huobi.com:2086
http://mis-api.huobi.com:8080
http://mis-api.huobi.com:8880
http://mobile.huobi.com
http://mobile.huobi.com:2052
http://mobile.huobi.com:2082
http://mobile.huobi.com:2083
http://mobile.huobi.com:2086
http://mobile.huobi.com:2087
http://mobile.huobi.com:8080
http://mobile.huobi.com:8880
http://nft.huobi.com
http://nft.huobi.com:2082
http://nft.huobi.com:2083
http://nft.huobi.com:2086
http://nft.huobi.com:2087
http://nft.huobi.com:8080
http://nft.huobi.com:8443
http://nft.huobi.com:8880
http://nft-old.huobi.com
http://nft-old.huobi.com:2082
http://nft-old.huobi.com:2083
http://nft-old.huobi.com:2086
http://nft-old.huobi.com:2087
http://nft-old.huobi.com:8080
http://nft-old.huobi.com:8443
http://nft-old.huobi.com:8880
http://old.huobi.com
http://old.huobi.com:2052
http://old.huobi.com:2082
http://old.huobi.com:2083
http://old.huobi.com:2086
http://old.huobi.com:2087
http://old.huobi.com:8080
http://old.huobi.com:8880
http://otc-api.huobi.com
http://otc-api.huobi.com:2082
http://otc-api.huobi.com:2083
http://otc-api.huobi.com:2086
http://otc-api.huobi.com:2087
http://otc-api.huobi.com:8080
http://otc-api.huobi.com:8443
http://otc-api.huobi.com:8880
http://otc.huobi.com
http://otc.huobi.com:2052
http://otc.huobi.com:2082
http://otc.huobi.com:2083
http://otc.huobi.com:2086
http://otc.huobi.com:2087
http://otc.huobi.com:8080
http://otc.huobi.com:8880
http://pledge.huobi.com
http://pledge.huobi.com:2082
http://pledge.huobi.com:2083
http://pledge.huobi.com:2086
http://pledge.huobi.com:2087
http://pledge.huobi.com:8080
http://pledge.huobi.com:8443
http://pledge.huobi.com:8880
http://pool.huobi.com
http://pool.huobi.com:2052
http://pool.huobi.com:2082
http://pool.huobi.com:2083
http://pool.huobi.com:2086
http://pool.huobi.com:2087
http://pool.huobi.com:8080
http://pool.huobi.com:8880
http://research-api.huobi.com
http://research-api.huobi.com:2052
http://research-api.huobi.com:2082
http://research-api.huobi.com:2083
http://research-api.huobi.com:2086
http://research-api.huobi.com:2087
http://research-api.huobi.com:8080
http://research-api.huobi.com:8880
http://research.huobi.com
http://research.huobi.com:2052
http://research.huobi.com:2082
http://research.huobi.com:2083
http://research.huobi.com:2086
http://research.huobi.com:2087
http://research.huobi.com:8080
http://research.huobi.com:8880
https://0206shin.blog.huobi.com
https://6shin.blog.huobi.com
https://account.huobi.com
https://amecomimovienews.blog.huobi.com
https://amehou.blog.huobi.com
https://aphantomtheater.blog.huobi.com
https://api.huobi.com
https://bakutotsuma.blog.huobi.com
https://blog.huobi.com
https://brokerage.huobi.com
https://broker.huobi.com
https://c2c.huobi.com
https://cde.pre.1a.blog.huobi.com
https://charity.huobi.com
https://dm.huobi.com
https://eco.huobi.com
https://enterpriseenrollment.huobi.com
https://enterpriseenrollment.mm.huobi.com
https://enterpriseregistration.huobi.com
https://enterpriseregistration.mm.huobi.com
https://futures.huobi.com
https://general.huobi.com
https://hdm.huobi.com
https://huobi.com
https://huobi.com:2087
https://huobi.com:8443
https://institution.huobi.com
https://kr.huobi.com
https://kr.huobi.com:2083
https://kr.huobi.com:2087
https://kyc.huobi.com
https://kyc.huobi.com:2083
https://learn.huobi.com
https://lt.huobi.com
https://lus.huobi.com
https://lus.huobi.com:2083
https://lus.huobi.com:2087
https://lus.huobi.com:8443
https://lyncdiscover.huobi.com
https://lyncdiscover.mm.huobi.com
https://mail.huobi.com
https://market.huobi.com
https://m.huobi.com
https://mis-api.huobi.com
https://mis-api.huobi.com:2083
https://mis-api.huobi.com:2087
https://mobile.huobi.com
https://nft.huobi.com
https://nft-old.huobi.com
https://old.huobi.com
https://otc-api.huobi.com
https://otc.huobi.com
https://pledge.huobi.com
https://pool.huobi.com
https://research-api.huobi.com
https://research.huobi.com
https://sip.huobi.com
https://sip.mm.huobi.com
https://static.huobi.com
http://static.huobi.com
http://static.huobi.com:2052
http://static.huobi.com:2082
http://static.huobi.com:2083
http://static.huobi.com:2086
http://static.huobi.com:2087
http://static.huobi.com:8080
http://static.huobi.com:8880
https://test01.huobi.com
https://track.huobi.com
https://uc-cn.huobi.com
https://uc.huobi.com
https://uc.huobi.com:2083
https://uc.huobi.com:2087
https://uc.huobi.com:8443
https://www.blog.huobi.com
https://www.huobi.com
https://www.www.www.amecomimovienews.blog.huobi.com
https://www.www.www.www.amecomimovienews.blog.huobi.com
https://www.www.www.www.www.amecomimovienews.blog.huobi.com
https://www.www.www.www.www.www.amecomimovienews.blog.huobi.com
https://www.www.www.www.www.www.www.amecomimovienews.blog.huobi.com
https://www.www.www.www.www.www.www.www.www.www.www.www.www.www.www.www.www.www.www.www.www.www.www.www.www.www.www.www.www.www.www.blog.huobi.com
https://www.www.www.www.www.www.www.www.www.www.www.www.www.www.www.www.www.www.www.www.www.www.www.www.www.www.www.www.www.www.www.www.blog.huobi.com
https://www.www.www.www.www.www.www.www.www.www.www.www.www.www.www.www.www.www.www.www.www.www.www.www.www.www.www.www.www.www.www.www.www.blog.huobi.com
https://www.www.www.www.www.www.www.www.www.www.www.www.www.www.www.www.www.www.www.www.www.www.www.www.www.www.www.www.www.www.www.www.www.www.blog.huobi.com
https://www.www.www.www.www.www.www.www.www.www.www.www.www.www.www.www.www.www.www.www.www.www.www.www.www.www.www.www.www.www.www.www.www.www.www.blog.huobi.com
https://www.www.www.www.www.www.www.www.www.www.www.www.www.www.www.www.www.www.www.www.www.www.www.www.www.www.www.www.www.www.www.www.www.www.www.www.blog.huobi.com
https://www.www.www.www.www.www.www.www.www.www.www.www.www.www.www.www.www.www.www.www.www.www.www.www.www.www.www.www.www.www.www.www.www.www.www.www.www.blog.huobi.com
https://www.www.www.www.www.www.www.www.www.www.www.www.www.www.www.www.www.www.www.www.www.www.www.www.www.www.www.www.www.www.www.www.www.www.www.www.www.www.blog.huobi.com
https://www.www.www.www.www.www.www.www.www.www.www.www.www.www.www.www.www.www.www.www.www.www.www.www.www.www.www.www.www.www.www.www.www.www.www.www.www.www.www.blog.huobi.com
https://www.www.www.www.www.www.www.www.www.www.www.www.www.www.www.www.www.www.www.www.www.www.www.www.www.www.www.www.www.www.www.www.www.www.www.www.www.www.www.www.blog.huobi.com
https://www.www.www.www.www.www.www.www.www.www.www.www.www.www.www.www.www.www.www.www.www.www.www.www.www.www.www.www.www.www.www.www.www.www.www.www.www.www.www.www.www.blog.huobi.com
https://zendesk1.huobi.com
https://zendesk3.huobi.com
https://zendesk4.huobi.com
http://test01.huobi.com
http://test01.huobi.com:2082
http://test01.huobi.com:2083
http://test01.huobi.com:2086
http://test01.huobi.com:2087
http://test01.huobi.com:8080
http://test01.huobi.com:8443
http://test01.huobi.com:8880
http://track.huobi.com
http://track.huobi.com:2082
http://track.huobi.com:2083
http://track.huobi.com:2086
http://track.huobi.com:2087
http://track.huobi.com:8080
http://track.huobi.com:8443
http://track.huobi.com:8880
http://uc-cn.huobi.com
http://uc-cn.huobi.com:2082
http://uc-cn.huobi.com:2083
http://uc-cn.huobi.com:2086
http://uc-cn.huobi.com:2087
http://uc-cn.huobi.com:8080
http://uc-cn.huobi.com:8443
http://uc-cn.huobi.com:8880
http://uc.huobi.com
http://uc.huobi.com:2082
http://uc.huobi.com:2086
http://uc.huobi.com:8080
http://uc.huobi.com:8880
http://www.blog.huobi.com
http://www.huobi.com
http://www.huobi.com:2082
http://www.huobi.com:2083
http://www.huobi.com:2086
http://www.huobi.com:2087
http://www.huobi.com:8080
http://www.huobi.com:8443
http://www.huobi.com:8880
http://www.www.www.amecomimovienews.blog.huobi.com
http://www.www.www.www.amecomimovienews.blog.huobi.com
http://www.www.www.www.www.amecomimovienews.blog.huobi.com
http://www.www.www.www.www.www.amecomimovienews.blog.huobi.com
http://www.www.www.www.www.www.www.amecomimovienews.blog.huobi.com
http://www.www.www.www.www.www.www.www.www.www.www.www.www.www.www.www.www.www.www.www.www.www.www.www.www.www.www.www.www.www.www.blog.huobi.com
http://www.www.www.www.www.www.www.www.www.www.www.www.www.www.www.www.www.www.www.www.www.www.www.www.www.www.www.www.www.www.www.www.blog.huobi.com
http://www.www.www.www.www.www.www.www.www.www.www.www.www.www.www.www.www.www.www.www.www.www.www.www.www.www.www.www.www.www.www.www.www.blog.huobi.com
http://www.www.www.www.www.www.www.www.www.www.www.www.www.www.www.www.www.www.www.www.www.www.www.www.www.www.www.www.www.www.www.www.www.www.blog.huobi.com
http://www.www.www.www.www.www.www.www.www.www.www.www.www.www.www.www.www.www.www.www.www.www.www.www.www.www.www.www.www.www.www.www.www.www.www.blog.huobi.com
http://www.www.www.www.www.www.www.www.www.www.www.www.www.www.www.www.www.www.www.www.www.www.www.www.www.www.www.www.www.www.www.www.www.www.www.www.blog.huobi.com
http://www.www.www.www.www.www.www.www.www.www.www.www.www.www.www.www.www.www.www.www.www.www.www.www.www.www.www.www.www.www.www.www.www.www.www.www.www.blog.huobi.com
http://www.www.www.www.www.www.www.www.www.www.www.www.www.www.www.www.www.www.www.www.www.www.www.www.www.www.www.www.www.www.www.www.www.www.www.www.www.www.blog.huobi.com
http://www.www.www.www.www.www.www.www.www.www.www.www.www.www.www.www.www.www.www.www.www.www.www.www.www.www.www.www.www.www.www.www.www.www.www.www.www.www.www.blog.huobi.com
http://www.www.www.www.www.www.www.www.www.www.www.www.www.www.www.www.www.www.www.www.www.www.www.www.www.www.www.www.www.www.www.www.www.www.www.www.www.www.www.www.blog.huobi.com
http://www.www.www.www.www.www.www.www.www.www.www.www.www.www.www.www.www.www.www.www.www.www.www.www.www.www.www.www.www.www.www.www.www.www.www.www.www.www.www.www.www.blog.huobi.com
http://zendesk1.huobi.com
http://zendesk1.huobi.com:2052
http://zendesk1.huobi.com:2053
http://zendesk1.huobi.com:2082
http://zendesk1.huobi.com:2083
http://zendesk1.huobi.com:2086
http://zendesk1.huobi.com:2087
http://zendesk1.huobi.com:2096
http://zendesk1.huobi.com:8080
http://zendesk1.huobi.com:8443
http://zendesk1.huobi.com:8880
http://zendesk3.huobi.com
http://zendesk3.huobi.com:2053
http://zendesk3.huobi.com:2082
http://zendesk3.huobi.com:2083
http://zendesk3.huobi.com:2086
http://zendesk3.huobi.com:2087
http://zendesk3.huobi.com:2095
http://zendesk3.huobi.com:8080
http://zendesk3.huobi.com:8443
http://zendesk3.huobi.com:8880
http://zendesk4.huobi.com
http://zendesk4.huobi.com:2053
http://zendesk4.huobi.com:2082
http://zendesk4.huobi.com:2083
http://zendesk4.huobi.com:2086
http://zendesk4.huobi.com:2087
http://zendesk4.huobi.com:2095
http://zendesk4.huobi.com:8080
http://zendesk4.huobi.com:8443
http://zendesk4.huobi.com:8880
