http://api-docs-v2.idex.io
http://api-docs-v2.idex.io:2082
http://api-docs-v2.idex.io:2083
http://api-docs-v2.idex.io:2086
http://api-docs-v2.idex.io:2087
http://api-docs-v2.idex.io:2095
http://api-docs-v2.idex.io:8080
http://api-docs-v2.idex.io:8443
http://api-docs-v2.idex.io:8880
http://api-docs-v3.idex.io
http://api-docs-v3.idex.io:2083
http://api-docs-v3.idex.io:2086
http://api-docs-v3.idex.io:2087
http://api-docs-v3.idex.io:8880
http://api.eu-west-1.p9-prod-mainnet.ops.idex.io
http://api.eu-west-1.p9-prod-sub-matic-mainnet.ops.idex.io
http://api.eu-west-1.p9-sandbox-rinkeby.ops.idex.io
http://api.eu-west-1.p9-sandbox-sub-matic-mumbai.ops.idex.io
http://api-matic.idex.io
http://api-sandbox-matic.idex.io
http://blog.idex.io
http://careers.idex.io
http://datastream-api-demo.idex.io
http://datastream-api-demo.idex.io:2086
http://datastream-api-demo.idex.io:8880
http://docs.idex.io
http://docs.idex.io:2082
http://docs.idex.io:2086
http://docs.idex.io:8080
http://docs.idex.io:8880
http://exchange-feature-1-prod.idex.io
http://exchange-feature-1-prod.idex.io:2082
http://exchange-feature-1-prod.idex.io:2086
http://exchange-feature-1-prod.idex.io:2095
http://exchange-feature-1-prod.idex.io:8080
http://exchange-feature-1-prod.idex.io:8880
http://exchange-feature-2-prod.idex.io
http://exchange-feature-2-prod.idex.io:2086
http://exchange-feature-2-prod.idex.io:8880
http://exchange-feature-2-prod-public.idex.io
http://exchange-feature-3-prod.idex.io
http://exchange-feature-3-prod.idex.io:2086
http://exchange-feature-3-prod.idex.io:8880
http://exchange-feature-4-prod.idex.io
http://exchange-feature-4-prod.idex.io:2086
http://exchange-feature-4-prod.idex.io:8880
http://exchange.idex.io
http://farms.idex.io
http://farms.idex.io:2086
http://farms.idex.io:8880
http://farms-staging.idex.io
http://farms-staging.idex.io:2082
http://farms-staging.idex.io:2086
http://farms-staging.idex.io:2095
http://farms-staging.idex.io:8080
http://farms-staging.idex.io:8880
http://help.idex.io
http://help.idex.io:2086
http://help.idex.io:8880
http://idex.io
http://idex.io:2082
http://idex.io:2086
http://idex.io:2095
http://idex.io:8080
http://idex.io:8880
http://rest-api-demo.idex.io
http://rest-api-demo.idex.io:2086
http://rest-api-demo.idex.io:8880
http://sandbox.idex.io
http://sandbox.idex.io:2086
http://sandbox.idex.io:8880
https://api-docs-v2.idex.io
https://api-docs-v3.idex.io
https://api.eu-west-1.p9-prod-mainnet.ops.idex.io
https://api.eu-west-1.p9-prod-sub-matic-mainnet.ops.idex.io
https://api.eu-west-1.p9-sandbox-rinkeby.ops.idex.io
https://api.eu-west-1.p9-sandbox-sub-matic-mumbai.ops.idex.io
https://api-matic.idex.io
https://api-sandbox-matic.idex.io
https://blog.idex.io
https://careers.idex.io
http://sc.idex.io
http://sc-sandbox.idex.io
https://datastream-api-demo.idex.io
https://datastream-api-demo.idex.io:2083
https://datastream-api-demo.idex.io:2087
https://docs.idex.io
https://docs.idex.io:2083
https://docs.idex.io:2087
https://docs.idex.io:8443
https://exchange-feature-1-prod.idex.io
https://exchange-feature-1-prod.idex.io:2083
https://exchange-feature-1-prod.idex.io:2087
https://exchange-feature-1-prod.idex.io:8443
https://exchange-feature-2-prod.idex.io
https://exchange-feature-2-prod.idex.io:2083
https://exchange-feature-2-prod.idex.io:2087
https://exchange-feature-2-prod-public.idex.io
https://exchange-feature-3-prod.idex.io
https://exchange-feature-3-prod.idex.io:2083
https://exchange-feature-3-prod.idex.io:2087
https://exchange-feature-4-prod.idex.io
https://exchange-feature-4-prod.idex.io:2083
https://exchange-feature-4-prod.idex.io:2087
https://exchange.idex.io
https://farms.idex.io
https://farms.idex.io:2083
https://farms.idex.io:2087
https://farms-staging.idex.io
https://farms-staging.idex.io:2083
https://farms-staging.idex.io:2087
https://farms-staging.idex.io:8443
https://help.idex.io
https://help.idex.io:2083
https://help.idex.io:2087
https://idex.io
https://idex.io:2083
https://idex.io:2087
https://idex.io:8443
https://rest-api-demo.idex.io
https://rest-api-demo.idex.io:2083
https://rest-api-demo.idex.io:2087
https://sandbox.idex.io
https://sandbox.idex.io:2083
https://sandbox.idex.io:2087
https://sc.idex.io
https://sc-sandbox.idex.io
https://staking.idex.io
https://staking.idex.io:2083
https://staking.idex.io:2087
http://staking.idex.io
http://staking.idex.io:2086
http://staking.idex.io:8880
https://url5913.idex.io
https://websocket-matic.idex.io
https://websocket-sandbox-matic.idex.io
https://widgets-exchange-feature-1-prod.idex.io
https://widgets-exchange-feature-1-prod.idex.io:2083
https://widgets-exchange-feature-1-prod.idex.io:2087
https://widgets-exchange-feature-1-prod.idex.io:8443
https://widgets-exchange-feature-2-prod.idex.io
https://widgets-exchange-feature-2-prod.idex.io:2083
https://widgets-exchange-feature-2-prod.idex.io:2087
https://widgets-exchange-feature-3-prod.idex.io
https://widgets-exchange-feature-3-prod.idex.io:2083
https://widgets-exchange-feature-3-prod.idex.io:2087
https://widgets-exchange-feature-4-prod.idex.io
https://widgets-exchange-feature-4-prod.idex.io:2083
https://widgets-exchange-feature-4-prod.idex.io:2087
https://widgets-exchange.idex.io
https://www.careers.idex.io
https://www.idex.io
https://www.idex.io:2083
https://www.idex.io:2087
https://www.sandbox.idex.io
https://www.sandbox.idex.io:2083
https://www.sandbox.idex.io:2087
https://www.sandbox.idex.io:8443
http://url5913.idex.io
http://websocket-matic.idex.io
http://websocket-sandbox-matic.idex.io
http://widgets-exchange-feature-1-prod.idex.io
http://widgets-exchange-feature-1-prod.idex.io:2082
http://widgets-exchange-feature-1-prod.idex.io:2086
http://widgets-exchange-feature-1-prod.idex.io:2095
http://widgets-exchange-feature-1-prod.idex.io:8080
http://widgets-exchange-feature-1-prod.idex.io:8880
http://widgets-exchange-feature-2-prod.idex.io
http://widgets-exchange-feature-2-prod.idex.io:2086
http://widgets-exchange-feature-2-prod.idex.io:8880
http://widgets-exchange-feature-3-prod.idex.io
http://widgets-exchange-feature-3-prod.idex.io:2086
http://widgets-exchange-feature-3-prod.idex.io:8880
http://widgets-exchange-feature-4-prod.idex.io
http://widgets-exchange-feature-4-prod.idex.io:2086
http://widgets-exchange-feature-4-prod.idex.io:8880
http://widgets-exchange.idex.io
http://www.careers.idex.io
http://www.idex.io
http://www.idex.io:2086
http://www.idex.io:8880
http://www.sandbox.idex.io
http://www.sandbox.idex.io:2082
http://www.sandbox.idex.io:2086
http://www.sandbox.idex.io:2095
http://www.sandbox.idex.io:8080
http://www.sandbox.idex.io:8880
