http://claim-weth.illuvium.io
http://council.illuvium.io
http://council.illuvium.io:8082
http://council.illuvium.io:8084
http://council.illuvium.io:8085
http://docs.illuvium.io
http://gov.illuvium.io
http://gov.illuvium.io:8082
http://gov.illuvium.io:8084
http://gov.illuvium.io:8085
http://illuvidex.illuvium.io
http://illuvium.io
http://join.illuvium.io
http://play.illuvium.io
https://claim-weth.illuvium.io
https://council.illuvium.io
https://council.illuvium.io:1935
https://docs.illuvium.io
https://gov.illuvium.io
https://gov.illuvium.io:1935
https://illuvidex.illuvium.io
https://illuvium.io
http://silv2.illuvium.io
https://join.illuvium.io
https://play.illuvium.io
https://silv2.illuvium.io
https://staking.illuvium.io
http://staking.illuvium.io
https://vesting.illuvium.io
https://www.illuvium.io
http://vesting.illuvium.io
http://www.illuvium.io
