http://api-beta.interlay.io
http://api-beta.interlay.io:2053
http://api-beta.interlay.io:2083
http://api-beta.interlay.io:2087
http://api-beta.interlay.io:8443
http://api-dev-demo.interlay.io
http://api-dev-demo.interlay.io:2053
http://api-dev-demo.interlay.io:2083
http://api-dev-demo.interlay.io:2087
http://api-dev-demo.interlay.io:8443
http://api-dev.interlay.io
http://api-dev.interlay.io:2083
http://api-dev.interlay.io:2087
http://api-dev.interlay.io:2096
http://api-dev.interlay.io:8443
http://api-dev-kintsugi.interlay.io
http://api-dev-kintsugi.interlay.io:2083
http://api-dev-kintsugi.interlay.io:2087
http://api-dev-kintsugi.interlay.io:2096
http://api-dev-kintsugi.interlay.io:8443
http://api-dev-ksm.interlay.io
http://api-dev-ksm.interlay.io:2053
http://api-dev-ksm.interlay.io:2083
http://api-dev-ksm.interlay.io:2087
http://api-dev-ksm.interlay.io:8443
http://api-dev-ksm-mainnet.interlay.io
http://api-dev-ksm-mainnet.interlay.io:2083
http://api-dev-ksm-mainnet.interlay.io:2087
http://api-dev-ksm-mainnet.interlay.io:2095
http://api-dev-ksm-mainnet.interlay.io:2096
http://api-dev-ksm-mainnet.interlay.io:8443
http://api-dev-moonbeam.interlay.io
http://api-dev-moonbeam.interlay.io:2083
http://api-dev-moonbeam.interlay.io:2087
http://api-dev-moonbeam.interlay.io:8443
http://api-dev-opensquare.interlay.io
http://api-dev-opensquare.interlay.io:2083
http://api-dev-opensquare.interlay.io:2087
http://api-dev-opensquare.interlay.io:2096
http://api-dev-opensquare.interlay.io:8443
http://api-dev-parachain.interlay.io
http://api-dev-parachain.interlay.io:2083
http://api-dev-parachain.interlay.io:2087
http://api-dev-parachain.interlay.io:8443
http://api.interlay.io
http://api.interlay.io:2083
http://api.interlay.io:2087
http://api.interlay.io:2096
http://api.interlay.io:8443
http://api-kusama.interlay.io
http://api-kusama.interlay.io:2053
http://api-kusama.interlay.io:2083
http://api-kusama.interlay.io:2087
http://api-kusama.interlay.io:8443
http://api-rococo.interlay.io
http://api-rococo.interlay.io:2083
http://api-rococo.interlay.io:2087
http://api-rococo.interlay.io:2096
http://api-rococo.interlay.io:8443
http://api-test.interlay.io
http://api-test.interlay.io:2083
http://api-test.interlay.io:2087
http://api-test.interlay.io:8443
http://api-testnet.interlay.io
http://api-testnet.interlay.io:2083
http://api-testnet.interlay.io:2087
http://api-testnet.interlay.io:8443
http://api-westend.interlay.io
http://api-westend.interlay.io:2083
http://api-westend.interlay.io:2087
http://api-westend.interlay.io:2096
http://api-westend.interlay.io:8443
http://app.interlay.io
http://app-master.interlay.io
http://bridge.interlay.io
http://btc-mainnet.interlay.io
http://btc-mainnet.interlay.io:2083
http://btc-mainnet.interlay.io:2087
http://btc-mainnet.interlay.io:8080
http://btc-mainnet.interlay.io:8443
http://btc-testnet.interlay.io
http://btc-testnet.interlay.io:2083
http://btc-testnet.interlay.io:2087
http://btc-testnet.interlay.io:8443
http://claim-kint.interlay.io
http://claim-kint.interlay.io:2083
http://claim-kint.interlay.io:2087
http://claim-kint.interlay.io:8443
http://crowdloan-geoblock.interlay.io
http://crowdloan.interlay.io
http://crowdloan.interlay.io:2082
http://crowdloan.interlay.io:2086
http://crowdloan.interlay.io:2095
http://crowdloan.interlay.io:8080
http://crowdloan.interlay.io:8880
http://dev-kintsugi.interlay.io
http://docs.interlay.io
http://gha-hooks.interlay-dev.interlay.io
http://graphql-beta.interlay.io
http://graphql-beta.interlay.io:2053
http://graphql-beta.interlay.io:2083
http://graphql-beta.interlay.io:2087
http://graphql-beta.interlay.io:8443
http://graphql-dev.interlay.io
http://graphql-dev.interlay.io:2083
http://graphql-dev.interlay.io:2087
http://graphql-dev.interlay.io:8443
http://graphql-dev-ksm.interlay.io
http://graphql-dev-ksm.interlay.io:2083
http://graphql-dev-ksm.interlay.io:2086
http://graphql-dev-ksm.interlay.io:2087
http://graphql-dev-ksm.interlay.io:2096
http://graphql-dev-ksm.interlay.io:8443
http://helm.interlay.io
http://hubble.interbtc-prod.interlay.io
http://id.interlay.io
http://id.interlay.io:2053
http://id.interlay.io:2083
http://id.interlay.io:2087
http://id.interlay.io:8443
http://info.interlay.io
http://info.interlay.io:2082
http://info.interlay.io:2086
http://info.interlay.io:8080
http://info.interlay.io:8880
http://interlay.io
http://interlay.io:2083
http://interlay.io:2087
http://interlay.io:8443
http://kintnet.interlay.io
http://kintsugi-dev.interlay-dev.interlay.io
http://kintsugi-info-only.interlay.io
http://kintsugi-info-only.interlay.io:2083
http://kintsugi-info-only.interlay.io:2087
http://kintsugi-info-only.interlay.io:8443
http://kintsugi.interlay.io
http://kintsugi-master.interlay.io
http://mon.interbtc-prod.interlay.io
http://mon.interlay-dev.interlay.io
http://mon.interlay-mgmt.interlay.io
http://mon.kintsugi-prod.interlay.io
http://pga.interlay.io
http://pga.interlay.io:2053
http://pga.interlay.io:2083
http://pga.interlay.io:2087
http://pga.interlay.io:8443
http://pga.kintsugi-prod.interlay.io
http://rococo-local.interlay-dev.interlay.io
https://api-beta.interlay.io
https://api-dev-demo.interlay.io
https://api-dev.interlay.io
https://api-dev-kintsugi.interlay.io
https://api-dev-ksm.interlay.io
https://api-dev-ksm-mainnet.interlay.io
https://api-dev-moonbeam.interlay.io
https://api-dev-opensquare.interlay.io
https://api-dev-parachain.interlay.io
https://api.interlay.io
https://api-kusama.interlay.io
https://api-rococo.interlay.io
https://api-test.interlay.io
https://api-testnet.interlay.io
https://api-westend.interlay.io
https://app.interlay.io
https://app-master.interlay.io
https://bridge.interlay.io
https://btc-mainnet.interlay.io
https://btc-testnet.interlay.io
https://claim-kint.interlay.io
https://crowdloan-geoblock.interlay.io
https://crowdloan.interlay.io
https://crowdloan.interlay.io:2083
https://crowdloan.interlay.io:2087
https://crowdloan.interlay.io:2096
https://crowdloan.interlay.io:8443
https://dev-kintsugi.interlay.io
https://docs.interlay.io
https://gha-hooks.interlay-dev.interlay.io
https://graphql-beta.interlay.io
https://graphql-dev.interlay.io
https://graphql-dev-ksm.interlay.io
https://helm.interlay.io
http://shop.interlay.io
http://shop.interlay.io:2052
http://shop.interlay.io:2082
http://shop.interlay.io:2086
http://shop.interlay.io:2095
http://shop.interlay.io:8080
http://shop.interlay.io:8880
https://hubble.interbtc-prod.interlay.io
https://id.interlay.io
https://info.interlay.io
https://info.interlay.io:2053
https://info.interlay.io:2083
https://info.interlay.io:2087
https://info.interlay.io:8443
https://interlay.io
https://kintnet.interlay.io
https://kintsugi-dev.interlay-dev.interlay.io
https://kintsugi-info-only.interlay.io
https://kintsugi.interlay.io
https://kintsugi-master.interlay.io
https://mon.interbtc-prod.interlay.io
https://mon.interlay-dev.interlay.io
https://mon.interlay-mgmt.interlay.io
https://mon.kintsugi-prod.interlay.io
http://spec.interlay.io
https://pga.interlay.io
https://pga.kintsugi-prod.interlay.io
https://rococo-local.interlay-dev.interlay.io
https://shop.interlay.io
https://shop.interlay.io:2053
https://shop.interlay.io:2083
https://shop.interlay.io:2087
https://shop.interlay.io:2096
https://shop.interlay.io:8443
https://spec.interlay.io
https://staging.interlay-dev.interlay.io
https://staging.interlay.io
https://static.interlay.io
https://static.interlay.io:2087
http://staging.interlay-dev.interlay.io
http://staging.interlay.io
http://static.interlay.io
http://static.interlay.io:2083
http://static.interlay.io:8443
https://telemetry.interlay.io
https://testnet.interlay.io
https://thanos-sidecar.interbtc-prod.interlay.io
https://wp.interlay.io
https://www.interlay.io
http://telemetry.interlay.io
http://telemetry.interlay.io:2083
http://telemetry.interlay.io:2087
http://telemetry.interlay.io:2096
http://telemetry.interlay.io:8443
http://testnet.interlay.io
http://thanos-sidecar.interbtc-prod.interlay.io
http://wp.interlay.io
http://wp.interlay.io:2053
http://wp.interlay.io:2083
http://wp.interlay.io:2087
http://wp.interlay.io:8443
http://www.interlay.io
http://www.interlay.io:2053
http://www.interlay.io:2083
http://www.interlay.io:2087
http://www.interlay.io:8443
