http://avatar.iopay.me
http://avatar.iopay.me:2083
http://avatar.iopay.me:2087
http://avatar.iopay.me:8443
http://coingecko-proxy.iopay.me
http://coingecko-proxy.iopay.me:8082
http://coingecko-proxy.iopay.me:8084
http://coingecko-proxy.iopay.me:8085
http://docs.iopay.me
http://docs.iopay.me:2082
http://docs.iopay.me:2086
http://docs.iopay.me:8080
http://docs.iopay.me:8880
http://feedback.iopay.me
http://iopay.me
http://iopay.me:2082
http://iopay.me:8080
http://iopay.me:8880
http://iopayproject.iopay.me
http://iopayproject.iopay.me:8082
http://iopayproject.iopay.me:8084
http://iopayproject.iopay.me:8085
http://nft.iopay.me
http://nft.iopay.me:2082
http://nft.iopay.me:2086
http://nft.iopay.me:2095
http://nft.iopay.me:8080
http://nft.iopay.me:8880
https://avatar.iopay.me
https://coingecko-proxy.iopay.me
https://coingecko-proxy.iopay.me:1935
https://docs.iopay.me
https://docs.iopay.me:2053
https://docs.iopay.me:2083
https://docs.iopay.me:2087
https://docs.iopay.me:8443
https://feedback.iopay.me
https://iopay.me
https://iopay.me:2087
https://iopay.me:8443
https://iopayproject.iopay.me
https://iopayproject.iopay.me:1935
https://nft.iopay.me
https://nft.iopay.me:2053
https://nft.iopay.me:2083
https://nft.iopay.me:2087
https://nft.iopay.me:8443
https://web.iopay.me
https://web.iopay.me:2053
https://web.iopay.me:2083
https://web.iopay.me:2087
https://web.iopay.me:8443
https://www.iopay.me
https://www.iopay.me:2053
https://www.iopay.me:2083
https://www.iopay.me:2087
https://www.iopay.me:8443
http://web.iopay.me
http://web.iopay.me:2052
http://web.iopay.me:2082
http://web.iopay.me:2086
http://web.iopay.me:8080
http://www.iopay.me
http://www.iopay.me:2082
http://www.iopay.me:2086
http://www.iopay.me:2095
http://www.iopay.me:8080
http://www.iopay.me:8880
