http://iotexscout.io
http://iotexscout.io:2052
http://iotexscout.io:2082
http://iotexscout.io:8080
http://iotexscout.io:8880
https://iotexscout.io
https://iotexscout.io:2083
https://iotexscout.io:2087
https://iotexscout.io:8443
https://testnet.iotexscout.io
https://testnet.iotexscout.io:2083
https://testnet.iotexscout.io:2087
https://testnet.iotexscout.io:8443
https://www.iotexscout.io
https://www.iotexscout.io:2083
https://www.iotexscout.io:2087
https://www.iotexscout.io:8443
http://testnet.iotexscout.io
http://testnet.iotexscout.io:2052
http://testnet.iotexscout.io:2082
http://testnet.iotexscout.io:8080
http://testnet.iotexscout.io:8880
http://www.iotexscout.io
http://www.iotexscout.io:2082
http://www.iotexscout.io:2086
http://www.iotexscout.io:8080
http://www.iotexscout.io:8880
