http://analyser-api.iotex.io
http://api-ucam.iotex.io
http://api.ucam.iotex.io
http://babel-api.iotex.io
http://babel-api.iotex.io:2052
http://babel-api.iotex.io:2082
http://babel-api.iotex.io:2083
http://babel-api.iotex.io:2086
http://babel-api.iotex.io:2095
http://babel-api.iotex.io:8080
http://babel-api.iotex.io:8443
http://babel-api.iotex.io:8880
http://babel-api.mainnet.iotex.io
http://babel-api.mainnet.iotex.io:2052
http://babel-api.mainnet.iotex.io:2082
http://babel-api.mainnet.iotex.io:2083
http://babel-api.mainnet.iotex.io:2086
http://babel-api.mainnet.iotex.io:2087
http://babel-api.mainnet.iotex.io:2095
http://babel-api.mainnet.iotex.io:8080
http://babel-api.mainnet.iotex.io:8443
http://babel-api.mainnet.iotex.io:8880
http://babel-api.testnet.iotex.io
http://babel-api.testnet.iotex.io:2083
http://babel-api.testnet.iotex.io:2086
http://babel-api.testnet.iotex.io:2087
http://babel-api.testnet.iotex.io:2095
http://babel-api.testnet.iotex.io:2096
http://babel-api.testnet.iotex.io:8080
http://babel-api.testnet.iotex.io:8443
http://babel-api.testnet.iotex.io:8880
http://babel-nightly.iotex.io
http://babel-nightly.iotex.io:2082
http://babel-nightly.iotex.io:2083
http://babel-nightly.iotex.io:2086
http://babel-nightly.iotex.io:2087
http://babel-nightly.iotex.io:8080
http://babel-nightly.iotex.io:8443
http://burndrop.iotex.io
http://burndrop.iotex.io:2082
http://burndrop.iotex.io:2086
http://burndrop.iotex.io:2095
http://burndrop.iotex.io:8080
http://burndrop.iotex.io:8880
http://cdn.iotex.io
http://cdn.iotex.io:8082
http://cdn.iotex.io:8084
http://cdn.iotex.io:8085
http://cdn-m2.iotex.io
http://cdn-m2.iotex.io:8082
http://cdn-m2.iotex.io:8084
http://cdn-m2.iotex.io:8085
http://certs.iotex.io
http://certs.iotex.io:2083
http://certs.iotex.io:2086
http://certs.iotex.io:2087
http://certs.iotex.io:2095
http://certs.iotex.io:2096
http://certs.iotex.io:8080
http://certs.iotex.io:8443
http://certs.iotex.io:8880
http://cmc-proxy.iotex.io
http://cmc-proxy.iotex.io:8082
http://cmc-proxy.iotex.io:8084
http://cmc-proxy.iotex.io:8085
http://codelabs.iotex.io
http://codelabs.iotex.io:2052
http://codelabs.iotex.io:2082
http://codelabs.iotex.io:2083
http://codelabs.iotex.io:2086
http://codelabs.iotex.io:2087
http://codelabs.iotex.io:2095
http://codelabs.iotex.io:8080
http://codelabs.iotex.io:8443
http://codelabs.iotex.io:8880
http://community.iotex.io
http://community.iotex.io:2052
http://community.iotex.io:2082
http://community.iotex.io:2083
http://community.iotex.io:2086
http://community.iotex.io:2087
http://community.iotex.io:2095
http://community.iotex.io:8080
http://community.iotex.io:8443
http://community.iotex.io:8880
http://dappsample.iotex.io
http://dappsample.iotex.io:2052
http://dappsample.iotex.io:2082
http://dappsample.iotex.io:2086
http://dappsample.iotex.io:8080
http://delegates.iotex.io
http://delegates.iotex.io:2082
http://delegates.iotex.io:2086
http://delegates.iotex.io:8080
http://delegates.iotex.io:8880
http://developers.iotex.io
http://developers.iotex.io:2082
http://developers.iotex.io:2086
http://developers.iotex.io:2095
http://developers.iotex.io:8080
http://developers.iotex.io:8880
http://dev.iotex.io
http://docker.iotex.io
http://docker.iotex.io:2082
http://docker.iotex.io:2083
http://docker.iotex.io:2086
http://docker.iotex.io:2087
http://docker.iotex.io:8080
http://docs.iotex.io
http://docs.iotex.io:2082
http://docs.iotex.io:2086
http://docs.iotex.io:8080
http://docs.iotex.io:8880
http://docs-old.iotex.io
http://ecosystem.iotex.io
http://ecosystem.iotex.io:2052
http://ecosystem.iotex.io:2082
http://ecosystem.iotex.io:2086
http://ecosystem.iotex.io:8080
http://embed-ucam.iotex.io
http://embed.ucam.iotex.io
http://embed-ucam-staging.iotex.io
http://embed-ucam-staging.iotex.io:2082
http://embed-ucam-staging.iotex.io:2083
http://embed-ucam-staging.iotex.io:2086
http://embed-ucam-staging.iotex.io:2087
http://embed-ucam-staging.iotex.io:8080
http://embed-ucam-staging.iotex.io:8443
http://ethdenver.iotex.io
http://ethdenver.iotex.io:2052
http://ethdenver.iotex.io:2082
http://ethdenver.iotex.io:2086
http://ethdenver.iotex.io:8080
http://faucet.iotex.io
http://faucet.iotex.io:2082
http://faucet.iotex.io:2083
http://faucet.iotex.io:2086
http://faucet.iotex.io:2087
http://faucet.iotex.io:8080
http://faucet.iotex.io:8443
http://files.iotex.io
http://files.iotex.io:8082
http://files.iotex.io:8084
http://files.iotex.io:8085
http://forum.iotex.io
http://forum.iotex.io:2083
http://forum.iotex.io:2086
http://forum.iotex.io:2087
http://forum.iotex.io:2095
http://forum.iotex.io:2096
http://forum.iotex.io:8080
http://forum.iotex.io:8443
http://forum.iotex.io:8880
http://fullsync.iotex.io
http://fullsync.iotex.io:2083
http://fullsync.iotex.io:2086
http://fullsync.iotex.io:2087
http://fullsync.iotex.io:2095
http://fullsync.iotex.io:2096
http://fullsync.iotex.io:8080
http://fullsync.iotex.io:8443
http://fullsync.iotex.io:8880
http://github.iotex.io
http://github.iotex.io:8082
http://github.iotex.io:8084
http://github.iotex.io:8085
http://gov.iotex.io
http://gov.iotex.io:2082
http://gov.iotex.io:2086
http://gov.iotex.io:2095
http://gov.iotex.io:8080
http://gov.iotex.io:8880
http://graphcdn-stake.iotex.io
http://graph.mainnet.iotex.io
http://graph.mainnet.iotex.io:2052
http://graph.mainnet.iotex.io:2082
http://graph.mainnet.iotex.io:2083
http://graph.mainnet.iotex.io:2086
http://graph.mainnet.iotex.io:2087
http://graph.mainnet.iotex.io:2095
http://graph.mainnet.iotex.io:8080
http://graph.mainnet.iotex.io:8443
http://graph.mainnet.iotex.io:8880
http://halo.iotex.io
http://halo.iotex.io:2086
http://halo.iotex.io:2095
http://halo.iotex.io:8080
http://halo.iotex.io:8880
http://ide.iotex.io
http://ide.iotex.io:2082
http://ide.iotex.io:2086
http://ide.iotex.io:2095
http://ide.iotex.io:8080
http://ide.iotex.io:8880
http://imgc.iotex.io
http://imgc.iotex.io:8082
http://imgc.iotex.io:8084
http://imgc.iotex.io:8085
http://index.graph.mainnet.iotex.io
http://index.graph.mainnet.iotex.io:2052
http://index.graph.mainnet.iotex.io:2082
http://index.graph.mainnet.iotex.io:2083
http://index.graph.mainnet.iotex.io:2086
http://index.graph.mainnet.iotex.io:2087
http://index.graph.mainnet.iotex.io:2095
http://index.graph.mainnet.iotex.io:8080
http://index.graph.mainnet.iotex.io:8443
http://index.graph.mainnet.iotex.io:8880
http://iopay-api.iotex.io
http://iopay.iotex.io
http://iopay.iotex.io:2082
http://iopay.iotex.io:2086
http://iopay.iotex.io:2095
http://iopay.iotex.io:8080
http://iopay.iotex.io:8880
http://iopay-wallet.iotex.io
http://iopay-wallet.iotex.io:2082
http://iopay-wallet.iotex.io:2086
http://iopay-wallet.iotex.io:8080
http://iotex.io
http://iotex.io:2082
http://iotex.io:8080
http://iotex.io:8880
http://iotexproject.iotex.io
http://iotexproject.iotex.io:8082
http://iotexproject.iotex.io:8084
http://iotexproject.iotex.io:8085
http://iotube-analytics-api.iotex.io
http://iotube-analytics-api.iotex.io:2082
http://iotube-analytics-api.iotex.io:2083
http://iotube-analytics-api.iotex.io:2086
http://iotube-analytics-api.iotex.io:2087
http://iotube-analytics-api.iotex.io:8080
http://iotube-analytics-api.iotex.io:8443
http://iotube-analytics.iotex.io
http://ipfs.mainnet.iotex.io
http://ipfs.mainnet.iotex.io:2082
http://ipfs.mainnet.iotex.io:2083
http://ipfs.mainnet.iotex.io:2086
http://ipfs.mainnet.iotex.io:2087
http://ipfs.mainnet.iotex.io:8080
http://ipfs.mainnet.iotex.io:8443
http://masterservice-ucam.iotex.io
http://member-api.iotex.io
http://member-api.iotex.io:2082
http://member-api.iotex.io:2083
http://member-api.iotex.io:2086
http://member-api.iotex.io:2087
http://member-api.iotex.io:8080
http://member-api.iotex.io:8443
http://member-dev.iotex.io
http://member.iotex.io
http://member.iotex.io:2082
http://member.iotex.io:2083
http://member.iotex.io:2086
http://member.iotex.io:2087
http://member.iotex.io:8080
http://member.iotex.io:8443
http://member-proxy.iotex.io
http://member-proxy.iotex.io:2083
http://member-proxy.iotex.io:2086
http://member-proxy.iotex.io:2087
http://member-proxy.iotex.io:2095
http://member-proxy.iotex.io:2096
http://member-proxy.iotex.io:8080
http://member-proxy.iotex.io:8443
http://member-proxy.iotex.io:8880
http://nft.iotex.io
http://nft.iotex.io:8082
http://nft.iotex.io:8084
http://nft.iotex.io:8085
http://node-hk1.iotex.io
http://node-hk2.iotex.io
http://nsv3-hasura.iotex.io
http://nsv3-hasura.iotex.io:2082
http://nsv3-hasura.iotex.io:2086
http://nsv3-hasura.iotex.io:2095
http://nsv3-hasura.iotex.io:8080
http://nsv3-hasura.iotex.io:8880
http://onboard.iotex.io
http://onboard.iotex.io:2082
http://onboard.iotex.io:2086
http://onboard.iotex.io:8080
http://onboard.iotex.io:8880
http://pebble.iotex.io
http://pebble.iotex.io:2052
http://pebble.iotex.io:2082
http://pebble.iotex.io:2086
http://pebble.iotex.io:2095
http://pebble.iotex.io:8080
http://pebble.iotex.io:8880
http://pharos.iotex.io
http://pharos.iotex.io:2082
http://pharos.iotex.io:2083
http://pharos.iotex.io:2086
http://pharos.iotex.io:2087
http://pharos.iotex.io:8080
http://pharos.iotex.io:8443
http://push-ucam.iotex.io
http://push.ucam.iotex.io
http://rpc.graph.mainnet.iotex.io
http://rpc.graph.mainnet.iotex.io:2052
http://rpc.graph.mainnet.iotex.io:2082
http://rpc.graph.mainnet.iotex.io:2083
http://rpc.graph.mainnet.iotex.io:2086
http://rpc.graph.mainnet.iotex.io:2087
http://rpc.graph.mainnet.iotex.io:2095
http://rpc.graph.mainnet.iotex.io:8080
http://rpc.graph.mainnet.iotex.io:8443
http://rpc.graph.mainnet.iotex.io:8880
http://s3-ucam.iotex.io
http://s3.ucam.iotex.io
http://s3-ucam.iotex.io:2082
http://s3-ucam.iotex.io:2083
http://s3-ucam.iotex.io:2086
http://s3-ucam.iotex.io:2087
http://s3-ucam.iotex.io:8080
http://s3-ucam.iotex.io:8443
https://analyser-api.iotex.io
https://api-ucam.iotex.io
https://api.ucam.iotex.io
https://babel-api.iotex.io
https://babel-api.iotex.io:2087
https://babel-api.mainnet.iotex.io
https://babel-api.testnet.iotex.io
https://babel-nightly.iotex.io
https://burndrop.iotex.io
https://burndrop.iotex.io:2053
https://burndrop.iotex.io:2083
https://burndrop.iotex.io:2087
https://burndrop.iotex.io:8443
https://cdn.iotex.io
https://cdn.iotex.io:1935
https://cdn-m2.iotex.io
https://cdn-m2.iotex.io:1935
https://certs.iotex.io
https://cmc-proxy.iotex.io
https://cmc-proxy.iotex.io:1935
https://codelabs.iotex.io
https://community.iotex.io
https://dappsample.iotex.io
https://dappsample.iotex.io:2053
https://dappsample.iotex.io:2083
https://dappsample.iotex.io:2087
https://dappsample.iotex.io:8443
https://delegates.iotex.io
https://delegates.iotex.io:2083
https://delegates.iotex.io:2087
https://delegates.iotex.io:8443
https://developers.iotex.io
https://developers.iotex.io:2053
https://developers.iotex.io:2083
https://developers.iotex.io:2087
https://developers.iotex.io:8443
https://dev.iotex.io
https://docker.iotex.io
https://docker.iotex.io:8443
https://docs.iotex.io
https://docs.iotex.io:2083
https://docs.iotex.io:2087
https://docs.iotex.io:8443
https://docs-old.iotex.io
https://ecosystem.iotex.io
https://ecosystem.iotex.io:2053
https://ecosystem.iotex.io:2083
https://ecosystem.iotex.io:2087
https://ecosystem.iotex.io:8443
https://embed-ucam.iotex.io
https://embed.ucam.iotex.io
https://embed-ucam-staging.iotex.io
https://ethdenver.iotex.io
https://ethdenver.iotex.io:2053
https://ethdenver.iotex.io:2083
https://ethdenver.iotex.io:2087
https://ethdenver.iotex.io:8443
https://faucet.iotex.io
https://files.iotex.io
https://files.iotex.io:1935
https://forum.iotex.io
https://fullsync.iotex.io
https://github.iotex.io
https://github.iotex.io:1935
https://gov.iotex.io
https://gov.iotex.io:2053
https://gov.iotex.io:2083
https://gov.iotex.io:2087
https://gov.iotex.io:8443
https://graphcdn-stake.iotex.io
https://graph.mainnet.iotex.io
https://halo.iotex.io
https://halo.iotex.io:2083
https://halo.iotex.io:2087
https://halo.iotex.io:2096
https://halo.iotex.io:8443
https://ide.iotex.io
https://ide.iotex.io:2053
https://ide.iotex.io:2083
https://ide.iotex.io:2087
https://ide.iotex.io:8443
https://imgc.iotex.io
https://imgc.iotex.io:1935
https://iopay-api.iotex.io
https://iopay.iotex.io
https://iopay.iotex.io:2053
https://iopay.iotex.io:2083
https://iopay.iotex.io:2087
https://iopay.iotex.io:8443
https://iopay-wallet.iotex.io
https://iopay-wallet.iotex.io:2083
https://iopay-wallet.iotex.io:2087
https://iopay-wallet.iotex.io:8443
https://iotex.io
https://iotex.io:2087
https://iotex.io:8443
https://iotexproject.iotex.io
https://iotexproject.iotex.io:1935
https://iotube-analytics-api.iotex.io
https://iotube-analytics.iotex.io
https://ipfs.mainnet.iotex.io
https://masterservice-ucam.iotex.io
https://member-api.iotex.io
https://member.iotex.io
https://member-proxy.iotex.io
https://nft.iotex.io
https://nft.iotex.io:1935
https://node-hk1.iotex.io
https://node-hk2.iotex.io
https://nsv3-hasura.iotex.io
https://nsv3-hasura.iotex.io:2053
https://nsv3-hasura.iotex.io:2083
https://nsv3-hasura.iotex.io:2087
https://nsv3-hasura.iotex.io:8443
https://onboard.iotex.io
https://onboard.iotex.io:2083
https://onboard.iotex.io:2087
https://onboard.iotex.io:8443
https://pebble.iotex.io
https://pebble.iotex.io:2083
https://pebble.iotex.io:2087
https://pebble.iotex.io:8443
https://pharos.iotex.io
https://pokt-api.iotex.io
https://push-ucam.iotex.io
https://push.ucam.iotex.io
https://s3-ucam.iotex.io
https://s3.ucam.iotex.io
https://stake.iotex.io
https://stake.iotex.io:2053
https://stake.iotex.io:2083
https://stake.iotex.io:2087
https://stake.iotex.io:8443
https://support.iotex.io
https://support.iotex.io:2083
https://support.iotex.io:2087
https://support.iotex.io:8443
http://stake.iotex.io
http://stake.iotex.io:2052
http://stake.iotex.io:2082
http://stake.iotex.io:2086
http://stake.iotex.io:8080
https://tube.iotex.io
https://tube.iotex.io:2083
https://tube.iotex.io:2087
https://tube.iotex.io:8443
https://ucam-api.hk.iotex.io
https://ucam.iotex.io
https://ucam.iotex.io:8443
https://ucam-server.hk.iotex.io
http://support.iotex.io
http://support.iotex.io:2052
http://support.iotex.io:2082
http://support.iotex.io:2086
http://support.iotex.io:2095
http://support.iotex.io:8080
http://support.iotex.io:8880
https://v3.stake.iotex.io
https://v3.stake.iotex.io:2053
https://v3.stake.iotex.io:2083
https://v3.stake.iotex.io:2087
https://v3.stake.iotex.io:8443
https://vita.iotex.io
https://www.iotex.io
https://www.iotex.io:2053
https://www.iotex.io:2083
https://www.iotex.io:2087
https://www.iotex.io:8443
http://tube.iotex.io
http://tube.iotex.io:2082
http://tube.iotex.io:2086
http://tube.iotex.io:8080
http://ucam-api.hk.iotex.io
http://ucam-api.hk.iotex.io:2082
http://ucam-api.hk.iotex.io:2083
http://ucam-api.hk.iotex.io:2086
http://ucam-api.hk.iotex.io:2087
http://ucam-api.hk.iotex.io:8080
http://ucam-api.hk.iotex.io:8443
http://ucam.iotex.io
http://ucam.iotex.io:2082
http://ucam.iotex.io:2083
http://ucam.iotex.io:2086
http://ucam.iotex.io:2087
http://ucam.iotex.io:8080
http://ucam-server.hk.iotex.io
http://v3.stake.iotex.io
http://v3.stake.iotex.io:2052
http://v3.stake.iotex.io:2082
http://v3.stake.iotex.io:2086
http://v3.stake.iotex.io:8080
http://vita.iotex.io
http://vita.iotex.io:2083
http://vita.iotex.io:2086
http://vita.iotex.io:2087
http://vita.iotex.io:2095
http://vita.iotex.io:2096
http://vita.iotex.io:8080
http://vita.iotex.io:8443
http://vita.iotex.io:8880
http://www.iotex.io
http://www.iotex.io:2052
http://www.iotex.io:2082
http://www.iotex.io:2086
http://www.iotex.io:8080
