http://analytics-api.iotexscan.io
http://analytics-api.iotexscan.io:2082
http://analytics-api.iotexscan.io:2086
http://analytics-api.iotexscan.io:2095
http://analytics-api.iotexscan.io:8080
http://analytics-api.iotexscan.io:8880
http://analytics.iotexscan.io:2082
http://analytics.iotexscan.io:2086
http://analytics.iotexscan.io:8080
http://analytics.iotexscan.io:8880
http://analyticsv1.iotexscan.io
http://analyticsv1.iotexscan.io:2082
http://analyticsv1.iotexscan.io:2083
http://analyticsv1.iotexscan.io:2086
http://analyticsv1.iotexscan.io:2087
http://analyticsv1.iotexscan.io:2095
http://analyticsv1.iotexscan.io:8080
http://analyticsv1.iotexscan.io:8443
http://api.iotexscan.io:2082
http://api.iotexscan.io:2086
http://api.iotexscan.io:8080
http://api.iotexscan.io:8880
http://cdn.iotexscan.io
http://cdn.iotexscan.io:8082
http://cdn.iotexscan.io:8084
http://cdn.iotexscan.io:8085
http://graphcdn.iotexscan.io
http://iotexscan.io
http://iotexscan.io:2082
http://iotexscan.io:8080
http://iotexscan.io:8880
http://nightly.iotexscan.io
http://nightly.iotexscan.io:2082
http://nightly.iotexscan.io:2086
http://nightly.iotexscan.io:2095
http://nightly.iotexscan.io:8080
https://analytics-api.iotexscan.io
https://analytics-api.iotexscan.io:2053
https://analytics-api.iotexscan.io:2083
https://analytics-api.iotexscan.io:2087
https://analytics-api.iotexscan.io:8443
https://analytics.iotexscan.io
https://analytics.iotexscan.io:2083
https://analytics.iotexscan.io:2087
https://analytics.iotexscan.io:8443
https://analyticsv1.iotexscan.io
https://api.iotexscan.io
https://api.iotexscan.io:2083
https://api.iotexscan.io:2087
https://api.iotexscan.io:8443
https://cdn.iotexscan.io
https://cdn.iotexscan.io:1935
https://graphcdn.iotexscan.io
https://iotexscan.io
https://iotexscan.io:2087
https://iotexscan.io:8443
https://nightly.iotexscan.io
https://nightly.iotexscan.io:2083
https://nightly.iotexscan.io:2087
https://nightly.iotexscan.io:8443
https://testnet.iotexscan.io
https://testnet.iotexscan.io:2053
https://testnet.iotexscan.io:2083
https://testnet.iotexscan.io:2087
https://testnet.iotexscan.io:8443
https://v1.iotexscan.io
https://v1.iotexscan.io:2083
https://v1.iotexscan.io:2087
https://v1.iotexscan.io:8443
https://v2.iotexscan.io
https://v2.iotexscan.io:2083
https://v2.iotexscan.io:2087
https://v2.iotexscan.io:8443
https://www.iotexscan.io
https://www.iotexscan.io:2083
https://www.iotexscan.io:2087
https://www.iotexscan.io:8443
http://testnet.iotexscan.io
http://testnet.iotexscan.io:2082
http://testnet.iotexscan.io:2086
http://testnet.iotexscan.io:2095
http://testnet.iotexscan.io:8080
http://testnet.iotexscan.io:8880
http://v1.iotexscan.io:2082
http://v1.iotexscan.io:2086
http://v1.iotexscan.io:8080
http://v1.iotexscan.io:8880
http://v2.iotexscan.io
http://v2.iotexscan.io:2082
http://v2.iotexscan.io:2086
http://v2.iotexscan.io:2095
http://v2.iotexscan.io:8080
http://www.iotexscan.io
http://www.iotexscan.io:2082
http://www.iotexscan.io:2086
http://www.iotexscan.io:2095
http://www.iotexscan.io:8080
