http://api-8.irccloud.com
http://blog.irccloud.com
http://desktop.irccloud.com
http://irccloud.com
http://irccloud.com:2052
http://irccloud.com:2082
http://irccloud.com:2086
http://irccloud.com:8080
http://irc.ec2-us-west-1.irccloud.com
http://ops.irccloud.com
https://api-1.irccloud.com
https://api-2.irccloud.com
https://api-3.irccloud.com
https://api-4.irccloud.com
https://api-5.irccloud.com
https://api-6.irccloud.com
https://api-7.irccloud.com
https://api.irccloud.com
https://blog.irccloud.com
https://desktop.irccloud.com
https://irccloud.com
https://irccloud.com:2083
https://irccloud.com:2087
https://irccloud.com:8443
https://ops.irccloud.com
https://status.irccloud.com
http://status.irccloud.com
https://www.irccloud.com
http://team-irc.irccloud.com
http://www.irccloud.com
