http://api.jetprotocol.io
http://app.jetprotocol.io
http://app.jetprotocol.io:2052
http://app.jetprotocol.io:2082
http://app.jetprotocol.io:2086
http://app.jetprotocol.io:8080
http://app.jetprotocol.io:8880
http://devnet.jetprotocol.io
http://docs.jetprotocol.io
http://docs.jetprotocol.io:2053
http://docs.jetprotocol.io:2082
http://docs.jetprotocol.io:2083
http://docs.jetprotocol.io:2086
http://docs.jetprotocol.io:2087
http://docs.jetprotocol.io:8080
http://docs.jetprotocol.io:8443
http://docs.jetprotocol.io:8880
http://forum.jetprotocol.io
http://jetprotocol.io
http://jira.jetprotocol.io
http://jira.jetprotocol.io:2086
http://jira.jetprotocol.io:2087
http://jira.jetprotocol.io:2095
http://jira.jetprotocol.io:8443
http://jira.jetprotocol.io:8880
http://labs.jetprotocol.io
http://old.jetprotocol.io
http://old.jetprotocol.io:2082
http://old.jetprotocol.io:2086
http://old.jetprotocol.io:2095
http://old.jetprotocol.io:8080
https://api.jetprotocol.io
https://app.jetprotocol.io
https://app.jetprotocol.io:2083
https://app.jetprotocol.io:2087
https://devnet.jetprotocol.io
https://docs.jetprotocol.io
https://forum.jetprotocol.io
https://jetprotocol.io
https://labs.jetprotocol.io
https://old.jetprotocol.io
https://old.jetprotocol.io:2083
https://old.jetprotocol.io:2087
https://old.jetprotocol.io:8443
https://www.jetprotocol.io
http://www.jetprotocol.io
