http://admin.joinclubhouse.com
http://admin-partner.joinclubhouse.com
http://admin-staging.joinclubhouse.com
http://community.joinclubhouse.com
http://creatorfirst.joinclubhouse.com
http://incident.joinclubhouse.com
http://ios.joinclubhouse.com
http://ios-staging.joinclubhouse.com
http://joinclubhouse.com
http://joinclubhouse.com:2052
http://joinclubhouse.com:2082
http://joinclubhouse.com:2086
http://joinclubhouse.com:8080
http://joinclubhouse.com:8880
http://partnerships.joinclubhouse.com
http://privacy.joinclubhouse.com
http://profilealert.joinclubhouse.com
https://admin.joinclubhouse.com
https://admin-partner.joinclubhouse.com
https://admin-staging.joinclubhouse.com
https://api.staging.joinclubhouse.com
https://community.joinclubhouse.com
https://creatorfirst.joinclubhouse.com
http://shhhh.joinclubhouse.com
http://shhh.joinclubhouse.com
https://incident.joinclubhouse.com
https://ios.joinclubhouse.com
https://ios-staging.joinclubhouse.com
https://joinclubhouse.com
https://joinclubhouse.com:2083
https://joinclubhouse.com:2087
https://joinclubhouse.com:8443
https://partnerships.joinclubhouse.com
https://privacy.joinclubhouse.com
https://profilealert.joinclubhouse.com
https://shhhh.joinclubhouse.com
https://shhh.joinclubhouse.com
https://staging-images.joinclubhouse.com
https://staging.joinclubhouse.com
https://support.joinclubhouse.com
https://suspension.joinclubhouse.com
http://staging-images.joinclubhouse.com
http://staging.joinclubhouse.com:2053
http://staging.joinclubhouse.com:2083
http://staging.joinclubhouse.com:2087
http://staging.joinclubhouse.com:8443
https://tos.joinclubhouse.com
http://support.joinclubhouse.com
https://url5341.joinclubhouse.com
http://suspension.joinclubhouse.com
https://welcome.joinclubhouse.com
https://whatsnew.joinclubhouse.com
https://www.joinclubhouse.com
https://zendesk.joinclubhouse.com
http://tos.joinclubhouse.com
http://url5341.joinclubhouse.com
http://welcome.joinclubhouse.com
http://whatsnew.joinclubhouse.com
http://www.joinclubhouse.com
http://zendesk.joinclubhouse.com
