http://api-futures.kucoin.com
http://api-futures.kucoin.com:2082
http://api-futures.kucoin.com:2086
http://api-futures.kucoin.com:8880
http://api.kucoin.com
http://api.kucoin.com:2052
http://api.kucoin.com:2082
http://api.kucoin.com:8080
http://api.kucoin.com:8880
http://api-sandbox-futures.kucoin.com
http://api-sandbox-futures.kucoin.com:2087
http://api-sandbox-futures.kucoin.com:8443
http://appapi-sdb.kucoin.com
http://appapi-sdb.kucoin.com:2083
http://appapi-sdb.kucoin.com:2087
http://assets-currency.kucoin.com
http://assets.kucoin.com
http://assets-sdb.kucoin.com
http://assets-v2.kucoin.com
http://autodiscover.kucoin.com
http://cert.kucoin.com
http://cert.kucoin.com:2082
http://cert.kucoin.com:2086
http://cert.kucoin.com:8880
http://click.e.kucoin.com
http://cloud.e.kucoin.com
http://docs.kucoin.com
http://docs.kucoin.com:2082
http://docs.kucoin.com:2086
http://docs.kucoin.com:8880
http://express.kucoin.com
http://express.kucoin.com:2082
http://express.kucoin.com:2086
http://express.kucoin.com:8880
http://frontend-helper.kucoin.com
http://frontend-helper.kucoin.com:2052
http://frontend-helper.kucoin.com:2082
http://frontend-helper.kucoin.com:8080
http://frontend-helper.kucoin.com:8880
http://futures.kucoin.com
http://futures.kucoin.com:2052
http://futures.kucoin.com:2082
http://futures.kucoin.com:8080
http://futures.kucoin.com:8880
http://image.e.kucoin.com
http://intro.kucoin.com
http://kcs-info.kucoin.com
http://kcs.kucoin.com
http://kcs.kucoin.com:2082
http://kcs.kucoin.com:2086
http://kcs.kucoin.com:8880
http://kitchen-sdb.kucoin.com
http://kitchen-sdb.kucoin.com:2087
http://kitchen-sdb.kucoin.com:8443
http://kitchen-v2.kucoin.com
http://kitchen-v2.kucoin.com:2052
http://kitchen-v2.kucoin.com:2082
http://kitchen-v2.kucoin.com:8080
http://kitchen-v2.kucoin.com:8880
http://kucoin.com
http://land.kucoin.com
http://land.kucoin.com:2082
http://land.kucoin.com:2086
http://land.kucoin.com:8880
http://land-sdb.kucoin.com
http://land-sdb.kucoin.com:2083
http://land-sdb.kucoin.com:2087
http://m.kucoin.com
http://m.kucoin.com:2052
http://m.kucoin.com:2082
http://m.kucoin.com:8080
http://m.kucoin.com:8880
http://mobile-sdb.kucoin.com
http://mobile-sdb.kucoin.com:2087
http://openapi-sandbox.kucoin.com
http://openapi-sandbox.kucoin.com:2087
http://openapi-sandbox.kucoin.com:8443
http://openapi-v2.kucoin.com
http://openapi-v2.kucoin.com:2082
http://openapi-v2.kucoin.com:2086
http://openapi-v2.kucoin.com:8880
http://passport.kucoin.com
http://passport.kucoin.com:2082
http://passport.kucoin.com:2086
http://passport.kucoin.com:8880
http://push-private.kucoin.com
http://push-socketio.kucoin.com
http://push-socketio-sandbox.kucoin.com
http://push-socketio-sandbox.kucoin.com:2087
http://push-socketio-sandbox.kucoin.com:8443
http://robot.kucoin.com
http://robot.kucoin.com:2082
http://robot.kucoin.com:2086
http://robot.kucoin.com:8880
http://sandbox-docs.kucoin.com
http://sandbox-docs.kucoin.com:2087
http://sandbox-docs.kucoin.com:8443
http://sandbox-futures.kucoin.com
http://sandbox-futures.kucoin.com:2083
http://sandbox-futures.kucoin.com:2087
http://sandbox.kucoin.com
http://sandbox.kucoin.com:2087
http://sandbox.kucoin.com:8443
https://api-futures.kucoin.com
https://api-futures.kucoin.com:2087
https://api-futures.kucoin.com:8443
https://api.kucoin.com
https://api.kucoin.com:2083
https://api.kucoin.com:2087
https://api-sandbox-futures.kucoin.com
https://appapi-sdb.kucoin.com
https://assets-currency.kucoin.com
https://assets.kucoin.com
https://assets-sdb.kucoin.com
https://cert.kucoin.com
https://cert.kucoin.com:2087
https://cert.kucoin.com:8443
https://click.e.kucoin.com
https://cloud.e.kucoin.com
https://depositgrin.kucoin.com
https://docs.kucoin.com
https://docs.kucoin.com:2087
https://docs.kucoin.com:8443
http://sentry.kucoin.com
https://express.kucoin.com
https://express.kucoin.com:2087
https://express.kucoin.com:8443
https://frontend-helper.kucoin.com
https://frontend-helper.kucoin.com:2083
https://frontend-helper.kucoin.com:2087
https://futures.kucoin.com
https://futures.kucoin.com:2083
https://futures.kucoin.com:2087
https://image.e.kucoin.com
https://intro.kucoin.com
https://kcs-info.kucoin.com
https://kcs.kucoin.com
https://kcs.kucoin.com:2087
https://kcs.kucoin.com:8443
https://kitchen-sdb.kucoin.com
https://kitchen-v2.kucoin.com
https://kitchen-v2.kucoin.com:2083
https://kitchen-v2.kucoin.com:2087
https://kucoin.com
https://land.kucoin.com
https://land.kucoin.com:2087
https://land.kucoin.com:8443
https://land-sdb.kucoin.com
https://m.kucoin.com
https://m.kucoin.com:2083
https://m.kucoin.com:2087
https://mobile-sdb.kucoin.com
https://mobile-sdb.kucoin.com:8443
https://openapi-sandbox.kucoin.com
https://openapi-v2.kucoin.com
https://openapi-v2.kucoin.com:2087
https://openapi-v2.kucoin.com:8443
https://passport.kucoin.com
https://passport.kucoin.com:2087
https://passport.kucoin.com:8443
https://push-private.kucoin.com
https://push-socketio.kucoin.com
https://push-socketio-sandbox.kucoin.com
https://robot.kucoin.com
https://robot.kucoin.com:2087
https://robot.kucoin.com:8443
https://sandbox-docs.kucoin.com
https://sandbox-futures.kucoin.com
https://sandbox.kucoin.com
https://sentry.kucoin.com
https://staking-zil.kucoin.com
https://store.kucoin.com
https://store.kucoin.com:2053
https://store.kucoin.com:2083
https://store.kucoin.com:2087
https://store.kucoin.com:2096
https://store.kucoin.com:8443
https://support.kucoin.com
https://support.kucoin.com:2087
https://support.kucoin.com:8443
https://token-info.kucoin.com
https://token-info.kucoin.com:2083
https://token-info.kucoin.com:2087
https://token-info-sandbox.kucoin.com
http://store.kucoin.com
http://store.kucoin.com:2052
http://store.kucoin.com:2082
http://store.kucoin.com:2086
http://store.kucoin.com:2095
http://store.kucoin.com:8080
http://store.kucoin.com:8880
https://trade.kucoin.com
https://trade.kucoin.com:2087
https://trade-sandbox.kucoin.com
https://trade-v2.kucoin.com
https://trade-v2.kucoin.com:2087
https://trade-v2.kucoin.com:8443
http://support.kucoin.com
http://support.kucoin.com:2082
http://support.kucoin.com:2086
http://support.kucoin.com:8880
https://url1986.kucoin.com
https://url237.kucoin.com
https://url2891.kucoin.com
https://view.e.kucoin.com
https://ws-api.kucoin.com
https://www.kucoin.com
https://www.kucoin.com:2083
https://www.kucoin.com:2087
http://token-info.kucoin.com
http://token-info.kucoin.com:2052
http://token-info.kucoin.com:2082
http://token-info.kucoin.com:8080
http://token-info.kucoin.com:8880
http://token-info-sandbox.kucoin.com
http://token-info-sandbox.kucoin.com:2087
http://token-info-sandbox.kucoin.com:8443
http://trade.kucoin.com
http://trade.kucoin.com:2082
http://trade.kucoin.com:2086
http://trade.kucoin.com:8080
http://trade.kucoin.com:8880
http://trade-sandbox.kucoin.com
http://trade-sandbox.kucoin.com:2087
http://trade-sandbox.kucoin.com:8443
http://trade-v2.kucoin.com
http://trade-v2.kucoin.com:2082
http://trade-v2.kucoin.com:2086
http://trade-v2.kucoin.com:8880
http://url1986.kucoin.com
http://url237.kucoin.com
http://url2891.kucoin.com
http://view.e.kucoin.com
http://ws-api.kucoin.com
http://ws-web.kucoin.com
http://www.kucoin.com
http://www.kucoin.com:2052
http://www.kucoin.com:2082
http://www.kucoin.com:8080
http://www.kucoin.com:8880
