http://02053701.lazada.vn
http://02061916.lazada.vn
http://ab.lazada.vn
http://acs-m.lazada.vn
http://acs-wapa.lazada.vn
http://admin.education.lazada.vn
http://admin.lazada.vn
http://admin-m.lazada.vn
http://admin-p.lazada.vn
http://admin-staging.education.lazada.vn
http://adsense.lazada.vn
http://affiliate.lazada.vn
http://ali.lazada.vn
http://api.lazada.vn
http://asc-hub.lazada.vn
http://ba-buyer-staging.lazada.vn
http://brand.adsense.lazada.vn
http://cart-m.lazada.vn
http://cb-customs.lazada.vn
http://checkout.lazada.vn
http://checkout-m.lazada.vn
http://checkout-p.lazada.vn
http://c.lazada.vn
http://creative.lazada.vn
http://cs.lazada.vn
http://datafeeds.lazada.vn
http://digital.lazada.vn
http://d.lazada.vn
http://dmtrace.support.lazada.vn
http://eco-acc.lazada.vn
http://eco-device.lazada.vn
http://eco.lazada.vn
http://education.lazada.vn
http://education-staging.lazada.vn
http://email.lazada.vn
http://enterpriseenrollment.lazada.vn
http://enterpriseregistration.lazada.vn
http://er.lazada.vn
http://er-p.lazada.vn
http://er-search.lazada.vn
http://filebroker-cdn.lazada.vn
http://filebroker.lazada.vn
http://filebroker-staging.lazada.vn
http://gmcp.lazada.vn
http://h5-alimebot.lazada.vn
http://ho.lazada.vn
http://ifs.lazada.vn
http://i.lazada.vn
http://ipv6.lazada.vn
http://ju.lazada.vn
http://lazada.vn
http://media.lazada.vn
http://member.lazada.vn
http://member-p.lazada.vn
http://m.lazada.vn
http://ms.adsense.lazada.vn
http://msoid.lazada.vn
http://my.lazada.vn
http://my-m.lazada.vn
http://my-p.lazada.vn
http://openapi.lazada.vn
http://open.lazada.vn
http://orders.lazada.vn
http://pages.lazada.vn
http://pdpdesc.lazada.vn
http://pdpdesc-m.lazada.vn
http://pdp.lazada.vn
http://pdp-p.lazada.vn
http://pform.lazada.vn
http://pre-adsence.lazada.vn
http://pre-adsense.lazada.vn
http://pre-c.lazada.vn
http://pre-creative.lazada.vn
http://pre-h5-alimebot.lazada.vn
http://pre.lazada.vn
http://pre-psc-alimebot.lazada.vn
http://pre-shop-alimebot.lazada.vn
http://pre-solution.lazada.vn
http://pre-u.lazada.vn
http://psc-alimebot.lazada.vn
http://rest.lazada.vn
https://02053701.lazada.vn
https://ab.lazada.vn
https://acs-m.lazada.vn
https://acs-wapa.lazada.vn
https://admin.education.lazada.vn
https://admin.lazada.vn
https://admin-m.lazada.vn
https://admin-p.lazada.vn
https://admin-staging.education.lazada.vn
https://adsense.lazada.vn
https://affiliate.lazada.vn
https://ali.lazada.vn
https://api.lazada.vn
https://asc-hub.lazada.vn
https://ba-buyer-staging.lazada.vn
https://brand.adsense.lazada.vn
https://campaign.lazada.vn
https://cart-m.lazada.vn
https://cb-customs.lazada.vn
https://checkout.lazada.vn
https://checkout-m.lazada.vn
https://checkout-p.lazada.vn
https://c.lazada.vn
https://creative.lazada.vn
https://cs.lazada.vn
https://datafeeds.lazada.vn
https://digital.lazada.vn
https://d.lazada.vn
http://search-beta.lazada.vn
http://search-p.lazada.vn
https://eco-acc.lazada.vn
https://eco-device.lazada.vn
https://eco.lazada.vn
https://education.lazada.vn
https://education-staging.lazada.vn
http://sellercenter-staging.lazada.vn
https://email.lazada.vn
https://enterpriseenrollment.lazada.vn
https://enterpriseregistration.lazada.vn
https://er.lazada.vn
https://er-p.lazada.vn
https://filebroker-cdn.lazada.vn
https://filebroker.lazada.vn
https://filebroker-staging.lazada.vn
https://gmcp.lazada.vn
https://h5-alimebot.lazada.vn
https://ho.lazada.vn
http://shop-alimebot.lazada.vn
https://ifs.lazada.vn
https://i.lazada.vn
https://ipv6.lazada.vn
https://jmacs-m.lazada.vn
https://ju.lazada.vn
http://s.lazada.vn
https://lazada.vn
https://media.lazada.vn
https://member.lazada.vn
https://member-p.lazada.vn
https://m.lazada.vn
https://ms.adsense.lazada.vn
https://msgacs-m.lazada.vn
https://msoid.lazada.vn
https://my.lazada.vn
https://my-m.lazada.vn
https://my-p.lazada.vn
http://solution.lazada.vn
https://openapi.lazada.vn
https://open.lazada.vn
https://orders.lazada.vn
https://pages.lazada.vn
https://pdpdesc.lazada.vn
https://pdpdesc-m.lazada.vn
https://pdp.lazada.vn
https://pdp-p.lazada.vn
https://pform.lazada.vn
https://pre-adsence.lazada.vn
https://pre-adsense.lazada.vn
https://pre-c.lazada.vn
https://pre-creative.lazada.vn
https://pre-h5-alimebot.lazada.vn
https://pre.lazada.vn
https://pre-psc-alimebot.lazada.vn
https://pre-shop-alimebot.lazada.vn
https://pre-solution.lazada.vn
https://pre-u.lazada.vn
https://psc-alimebot.lazada.vn
https://rc.lazada.vn
https://rest.lazada.vn
http://ssc-staging.lazada.vn
https://search-beta.lazada.vn
https://search-p.lazada.vn
https://sellercenter-staging.lazada.vn
https://shop-alimebot.lazada.vn
https://s.lazada.vn
https://solution.lazada.vn
http://ssr-std.lazada.vn
https://ssc-staging.lazada.vn
https://ssr-std.lazada.vn
https://static-file.lazada.vn
https://static-origin.lazada.vn
https://station.lazada.vn
https://store.lazada.vn
https://stp.lazada.vn
https://sug.lazada.vn
https://survey.lazada.vn
http://static-file.lazada.vn
http://static-origin.lazada.vn
http://station.lazada.vn
https://topup.lazada.vn
http://store.lazada.vn
http://stp.lazada.vn
https://uapi-xspace.lazada.vn
http://sug.lazada.vn
https://u.lazada.vn
https://union.lazada.vn
https://university.lazada.vn
http://survey.lazada.vn
https://wallet.lazada.vn
https://www-dev.lazada.vn
https://www.lazada.vn
https://www-src.lazada.vn
https://xform.lazada.vn
http://topup.lazada.vn
http://uapi-xspace.lazada.vn
http://u.lazada.vn
http://union.lazada.vn
http://university.lazada.vn
http://wallet.lazada.vn
http://www-dev.lazada.vn
http://www.ipv6.lazada.vn
http://www.lazada.vn
http://www-prod.lazada.vn
http://www-src.lazada.vn
http://xform.lazada.vn
