http://accounts-api.lcx.com
http://accounts-api.lcx.com:2082
http://accounts-api.lcx.com:2083
http://accounts-api.lcx.com:2086
http://accounts-api.lcx.com:2087
http://accounts-api.lcx.com:8080
http://accounts-api.lcx.com:8443
http://accounts-api.lcx.com:8880
http://accounts-api-staging.lcx.com
http://accounts-api-staging.lcx.com:2083
http://accounts-api-staging.lcx.com:2086
http://accounts-api-staging.lcx.com:2087
http://accounts-api-staging.lcx.com:8080
http://accounts-api-staging.lcx.com:8443
http://accounts.lcx.com
http://accounts.lcx.com:2082
http://accounts.lcx.com:2086
http://accounts.lcx.com:8880
http://accounts-staging-v2.lcx.com
http://accounts-staging-v2.lcx.com:2082
http://accounts-staging-v2.lcx.com:2083
http://accounts-staging-v2.lcx.com:2086
http://accounts-staging-v2.lcx.com:2087
http://accounts-staging-v2.lcx.com:8080
http://accounts-staging-v2.lcx.com:8443
http://accounts-staging-v2.lcx.com:8880
http://admin.lcx.com
http://admin.lcx.com:2082
http://admin.lcx.com:2083
http://admin.lcx.com:2086
http://admin.lcx.com:8443
http://admin.lcx.com:8880
http://admin-staging-v2.lcx.com
http://admin-staging-v2.lcx.com:2083
http://admin-staging-v2.lcx.com:2086
http://admin-staging-v2.lcx.com:2087
http://admin-staging-v2.lcx.com:8080
http://admin-staging-v2.lcx.com:8443
http://api-kline.lcx.com
http://api-kline.lcx.com:2086
http://api-kline.lcx.com:8080
http://careers.lcx.com
http://defi-api.lcx.com
http://defi-api.lcx.com:2082
http://defi-api.lcx.com:2083
http://defi-api.lcx.com:2086
http://defi-api.lcx.com:2087
http://defi-api.lcx.com:8080
http://defi-api.lcx.com:8443
http://defi-api.lcx.com:8880
http://defi.lcx.com
http://defi.lcx.com:2082
http://defi.lcx.com:2083
http://defi.lcx.com:2086
http://defi.lcx.com:2087
http://defi.lcx.com:8080
http://defi.lcx.com:8443
http://defi.lcx.com:8880
http://defi-staging.lcx.com
http://defi-staging.lcx.com:2083
http://defi-staging.lcx.com:2086
http://defi-staging.lcx.com:2087
http://defi-staging.lcx.com:8080
http://defi-staging.lcx.com:8443
http://email.lcx.com
http://email.lcx.com:2082
http://email.lcx.com:2083
http://email.lcx.com:2086
http://email.lcx.com:8443
http://email.lcx.com:8880
http://exchange-api.lcx.com
http://exchange-api.lcx.com:2082
http://exchange-api.lcx.com:2083
http://exchange-api.lcx.com:2086
http://exchange-api.lcx.com:8443
http://exchange-api.lcx.com:8880
http://exchange.lcx.com
http://exchange.lcx.com:2082
http://exchange.lcx.com:2086
http://exchange.lcx.com:8880
http://exchange-staging.lcx.com
http://exchange-staging.lcx.com:2082
http://exchange-staging.lcx.com:2083
http://exchange-staging.lcx.com:2086
http://exchange-staging.lcx.com:8443
http://exchange-staging.lcx.com:8880
http://iverify.lcx.com
http://iverify.lcx.com:2082
http://iverify.lcx.com:2083
http://iverify.lcx.com:2086
http://iverify.lcx.com:2087
http://iverify.lcx.com:8080
http://iverify.lcx.com:8880
http://lcx.com
http://lcx.com:2082
http://lcx.com:2083
http://lcx.com:2086
http://lcx.com:8443
http://lcx.com:8880
http://mm-api.lcx.com
http://mm-api.lcx.com:2086
http://mm-api.lcx.com:8080
http://rp.lcx.com
http://rp.lcx.com:2082
http://rp.lcx.com:2083
http://rp.lcx.com:2086
http://rp.lcx.com:8443
http://rp.lcx.com:8880
http://rp-staging.lcx.com
http://rp-staging.lcx.com:2082
http://rp-staging.lcx.com:2083
http://rp-staging.lcx.com:2086
http://rp-staging.lcx.com:2087
http://rp-staging.lcx.com:8080
http://rp-staging.lcx.com:8443
http://rp-staging.lcx.com:8880
https://accounts-api.lcx.com
https://accounts-api-staging.lcx.com
https://accounts.lcx.com
https://accounts.lcx.com:2083
https://accounts.lcx.com:8443
https://accounts-staging-v2.lcx.com
https://admin.lcx.com
https://admin-staging-v2.lcx.com
https://api-kline.lcx.com
https://api-kline.lcx.com:2083
https://api-kline.lcx.com:2087
https://api-kline.lcx.com:8443
https://careers.lcx.com
https://defi-api.lcx.com
https://defi.lcx.com
https://defi-staging.lcx.com
https://email.lcx.com
https://exchange-api.lcx.com
https://exchange.lcx.com
https://exchange.lcx.com:2083
https://exchange.lcx.com:8443
https://exchange-staging.lcx.com
http://shop.lcx.com
http://shop.lcx.com:2052
http://shop.lcx.com:2082
http://shop.lcx.com:2086
http://shop.lcx.com:2095
http://shop.lcx.com:8080
http://shop.lcx.com:8880
https://iverify.lcx.com
https://iverify.lcx.com:8443
https://lcx.com
https://mm-api.lcx.com
https://mm-api.lcx.com:2083
https://mm-api.lcx.com:2087
https://mm-api.lcx.com:8443
https://rp.lcx.com
https://rp-staging.lcx.com
https://shop.lcx.com
https://shop.lcx.com:2053
https://shop.lcx.com:2083
https://shop.lcx.com:2087
https://shop.lcx.com:2096
https://shop.lcx.com:8443
https://status.lcx.com
https://support.lcx.com
https://support.lcx.com:2083
https://support.lcx.com:8443
http://status.lcx.com
http://status.lcx.com:2082
http://status.lcx.com:2083
http://status.lcx.com:2086
http://status.lcx.com:2087
http://status.lcx.com:8080
http://status.lcx.com:8443
http://status.lcx.com:8880
https://terminal-api.lcx.com
https://terminal-api-staging.lcx.com
https://terminal-api-staging-v2.lcx.com
https://terminal-api-staging-v2.lcx.com:2083
https://terminal-files.lcx.com
https://terminal.lcx.com
https://terminal-public-api.lcx.com
https://terminal-staging-v2.lcx.com
https://terminal-stream.lcx.com
https://terminal-stream-staging.lcx.com
https://tiamonds-staging.lcx.com
https://trading-api-staging.lcx.com
http://support.lcx.com
http://support.lcx.com:2082
http://support.lcx.com:2086
http://support.lcx.com:8880
https://wallets-api.lcx.com
https://wallets-api-staging.lcx.com
https://web.lcx.com
https://www.lcx.com
http://terminal-api.lcx.com
http://terminal-api.lcx.com:2082
http://terminal-api.lcx.com:2083
http://terminal-api.lcx.com:2086
http://terminal-api.lcx.com:2087
http://terminal-api.lcx.com:8080
http://terminal-api.lcx.com:8443
http://terminal-api.lcx.com:8880
http://terminal-api-staging.lcx.com
http://terminal-api-staging.lcx.com:2082
http://terminal-api-staging.lcx.com:2083
http://terminal-api-staging.lcx.com:2086
http://terminal-api-staging.lcx.com:8443
http://terminal-api-staging.lcx.com:8880
http://terminal-api-staging-v2.lcx.com
http://terminal-api-staging-v2.lcx.com:2086
http://terminal-api-staging-v2.lcx.com:2087
http://terminal-api-staging-v2.lcx.com:8080
http://terminal-api-staging-v2.lcx.com:8443
http://terminal-files.lcx.com
http://terminal-files.lcx.com:2082
http://terminal-files.lcx.com:2083
http://terminal-files.lcx.com:2086
http://terminal-files.lcx.com:8443
http://terminal-files.lcx.com:8880
http://terminal.lcx.com
http://terminal.lcx.com:2082
http://terminal.lcx.com:2083
http://terminal.lcx.com:2086
http://terminal.lcx.com:2087
http://terminal.lcx.com:8080
http://terminal.lcx.com:8443
http://terminal.lcx.com:8880
http://terminal-public-api.lcx.com
http://terminal-public-api.lcx.com:2083
http://terminal-public-api.lcx.com:2086
http://terminal-public-api.lcx.com:2087
http://terminal-public-api.lcx.com:8080
http://terminal-public-api.lcx.com:8443
http://terminal-staging-v2.lcx.com
http://terminal-staging-v2.lcx.com:2083
http://terminal-staging-v2.lcx.com:2086
http://terminal-staging-v2.lcx.com:2087
http://terminal-staging-v2.lcx.com:8080
http://terminal-staging-v2.lcx.com:8443
http://terminal-stream.lcx.com
http://terminal-stream.lcx.com:2082
http://terminal-stream.lcx.com:2083
http://terminal-stream.lcx.com:2086
http://terminal-stream.lcx.com:2087
http://terminal-stream.lcx.com:8080
http://terminal-stream.lcx.com:8443
http://terminal-stream.lcx.com:8880
http://terminal-stream-staging.lcx.com
http://terminal-stream-staging.lcx.com:2082
http://terminal-stream-staging.lcx.com:2083
http://terminal-stream-staging.lcx.com:2086
http://terminal-stream-staging.lcx.com:8443
http://terminal-stream-staging.lcx.com:8880
http://tiamonds-staging.lcx.com
http://tiamonds-staging.lcx.com:2082
http://tiamonds-staging.lcx.com:2083
http://tiamonds-staging.lcx.com:2086
http://tiamonds-staging.lcx.com:8443
http://tiamonds-staging.lcx.com:8880
http://trading-api-staging.lcx.com
http://trading-api-staging.lcx.com:2082
http://trading-api-staging.lcx.com:2083
http://trading-api-staging.lcx.com:2086
http://trading-api-staging.lcx.com:8443
http://trading-api-staging.lcx.com:8880
http://wallets-api.lcx.com
http://wallets-api.lcx.com:2082
http://wallets-api.lcx.com:2083
http://wallets-api.lcx.com:2086
http://wallets-api.lcx.com:8443
http://wallets-api.lcx.com:8880
http://wallets-api-staging.lcx.com
http://wallets-api-staging.lcx.com:2083
http://wallets-api-staging.lcx.com:2086
http://wallets-api-staging.lcx.com:2087
http://wallets-api-staging.lcx.com:8080
http://wallets-api-staging.lcx.com:8443
http://web.lcx.com
http://web.lcx.com:2082
http://web.lcx.com:2083
http://web.lcx.com:2086
http://web.lcx.com:8443
http://web.lcx.com:8880
http://www.lcx.com
http://www.lcx.com:2082
http://www.lcx.com:2083
http://www.lcx.com:2086
http://www.lcx.com:2087
http://www.lcx.com:8080
http://www.lcx.com:8443
http://www.lcx.com:8880
