http://1inch-pool-rewards.lido.fi
http://1inch-pool-rewards.lido.fi:2082
http://1inch-pool-rewards.lido.fi:2083
http://1inch-pool-rewards.lido.fi:2086
http://1inch-pool-rewards.lido.fi:2087
http://1inch-pool-rewards.lido.fi:2096
http://1inch-pool-rewards.lido.fi:8080
http://1inch-pool-rewards.lido.fi:8443
http://1inch-pool-rewards.lido.fi:8880
http://airdrop.lido.fi
http://airdrop.lido.fi:2082
http://airdrop.lido.fi:2083
http://airdrop.lido.fi:2086
http://airdrop.lido.fi:2087
http://airdrop.lido.fi:8880
http://anchor.lido.fi
http://anchor.lido.fi:2053
http://anchor.lido.fi:2082
http://anchor.lido.fi:2086
http://anchor.lido.fi:2087
http://anchor.lido.fi:8080
http://anchor.lido.fi:8443
http://anchor.lido.fi:8880
http://blog.lido.fi
http://blog.lido.fi:2082
http://blog.lido.fi:2083
http://blog.lido.fi:2086
http://blog.lido.fi:2087
http://blog.lido.fi:2096
http://blog.lido.fi:8080
http://blog.lido.fi:8443
http://blog.lido.fi:8880
http://careers.lido.fi
http://careers.lido.fi:2082
http://careers.lido.fi:2086
http://careers.lido.fi:8880
http://docs.cosmos.lido.fi
http://docs.kusama.lido.fi
http://docs.lido.fi
http://docs.polkadot.lido.fi
http://docs.polygon.lido.fi
http://docs.solana.lido.fi
http://docs.terra.lido.fi
http://easytrack.lido.fi
http://easytrack.lido.fi:2053
http://easytrack.lido.fi:2082
http://easytrack.lido.fi:2086
http://easytrack.lido.fi:2087
http://easytrack.lido.fi:8080
http://easytrack.lido.fi:8443
http://easytrack.lido.fi:8880
http://feeds.lido.fi
http://feeds.lido.fi:2053
http://feeds.lido.fi:2082
http://feeds.lido.fi:2086
http://feeds.lido.fi:2087
http://feeds.lido.fi:8080
http://feeds.lido.fi:8443
http://feeds.lido.fi:8880
http://help.lido.fi
http://help.lido.fi:2082
http://help.lido.fi:2083
http://help.lido.fi:2086
http://help.lido.fi:2087
http://help.lido.fi:8880
http://kusama.lido.fi
http://kusama.lido.fi:2082
http://kusama.lido.fi:2083
http://kusama.lido.fi:2086
http://kusama.lido.fi:2087
http://kusama.lido.fi:2096
http://kusama.lido.fi:8080
http://kusama.lido.fi:8443
http://kusama.lido.fi:8880
http://lego.lido.fi
http://lego.lido.fi:2053
http://lego.lido.fi:2082
http://lego.lido.fi:2086
http://lego.lido.fi:2087
http://lego.lido.fi:8080
http://lego.lido.fi:8443
http://lego.lido.fi:8880
http://lido.fi
http://lido.fi:2053
http://lido.fi:2082
http://lido.fi:2086
http://lido.fi:2087
http://lido.fi:8080
http://lido.fi:8443
http://lido.fi:8880
http://loki.lido.fi
http://loki.lido.fi:2053
http://loki.lido.fi:2082
http://loki.lido.fi:2086
http://loki.lido.fi:2087
http://loki.lido.fi:8080
http://loki.lido.fi:8443
http://loki.lido.fi:8880
http://mainnet.lido.fi
http://mainnet.lido.fi:2082
http://mainnet.lido.fi:2083
http://mainnet.lido.fi:2086
http://mainnet.lido.fi:2087
http://mainnet.lido.fi:8880
http://merch.lido.fi
http://merch.lido.fi:2052
http://merch.lido.fi:2082
http://merch.lido.fi:2086
http://merch.lido.fi:2095
http://merch.lido.fi:8080
http://merch.lido.fi:8880
http://operatorportal.lido.fi
http://operators.lido.fi
http://operators.lido.fi:2053
http://operators.lido.fi:2082
http://operators.lido.fi:2086
http://operators.lido.fi:2087
http://operators.lido.fi:8080
http://operators.lido.fi:8443
http://operators.lido.fi:8880
http://polkadot.lido.fi
http://polkadot.lido.fi:2082
http://polkadot.lido.fi:2083
http://polkadot.lido.fi:2086
http://polkadot.lido.fi:2087
http://polkadot.lido.fi:8880
http://polygon.lido.fi
http://polygon.lido.fi:2053
http://polygon.lido.fi:2082
http://polygon.lido.fi:2086
http://polygon.lido.fi:2087
http://polygon.lido.fi:8080
http://polygon.lido.fi:8443
http://polygon.lido.fi:8880
http://referral.lido.fi
http://referral.lido.fi:2082
http://referral.lido.fi:2083
http://referral.lido.fi:2086
http://referral.lido.fi:2087
http://referral.lido.fi:8880
http://research.lido.fi
http://research.lido.fi:2082
http://research.lido.fi:2083
http://research.lido.fi:2086
http://research.lido.fi:2087
http://research.lido.fi:2096
http://research.lido.fi:8080
http://research.lido.fi:8443
http://research.lido.fi:8880
https://1inch-pool-rewards.lido.fi
https://airdrop.lido.fi
https://anchor.lido.fi
https://blog.lido.fi
https://careers.lido.fi
https://careers.lido.fi:2083
https://careers.lido.fi:2087
http://scorecard.lido.fi
https://docs.cosmos.lido.fi
https://docs.kusama.lido.fi
https://docs.lido.fi
https://docs.polkadot.lido.fi
https://docs.polygon.lido.fi
https://docs.solana.lido.fi
https://docs.terra.lido.fi
https://easytrack.lido.fi
https://feeds.lido.fi
https://help.lido.fi
https://kusama.lido.fi
https://lego.lido.fi
https://lido.fi
https://loki.lido.fi
https://mainnet.lido.fi
https://merch.lido.fi
https://merch.lido.fi:2053
https://merch.lido.fi:2083
https://merch.lido.fi:2087
https://merch.lido.fi:2096
https://merch.lido.fi:8443
http://solana.lido.fi
http://solana.lido.fi:2082
http://solana.lido.fi:2083
http://solana.lido.fi:2086
http://solana.lido.fi:2087
http://solana.lido.fi:8880
https://operatorportal.lido.fi
https://operators.lido.fi
https://polkadot.lido.fi
https://polygon.lido.fi
https://referral.lido.fi
https://research.lido.fi
https://scorecard.lido.fi
https://solana.lido.fi
https://stake.lido.fi
https://static.lido.fi
https://status.lido.fi
http://stake.lido.fi
http://stake.lido.fi:2082
http://stake.lido.fi:2083
http://stake.lido.fi:2086
http://stake.lido.fi:2087
http://stake.lido.fi:8880
http://static.lido.fi
http://status.lido.fi
http://status.lido.fi:2082
http://status.lido.fi:2083
http://status.lido.fi:2086
http://status.lido.fi:2087
http://status.lido.fi:2096
http://status.lido.fi:8080
http://status.lido.fi:8443
http://status.lido.fi:8880
https://terra.lido.fi
https://ui-blocks.lido.fi
https://ui.lido.fi
https://www.lido.fi
http://terra.lido.fi
http://terra.lido.fi:2082
http://terra.lido.fi:2083
http://terra.lido.fi:2086
http://terra.lido.fi:2087
http://terra.lido.fi:2096
http://terra.lido.fi:8080
http://terra.lido.fi:8443
http://terra.lido.fi:8880
http://ui-blocks.lido.fi
http://ui.lido.fi
http://www.lido.fi
http://www.lido.fi:2082
http://www.lido.fi:2083
http://www.lido.fi:2086
http://www.lido.fi:2087
http://www.lido.fi:8880
