http://admintool.lime.bike
http://admintool-staging.lime.bike
http://api.lime.bike
http://assets.lime.bike
http://cdn.ops.lime.bike
http://data.lime.bike
http://external-api.lime.bike
http://external-data.lime.bike
http://help.lime.bike
http://inbound.lime.bike
http://internal.lime.bike
http://iot-platform-core.lime.bike
http://juicer.lime.bike
http://lime.bike
http://lime.bike:2053
http://lime.bike:2082
http://lime.bike:2083
http://lime.bike:2086
http://lime.bike:2087
http://lime.bike:2095
http://lime.bike:2096
http://lime.bike:8080
http://lime.bike:8443
http://lime.bike:8880
http://lp.lime.bike
http://lp-staging.lime.bike
http://rasserver.lime.bike
http://rasserver-staging.lime.bike
https://admintool.lime.bike
https://admintool-staging.lime.bike
https://api.lime.bike
https://assets.lime.bike
http://scooterlog.lime.bike
http://scooterlog-staging.lime.bike
https://data.lime.bike
http://sensor-upload-eks-production-b.lime.bike
http://sensor-upload.lime.bike
http://sensor-upload-staging.lime.bike
https://external-api.lime.bike
https://external-data.lime.bike
https://help.lime.bike
https://inbound.lime.bike
https://internal.lime.bike
https://iot-platform-core.lime.bike
https://juicer.lime.bike
https://lime.bike
https://lime.bike:2087
https://lp.lime.bike
https://lp-staging.lime.bike
https://rasserver.lime.bike
https://rasserver-staging.lime.bike
https://scooterlog.lime.bike
https://scooterlog-staging.lime.bike
https://sensor-upload-eks-production-b.lime.bike
https://sensor-upload.lime.bike
https://sensor-upload-staging.lime.bike
https://web.lime.bike
https://web-production.lime.bike
https://web-staging.lime.bike
https://webviews-latest.lime.bike
https://webviews.lime.bike
https://webviews-staging.lime.bike
http://web.lime.bike
http://web-production.lime.bike
http://web-staging.lime.bike
http://webviews-latest.lime.bike
http://webviews.lime.bike
http://webviews-staging.lime.bike
