http://accountpage.line-apps.com
http://api-camera.line-apps.com
http://apigw-jp2.line-apps.com
http://api-mall.line-apps.com
http://api.ndrive.linecorp.com.gtm.line-apps.com
http://api-oaplus-mobile.line-apps.com
http://b612-api.line-apps.com
http://b612-org.line-apps.com
http://bbs-play.line-apps.com
http://blockchain2-org.line-apps.com
http://blockchain-org.line-apps.com
http://blog-internal-api.line-apps.com
http://blog-liff.line-apps.com
http://bot-stickershop.line-apps.com
http://bubbles2.line-apps.com
http://buy-tw-ec.line-apps.com
http://camera-log.line-apps.com
http://cast-chat-104.line-apps.com
http://cast-chat-105.line-apps.com
http://cast-chat-106.line-apps.com
http://cast-chat-107.line-apps.com
http://cast-chat-108.line-apps.com
http://cast-chat-109.line-apps.com
http://cast-chat-110.line-apps.com
http://cast-chat-111.line-apps.com
http://cast-chat-112.line-apps.com
http://cast-chat-113.line-apps.com
http://cast-chat-114.line-apps.com
http://cast-chat-115.line-apps.com
http://cast-chat-118.line-apps.com
http://cast-chat-119.line-apps.com
http://cast-chat-121.line-apps.com
http://cast-chat-123.line-apps.com
http://cast-chat-125.line-apps.com
http://cast-chat-126.line-apps.com
http://cast-chat-127.line-apps.com
http://cast-chat-129.line-apps.com
http://cast-chat-131.line-apps.com
http://cast-chat-132.line-apps.com
http://cast-chat-133.line-apps.com
http://categoryweb.line-apps.com
http://cdn-lg-cn.line-apps.com
http://cdn-lg.line-apps.com
http://cdn.line-apps.com
http://cdn-obs-beta.line-apps.com
http://cdn-obs.line-apps.com
http://cdn-obs-rc.line-apps.com
http://cdn-stf.line-apps.com
http://cdn-stickershop.line-apps.com
http://cdn-wwa.line-apps.com
http://censor.line-apps.com
http://chacha.line-apps.com
http://channel-mall.line-apps.com
http://child-proxy-alpha.line-apps.com
http://child-proxy-alpha.line-apps.com:12000
http://child-proxy-sdbx.line-apps.com
http://child-proxy-sdbx.line-apps.com:11000
http://child-proxy-sdbx.line-apps.com:12000
http://chirashi-service-rc.line-apps.com
http://ch-news-beta.line-apps.com
http://ch-news-cf.line-apps.com
http://ch-news.line-apps.com
http://clova-lm-px.line-apps.com
http://clova-wavegw.line-apps.com
http://cnts-pay.line-apps.com
http://connection-message-app.line-apps.com
http://connection-router.line-apps.com
http://coupon.line-apps.com
http://creators.line-apps.com
http://creator-static-origin.line-apps.com
http://customer-api.line-apps.com
http://cwa-front.line-apps.com
http://cyber-bousai-origin.line-apps.com
http://delima-ch.line-apps.com
http://delima-cwa.line-apps.com
http://design-org.line-apps.com
http://devcdn-addr-jp2-1.line-apps.com
http://devdocs-feedback-form.line-apps.com
http://devdocs-search-api.line-apps.com
http://dev-gb-vod-linetv.line-apps.com
http://dl.ndrive.linecorp.com.gtm.line-apps.com
http://domain-parking.line-apps.com
http://ect-mall-api.line-apps.com
http://ect-storefront-api.line-apps.com
http://engineering2-org.line-apps.com
http://engineering-org.line-apps.com
http://entry-at-channel.line-apps.com
http://events.line-apps.com
http://fanfic-public-lb.line-apps.com
http://foodie-api.line-apps.com
http://foodie-org.line-apps.com
http://freecoins.line-apps.com
http://game-api-sdbx.line-apps.com
http://game-api-staging.line-apps.com
http://game-portal-web.line-apps.com
http://geo.line-apps.com
http://gift-api.line-apps.com
http://google-maps-api-proxy.line-apps.com
http://gpevent-channel.line-apps.com
http://growthy-sandbox-growthywebcollector-80.line-apps.com
http://growthy-staging-growthywebcollector-80.line-apps.com
http://guide-origin.line-apps.com
http://hap-de.line-apps.com
http://hap.g.line-apps.com
http://hap-kr.line-apps.com
http://hap.line-apps.com
http://hap-sdbx.line-apps.com
http://hap-sg.line-apps.com
http://hap-staging.line-apps.com
http://hap-us.line-apps.com
http://healthcare.line-apps.com
http://home-official.line-apps.com
http://igp-igf-release-frontend-cv.line-apps.com
http://igp-igf-sandbox-frontend-cv.line-apps.com
http://igp-ig-staging-frontend-cv.line-apps.com
http://image-alpha.line-apps.com
http://img-pay.line-apps.com
http://inlinelive-api.line-apps.com
http://inlinelive-burst-api.line-apps.com
http://inlinelive-trivia-api.line-apps.com
http://insurance.line-apps.com
http://jrr.line-apps.com
http://keygen-sdbx-test.line-apps.com
http://kube-lb-external.tw.line-apps.com
http://lanimg-beta.line-apps.com
http://lanimg.line-apps.com
http://lbe-scan.line-apps.com
http://lcp-prod-image.line-apps.com
http://lcp-prod.line-apps.com
http://lcp-prod-static.line-apps.com
http://lcp-prod-static-origin.line-apps.com
http://ldblog-cache-origin.line-apps.com
http://ldblog-image-cdn.line-apps.com
http://ldblog-parts-cdn.line-apps.com
http://ldblog-parts-origin.line-apps.com
http://ldblog-userdomain-test-01.line-apps.com
http://ldblog-userdomain-test-02.line-apps.com
http://ldblog-userdomain-test-03.line-apps.com
http://ldblog-userdomain-test-04.line-apps.com
http://ldblog-userdomain-test-05.line-apps.com
http://ldblog-userdomain-test-06.line-apps.com
http://ldblog-userdomain-test-07.line-apps.com
http://ldblog-userdomain-test-08.line-apps.com
http://ldblog-userdomain-test-09.line-apps.com
http://ldblog-userdomain-test-10.line-apps.com
http://ldblog-userdomain-test-11.line-apps.com
http://ldblog-userdomain-test-12.line-apps.com
http://ldblog-userdomain-test-13.line-apps.com
http://ldblog-userdomain-test-14.line-apps.com
http://ldblog-userdomain-test-15.line-apps.com
http://ldblog-userdomain-test-16.line-apps.com
http://ldblog-userdomain-test-17.line-apps.com
http://ldblog-userdomain-test-18.line-apps.com
http://ldblog-userdomain-test-19.line-apps.com
http://ldblog-userdomain-test-20.line-apps.com
http://ldblog-userdomain-test-21.line-apps.com
http://ldblog-userdomain-test-22.line-apps.com
http://ldblog-userdomain-test-23.line-apps.com
http://ldblog-userdomain-test-24.line-apps.com
http://ldblog-userdomain-test-25.line-apps.com
http://ldblog-userdomain-test-26.line-apps.com
http://ldblog-userdomain-test-27.line-apps.com
http://ldblog-userdomain-test-28.line-apps.com
http://ldblog-userdomain-test-29.line-apps.com
http://ldblog-userdomain-test-31.line-apps.com
http://ldblog-userdomain-test-32.line-apps.com
http://ldblog-userdomain-test-33.line-apps.com
http://ldblog-userdomain-test-34.line-apps.com
http://ldblog-userdomain-test-35.line-apps.com
http://ldblog-userdomain-test-36.line-apps.com
http://ldblog-userdomain-test-37.line-apps.com
http://ldblog-userdomain-test-38.line-apps.com
http://ldblog-userdomain-test-39.line-apps.com
http://ldblog-userdomain-test-40.line-apps.com
http://ldblog-userdomain-test-41.line-apps.com
http://ldblog-userdomain-test-42.line-apps.com
http://ldblog-userdomain-test-43.line-apps.com
http://ldblog-userdomain-test-44.line-apps.com
http://ldblog-userdomain-test-45.line-apps.com
http://ldblog-userdomain-test-46.line-apps.com
http://ldblog-userdomain-test-48.line-apps.com
http://ldblog-userdomain-test-49.line-apps.com
http://lds-feedback-form.line-apps.com
http://lds-search.line-apps.com
http://lg-borne.line-apps.com
http://lg-borne-ppp.line-apps.com
http://lg-config.line-apps.com
http://lg-config-staging.line-apps.com
http://lggold-release-lggoldgame-10080.line-apps.com
http://lg-growthy.line-apps.com
http://lg-growthy-sdbx.line-apps.com
http://lg-internal-growthy-sdbx.line-apps.com
http://lg-scdn.line-apps.com
http://lgw-cdn-origin.line-apps.com
http://likes-manga-cdn.line-apps.com
http://likes-manga.line-apps.com
http://line-bot-cms-app-web.line-apps.com
http://linechef-api-callback.line-apps.com
http://linechef-api.line-apps.com
http://lineevent.line-apps.com
http://linetvl-bypass-api.line-apps.com
http://linetvl-trip-api.line-apps.com
http://link-org.line-apps.com
http://litmus.line-apps.com
http://live-api-jp.line-apps.com
http://live-burst-api-jp.line-apps.com
http://live-burst-api.line-apps.com
http://lm-jenkins.line-apps.com
http://lm-sentry.line-apps.com
http://log1-amp.line-apps.com
http://looks-api.line-apps.com
http://looks-org.line-apps.com
http://lss-org.line-apps.com
http://man-api.line-apps.com
http://man-chat.line-apps.com
http://man-driver.line-apps.com
http://manga-api-gateway.line-apps.com
http://manga-api.line-apps.com
http://manga-channel-web-api.line-apps.com
http://manga-profile-api.line-apps.com
http://music-jp-dn.line-apps.com
http://music-nile.line-apps.com
http://music-tw-img.line-apps.com
http://my-inquiry.line-apps.com
http://ndrive.linecorp.com.gtm.line-apps.com
http://news.line-apps.com
http://now-ingress-public.line-apps.com
http://nucleo-apps-jp2.line-apps.com
http://oaplus-mobile.line-apps.com
http://obs-cn-rc.line-apps.com
http://obs-cn-rc.line-apps.com:8000
http://obs-org-jp.line-apps.com
http://obs-org.line-apps.com
http://obs-org-rc.line-apps.com
http://org-api.line-apps.com
http://org-cdn-test001.line-apps.com
http://org-channel.line-apps.com
http://org-proxy-social-plugins.line-apps.com
http://org-scdn.line-apps.com
http://origin-stf.line-apps.com
http://parking.line-apps.com
http://pasha-api.line-apps.com
http://payg.line-apps.com
http://payg-log.line-apps.com
http://pipe-runtime-ing1.line-apps.com
http://pipe-runtime-ing.line-apps.com
http://pipe-runtime-stg-ing.line-apps.com
http://play.line-apps.com
http://play-static-beta.line-apps.com
http://play-static.line-apps.com
http://pockeo.line-apps.com
http://points-external-ads.line-apps.com
http://production-ingress-public.devops.tw.line-apps.com
http://promotion-api.line-apps.com
http://pty-console.line-apps.com
http://pty-ems.line-apps.com
http://pty-fe-api.line-apps.com
http://pty-web.line-apps.com
http://ramadan-api.line-apps.com
http://ramadan-web.line-apps.com
http://receipt.line-apps.com
https://accountpage.line-apps.com
https://ad-feedback.line-apps.com
http://sandbox-api-th-pay.line-apps.com
http://sandbox-fgw-th-pay.line-apps.com
http://sandbox-openapi-pay.line-apps.com
https://a-obs-th.line-apps.com
https://api-camera.line-apps.com
https://api-fact-checker.line-apps.com
https://apigw-ambassador-saas.line-apps.com
https://apigw-jp2.line-apps.com
https://api-mall.line-apps.com
https://api.ndrive.linecorp.com.gtm.line-apps.com
https://api-oaplus-mobile.line-apps.com
https://b612-api.line-apps.com
https://b612-org.line-apps.com
https://baito-api.line-apps.com
https://baito.line-apps.com
https://bbs-play.line-apps.com
https://bcrm-kiehls.line-apps.com
https://bcrm.line-apps.com
https://beacon-admin.line-apps.com
https://birthday-gift-liff-api.line-apps.com
https://blockchain2-org.line-apps.com
https://blockchain-org.line-apps.com
https://blog-api.line-apps.com
https://blog-internal-api.line-apps.com
https://blog-liff.line-apps.com
https://blog.line-apps.com
https://blog-webui.line-apps.com
https://board.game-api-jp-staging.line-apps.com
https://bot-stickershop.line-apps.com
https://bubbles2.line-apps.com
https://buy-tw-ec.line-apps.com
https://buy-web-origin.line-apps.com
https://camera-log.line-apps.com
https://campaign-score-api.line-apps.com
https://campaign-server-green.line-apps.com
https://campaign-web-th.line-apps.com
https://campus-program-api.line-apps.com
https://cartodb.line-apps.com
https://cast-chat-001.line-apps.com
https://cast-chat-002.line-apps.com
https://cast-chat-003.line-apps.com
https://cast-chat-004.line-apps.com
https://cast-chat-005.line-apps.com
https://cast-chat-006.line-apps.com
https://cast-chat-007.line-apps.com
https://cast-chat-008.line-apps.com
https://cast-chat-009.line-apps.com
https://cast-chat-010.line-apps.com
https://cast-chat-011.line-apps.com
https://cast-chat-012.line-apps.com
https://cast-chat-013.line-apps.com
https://cast-chat-014.line-apps.com
https://cast-chat-015.line-apps.com
https://cast-chat-016.line-apps.com
https://cast-chat-017.line-apps.com
https://cast-chat-018.line-apps.com
https://cast-chat-019.line-apps.com
https://cast-chat-020.line-apps.com
https://cast-chat-021.line-apps.com
https://cast-chat-022.line-apps.com
https://cast-chat-023.line-apps.com
https://cast-chat-024.line-apps.com
https://cast-chat-025.line-apps.com
https://cast-chat-026.line-apps.com
https://cast-chat-027.line-apps.com
https://cast-chat-028.line-apps.com
https://cast-chat-029.line-apps.com
https://cast-chat-030.line-apps.com
https://cast-chat-104.line-apps.com
https://cast-chat-105.line-apps.com
https://cast-chat-106.line-apps.com
https://cast-chat-107.line-apps.com
https://cast-chat-108.line-apps.com
https://cast-chat-109.line-apps.com
https://cast-chat-110.line-apps.com
https://cast-chat-111.line-apps.com
https://cast-chat-112.line-apps.com
https://cast-chat-113.line-apps.com
https://cast-chat-114.line-apps.com
https://cast-chat-115.line-apps.com
https://cast-chat-118.line-apps.com
https://cast-chat-119.line-apps.com
https://cast-chat-121.line-apps.com
https://cast-chat-123.line-apps.com
https://cast-chat-125.line-apps.com
https://cast-chat-126.line-apps.com
https://cast-chat-127.line-apps.com
https://cast-chat-129.line-apps.com
https://cast-chat-131.line-apps.com
https://cast-chat-132.line-apps.com
https://cast-chat-133.line-apps.com
https://cast-chat-134.line-apps.com
https://cast-chat-137.line-apps.com
https://cast-chat-138.line-apps.com
https://cast-chat-139.line-apps.com
https://cast-chat-140.line-apps.com
https://cast-chat-141.line-apps.com
https://cast-chat-142.line-apps.com
https://cast-chat-143.line-apps.com
https://cast-chat-144.line-apps.com
https://cast-chat-145.line-apps.com
https://cast-chat-146.line-apps.com
https://cast-chat-148.line-apps.com
https://cast-chat-150.line-apps.com
https://cast-chat-151.line-apps.com
https://cast-chat-152.line-apps.com
https://cast-chat-153.line-apps.com
https://cast-chat-155.line-apps.com
https://cast-chat-157.line-apps.com
https://cast-chat-158.line-apps.com
https://cast-chat-159.line-apps.com
https://cast-chat-160.line-apps.com
https://cast-chat-161.line-apps.com
https://cast-chat-162.line-apps.com
https://cast-chat-164.line-apps.com
https://cast-chat-165.line-apps.com
https://cast-chat-166.line-apps.com
https://cast-chat-167.line-apps.com
https://cast-chat-169.line-apps.com
https://cast-chat-171.line-apps.com
https://cast-chat-172.line-apps.com
https://cast-chat-176.line-apps.com
https://cast-chat-177.line-apps.com
https://cast-chat-178.line-apps.com
https://cast-chat-179.line-apps.com
https://cast-chat-183.line-apps.com
https://cast-chat-184.line-apps.com
https://cast-chat-185.line-apps.com
https://cast-chat-188.line-apps.com
https://cast-chat-189.line-apps.com
https://cast-chat-190.line-apps.com
https://cast-chat-194.line-apps.com
https://cast-chat-195.line-apps.com
https://cast-chat-196.line-apps.com
https://cast-chat-198.line-apps.com
https://cast-chat-199.line-apps.com
https://cast-chat-200.line-apps.com
https://cast-chat-203.line-apps.com
https://cast-chat-204.line-apps.com
https://cast-chat-205.line-apps.com
https://cast-chat-207.line-apps.com
https://cast-chat-209.line-apps.com
https://cast-chat-211.line-apps.com
https://cast-chat-212.line-apps.com
https://cast-chat-214.line-apps.com
https://cast-chat-216.line-apps.com
https://cast-chat-217.line-apps.com
https://cast-chat-218.line-apps.com
https://cast-chat-221.line-apps.com
https://cast-chat-223.line-apps.com
https://cast-chat-api.line-apps.com
https://cast-chat-sg-v-001.line-apps.com
https://cast-chat-sg-v-002.line-apps.com
https://cast-chat-sg-v-003.line-apps.com
https://cast-chat-sg-v-004.line-apps.com
https://cast-chat-sg-v-005.line-apps.com
https://categoryweb.line-apps.com
https://cbsoil-public-ingress.line-apps.com
https://ccd-proxy-pay.line-apps.com
http://scd-api.line-apps.com
https://cdn2-obs.line-apps.com
https://cdn-collector.line-apps.com
https://cdn-lg.line-apps.com
http://scdn.line-apps.com
https://cdn.line-apps.com
https://cdn-obs-beta.line-apps.com
https://cdn-obs.line-apps.com
https://cdn-obs-rc.line-apps.com
https://cdn-stf.line-apps.com
https://cdn-stickershop.line-apps.com
https://cdn-wwa.line-apps.com
http://scd-uploads.line-apps.com
https://channel-mall.line-apps.com
https://channel-schedule.line-apps.com
https://child-keygen-alpha.line-apps.com
https://child-keygen.line-apps.com
https://child-keygen-sdbx.line-apps.com
https://child-proxy-alpha.line-apps.com
https://child-proxy-sdbx.line-apps.com
https://chirashi-service-rc.line-apps.com
https://chisel.line-apps.com
https://ch-news-beta.line-apps.com
https://ch-news-cf.line-apps.com
https://ch-news.line-apps.com
https://ch-news-origin.line-apps.com
https://ch-news-test.line-apps.com
https://ci.line-apps.com
https://cix.line-apps.com
https://clova-authgw.line-apps.com
https://clova-chatbot-web-kit-demoproxy.line-apps.com
https://clova-cic.line-apps.com
https://clova-dock-api.line-apps.com
https://clova-lm-px.line-apps.com
https://clova-lvs-intro.line-apps.com
https://clova-mycommand.line-apps.com
https://clova-notification-web.line-apps.com
https://clova-ota-auth.line-apps.com
https://clova-radiko-web.line-apps.com
https://clova-search-guide-webview.line-apps.com
https://clova-wavegw.line-apps.com
https://cmobs-beta-kr1-backend.line-apps.com
https://cnts-pay.line-apps.com
https://c-obs-th.line-apps.com
http://sc-oms-api.line-apps.com
https://condolence.line-apps.com
https://connection-message-app.line-apps.com
https://connection-message-app.line-apps.com:8000
https://connection-router.line-apps.com
https://connection-router.line-apps.com:8000
https://coupon.line-apps.com
https://coupon-org.line-apps.com
https://covid19.line-apps.com
https://covid19.website.line-apps.com
http://scratchcard.line-apps.com
https://creator.line-apps.com
https://creators.line-apps.com
https://creator-static-origin.line-apps.com
http://sc-shopend.line-apps.com
http://sc-unleash-proxy.line-apps.com
http://sc-unleash-proxy-prod.line-apps.com
https://customer-api.line-apps.com
https://cwa-front.line-apps.com
https://cyber-bousai-origin.line-apps.com
https://data-sync.line-apps.com
http://sdbx-gw.line-apps.com
http://sdbx-help3rd.line-apps.com
http://sdbx-lan3rd.line-apps.com
http://sdbx-terms3rd.line-apps.com
https://delima-ch.line-apps.com
https://delima-cwa.line-apps.com
https://delivery-engine-api.line-apps.com
https://demaecan-userfeedback.line-apps.com
https://design-org.line-apps.com
https://devcdn-addr-jp2-1.line-apps.com
https://devdocs-feedback-form.line-apps.com
https://devdocs-search-api.line-apps.com
https://dev-gb-vod-linetv.line-apps.com
https://dl.ndrive.linecorp.com.gtm.line-apps.com
https://doctor-api.line-apps.com
https://domain-parking.line-apps.com
https://dpos-pay.line-apps.com
https://ecac-ingress-public.line-apps.com
https://ec-bot-ingress-public.line-apps.com
https://ec-bot-sharer.line-apps.com
https://ec-bot-web.line-apps.com
https://ect-mall-api.line-apps.com
https://ect-storefront-api.line-apps.com
http://security2018.line-apps.com
https://engineering2-org.line-apps.com
https://engineering-org.line-apps.com
http://sentry9-th.line-apps.com
https://entry-at-channel.line-apps.com
http://sentry-nlad6.line-apps.com
https://eticket.line-apps.com
https://events.line-apps.com
https://external-api-jp-linemusic.line-apps.com
https://facing-fortune-api.line-apps.com
https://fackchecker-vks-ingress-public.line-apps.com
https://fanfic-public-lb.line-apps.com
https://fido-rp-pay.line-apps.com
https://foodie-api.line-apps.com
https://foodie-org.line-apps.com
https://fortune-app-api.line-apps.com
https://fortune-liff.line-apps.com
https://freecoins.line-apps.com
https://fweb-id-pay.line-apps.com
https://game-api-jp-sdbx.line-apps.com
https://game-api-jp-staging.line-apps.com
https://game-api-sdbx.line-apps.com
https://game-api-staging.line-apps.com
https://game-portal-web-internal.line-apps.com
https://game-portal-web.line-apps.com
https://gasket-seiren.line-apps.com
https://gift-api.line-apps.com
https://google-maps-api-proxy.line-apps.com
https://gpevent-channel.line-apps.com
https://gp-web-pay.line-apps.com
https://growthy-sandbox-growthywebcollector-80.line-apps.com
https://growthy-staging-growthywebcollector-80.line-apps.com
https://guide-api.line-apps.com
https://guide-origin.line-apps.com
https://hap-de.line-apps.com
https://hap-de.line-apps.com:10180
https://hap.g.line-apps.com
https://hap.g.line-apps.com:10180
https://hap-kr.line-apps.com
https://hap-kr.line-apps.com:10180
https://hap.line-apps.com
https://hap.line-apps.com:10180
https://hap-sdbx.line-apps.com
https://hap-sg.line-apps.com
https://hap-sg.line-apps.com:10180
https://hap-staging.line-apps.com
https://hap-us.line-apps.com
https://hap-us.line-apps.com:10180
https://healthcare.line-apps.com
http://shopcard.line-apps.com
http://shop-cdn.line-apps.com
http://shop-dl.line-apps.com
http://siaga-covid19-api.line-apps.com
http://siaga-covid19-web.line-apps.com
https://igp-igf-release-frontend-cv.line-apps.com
https://igp-igf-sandbox-frontend-cv.line-apps.com
https://igp-ig-staging-frontend-cv.line-apps.com
https://image-alpha.line-apps.com
https://img-api-jp-linemusic.line-apps.com
https://img-pay.line-apps.com
https://ingress-public.brown.line-apps.com
https://inlinelive-api.line-apps.com
https://inlinelive-burst-api.line-apps.com
https://inlinelive-chat-api.line-apps.com
https://inlinelive-trivia-api.line-apps.com
https://insurance.line-apps.com
https://iu-dex.line-apps.com
https://jobs2-gateway.line-apps.com
https://j-obs-th.line-apps.com
https://jp3.website.line-apps.com
https://jrr.line-apps.com
https://keygen-sdbx-test.line-apps.com
https://kube-lb-external.tw.line-apps.com
https://kyc-digital-id-client-gw.line-apps.com
https://kyc-mm-pay.line-apps.com
https://kyc-web-pay.line-apps.com
https://lanimg-beta.line-apps.com
https://lanimg.line-apps.com
https://lb3-api.line-apps.com
https://lb3k-api.line-apps.com
https://lbe-scan.line-apps.com
https://lcm-th-contest.line-apps.com
https://lcp-prod-image.line-apps.com
https://lcp-prod.line-apps.com
https://lcp-prod-static.line-apps.com
https://lcp-prod-static-origin.line-apps.com
https://ldblog-cache-origin.line-apps.com
https://ldblog-image-cdn.line-apps.com
https://ldblog-parts-cdn.line-apps.com
https://ldblog-parts-origin.line-apps.com
https://ldf-form.line-apps.com
https://lds-feedback-form.line-apps.com
https://lds-search.line-apps.com
https://legy-addr-v4.ds.line-apps.com
https://legy.ds.line-apps.com
https://legy-gslb.line-apps.com
https://lg-borne.line-apps.com
https://lg-borne-ppp.line-apps.com
https://lg-config.line-apps.com
https://lg-config-sdbx.line-apps.com
https://lg-config-staging.line-apps.com
https://lggold-release-lggoldgame-10080.line-apps.com
https://lg-push-web.line-apps.com
https://lg-scdn.line-apps.com
https://lg-sn-event.line-apps.com
https://lgw-cdn-origin.line-apps.com
https://likes-manga-cdn.line-apps.com
https://likes-manga.line-apps.com
https://line-bot-cms-app-web.line-apps.com
https://linebrain-webchat-ui-customapi.line-apps.com
https://linebrain-webchat-ui.line-apps.com
https://line-careers.website.line-apps.com
https://linechef-api-callback.line-apps.com
https://linechef-api.line-apps.com
https://lineevent.line-apps.com
https://lineman.line-apps.com
https://line-mirai-search.line-apps.com
https://line-online-search.line-apps.com
https://linepay-search.line-apps.com
https://linetvl-bypass-api.line-apps.com
https://linetvl-trip-api.line-apps.com
https://linetvl-utm-bundle-api.line-apps.com
https://link-org.line-apps.com
https://litmus.line-apps.com
https://live-api-jp.line-apps.com
https://live-api.line-apps.com
https://live-api.line-apps.com.akadns.net
https://live-api-sg.line-apps.com
https://live-burst-api-jp.line-apps.com
https://live-burst-api.line-apps.com
https://live-burst-api-sg.line-apps.com
https://livebuy-api.line-apps.com:6565
https://livedoor-blogreader.line-apps.com
https://lm-arcade.line-apps.com
https://lm-jenkins.line-apps.com
https://lm-liff.line-apps.com
https://lm-mart-erp.line-apps.com
https://lm-partner-citi.line-apps.com
https://lm-partner-uob.line-apps.com
https://lm-reward.line-apps.com
https://lm-sentry.line-apps.com
https://log-music-data-dev.line-apps.com
https://looks-api.line-apps.com
https://looks-org.line-apps.com
https://loves-outlets.line-apps.com
https://lssapi.line-apps.com
https://lss-org.line-apps.com
https://lss-push-test.line-apps.com
https://man-api.line-apps.com
https://man-chat.line-apps.com
https://man-driver.line-apps.com
https://manga-api-gateway.line-apps.com
https://manga-api.line-apps.com
https://manga-channel-web-api.line-apps.com
https://manga-profile-api.line-apps.com
https://man-map.line-apps.com
https://man-notification.line-apps.com
https://man-org.line-apps.com
https://man-partner.line-apps.com
https://man-taxi-api.line-apps.com
https://master.covid19.website.line-apps.com
https://monary-web.line-apps.com
https://movie-api-th.line-apps.com
https://movie-web-th.line-apps.com
https://music-jp-api.line-apps.com
https://music-jp-billing.line-apps.com
https://music-jp-coupon.line-apps.com
https://music-jp-dlproxy.line-apps.com
https://music-jp-dn.line-apps.com
https://music-jp-logs.line-apps.com
https://music-jp-sgproxy.line-apps.com
https://music-nile.line-apps.com
https://music-tw-img.line-apps.com
https://music-tw-vks-ingress-public.line-apps.com
https://mycard-web-th.line-apps.com
https://my-inquiry.line-apps.com
https://ndrive.linecorp.com.gtm.line-apps.com
https://news.line-apps.com
https://new-weather-bot.line-apps.com
https://nft-search.line-apps.com
https://now-ingress-public.line-apps.com
https://nucleo-apps-jp2.line-apps.com
https://ny-2022-liff-api.line-apps.com
https://oaplus-mobile.line-apps.com
https://oa-research-channel.line-apps.com
https://obs-addr.ds.line-apps.com
https://obs-addr-v4.ds.line-apps.com
https://obs-beta1.line-apps.com
https://obs-beta2.line-apps.com
https://obs-beta.line-apps.com
https://obs-cn-api.line-apps.com
https://obs-cn.line-apps.com
https://obs-cn-media.line-apps.com
https://obs-de2.line-apps.com
https://obs-de-addr.line-apps.com
https://obs-de.line-apps.com
https://obs.ds.line-apps.com
https://obs-geoip.line-apps.com
https://obs-ir.line-apps.com
https://obs-jp2-addr-ds.line-apps.com
https://obs-jp2-addr.line-apps.com
https://obs-jp2-private.line-apps.com
https://obs-jp.line-apps.com
https://obs-kr2.line-apps.com
https://obs-kr-addr.line-apps.com
https://obs-kr.line-apps.com
https://obs.line-apps.com
https://obs-org-jp.line-apps.com
https://obs-org.line-apps.com
https://obs-org-rc.line-apps.com
https://obs-rc.line-apps.com
https://obs-sg1.line-apps.com
https://obs-sg-addr.line-apps.com
https://obs-sg.line-apps.com
https://obs-th.line-apps.com
https://obs-th-ngc.line-apps.com
https://obs-tw.line-apps.com
https://obs-us2.line-apps.com
https://obs-us-addr.line-apps.com
https://obs-us.line-apps.com
https://obs-vn.line-apps.com
https://ocra-server.line-apps.com
https://odd-ekyc-liff.line-apps.com
https://orderhub-tw-pay.line-apps.com
https://org-api.line-apps.com
https://org-cdn-test001.line-apps.com
https://org-channel.line-apps.com
https://org-proxy-social-plugins.line-apps.com
https://org-scdn.line-apps.com
https://org-search.line-apps.com
https://org-static.line-apps.com
https://org-today.line-apps.com
https://origin-stf.line-apps.com
https://page-front.line-apps.com
https://partner-tw-pay.line-apps.com
https://pasha-api.line-apps.com
https://payg.line-apps.com
https://pay-webapp.line-apps.com
https://pipe-runtime-ing1.line-apps.com
https://place-gateway.line-apps.com
https://planner-gateway.line-apps.com
https://play.line-apps.com
https://pockeo.line-apps.com
https://pocketmoney-search.line-apps.com
https://point-ads.line-apps.com
https://points-external-ads.line-apps.com
https://pos-web-pay.line-apps.com
http://spot-api2.line-apps.com
http://spot-api.line-apps.com
http://spot-cwa.line-apps.com
http://spot-ingress-public.line-apps.com
http://spot.line-apps.com
http://spot-portal-search.line-apps.com
http://spot-share-api.line-apps.com
http://spot-store-reg.line-apps.com
https://production-ingress-public.devops.tw.line-apps.com
https://production-ingress-public.line-apps.com
https://projectm-api.line-apps.com
https://promotion-api.line-apps.com
https://protostar.line-apps.com
https://pty-console.line-apps.com
https://pty-ems.line-apps.com
https://pty-fe-api.line-apps.com
https://pty-web.line-apps.com
https://public-serve.line-apps.com
https://push-pay.line-apps.com:8443
https://ramadan-api.line-apps.com
https://ramadan-web.line-apps.com
https://rangers-api.line-apps.com
https://receipt.line-apps.com
https://redirection-to.covid19.website.line-apps.com
https://relay-sentry-fp.line-apps.com
https://resizer.line-apps.com
https://sandbox-api-th-pay.line-apps.com
https://sandbox-fgw-th-pay.line-apps.com
https://sandbox-openapi-pay.line-apps.com
https://scd-api.line-apps.com
https://scdn.line-apps.com
https://scd-uploads.line-apps.com
https://sc-oms-api.line-apps.com
https://scratchcard.line-apps.com
https://sc-shopend.line-apps.com
https://scu-hometab.line-apps.com
https://scu-hometab-test.line-apps.com
https://sc-unleash-proxy.line-apps.com
https://sc-unleash-proxy-prod.line-apps.com
https://sdbx-gw.line-apps.com
https://sdbx-help3rd.line-apps.com
https://sdbx-lan3rd.line-apps.com
https://sdbx-terms3rd.line-apps.com
https://security2018.line-apps.com
https://sellers-th.line-apps.com
https://sentry9-th.line-apps.com
https://sentry-nlad6.line-apps.com
https://sentry-th.line-apps.com
https://sentry-tw.line-apps.com
https://sentry-uit.line-apps.com
https://shopcard-external-api.line-apps.com
https://shopcard.line-apps.com
https://shopcard.website.line-apps.com
https://shop-cdn.line-apps.com
https://shop-dl.line-apps.com
https://siaga-covid19-api.line-apps.com
https://siaga-covid19-web.line-apps.com
https://smart-channel-service.line-apps.com
https://smarthome.line-apps.com
https://sp-management.line-apps.com
https://spot-api2.line-apps.com
https://spot-api.line-apps.com
https://spot-cwa.line-apps.com
https://spot-ingress-public.line-apps.com
https://spot.line-apps.com
https://spot-portal-search.line-apps.com
https://spot-share-api.line-apps.com
https://spot-store-reg.line-apps.com
https://sp-pv-logger.line-apps.com
https://sstatic-cbox.line-apps.com
https://sstatic-linetv.line-apps.com
http://sstatic-cbox.line-apps.com
https://static-inhouse.line-apps.com
http://sstatic-linetv.line-apps.com
https://stickershop-web-origin.line-apps.com
https://supportcontents-origin.line-apps.com
https://supporters-channel.line-apps.com
https://talk-care-channel.line-apps.com
https://talk-lp-api.line-apps.com
https://tapas-api.line-apps.com
http://static-inhouse.line-apps.com
http://static-rangers.line-apps.com
https://techpulse-nft.line-apps.com
https://telemedicine-external.line-apps.com
https://telemedicine.line-apps.com
https://test-creator.line-apps.com
https://tgw-pay.line-apps.com
https://theme-fit-api.line-apps.com
https://theme-fit-web.line-apps.com
https://themeshop-web-origin.line-apps.com
https://ticket-api.line-apps.com
https://ticket-api-mypage.line-apps.com
https://tlc-traefik.line-apps.com
https://t-obs-th.line-apps.com
https://todayapp-api.line-apps.com
https://to-obs-th.line-apps.com
https://torimochi.line-apps.com
https://transfer-portal-api.line-apps.com
https://travel.line-apps.com
https://ts.line-apps.com
https://tv1-pt.line-apps.com
https://tv2-pt.line-apps.com
https://tv-img.line-apps.com
https://tv-rmcnmv.line-apps.com
https://tv-rmcnmv-pt.line-apps.com
https://twcampaign-vks-ingress-public.line-apps.com
https://twsticker-traefik-public.line-apps.com
https://upay-gw.line-apps.com
http://supportcontents-origin.line-apps.com
https://utility-service-th.line-apps.com
https://uts-front.line-apps.com
https://vdn-obs.line-apps.com
https://viruswall-spcaa.website.line-apps.com
https://voipnx-saturn.line-apps.com
https://vvid-api.line-apps.com
https://wallet-coupon-api.line-apps.com
https://wallet-web.line-apps.com
https://webi-party-music.line-apps.com
https://web-mmap-pay.line-apps.com
https://website.line-apps.com
https://web-th-pay.line-apps.com
https://web-tw-pay.line-apps.com
https://wtp-jp.line-apps.com:12000
https://www.redirection-to.covid19.website.line-apps.com
https://yuki-cdn.line-apps.com
https://yuki.line-apps.com
http://talk-care-channel.line-apps.com
http://ticket-api.line-apps.com
http://todayapp-api.line-apps.com
http://torimochi.line-apps.com
http://tv1-pt.line-apps.com
http://tv2-pt.line-apps.com
http://tv-img.line-apps.com
http://tv-rmcnmv.line-apps.com
http://tv-rmcnmv-pt.line-apps.com
http://vdn-obs.line-apps.com
http://vvid-api.line-apps.com
http://web-th-pay.line-apps.com
http://yuki-cdn.line-apps.com
http://yuki.line-apps.com
