http://10th-anniversary.line.me
http://20-21newyear.game.line.me
http://7thanniversary.game.line.me
http://access2.line.me
http://access-auto.line.me
http://access.line.me
http://access-test.line.me
http://account.line.me
http://accountpage.line.me
http://ace.line.me
http://ad-center.line.me
http://admanager.line.me
http://adrian.apigw.jp2.saas.line.me
http://agecheck-beta.line.me
http://agecheck.line.me
http://agecheck-rc.line.me
http://aillis.line.me
http://airarmor.line.me
http://aireye.line.me
http://airgo.line.me
http://air.line.me
http://alertth.line.me
http://alpha-ace.line.me
http://alpha-ace.line.me:8080
http://alpha-lcs.line.me
http://alpha-lcs.line.me:8080
http://alpha-nc.line.me
http://alpha-nc.line.me:8080
http://analytics-conomi.line.me
http://andy.apigw.jp2.saas.line.me
http://api2.line.me
http://api.blockchain.line.me
http://api-data.line.me
http://api.line.me
http://api-rangers.line.me
http://api-test.line.me
http://api.today.line.me
http://app-cv.line.me
http://app-manga.line.me
http://aqua.apigw.jp2.saas.line.me
http://ask-lawyer-mag.line.me
http://askme.line.me
http://at-blog.line.me
http://athens.line.me
http://athens-stage.line.me
http://at.line.me
http://atshop.line.me
http://audition.line.me
http://avatar.line.me
http://baito-biz-blog.line.me
http://baito-biz-manual-blog.line.me
http://baito.line.me
http://baito-mag-ja.line.me
http://baito-mag.line.me
http://bcrm-admin.line.me
http://bcrm-doc.line.me
http://bcrm-i.line.me
http://bcrm-i-manager.line.me
http://bcrm.line.me
http://bcrm-manager.line.me
http://bcrm-sandbox.line.me
http://birthday-gift-tw.line.me
http://bitmax-mag.line.me
http://bjlinks.game.line.me
http://blockchain.line.me
http://blog-at.line.me
http://blog.clova.line.me
http://blog.clova.line.me:2052
http://blog.clova.line.me:2082
http://blog.clova.line.me:2086
http://blog.clova.line.me:2095
http://blog.clova.line.me:8080
http://blog.clova.line.me:8880
http://blog.line.me
http://bnms.game.line.me
http://bridgepage.game.line.me
http://brownfarm.game.line.me
http://bubble2.game.line.me
http://buy.line.me
http://buy-order-api-ec-sandbox.line.me
http://buy-order-api.line.me
http://buy-partner.line.me
http://callback.line.me
http://camera.line.me
http://camera-official-blog.line.me
http://campaign.line.me
http://career.line.me
http://career-mag.line.me
http://career-origin.line.me
http://care-mag.line.me
http://cb.apigw.jp2.saas.line.me
http://cbdc.line.me
http://cc.line.me
http://charmmy.line.me
http://charmmy-rss.line.me
http://chef.game.line.me
http://chirashi.line.me
http://chocolat.game.line.me
http://chodaifugo.game.line.me
http://clova-blog-ja.line.me
http://clova-blog.line.me
http://clovanote.line.me
http://codelab.line.me
http://collection-blog.line.me
http://conomi.line.me
http://contact.blockchain.line.me
http://contact-cc.line.me
http://contact.line.me
http://contact.pockeo.line.me
http://convert.apigw.jp2.saas.line.me
http://creativelab-tips.line.me
http://creative.line.me
http://creator.line.me
http://creator-mag-ja.line.me
http://creator-mag.line.me
http://creator-mag-th.line.me
http://creator-mag-tw.line.me
http://creator-manual-en.line.me
http://creator-manual-ja.line.me
http://creator-manual.line.me
http://creator-manual-th.line.me
http://creator-manual-tw.line.me
http://creator-static.line.me
http://critical.apigw.jp2.saas.line.me
http://cs-cb.clova.line.me
http://cs-cb.clova.line.me:2052
http://cs-cb.clova.line.me:2082
http://cs-cb.clova.line.me:2086
http://cs-cb.clova.line.me:2095
http://cs-cb.clova.line.me:8080
http://cs-cb.clova.line.me:8880
http://cs-ocr.clova.line.me
http://cs-ocr.clova.line.me:2052
http://cs-ocr.clova.line.me:2082
http://cs-ocr.clova.line.me:2086
http://cs-ocr.clova.line.me:2095
http://cs-ocr.clova.line.me:8080
http://cs-ocr.clova.line.me:8880
http://cube.line.me
http://cube-origin.line.me
http://deal.line.me
http://deals.line.me
http://delima.line.me
http://design.line.me
http://designsystem.line.me
http://destiny-child-blog.line.me
http://destiny-child-kr-blog.line.me
http://dev.blockchain.line.me
http://devday-2021.landpress.line.me
http://devdocs.line.me
http://developers-admin.game.line.me
http://developers.game.line.me
http://developers.line.me
http://dict.line.me
http://d.line.me
http://docs.blockchain.line.me
http://docs-music-analytics.line.me
http://doctor.line.me
http://dona.pockeo.line.me
http://donation-jp.line.me
http://donation-th.line.me
http://donation-tw.line.me
http://driver-regis.line.me
http://drpk.game.line.me
http://duckyduck.pockeo.line.me
http://ecbiz-blog.line.me
http://ec.line.me
http://eclive-blog.line.me
http://emojipack.landpress.line.me
http://entameoa-manual.line.me
http://entry-at.line.me
http://entry.line.me
http://europe.apigw.jp2.saas.line.me
http://event-pay.line.me
http://events.line.me
http://event-web.line.me
http://ex-atshop.line.me
http://explorer.blockchain.line.me
http://ezstore.line.me
http://fanwiki.line.me
http://feedback.line.me
http://foodie.line.me
http://fortune.line.me
http://fortune-mag-ja.line.me
http://fortune-mag.line.me
http://fortune-manager.line.me
http://friends.line.me
http://g1.apigw.jp2.saas.line.me
http://game-api-sandbox.line.me
http://game-api-staging.line.me
http://game-blog.line.me
http://game-blog-th.line.me
http://game.line.me
http://game-yoyaku-campaign.game.line.me
http://game-yoyaku.line.me
http://gdc.game.line.me
http://gdc-rehearsal.game.line.me
http://ge.apigw.jp2.saas.line.me
http://gift-blog-ja.line.me
http://gift-blog.line.me
http://gift.line.me
http://gift-shop-entry.line.me
http://giftshop.line.me
http://giftshop-tw-liff.line.me
http://giftshop-tw.line.me
http://glp-web.landpress.line.me
http://godtama-blog.line.me
http://godtamazeiya.game.line.me
http://ground.line.me
http://growthy-analytics.game.line.me
http://growthy-api.game.line.me
http://growthy-bip-chart.game.line.me
http://growthy-eis.game.line.me
http://growthy-probe.game.line.me
http://growthy-welcome.game.line.me
http://guardians-blog.line.me
http://guide.line.me
http://gundamwars-blog.line.me
http://hackth.line.me
http://healthcare-blog.line.me
http://healthcare-cms.line.me
http://hello-bt21.game.line.me
http://help2.line.me
http://help2-o.line.me
http://help3rd.line.me
http://help.line.me
http://help-o.line.me
http://hidakaya.pockeo.line.me
http://hidakayaservice.pockeo.line.me
http://hoken-blog.line.me
http://home.game.line.me
http://hr-blog.line.me
http://hrcon.line.me
http://hrcon-lp.line.me
http://insurance.line.me
http://invest.line.me
http://isomarusuisan.pockeo.line.me
http://itemget.game.line.me
http://jumputi.game.line.me
http://jumputiglobal.game.line.me
http://jumputi-heroes-blog-ja.line.me
http://jumputi-heroes-blog.line.me
http://jumputi-heroes-blog-tw.line.me
http://jwgl.apigw.jp2.saas.line.me
http://jyujyukarubi.pockeo.line.me
http://kakeibo-blog.line.me
http://keep.line.me
http://keygen-sdbx.line.me
http://kotegaeshi.pockeo.line.me
http://kronos.apigw.jp2.saas.line.me
http://kushi-tanaka.pockeo.line.me
http://lan3rd.line.me
http://lan3rd-o.line.me
http://lan-click.tr.line.me
http://lan.line.me
http://lan-o.line.me
http://lap-blog.line.me
http://lap-click.tr.line.me
http://lbc.line.me
http://lb.clova.line.me
http://lb.clova.line.me:2052
http://lb.clova.line.me:2082
http://lb.clova.line.me:2086
http://lb.clova.line.me:2095
http://lb.clova.line.me:8080
http://lb.clova.line.me:8880
http://lbw-jp.line.me
http://lbw.line.me
http://lcs.line.me
http://lg-cs.line.me
http://lgurl.line.me
http://lineat-partnercenter.line.me
http://linecarnavi-blog.line.me
http://linedevth.line.me
http://line-entry-blog.line.me
http://linefriends.line.me
http://linefriendsth.line.me
http://lineit.line.me
http://lineman.line.me
http://line.me
http://linemusic-webapp.landpress.line.me
http://linepay.line.me
http://line-research.line.me
http://linescore-blog.line.me
http://linesec-blog.line.me
http://linevoom-blog.line.me
http://linevoom.line.me
http://littleknights-blog.line.me
http://live-channel.line.me
http://live.line.me
http://lotteria.pockeo.line.me
http://lpg.game.line.me
http://lp.play.line.me
http://lqg.game.line.me
http://lt-click.tr.line.me
http://magiccoin.game.line.me
http://makepositive.game.line.me
http://mall.line.me
http://mall-official-blog.line.me
http://mamaxlinepay.line.me
http://manga-blog-ja.line.me
http://manga-blog.line.me
http://manga-channel.line.me
http://manga.line.me
http://man.line.me
http://manual-at.line.me
http://market.line.me
http://m-at-blog.line.me
http://m-baito-mag.line.me
http://m-botawards-blog.line.me
http://m-camera-official-blog.line.me
http://m-clova-blog.line.me
http://m-creator-mag.line.me
http://m-creator-manual.line.me
http://media.line.me
http://melody-admin.line.me
http://melody.line.me
http://m-fortune-mag.line.me
http://m-gift-blog.line.me
http://m-guardians-blog.line.me
http://m-hr-blog.line.me
http://mig.apigw.jp2.saas.line.me
http://mkt-tool.game.line.me
http://m-mall-official-blog.line.me
http://m-manga-blog.line.me
http://m-music-mag.line.me
http://m-now-blog.line.me
http://mobile-blog.line.me
http://mobile.line.me
http://m-official-blog.line.me
http://monsterfarm.game.line.me
http://movie.apigw.jp2.saas.line.me
http://m-survey-blog.line.me
http://music-jp-coupon.line.me
http://music-jp.line.me
http://music.line.me
http://music-mag-ja.line.me
http://music-mag.line.me
http://music-refund.line.me
http://music-tw.line.me
http://mypage-mobile.line.me
http://nc.line.me
http://netflow.apigw.jp2.saas.line.me
http://news.line.me
http://nft-biz.line.me
http://nft-blog.line.me
http://nft.line.me
http://nft-lp.line.me
http://noble-blog.line.me
http://noble.game.line.me
http://notice2.line.me
http://notice2-o.line.me
http://notice.line.me
http://notice-o.line.me
http://notify-api.line.me
http://notify-bot.line.me
http://novel-blog.line.me
http://novel.line.me
http://now-blog.line.me
http://now.line.me
http://ns14.apigw.jp2.saas.line.me
http://ns41.apigw.jp2.saas.line.me
http://oa.tr.line.me
http://obs.line.me
http://oc.pool.apigw.jp2.saas.line.me
http://official-blog-cn.line.me
http://official-blog-en.line.me
http://official-blog-id.line.me
http://official-blog-ja.line.me
http://official-blog.line.me
http://official-blog-tw-biz.line.me
http://official-blog-tw.line.me
http://online.apigw.jp2.saas.line.me
http://openchat-blog.line.me
http://openchat-jp.line.me
http://openchat.line.me
http://optrecru.game.line.me
http://org-linevoom.line.me
http://org-provider.line.me
http://org-scdn.line.me
http://org-timeline.line.me
http://org-w.line.me
http://page-api.line.me
http://partnercenter-pay.line.me
http://partner.line.me
http://partners.line.me
http://pasha.line.me
http://pasutakann.pockeo.line.me
http://pay-blog.line.me
http://pay.line.me
http://pay-merchant-blog.line.me
http://payshop.line.me
http://pazfre-blog.line.me
http://place-blog.line.me
http://play.game.line.me
http://play.line.me
http://playnow7.game.line.me
http://pockeobiz.line.me
http://pockeo.line.me
http://pod.game.line.me
http://pod-payment.game.line.me
http://pod-store.game.line.me
http://point-blog.line.me
http://pointclub.line.me
http://points.line.me
http://poko.game.line.me
http://pokopangtown.game.line.me
http://pokopoko.game.line.me
http://pop2.game.line.me
http://pr.line.me
http://protostar.line.me
http://provider.line.me
http://proxy-sdbx.line.me
http://qrcodepay.line.me
http://qr-official.line.me
http://quick.game.line.me
http://rabbitlinepay-blog.line.me
http://rabbitlinepay-blog-th.line.me
http://rangers.game.line.me
http://rangers.line.me
http://reaction.line.me
http://research.line.me
http://research-platform.line.me
http://rosa.apigw.jp2.saas.line.me
http://router1.apigw.jp2.saas.line.me
https://10th-anniversary.line.me
https://20-21newyear.game.line.me
https://6thanniversary.game.line.me
https://7thanniversary.game.line.me
https://access2.line.me
https://access-auto.line.me
https://access.line.me
https://access-test.line.me
https://account.line.me
https://accountpage.line.me
https://ace.line.me
https://ad-center.line.me
https://admanager.line.me
https://adrian.apigw.jp2.saas.line.me
https://ads.line.me
https://agecheck-beta.line.me
https://agecheck.line.me
https://agecheck-rc.line.me
https://airarmor.line.me
https://airarmor.line.me:10180
https://air-aws.line.me
https://aireye.line.me
https://aireye.line.me:10180
https://air.game.line.me
https://airgo.line.me
https://airgo.line.me:10180
https://air-kr.line.me
https://air.line.me
https://air.line.me:10180
https://alertth.line.me
https://a.line.me
https://alpha-ace.line.me
https://alpha-lcs.line.me
https://alpha-nc.line.me
https://analytics-conomi.line.me
http://sandbox-api-pay.line.me
http://sandbox-pay.line.me
http://sandbox-web-pay.line.me
https://andy.apigw.jp2.saas.line.me
https://api2.line.me
https://api.blockchain.line.me
https://api-cas.line.me
https://api-clovanote.line.me
https://api-data.line.me
https://api.line.me
https://api-music.line.me
https://api-pay.line.me
https://api-rangers.line.me
https://api-reservation.line.me
https://api-tapas.line.me
https://api-test.line.me
https://api.today.line.me
https://app-cv.line.me
https://appier-mobile.line.me
https://apple-cv.line.me
https://app-manga.line.me
https://aqua.apigw.jp2.saas.line.me
https://ask-lawyer-mag.line.me
https://askme.line.me
https://athens.line.me
https://athens-stage.line.me
https://at.line.me
https://atshop.line.me
https://audition.line.me
https://avatar.line.me
https://baito-biz-blog.line.me
https://baito-biz-manual-blog.line.me
https://baito.line.me
https://baito-mag-ja.line.me
https://baito-mag.line.me
https://bank-open-api-web-pay.line.me
https://bcrm-admin.line.me
https://bcrm-doc.line.me
https://bcrm-i.line.me
https://bcrm-i-manager.line.me
https://bcrm.line.me
https://bcrm-manager.line.me
https://bcrm-sandbox.line.me
https://birthday-gift-tw.line.me
https://bitmax-mag.line.me
https://bjlinks.game.line.me
https://blockchain.line.me
https://blog-at.line.me
https://blog.clova.line.me
https://blog.clova.line.me:2053
https://blog.clova.line.me:2083
https://blog.clova.line.me:2087
https://blog.clova.line.me:2096
https://blog.clova.line.me:8443
https://blog-cms.line.me
https://blog.line.me
https://bnms.game.line.me
https://bridgepage.game.line.me
https://brownfarm.game.line.me
https://bubble2.game.line.me
https://business.game.line.me
https://buy.line.me
https://buy-order-api-ec-sandbox.line.me
https://buy-order-api.line.me
https://buy-partner-api.line.me
https://buy-partner.line.me
http://scaleup.line.me
https://callback.line.me
https://camera-official-blog.line.me
https://campaign.line.me
https://career.line.me
https://career-mag.line.me
https://career-origin.line.me
https://care-mag.line.me
https://carnavi.line.me
https://ca.tr.line.me
https://cb.apigw.jp2.saas.line.me
https://cbdc.line.me
https://cc.line.me
http://scdn.line.me
https://charmmy-api.line.me
https://charmmy.line.me
https://charmmy-shortcut.line.me
https://chef.game.line.me
https://chirashi.line.me
https://chocolat.game.line.me
https://chodaifugo.game.line.me
https://clova-blog-ja.line.me
https://clova-blog.line.me
https://clova-cek-requests.line.me
https://clova-developers.line.me
https://clova.line.me
https://clova-mashup.line.me
https://clovanote.line.me
https://clova-skill-store.line.me
https://cnts-pay.line.me
https://codelab.line.me
https://coder.line.me
https://collection-blog.line.me
https://conomi.line.me
https://contact.blockchain.line.me
https://contact-cc.line.me
https://contact.line.me
https://contact.pockeo.line.me
https://conversion-api.tr.line.me
https://convert.apigw.jp2.saas.line.me
https://coupon.line.me
https://creativelab-tips.line.me
https://creative.line.me
https://creator.line.me
https://creator-mag-ja.line.me
https://creator-mag.line.me
https://creator-mag-th.line.me
https://creator-mag-tw.line.me
https://creator-manual-en.line.me
https://creator-manual-ja.line.me
https://creator-manual.line.me
https://creator-manual-th.line.me
https://creator-manual-tw.line.me
https://creator-static.line.me
https://critical.apigw.jp2.saas.line.me
https://crossborder-pay.line.me
https://crs-event.line.me
https://crs-hometab-event.line.me
https://crs-lp.line.me
https://crs-opt-out.line.me
https://cs-cb.clova.line.me
https://cs-cb.clova.line.me:2053
https://cs-cb.clova.line.me:2083
https://cs-cb.clova.line.me:2087
https://cs-cb.clova.line.me:2096
https://cs-cb.clova.line.me:8443
https://cs-ocr.clova.line.me
https://cs-ocr.clova.line.me:2053
https://cs-ocr.clova.line.me:2083
https://cs-ocr.clova.line.me:2087
https://cs-ocr.clova.line.me:2096
https://cs-ocr.clova.line.me:8443
https://cube.line.me
https://cube-origin.line.me
https://deal.line.me
https://deals.line.me
https://delima.line.me
https://design.line.me
https://designsystem.line.me
https://destiny-child-blog.line.me
https://destiny-child-kr-blog.line.me
https://dev.blockchain.line.me
https://devday-2021.landpress.line.me
https://devdocs.line.me
https://developers-admin.game.line.me
https://developers.game.line.me
https://developers.line.me
https://dict.line.me
https://d.line.me
https://docs.blockchain.line.me
https://docs-music-analytics.line.me
https://doctor.line.me
https://dona.pockeo.line.me
https://donation-jp.line.me
https://donation-th.line.me
https://donation-tw.line.me
https://dpos-pay.line.me
https://driver-regis.line.me
https://drpk.game.line.me
https://duckyduck.pockeo.line.me
http://search.line.me
https://ecbiz-blog.line.me
https://ec-bot-web.line.me
https://ec.line.me
https://eclive-blog.line.me
https://eiyu-ranbu.game.line.me
http://seller.line.me
https://emojipack.landpress.line.me
https://entameoa-manual.line.me
https://entry-at.line.me
https://entry.game.line.me
https://entry.line.me
https://europe.apigw.jp2.saas.line.me
https://event.line.me
https://event-pay.line.me
https://events.line.me
https://event-web.line.me
https://ex-atshop.line.me
https://explorer.blockchain.line.me
https://ezstore.line.me
https://fact-checker.line.me
https://fanwiki.line.me
https://feedback.line.me
https://feedback-request.line.me
https://fgw-jp-pay.line.me
https://foodie.line.me
https://fortune.line.me
https://fortune-mag-ja.line.me
https://fortune-mag.line.me
https://fortune-manager.line.me
https://friend-invitation.line.me
https://friends.line.me
https://fweb-jp-pay.line.me
https://fweb-th-pay.line.me
https://fweb-tw-pay.line.me
https://g1.apigw.jp2.saas.line.me
https://game-api-sandbox.line.me
https://game-api-staging.line.me
https://game-blog.line.me
https://game-blog-th.line.me
https://game.line.me
https://game-oa.line.me
https://game-portal-internal.line.me
https://game-yoyaku-campaign.game.line.me
https://game-yoyaku.line.me
https://gdc.game.line.me
https://gdc-rehearsal.game.line.me
https://ge.apigw.jp2.saas.line.me
https://gift-blog-ja.line.me
https://gift-blog.line.me
https://gift.line.me
https://gift-shop-entry.line.me
https://giftshop.line.me
https://giftshop-tw-liff.line.me
https://giftshop-tw.line.me
https://glp-web.landpress.line.me
https://godtama-blog.line.me
https://godtamazeiya.game.line.me
https://ground.line.me
https://growthy-analytics.game.line.me
https://growthy-api.game.line.me
https://growthy-bip-chart.game.line.me
https://growthy-eis.game.line.me
https://growthy-probe.game.line.me
https://growthy-welcome.game.line.me
https://guardians-blog.line.me
https://guide.line.me
https://gum.game.line.me
https://gundamwars-blog.line.me
https://hackth.line.me
https://healthcare-blog.line.me
https://healthcare-cms.line.me
https://hello-bt21.game.line.me
https://help2.line.me
https://help2-o.line.me
https://help3rd.line.me
https://help.line.me
https://help-o.line.me
https://hidakaya.pockeo.line.me
https://hidakayaservice.pockeo.line.me
https://hoken-blog.line.me
https://home.game.line.me
http://shop.line.me
http://shop-mall.line.me
http://shopping.line.me
http://shopping-mag.line.me
http://shopping-th.line.me
http://shop-report.line.me
https://horoscope.line.me
https://hr-blog.line.me
https://hrcon.line.me
https://hrcon-lp.line.me
https://hub-gql.line.me
https://hub-gql-vks.line.me
https://hub.line.me
https://hub-varnish.line.me
https://hub-web.line.me
https://hub-web-vks.line.me
http://siaga.line.me
http://sign.game.line.me
https://insurance.line.me
https://integration-reservation.line.me
https://invest.line.me
https://isomarusuisan.pockeo.line.me
https://itemget.game.line.me
https://itunes-card.line.me
https://jobs-employer.line.me
https://jobs.line.me
https://jumputi.game.line.me
https://jumputiglobal.game.line.me
https://jumputi-heroes-blog-ja.line.me
https://jumputi-heroes-blog.line.me
https://jumputi-heroes-blog-tw.line.me
https://jwgl.apigw.jp2.saas.line.me
https://jyujyukarubi.pockeo.line.me
https://kakeibo-blog.line.me
https://keep.line.me
https://keygen.line.me
https://keygen-sdbx.line.me
https://kotegaeshi.pockeo.line.me
https://kronos.apigw.jp2.saas.line.me
https://kushi-tanaka.pockeo.line.me
https://lacore.line.me
https://lan3rd.line.me
https://lan3rd-o.line.me
https://lan-click.tr.line.me
https://lan.line.me
https://lan-o.line.me
https://lap-blog.line.me
https://lap-click.tr.line.me
https://lbc.line.me
https://lb.clova.line.me
https://lb.clova.line.me:2053
https://lb.clova.line.me:2083
https://lb.clova.line.me:2087
https://lb.clova.line.me:2096
https://lb.clova.line.me:8443
https://lbw-jp.line.me
https://lbw.line.me
https://lcp-apis.line.me
https://lcp-cas-external.line.me
https://lcp-checkout.line.me
https://lcp-checkout-order.line.me
https://lcp-logs.line.me
https://lcp-order-external.line.me
https://lcs.line.me
https://lg-cs.line.me
https://liff-ext.line.me
https://liff.line.me
https://lineat-partnercenter.line.me
https://linecarnavi-blog.line.me
https://linedevth.line.me
https://linedoctor-lp.line.me
https://line-entry-blog.line.me
https://linefriends.line.me
https://linefriendsth.line.me
https://lineit.line.me
https://lineman.line.me
https://line.me
https://linemusic-webapp.landpress.line.me
https://linepay.line.me
https://line-research.line.me
https://linescore-blog.line.me
https://linesec-blog.line.me
https://linevoom-blog.line.me
https://linevoom.line.me
https://littleknights-blog.line.me
https://livebuy.line.me
https://live-channel.line.me
https://live.line.me
https://lotteria.pockeo.line.me
https://lpg.game.line.me
https://lqg.game.line.me
https://lsp-tw.line.me
https://lt-click.tr.line.me
https://lush.game.line.me
https://magiccoin.game.line.me
https://makepositive.game.line.me
https://mall.line.me
https://mall-official-blog.line.me
https://mamaxlinepay.line.me
https://manga-blog-ja.line.me
https://manga-blog.line.me
https://manga-channel.line.me
https://manga.line.me
https://man.line.me
https://manual-at.line.me
https://market.line.me
http://smart-invest.line.me
https://mart-tw-logistics-api.line.me
https://m-at-blog.line.me
https://m-baito-mag.line.me
https://m-botawards-blog.line.me
https://m-camera-official-blog.line.me
https://m-clova-blog.line.me
https://m-creator-mag.line.me
https://m-creator-manual.line.me
https://media.line.me
https://melody-admin.line.me
https://melody.line.me
https://m-fortune-mag.line.me
https://m-gift-blog.line.me
https://m-guardians-blog.line.me
https://m-hr-blog.line.me
https://midas.game.line.me
https://mig.apigw.jp2.saas.line.me
https://mkt-tool.game.line.me
https://m-mall-official-blog.line.me
https://m-manga-blog.line.me
https://m-music-mag.line.me
https://m-now-blog.line.me
https://mobile-blog.line.me
https://mobile.line.me
https://m-official-blog.line.me
https://monitoring.game.line.me
https://monsterfarm.game.line.me
https://movie.apigw.jp2.saas.line.me
https://m-survey-blog.line.me
https://music-campaign.line.me
https://music-jp-cms.line.me
https://music-jp-coupon.line.me
https://music-jp.line.me
https://music.line.me
https://music-mag-ja.line.me
https://music-mag.line.me
https://music-refund.line.me
https://music-tw.line.me
https://mycard.line.me
https://mynumbercard-point-web.line.me
https://mypage-mobile.line.me
https://nc.line.me
https://netflow.apigw.jp2.saas.line.me
https://news.line.me
https://nft-biz.line.me
https://nft-blog.line.me
https://nft.line.me
https://nft-lp.line.me
https://noble-blog.line.me
https://noble.game.line.me
https://notice2.line.me
https://notice2-o.line.me
https://notice.line.me
https://notice-o.line.me
https://notify-api.line.me
https://notify-bot.line.me
https://novel-blog.line.me
https://novel.line.me
https://now-blog.line.me
https://now.line.me
https://ns14.apigw.jp2.saas.line.me
https://ns41.apigw.jp2.saas.line.me
https://oa.tr.line.me
https://obs.line.me
http://social-plugins.line.me
https://oc.pool.apigw.jp2.saas.line.me
https://official-blog-cn.line.me
https://official-blog-en.line.me
https://official-blog-id.line.me
https://official-blog-ja.line.me
https://official-blog-tw-biz.line.me
https://official-blog-tw.line.me
https://online.apigw.jp2.saas.line.me
https://openchat-blog.line.me
https://openchat-jp.line.me
https://openchat.line.me
https://optout-api.tr.line.me
https://optout.tr.line.me
https://optrecru.game.line.me
https://order-mobile.line.me
https://org-linevoom.line.me
https://org-media.line.me
https://org-provider.line.me
https://org-scdn.line.me
https://org-timeline.line.me
https://org-w.line.me
https://osa-a.line.me
https://page-api.line.me
https://page.line.me
https://page-share.line.me
https://partnercenter-pay.line.me
https://partner.line.me
https://partners.line.me
https://pasha.line.me
https://pasutakann.pockeo.line.me
https://pay-blog.line.me
https://pay.line.me
https://pay-merchant-blog.line.me
https://payshop.line.me
https://pazfre-blog.line.me
http://specialcampaign.line.me
https://pion-sandbox.game.line.me
https://pion-staging.game.line.me
https://place-app.line.me
https://place-blog.line.me
https://place.line.me
https://planner.line.me
https://play.game.line.me
https://play.line.me
https://playnow7.game.line.me
https://pockeobiz.line.me
https://pockeo.line.me
https://pod.game.line.me
https://pod-mobile.game.line.me
https://pod-orig.game.line.me
https://pod-payment.game.line.me
https://pod-payment-orig.game.line.me
https://pod-sandbox.game.line.me
https://pod-store.game.line.me
https://poi.line.me
https://point-blog.line.me
https://pointclub.line.me
https://points.line.me
https://poko.game.line.me
https://pokopangtown.game.line.me
https://pokopoko.game.line.me
https://pop2.game.line.me
http://spot.line.me
https://pr.line.me
https://protostar.line.me
https://provider.line.me
https://proxy-sdbx.line.me
https://qrcodepay.line.me
https://qr-official.line.me
http://square-api.line.me
https://quick.game.line.me
https://rabbitlinepay-blog-th.line.me
https://rangers.game.line.me
https://rangers.line.me
https://reaction.line.me
https://receipt.line.me
https://red.line.me
https://refund.game.line.me
https://refund.line.me
https://research.line.me
https://research-platform.line.me
https://research-tableau.line.me
https://reservation.line.me
https://reward.line.me
https://rosa.apigw.jp2.saas.line.me
https://router1.apigw.jp2.saas.line.me
https://rssreader.game.line.me
https://rt-ads.line.me
https://sales-pay.line.me
https://sandbox-api-pay.line.me
https://sandbox-pay.line.me
https://sandbox-reservation.line.me
https://sandbox-web-pay.line.me
https://scaleup.line.me
https://scc.line.me
https://scdn.line.me
https://schedule.line.me
https://schedule-web.line.me
https://sch.line.me
https://score.line.me
https://search.line.me
https://seller.line.me
https://shop.line.me
https://shop-mall.line.me
https://shopping.line.me
https://shopping-mag.line.me
https://shopping-th.line.me
https://shop-report.line.me
https://siaga.line.me
https://sign.game.line.me
https://sign-rehearsal.game.line.me
https://smart-invest.line.me
https://social-plugins.line.me
https://specialcampaign.line.me
https://spot.line.me
https://square-api.line.me
https://staging-z.line.me
https://starbuckscard.line.me
https://sticker-channel-api.line.me
https://sticker-channel-option.line.me
https://stickers-contest.line.me
https://stickershop.line.me
https://stickers-on-kiosk.line.me
https://store-bill.line.me
https://store.line.me
https://store-rc-bill.line.me
https://store-rc.line.me
https://study.apigw.jp2.saas.line.me
https://studyroom.line.me
https://sukimani.line.me
https://survey-blog.line.me
https://talk-care-chat.line.me
https://talk-care-cms.line.me
https://talk-care.line.me
https://talkconsult.line.me
https://tantan.game.line.me
https://tapas.line.me
https://tdlp.game.line.me
https://techpulse.line.me
https://teller-mag.line.me
https://tenpo-keiri-blog.line.me
https://tenpo-keiri.line.me
https://terms2.line.me
https://terms2-o.line.me
https://terms.line.me
https://terms-o.line.me
https://test-api.blockchain.line.me
https://themeshop.line.me
http://sticker-channel-api.line.me
http://sticker-channel-option.line.me
http://stickershop.line.me
http://stickers-on-kiosk.line.me
https://ticket-blog.line.me
https://ticket.line.me
https://ticket-mypage.line.me
https://ticket-st.line.me
https://timeline-blog.line.me
https://timeline-creator.line.me
https://timeline.line.me
https://today.line.me
https://todayshowcase.line.me
http://store.line.me
http://store-rc.line.me
https://toriyoshisyoten.pockeo.line.me
https://tower.game.line.me
https://travel.line.me
https://tr.line.me
https://tsubakiyacoffee.pockeo.line.me
https://tsumtsum.game.line.me
https://ttstadium.game.line.me
http://study.apigw.jp2.saas.line.me
http://studyroom.line.me
https://tv-ac.line.me
https://tv-api.line.me
https://tv-dev.line.me
https://tv-kr.line.me
https://tv.line.me
https://tv-qa.line.me
https://tv-sg.line.me
https://tv-stage.line.me
https://tv-usw.line.me
https://tw-fresh.line.me
https://tw-partner.line.me
https://uc.apigw.jp2.saas.line.me
http://sukimani.line.me
https://u.line.me
https://upphoto-ecommerce.line.me
http://survey-blog.line.me
https://utility-charge-pay.line.me
https://viewing.live.line.me
https://voice-monitor.line.me
https://voom-creators.line.me
https://wallet.blockchain.line.me
https://wallet-coupon-api-thailand.line.me
https://wallet-coupon.line.me
https://wallet-coupon-ogp.line.me
https://wallet-mycard-gw-tpoint.line.me
https://wallet-mycards-gw-googleplay.line.me
https://wallet-mycards-gw-tpoint.line.me
https://wallet-mycards-web.line.me
https://washokusato.pockeo.line.me
https://web2.apigw.jp2.saas.line.me
https://web-api-oaplus.line.me
https://web-ec.line.me
https://web-oaplus.line.me
https://web-pay.line.me
https://webpos.line.me
https://web-tw-pay.line.me
https://w-jp.line.me
https://w.line.me
https://wow-blog.line.me
https://wow.line.me
https://www16.apigw.jp2.saas.line.me
https://www.line.me
https://www.windows.apigw.jp2.saas.line.me
https://x1.apigw.jp2.saas.line.me
https://zip.apigw.jp2.saas.line.me
https://z.line.me
http://talk-care-chat.line.me
http://talk-care-cms.line.me
http://talk-care.line.me
http://talkconsult.line.me
http://tantan.game.line.me
http://tapas.line.me
http://tdlp.game.line.me
http://teller-mag.line.me
http://tenpo-keiri-blog.line.me
http://tenpo-keiri.line.me
http://terms2.line.me
http://terms2-o.line.me
http://terms.line.me
http://terms-o.line.me
http://test-api.blockchain.line.me
http://themeshop.line.me
http://ticket-blog.line.me
http://ticket.line.me
http://ticket-mypage.line.me
http://ticket-st.line.me
http://timeline-blog.line.me
http://timeline-creator.line.me
http://timeline.line.me
http://today.line.me
http://todayshowcase.line.me
http://toriyoshisyoten.pockeo.line.me
http://tower.game.line.me
http://tr.line.me
http://tsubakiyacoffee.pockeo.line.me
http://tsumtsum.game.line.me
http://ttstadium.game.line.me
http://tv-ac.line.me
http://tv-api.line.me
http://tv-dev.line.me
http://tv-kr.line.me
http://tv.line.me
http://tv-qa.line.me
http://tv-sg.line.me
http://tv-stage.line.me
http://tv-usw.line.me
http://tw-fresh.line.me
http://tw-partner.line.me
http://uc.apigw.jp2.saas.line.me
http://u.line.me
http://upphoto-ecommerce.line.me
http://viewing.live.line.me
http://voom-creators.line.me
http://wallet.blockchain.line.me
http://washokusato.pockeo.line.me
http://web2.apigw.jp2.saas.line.me
http://web-api-oaplus.line.me
http://web-ec.line.me
http://web-oaplus.line.me
http://webpos.line.me
http://w-jp.line.me
http://w.line.me
http://wow-blog.line.me
http://wow.line.me
http://www16.apigw.jp2.saas.line.me
http://www.line.me
http://www.windows.apigw.jp2.saas.line.me
http://x1.apigw.jp2.saas.line.me
http://zip.apigw.jp2.saas.line.me
