http://api.looksrare.org
http://api.looksrare.org:2082
http://api.looksrare.org:2083
http://api.looksrare.org:2086
http://api.looksrare.org:2087
http://api.looksrare.org:8080
http://api.looksrare.org:8443
http://api.looksrare.org:8880
http://api-rinkeby.looksrare.org
http://api-rinkeby.looksrare.org:2052
http://api-rinkeby.looksrare.org:2082
http://api-rinkeby.looksrare.org:2083
http://api-rinkeby.looksrare.org:2087
http://api-rinkeby.looksrare.org:2095
http://api-rinkeby.looksrare.org:8080
http://api-rinkeby.looksrare.org:8443
http://docs.looksrare.org
http://docs.looksrare.org:2052
http://docs.looksrare.org:2082
http://docs.looksrare.org:2083
http://docs.looksrare.org:2087
http://docs.looksrare.org:2095
http://docs.looksrare.org:8080
http://goerli.looksrare.org
http://goerli.looksrare.org:2052
http://goerli.looksrare.org:2082
http://goerli.looksrare.org:2083
http://goerli.looksrare.org:2087
http://goerli.looksrare.org:2095
http://goerli.looksrare.org:8080
http://goerli.looksrare.org:8443
http://graphql-goerli.looksrare.org
http://graphql-goerli.looksrare.org:2052
http://graphql-goerli.looksrare.org:2082
http://graphql-goerli.looksrare.org:2083
http://graphql-goerli.looksrare.org:2087
http://graphql-goerli.looksrare.org:2095
http://graphql-goerli.looksrare.org:8080
http://graphql-goerli.looksrare.org:8443
http://graphql.looksrare.org
http://graphql.looksrare.org:2082
http://graphql.looksrare.org:2083
http://graphql.looksrare.org:2086
http://graphql.looksrare.org:2087
http://graphql.looksrare.org:8080
http://graphql.looksrare.org:8443
http://graphql.looksrare.org:8880
http://graphql-rinkeby.looksrare.org
http://graphql-rinkeby.looksrare.org:2052
http://graphql-rinkeby.looksrare.org:2082
http://graphql-rinkeby.looksrare.org:2083
http://graphql-rinkeby.looksrare.org:2087
http://graphql-rinkeby.looksrare.org:2095
http://graphql-rinkeby.looksrare.org:8080
http://graphql-rinkeby.looksrare.org:8443
http://indexer.looksrare.org
http://indexer.looksrare.org:2052
http://indexer.looksrare.org:2082
http://indexer.looksrare.org:2083
http://indexer.looksrare.org:2087
http://indexer.looksrare.org:2095
http://indexer.looksrare.org:8080
http://indexer.looksrare.org:8443
http://indexer-rinkeby.looksrare.org
http://indexer-rinkeby.looksrare.org:2082
http://indexer-rinkeby.looksrare.org:2083
http://indexer-rinkeby.looksrare.org:2086
http://indexer-rinkeby.looksrare.org:2087
http://indexer-rinkeby.looksrare.org:8080
http://indexer-rinkeby.looksrare.org:8443
http://indexer-rinkeby.looksrare.org:8880
http://looksrare.org
http://looksrare.org:2082
http://looksrare.org:2083
http://looksrare.org:2086
http://looksrare.org:2087
http://looksrare.org:8080
http://looksrare.org:8443
http://looksrare.org:8880
http://rinkeby.looksrare.org
http://rinkeby.looksrare.org:2082
http://rinkeby.looksrare.org:2083
http://rinkeby.looksrare.org:2086
http://rinkeby.looksrare.org:2087
http://rinkeby.looksrare.org:8080
http://rinkeby.looksrare.org:8443
http://rinkeby.looksrare.org:8880
https://api.looksrare.org
https://api-rinkeby.looksrare.org
https://docs.looksrare.org
https://docs.looksrare.org:8443
https://goerli.looksrare.org
https://graphql-goerli.looksrare.org
https://graphql.looksrare.org
https://graphql-rinkeby.looksrare.org
https://indexer.looksrare.org
https://indexer-rinkeby.looksrare.org
https://looksrare.org
https://rinkeby.looksrare.org
https://uikit.looksrare.org
https://www.looksrare.org
http://uikit.looksrare.org
http://uikit.looksrare.org:2082
http://uikit.looksrare.org:2083
http://uikit.looksrare.org:2086
http://uikit.looksrare.org:2087
http://uikit.looksrare.org:8080
http://uikit.looksrare.org:8443
http://uikit.looksrare.org:8880
http://www.looksrare.org
http://www.looksrare.org:2082
http://www.looksrare.org:2083
http://www.looksrare.org:2086
http://www.looksrare.org:2087
http://www.looksrare.org:8080
http://www.looksrare.org:8443
http://www.looksrare.org:8880
