http://api.lyst.com
http://api.lyst.com:8080
http://blog.lyst.com
http://b.lyst.com
http://business.lyst.com
http://business.lyst.com:2086
http://business.lyst.com:8080
http://business.lyst.com:8880
http://checkout.lyst.com
http://checkout.lyst.com:2082
http://checkout.lyst.com:2086
http://checkout.lyst.com:8080
http://checkout.lyst.com:8880
http://developers.lyst.com
http://developers.lyst.com:2086
http://developers.lyst.com:8080
http://iazwzp.lyst.com
http://insights.lyst.com
http://insights.lyst.com:8080
http://lyst.com
http://making.lyst.com
http://making.lyst.com:2086
http://making.lyst.com:8080
http://moderation.lyst.com
http://moderation.lyst.com:8080
http://news.lyst.com
http://news.lyst.com:8080
http://r.lyst.com
http://r.lyst.com:8080
http://s5.lyst.com
http://s5.lyst.com:8080
https://api.lyst.com
https://api.lyst.com:8443
https://blog.lyst.com
https://b.lyst.com
https://business.lyst.com
https://business.lyst.com:2083
https://business.lyst.com:2087
https://business.lyst.com:8443
https://checkout.lyst.com
https://checkout.lyst.com:2083
https://checkout.lyst.com:2087
https://checkout.lyst.com:8443
https://developers.lyst.com
https://developers.lyst.com:2083
https://developers.lyst.com:2087
https://developers.lyst.com:8443
https://iazwzp.lyst.com
https://insights.lyst.com
https://insights.lyst.com:8443
http://s.lyst.com
https://lyst.com
https://making.lyst.com
https://making.lyst.com:2083
https://making.lyst.com:2087
https://making.lyst.com:8443
https://moderation.lyst.com
https://moderation.lyst.com:8443
https://news.lyst.com
https://news.lyst.com:8443
https://r.lyst.com
https://r.lyst.com:8443
https://s5.lyst.com
https://s5.lyst.com:8443
https://s.lyst.com
https://w.lyst.com
https://ww.lyst.com
https://www.lyst.com
https://www.lyst.com:2083
https://www.lyst.com:2087
https://www.lyst.com:8443
https://wwww.lyst.com
https://zendesk.lyst.com
https://zendesk.lyst.com:2083
https://zendesk.lyst.com:2087
https://zendesk.lyst.com:2096
https://zendesk.lyst.com:8443
http://w.lyst.com
http://ww.lyst.com
http://www.lyst.com
http://www.lyst.com:2086
http://www.lyst.com:8080
http://www.lyst.com:8880
http://wwww.lyst.com
http://zendesk.lyst.com
http://zendesk.lyst.com:2082
http://zendesk.lyst.com:2086
http://zendesk.lyst.com:8080
http://zendesk.lyst.com:8880
