http://blog.machinefi.com
http://blog.machinefi.com:2082
http://blog.machinefi.com:2086
http://blog.machinefi.com:2095
http://blog.machinefi.com:8080
http://blog.machinefi.com:8880
http://demo.machinefi.com
http://demo.machinefi.com:2052
http://demo.machinefi.com:2082
http://demo.machinefi.com:2086
http://demo.machinefi.com:8080
http://machinefi.com
http://machinefi.com:2052
http://machinefi.com:2082
http://machinefi.com:2086
http://machinefi.com:8880
http://portal.machinefi.com
http://portal.machinefi.com:2052
http://portal.machinefi.com:2082
http://portal.machinefi.com:2086
http://portal.machinefi.com:8080
http://portal-testnet.machinefi.com
http://portal-testnet.machinefi.com:2082
http://portal-testnet.machinefi.com:2086
http://portal-testnet.machinefi.com:2095
http://portal-testnet.machinefi.com:8080
http://portal-testnet.machinefi.com:8880
https://blog.machinefi.com
https://blog.machinefi.com:2053
https://blog.machinefi.com:2083
https://blog.machinefi.com:2087
https://blog.machinefi.com:8443
https://demo.machinefi.com
https://demo.machinefi.com:2053
https://demo.machinefi.com:2083
https://demo.machinefi.com:2087
https://demo.machinefi.com:8443
http://simulator.machinefi.com
http://simulator.machinefi.com:2082
http://simulator.machinefi.com:2086
http://simulator.machinefi.com:2095
http://simulator.machinefi.com:8080
http://simulator.machinefi.com:8880
https://machinefi.com
https://machinefi.com:2087
https://machinefi.com:8443
https://portal.machinefi.com
https://portal.machinefi.com:2053
https://portal.machinefi.com:2083
https://portal.machinefi.com:2087
https://portal.machinefi.com:8443
https://portal-testnet.machinefi.com
https://portal-testnet.machinefi.com:2053
https://portal-testnet.machinefi.com:2083
https://portal-testnet.machinefi.com:2087
https://portal-testnet.machinefi.com:8443
https://simulator.machinefi.com
https://simulator.machinefi.com:2053
https://simulator.machinefi.com:2083
https://simulator.machinefi.com:2087
https://simulator.machinefi.com:8443
https://test.machinefi.com
https://test.machinefi.com:2053
https://test.machinefi.com:2083
https://test.machinefi.com:2087
https://test.machinefi.com:8443
https://www.machinefi.com
https://www.machinefi.com:2087
https://www.machinefi.com:8443
http://test.machinefi.com
http://test.machinefi.com:2082
http://test.machinefi.com:2086
http://test.machinefi.com:2095
http://test.machinefi.com:8080
http://test.machinefi.com:8880
http://www.machinefi.com
http://www.machinefi.com:2082
http://www.machinefi.com:8080
http://www.machinefi.com:8880
