http://ablink.videofy.magisto.com
http://api.magisto.com
http://blog.magisto.com
http://chantblog.magisto.com
http://chant.magisto.com
http://docs2.magisto.com
http://docs.magisto.com
http://feed.magisto.com
http://ftp.magisto.com
http://help.magisto.com
http://help.magisto.com:2083
http://help.magisto.com:2087
http://help.magisto.com:8443
http://imgmail.magisto.com
http://ioslgr.magisto.com
http://link.gdpr.magisto.com
http://lp.magisto.com
http://magisto.com
http://mail.magisto.com
http://m.magisto.com
http://musiclib.magisto.com
http://naemon.magisto.com
http://ntdc.magisto.com
http://res.magisto.com
http://result.magisto.com
https://ablink.videofy.magisto.com
https://api.magisto.com
https://blog.magisto.com
https://chantblog.magisto.com
https://chant.magisto.com
https://docs2.magisto.com
https://docs.magisto.com
https://feed.magisto.com
https://ftp.magisto.com
https://help.magisto.com
https://ioslgr.magisto.com
https://link.gdpr.magisto.com
https://lp.magisto.com
https://magisto.com
https://musiclib.magisto.com
https://naemon.magisto.com
https://ntdc.magisto.com
http://source1.magisto.com
http://source2.magisto.com
http://source3.magisto.com
http://source.magisto.com
https://ovp.magisto.com
https://push.magisto.com
https://res.magisto.com
https://result.magisto.com
https://source1.magisto.com
https://source2.magisto.com
https://source3.magisto.com
https://source.magisto.com
https://static.magisto.com
http://static.magisto.com
https://url1368.chant.magisto.com
https://url3344.app.magisto.com
https://vimeo-b.magisto.com
https://vimeo.magisto.com
https://wtest2.magisto.com
https://www.magisto.com
https://youtube.magisto.com
https://zendesk4.magisto.com
https://zendesk4.magisto.com:2053
https://zendesk4.magisto.com:2083
https://zendesk4.magisto.com:2087
https://zendesk4.magisto.com:8443
http://url1368.chant.magisto.com
http://url3344.app.magisto.com
http://vimeo-b.magisto.com
http://vimeo-b.magisto.com:2083
http://vimeo-b.magisto.com:2087
http://vimeo-b.magisto.com:8443
http://vimeo.magisto.com
http://vimeo.magisto.com:2083
http://vimeo.magisto.com:2087
http://vimeo.magisto.com:2096
http://vimeo.magisto.com:8443
http://wtest2.magisto.com
http://www.magisto.com
http://youtube.magisto.com
http://zendesk4.magisto.com
http://zendesk4.magisto.com:2052
http://zendesk4.magisto.com:2082
http://zendesk4.magisto.com:2086
http://zendesk4.magisto.com:8080
http://zendesk4.magisto.com:8880
