http://api.marsecosystem.com
http://api.marsecosystem.com:2083
http://api.marsecosystem.com:2087
http://api.marsecosystem.com:2096
http://api.marsecosystem.com:8443
http://app.marsecosystem.com
http://app.marsecosystem.com:2083
http://app.marsecosystem.com:2087
http://app.marsecosystem.com:2096
http://docs.marsecosystem.com
http://docs.marsecosystem.com:2082
http://docs.marsecosystem.com:2086
http://docs.marsecosystem.com:8080
http://docs.marsecosystem.com:8880
http://marsecosystem.com
http://marsecosystem.com:2083
http://marsecosystem.com:2087
http://marsecosystem.com:2096
http://marsecosystem.com:8443
http://raw-github.marsecosystem.com
http://raw-github.marsecosystem.com:2082
http://raw-github.marsecosystem.com:2086
http://raw-github.marsecosystem.com:8080
http://raw-github.marsecosystem.com:8880
https://api.marsecosystem.com
https://app.marsecosystem.com
https://docs.marsecosystem.com
https://docs.marsecosystem.com:2053
https://docs.marsecosystem.com:2083
https://docs.marsecosystem.com:2087
https://docs.marsecosystem.com:8443
https://marsecosystem.com
https://raw-github.marsecosystem.com
https://raw-github.marsecosystem.com:2083
https://raw-github.marsecosystem.com:2087
https://raw-github.marsecosystem.com:2096
https://swap.marsecosystem.com
https://testapp.marsecosystem.com
https://test.marsecosystem.com
http://swap.marsecosystem.com
http://swap.marsecosystem.com:2083
http://swap.marsecosystem.com:2087
http://swap.marsecosystem.com:2096
https://www.marsecosystem.com
http://testapp.marsecosystem.com
http://testapp.marsecosystem.com:2083
http://testapp.marsecosystem.com:2087
http://testapp.marsecosystem.com:2096
http://testapp.marsecosystem.com:8443
http://test.marsecosystem.com
http://test.marsecosystem.com:2083
http://test.marsecosystem.com:2087
http://test.marsecosystem.com:2096
http://test.marsecosystem.com:8443
http://www.marsecosystem.com
http://www.marsecosystem.com:2083
http://www.marsecosystem.com:2087
http://www.marsecosystem.com:2096
