http://airdrop-api.matic.network
http://api.bridge.matic.network
http://api.bridge.matic.network:5000
http://api.faucet.matic.network
http://api.faucet.matic.network:2087
http://apis.matic.network
http://api-test.faucet.matic.network
http://api-test.faucet.matic.network:2053
http://api-test.faucet.matic.network:2083
http://api-test.faucet.matic.network:2087
http://api-test.faucet.matic.network:8443
http://backup-explorer.matic.network
http://binance-bridge.matic.network
http://blog.matic.network
http://bridge-api.matic.network
http://bridge-api-node.matic.network
http://docs.matic.network
http://explorer.matic.network
http://faucet.matic.network
http://forum.matic.network
http://forum.matic.network:2086
http://forum.matic.network:8080
http://forum.matic.network:8880
http://gasstation-mainnet.matic.network
http://goerli.dagger.matic.network
http://heimdall.api.matic.network
http://jenkins.matic.network
http://mainnet.dagger.matic.network
http://matic-mainnet.dagger.matic.network
http://matic.network
http://mnt.matic.network
http://polygon-withdraw.matic.network
http://rpc-mainnet.matic.network
https://airdrop-api.matic.network
https://api.bridge.matic.network
https://api.faucet.matic.network
https://apis.matic.network
https://api-test.faucet.matic.network
https://backup-explorer.matic.network
https://binance-bridge.matic.network
https://blog.matic.network
https://bridge-api.matic.network
https://bridge-api-node.matic.network
https://docs.matic.network
http://sentinel.matic.network
https://explorer.matic.network
https://faucet.matic.network
https://forum.matic.network
https://forum.matic.network:2053
https://forum.matic.network:2083
https://forum.matic.network:2087
https://forum.matic.network:8443
https://gasstation-mainnet.matic.network
https://goerli.dagger.matic.network
https://heimdall.api.matic.network
https://mainnet.dagger.matic.network
https://matic-mainnet.dagger.matic.network
https://matic.network
https://mnt.matic.network
https://polygon-withdraw.matic.network
https://rpc-mainnet.matic.network
https://sentinel.matic.network
https://static.matic.network
http://static.matic.network
https://torus-node.matic.network
https://wallet-asset.matic.network
https://wallet.matic.network
https://wallet-support.matic.network
https://wallet-test.matic.network
https://wallet-v1.matic.network
https://webhooks.dagger.matic.network
https://ws-mainnet.matic.network
https://www.binance-bridge.matic.network
https://www.blog.matic.network
https://www.mainnet.dagger.matic.network
https://www.matic.network
https://www.webhooks.dagger.matic.network
http://torus-node.matic.network
http://wallet-asset.matic.network
http://wallet.matic.network
http://wallet-support.matic.network
http://wallet-test.matic.network
http://wallet-v1.matic.network
http://webhooks.dagger.matic.network
http://ws-mainnet.matic.network
http://www.binance-bridge.matic.network
http://www.blog.matic.network
http://www.explorer.matic.network
http://www.mainnet.dagger.matic.network
http://www.matic.network
http://www.webhooks.dagger.matic.network
