http://app.mcdex.io
http://app.mcdex.io:2052
http://app.mcdex.io:2082
http://app.mcdex.io:2083
http://app.mcdex.io:2086
http://app.mcdex.io:2087
http://app.mcdex.io:8080
http://arb.mcdex.io
http://arb.mcdex.io:2052
http://arb.mcdex.io:2082
http://arb.mcdex.io:2083
http://arb.mcdex.io:2086
http://arb.mcdex.io:2087
http://arb.mcdex.io:8080
http://bsc.mcdex.io
http://bsc.mcdex.io:2052
http://bsc.mcdex.io:2082
http://bsc.mcdex.io:2083
http://bsc.mcdex.io:2086
http://bsc.mcdex.io:2087
http://bsc.mcdex.io:8080
http://docs.mcdex.io
http://docs.mcdex.io:2082
http://docs.mcdex.io:2086
http://docs.mcdex.io:8080
http://docs.mcdex.io:8880
http://forum.mcdex.io
http://graph-arb1.mcdex.io
http://graph-arb1.mcdex.io:2082
http://graph-arb1.mcdex.io:2086
http://graph-arb1.mcdex.io:2087
http://graph-arb1.mcdex.io:8443
http://graph-arb1.mcdex.io:8880
http://graph-bsc.mcdex.io
http://graph-bsc.mcdex.io:2082
http://graph-bsc.mcdex.io:2086
http://graph-bsc.mcdex.io:2087
http://graph-bsc.mcdex.io:8443
http://graph-bsc.mcdex.io:8880
http://mcdex.io
http://mcdex.io:2052
http://mcdex.io:2082
http://mcdex.io:2083
http://mcdex.io:2086
http://mcdex.io:2087
http://mcdex.io:8080
http://m.mcdex.io
http://m.mcdex.io:2052
http://m.mcdex.io:2082
http://m.mcdex.io:2083
http://m.mcdex.io:2086
http://m.mcdex.io:2087
http://m.mcdex.io:8080
http://o.mcdex.io
http://o.mcdex.io:2052
http://o.mcdex.io:2082
http://o.mcdex.io:2083
http://o.mcdex.io:2086
http://o.mcdex.io:2087
http://o.mcdex.io:8080
https://docs.mcdex.io
https://docs.mcdex.io:2083
https://docs.mcdex.io:2087
https://docs.mcdex.io:8443
https://forum.mcdex.io
https://graph-arb1.mcdex.io
https://graph-bsc.mcdex.io
https://support.mcdex.io
http://style.mcdex.io
http://style.mcdex.io:2052
http://style.mcdex.io:2082
http://style.mcdex.io:2083
http://style.mcdex.io:2086
http://style.mcdex.io:2087
http://style.mcdex.io:8080
http://support.mcdex.io
http://support.mcdex.io:2053
http://support.mcdex.io:2083
http://support.mcdex.io:2087
http://support.mcdex.io:2096
http://support.mcdex.io:8443
https://v2.mcdex.io
https://v3.mcdex.io
https://vote.mcdex.io
https://www.mcdex.io
https://www.mcdex.io:2087
https://www.mcdex.io:8443
http://test.mcdex.io
http://test.mcdex.io:2052
http://test.mcdex.io:2082
http://test.mcdex.io:2083
http://test.mcdex.io:2086
http://test.mcdex.io:2087
http://test.mcdex.io:8080
http://v2.mcdex.io
http://v2.mcdex.io:2082
http://v2.mcdex.io:2086
http://v2.mcdex.io:2087
http://v2.mcdex.io:8443
http://v2.mcdex.io:8880
http://v3.mcdex.io
http://v3.mcdex.io:2082
http://v3.mcdex.io:2087
http://v3.mcdex.io:8443
http://v3.mcdex.io:8880
http://vote.mcdex.io
http://vote.mcdex.io:2082
http://vote.mcdex.io:2087
http://vote.mcdex.io:8443
http://vote.mcdex.io:8880
http://www.mcdex.io
http://www.mcdex.io:2082
http://www.mcdex.io:8880
