http://alfajores.moola.market
http://app.moola.market
http://app-v1.moola.market
http://dev.moola.market
http://docs.moola.market
http://docs.moola.market:2082
http://docs.moola.market:2086
http://docs.moola.market:8080
http://docs.moola.market:8880
http://landing.alfajores.moola.market
http://moola.market
http://old.app.moola.market
http://old.moola.market
https://alfajores.moola.market
https://app.moola.market
https://app-v1.moola.market
https://dev.moola.market
https://docs.moola.market
https://docs.moola.market:2083
https://docs.moola.market:2087
https://docs.moola.market:8443
https://landing.alfajores.moola.market
https://moola.market
https://old.app.moola.market
https://old.moola.market
https://staging.moola.market
https://staging-v1.moola.market
http://staging.moola.market
http://staging-v1.moola.market
https://www.moola.market
http://www.moola.market
