http://academy.china.moonbeam.network
http://academy.china.moonbeam.network:2082
http://academy.moonbeam.network
http://academy.moonbeam.network:2082
http://api.multisig.moonbeam.network
http://apps.moonbeam.network
http://blockscout.moonbeam.network
http://blockscout.moonriver.moonbeam.network
http://dev.moonbase.multisig.moonbeam.network
http://dev.moonriver.multisig.moonbeam.network
http://docs.moonbeam.network
http://frag-moonbase-alpha-graph1.g.moonbase.moonbeam.network
http://frag-moonbase-alpha-graph2.g.moonbase.moonbeam.network
http://frag-moonbase-alpha-ps-rpc.g.moonbase.moonbeam.network
http://frag-moonbase-alpha-ps-rpc-ws.g.moonbase.moonbeam.network
http://frag-moonbase-alpha-rpc-ws-ws.g.moonbase.moonbeam.network
http://frag-moonbase-alpha-trace.g.moonbase.moonbeam.network
http://frag-moonbase-alpha-trace-ws.g.moonbase.moonbeam.network
http://frag-moonbase-beta-rpc.g.moonbase.moonbeam.network
http://frag-moonbase-beta-rpc-ws.g.moonbase.moonbeam.network
http://frag-moonbase-relay-rpc.g.moonbase.moonbeam.network
http://frag-moonbase-relay-rpc-ws.g.moonbase.moonbeam.network
http://frag-moonbase-sm-rpc.g.moonbase.moonbeam.network
http://frag-moonbase-sm-rpc-ws.g.moonbase.moonbeam.network
http://frag-moonriver-rpc.g.moonriver.moonbeam.network
http://frag-moonriver-rpc-heavy.g.moonriver.moonbeam.network
http://frag-moonriver-rpc-heavy-ws.g.moonriver.moonbeam.network
http://frag-moonriver-rpc-ws-ws.g.moonriver.moonbeam.network
http://jpg-moonbeam-rpc.g.moonbeam.network
http://jpg-moonbeam-rpc-heavy.g.moonbeam.network
http://jpg-moonbeam-rpc-heavy-ws.g.moonbeam.network
http://jpg-moonbeam-rpc-ws-ws.g.moonbeam.network
http://moonbase-blockscout.testnet.moonbeam.network
http://moonbase.multisig.moonbeam.network
http://moonbase.staging.multisig.moonbeam.network
http://moonbeam.network
http://moonbeam.staging.multisig.moonbeam.network
http://moonriver.multisig.moonbeam.network
http://moonriver.staging.multisig.moonbeam.network
http://mtlg-moonriver-chnlnk.g.moonriver.moonbeam.network
http://mtlg-moonriver-chnlnk-ws.g.moonriver.moonbeam.network
http://mtlg-moonriver-graph1.g.moonriver.moonbeam.network
http://mtlg-moonriver-graph2.g.moonriver.moonbeam.network
http://mtlg-moonriver-graph3.g.moonriver.moonbeam.network
http://mtlg-moonriver-graph4.g.moonriver.moonbeam.network
http://mtlg-moonriver-rpc.g.moonriver.moonbeam.network
http://mtlg-moonriver-rpc-heavy.g.moonriver.moonbeam.network
http://mtlg-moonriver-rpc-heavy-ws.g.moonriver.moonbeam.network
http://mtlg-moonriver-rpc-ws-ws.g.moonriver.moonbeam.network
http://multisig.moonbeam.network
http://nlg-moonbeam-graph1.g.moonbeam.network
http://nlg-moonbeam-graph2.g.moonbeam.network
http://nlg-moonbeam-rpc.g.moonbeam.network
http://nlg-moonbeam-rpc-heavy.g.moonbeam.network
http://nlg-moonbeam-rpc-heavy-ws.g.moonbeam.network
http://nlg-moonbeam-rpc-ws-ws.g.moonbeam.network
http://roadmap.moonbeam.network
http://rpc.api.moonbase.moonbeam.network
http://rpc.api.moonbase.moonbeam.network:2086
http://rpc.api.moonbase.moonbeam.network:8880
http://rpc.api.moonbeam.network
http://rpc.api.moonbeam.network:2082
http://rpc.api.moonbeam.network:8080
http://rpc.api.moonbeam.network:8880
http://rpc.api.moonriver.moonbeam.network
http://rpc.api.moonriver.moonbeam.network:2082
http://rpc.api.moonriver.moonbeam.network:2086
http://rpc.api.moonriver.moonbeam.network:8080
http://rpc.api.moonriver.moonbeam.network:8880
http://rpc.moonriver.moonbeam.network:2082
http://rpc.moonriver.moonbeam.network:2086
http://rpc.moonriver.moonbeam.network:8880
http://rpc.testnet.moonbeam.network
http://rpc.testnet.moonbeam.network:2082
http://rpc.testnet.moonbeam.network:2086
http://rpc.testnet.moonbeam.network:2095
http://rpc.testnet.moonbeam.network:8080
http://rpc.testnet.moonbeam.network:8880
https://academy.china.moonbeam.network
https://academy.china.moonbeam.network:2083
https://academy.china.moonbeam.network:2087
https://academy.china.moonbeam.network:8443
https://academy.moonbeam.network
https://academy.moonbeam.network:2083
https://academy.moonbeam.network:2087
https://academy.moonbeam.network:8443
https://api.multisig.moonbeam.network
https://apps.moonbeam.network
https://blockscout.moonbeam.network
https://blockscout.moonriver.moonbeam.network
https://dev.moonbase.multisig.moonbeam.network
https://dev.moonriver.multisig.moonbeam.network
https://docs.moonbeam.network
https://frag-moonbase-alpha-graph1.g.moonbase.moonbeam.network
https://frag-moonbase-alpha-graph2.g.moonbase.moonbeam.network
https://frag-moonbase-alpha-heavy.g.moonbase.moonbeam.network
https://frag-moonbase-alpha-ps-rpc.g.moonbase.moonbeam.network
https://frag-moonbase-alpha-ps-rpc-ws.g.moonbase.moonbeam.network
https://frag-moonbase-alpha-rpc.g.moonbase.moonbeam.network
https://frag-moonbase-alpha-rpc-ws-ws.g.moonbase.moonbeam.network
https://frag-moonbase-alpha-trace.g.moonbase.moonbeam.network
https://frag-moonbase-alpha-trace-ws.g.moonbase.moonbeam.network
https://frag-moonbase-beta-rpc.g.moonbase.moonbeam.network
https://frag-moonbase-beta-rpc-ws.g.moonbase.moonbeam.network
https://frag-moonbase-relay-rpc.g.moonbase.moonbeam.network
https://frag-moonbase-relay-rpc-ws.g.moonbase.moonbeam.network
https://frag-moonbase-sm-rpc.g.moonbase.moonbeam.network
https://frag-moonbase-sm-rpc-ws.g.moonbase.moonbeam.network
https://frag-moonriver-rpc.g.moonriver.moonbeam.network
https://frag-moonriver-rpc-heavy.g.moonriver.moonbeam.network
https://frag-moonriver-rpc-heavy-ws.g.moonriver.moonbeam.network
https://frag-moonriver-rpc-ws-ws.g.moonriver.moonbeam.network
http://sing-moonbase-alpha-heavy.g.moonbase.moonbeam.network
http://sing-moonbase-alpha-rpc.g.moonbase.moonbeam.network
http://sing-moonbase-alpha-rpc-ws-ws.g.moonbase.moonbeam.network
https://jpg-moonbeam-rpc.g.moonbeam.network
https://jpg-moonbeam-rpc-heavy.g.moonbeam.network
https://jpg-moonbeam-rpc-heavy-ws.g.moonbeam.network
https://jpg-moonbeam-rpc-ws-ws.g.moonbeam.network
https://moonbase-blockscout.testnet.moonbeam.network
https://moonbase.multisig.moonbeam.network
https://moonbase.staging.multisig.moonbeam.network
https://moonbeam.network
https://moonbeam.staging.multisig.moonbeam.network
https://moonriver.multisig.moonbeam.network
https://moonriver.staging.multisig.moonbeam.network
https://mtlg-moonriver-chnlnk.g.moonriver.moonbeam.network
https://mtlg-moonriver-chnlnk-ws.g.moonriver.moonbeam.network
https://mtlg-moonriver-graph1.g.moonriver.moonbeam.network
https://mtlg-moonriver-graph2.g.moonriver.moonbeam.network
https://mtlg-moonriver-graph3.g.moonriver.moonbeam.network
https://mtlg-moonriver-graph4.g.moonriver.moonbeam.network
https://mtlg-moonriver-rpc.g.moonriver.moonbeam.network
https://mtlg-moonriver-rpc-heavy.g.moonriver.moonbeam.network
https://mtlg-moonriver-rpc-heavy-ws.g.moonriver.moonbeam.network
https://mtlg-moonriver-rpc-ws-ws.g.moonriver.moonbeam.network
https://multisig.moonbeam.network
https://nlg-moonbeam-graph1.g.moonbeam.network
https://nlg-moonbeam-graph2.g.moonbeam.network
https://nlg-moonbeam-rpc.g.moonbeam.network
https://nlg-moonbeam-rpc-heavy.g.moonbeam.network
https://nlg-moonbeam-rpc-heavy-ws.g.moonbeam.network
https://nlg-moonbeam-rpc-ws-ws.g.moonbeam.network
https://roadmap.moonbeam.network
https://rpc.api.moonbase.moonbeam.network
https://rpc.api.moonbase.moonbeam.network:2087
https://rpc.api.moonbase.moonbeam.network:8443
https://rpc.api.moonbeam.network
https://rpc.api.moonbeam.network:2083
https://rpc.api.moonbeam.network:2087
https://rpc.api.moonriver.moonbeam.network:2087
https://rpc.api.moonriver.moonbeam.network:2096
https://rpc.api.moonriver.moonbeam.network:8443
https://rpc.moonriver.moonbeam.network
https://rpc.moonriver.moonbeam.network:2083
https://rpc.moonriver.moonbeam.network:2087
https://rpc.testnet.moonbeam.network
https://rpc.testnet.moonbeam.network:2053
https://rpc.testnet.moonbeam.network:2083
https://rpc.testnet.moonbeam.network:2096
https://rpc.testnet.moonbeam.network:8443
https://sing-moonbase-alpha-heavy.g.moonbase.moonbeam.network
https://sing-moonbase-alpha-rpc.g.moonbase.moonbeam.network
https://sing-moonbase-alpha-rpc-ws-ws.g.moonbase.moonbeam.network
https://staging.moonbase.multisig.moonbeam.network
https://staging.moonriver.multisig.moonbeam.network
https://staging.multisig.moonbeam.network
https://status.multisig.moonbeam.network
http://staging.moonbase.multisig.moonbeam.network
http://staging.moonriver.multisig.moonbeam.network
http://staging.multisig.moonbeam.network
http://status.multisig.moonbeam.network
https://wss.api.moonbase.moonbeam.network
https://wss.api.moonbeam.network
https://wss.api.moonbeam.network:2083
https://wss.moonriver.moonbeam.network
https://wss.moonriver.moonbeam.network:8443
https://wss.testnet.moonbeam.network
https://www.moonbeam.network
http://wss.api.moonbase.moonbeam.network
http://wss.api.moonbase.moonbeam.network:2083
http://wss.api.moonbase.moonbeam.network:2087
http://wss.api.moonbase.moonbeam.network:2096
http://wss.api.moonbase.moonbeam.network:8443
http://wss.api.moonbeam.network
http://wss.api.moonbeam.network:2087
http://wss.moonriver.moonbeam.network
http://wss.moonriver.moonbeam.network:2083
http://wss.moonriver.moonbeam.network:2087
http://wss.testnet.moonbeam.network
http://wss.testnet.moonbeam.network:2053
http://wss.testnet.moonbeam.network:2083
http://wss.testnet.moonbeam.network:2096
http://wss.testnet.moonbeam.network:8443
http://www.moonbeam.network
