http://admin.mtpelerin.com
http://api.mtpelerin.com
http://bridge.mtpelerin.com
http://btc-node-1.mtpelerin.com
http://btc-test-node-1.mtpelerin.com
http://buy.mtpelerin.com
http://community.mtpelerin.com
http://dashboard.mtpelerin.com
http://developers.mtpelerin.com
http://developers.mtpelerin.com:2082
http://developers.mtpelerin.com:2086
http://developers.mtpelerin.com:8080
http://developers.mtpelerin.com:8880
http://docs.mtpelerin.com
http://node-62-210-99-100.mtpelerin.com
https://admin.mtpelerin.com
https://api.mtpelerin.com
https://bridge.mtpelerin.com
https://btc-node-1.mtpelerin.com
https://btc-node-1.mtpelerin.com:8080
https://btc-node-1.mtpelerin.com:8443
https://btc-test-node-1.mtpelerin.com
https://btc-test-node-1.mtpelerin.com:8080
https://btc-test-node-1.mtpelerin.com:8443
https://buy.mtpelerin.com
https://community.mtpelerin.com
https://dashboard.mtpelerin.com
https://developers.mtpelerin.com
https://developers.mtpelerin.com:2053
https://developers.mtpelerin.com:2083
https://developers.mtpelerin.com:2087
https://developers.mtpelerin.com:8443
https://docs.mtpelerin.com
http://sell.mtpelerin.com
http://sentry.mtpelerin.com
https://node-62-210-99-100.mtpelerin.com
https://node-62-210-99-100.mtpelerin.com:8080
https://node-62-210-99-100.mtpelerin.com:8443
https://sell.mtpelerin.com
https://sentry.mtpelerin.com
https://video.mtpelerin.com
https://widget.mtpelerin.com
https://www.mtpelerin.com
https://x.mtpelerin.com
http://video.mtpelerin.com
http://video.mtpelerin.com:10001
http://video.mtpelerin.com:10002
http://video.mtpelerin.com:10003
http://widget.mtpelerin.com
http://www.mtpelerin.com
http://x.mtpelerin.com
