http://api-ngp.napoleonsports.be
http://api-test-ngp.napoleonsports.be
http://en-gb.napoleonsports.be
http://fr-be.napoleonsports.be
http://media.napoleonsports.be
http://media-ssl.napoleonsports.be
http://napoleonsports.be
http://napoleonsports.be:2052
http://napoleonsports.be:2082
http://napoleonsports.be:2086
http://napoleonsports.be:2095
http://napoleonsports.be:8080
http://napoleonsports.be:8880
http://nl-be.napoleonsports.be
https://api-ngp.napoleonsports.be
https://api-test-ngp.napoleonsports.be
https://en-gb.napoleonsports.be
https://fr-be.napoleonsports.be
https://media.napoleonsports.be
https://media-ssl.napoleonsports.be
https://napoleonsports.be
https://napoleonsports.be:2053
https://napoleonsports.be:2083
https://napoleonsports.be:2087
https://napoleonsports.be:2096
https://napoleonsports.be:8443
https://nl-be.napoleonsports.be
https://www.napoleonsports.be
https://zh-cn.napoleonsports.be
http://www.napoleonsports.be
http://zh-cn.napoleonsports.be
