http://api-ngp.napoleoncasino.be
http://en-gb.napoleoncasino.be
http://fr-be.napoleoncasino.be
http://media.napoleoncasino.be
http://media-ssl.napoleoncasino.be
http://napoleoncasino.be
http://napoleoncasino.be:2052
http://napoleoncasino.be:2082
http://napoleoncasino.be:2086
http://napoleoncasino.be:2095
http://napoleoncasino.be:8080
http://napoleoncasino.be:8880
http://nl-be.napoleoncasino.be
https://api-ngp.napoleoncasino.be
https://en-gb.napoleoncasino.be
https://fr-be.napoleoncasino.be
https://media.napoleoncasino.be
https://media-ssl.napoleoncasino.be
https://napoleoncasino.be
https://napoleoncasino.be:2053
https://napoleoncasino.be:2083
https://napoleoncasino.be:2087
https://napoleoncasino.be:2096
https://napoleoncasino.be:8443
https://nl-be.napoleoncasino.be
https://www.napoleoncasino.be
https://zh-cn.napoleoncasino.be
http://www.napoleoncasino.be
http://zh-cn.napoleoncasino.be
