http://aanvraag.nextel.be
http://apimy.nextel.be
http://demande.nextel.be
http://dialin.nextel.be
http://document.nextel.be
http://documentsglobal.nextel.be
http://documenttest.nextel.be
http://enquete.nextel.be
http://ftp.nextel.be
http://global.nextel.be
http://hivemanager.nextel.be
http://hvac.nextel.be
http://idx.nextel.be
http://idx.nextel.be:2082
http://idx.nextel.be:2086
http://idx.nextel.be:8080
http://idx.nextel.be:8880
http://itappnforced.nextel.be
http://lyncdiscover.nextel.be
http://mbg.demo.nextel.be
http://meet.nextel.be
http://micollab.demo.nextel.be
http://mobicrmapi.nextel.be
http://mobicrmapitest.nextel.be
http://mydashboard.nextel.be
http://my.nextel.be
http://mynextel.nextel.be
http://mynextel-public-api.nextel.be
http://mynextel-public-api-test.nextel.be
http://mysack.nextel.be
http://mysack.nextel.be:4040
http://mytest.nextel.be
http://new.nextel.be
http://nextel.be
http://nxstateps.nextel.be
http://obmmc.nextel.be
http://obmmc.nextel.be:8080
http://public-api.nextel.be
http://public-api-test.nextel.be
http://qa-api-my.nextel.be
http://rproxy.nextel.be
https://aanvraag.nextel.be
https://apimy.nextel.be
https://demande.nextel.be
https://dialin.nextel.be
https://document.nextel.be
https://documentsglobal.nextel.be
https://documenttest.nextel.be
https://external.nextel.be
https://foncomfort.nextel.be
https://foncomfort.nextel.be:9877
https://fs.nextel.be
https://ftp.nextel.be
https://global.nextel.be
https://hivemanager.nextel.be
https://hvac.nextel.be
https://idx.nextel.be
https://idx.nextel.be:2083
https://idx.nextel.be:2087
https://idx.nextel.be:8443
https://ipo.demo.nextel.be
https://ipo.nextel.be:9443
https://ipo-uc.demo.nextel.be:9443
https://ipo-uc.nextel.be:9443
https://itappnforced.nextel.be
https://lyncdiscover.nextel.be
https://mbg.demo.nextel.be
https://mbg.demo.nextel.be:4443
https://meet.nextel.be
https://micollab.demo.nextel.be
https://micollab.demo.nextel.be:4443
https://mobicrmapi.nextel.be
https://mobicrmapitest.nextel.be
https://mydashboard.nextel.be
https://my.nextel.be
https://mynextel.nextel.be
https://mynextel-public-api.nextel.be
https://mynextel-public-api-test.nextel.be
https://mysack.nextel.be
https://mytest.nextel.be
https://new.nextel.be
https://obmmc.nextel.be
https://officewa.nextel.be
https://public-api.nextel.be
https://public-api-test.nextel.be
https://qa-api-my.nextel.be
https://rproxy.nextel.be
https://sc.nextel.be
https://sip.nextel.be
http://ssl.bealert.nextel.be
https://ssl.bealert.nextel.be
https://ssl.nextel.be
https://staging-api-my.nextel.be
https://staging-my.nextel.be
https://staging-public-api.nextel.be
http://staging-api-my.nextel.be
http://staging-my.nextel.be
http://staging-public-api.nextel.be
https://test-api-my.nextel.be
https://test-my.nextel.be
https://test-public-api.nextel.be
https://tmhe.nextel.be
https://uat-api-my.nextel.be
https://uat-my.nextel.be
https://uat-public-api.nextel.be
https://url7541.nextel.be
https://varnish.nextel.be
https://wachtdienst.nextel.be
https://webext.nextel.be
http://test-api-my.nextel.be
http://test-my.nextel.be
http://test-public-api.nextel.be
http://tmhe.nextel.be
http://uat-api-my.nextel.be
http://uat-my.nextel.be
http://uat-public-api.nextel.be
http://url7541.nextel.be
http://varnish.nextel.be
http://webext.nextel.be
http://www.nextel.be
