http://notes.finance
http://notes.finance:2052
http://notes.finance:2082
http://notes.finance:2086
http://notes.finance:8080
http://notes.finance:8880
https://notes.finance
https://notes.finance:2083
https://notes.finance:2087
https://notes.finance:8443
https://www.notes.finance
https://www.notes.finance:2083
https://www.notes.finance:2087
https://www.notes.finance:8443
http://www.notes.finance
http://www.notes.finance:2052
http://www.notes.finance:2082
http://www.notes.finance:2086
http://www.notes.finance:8080
http://www.notes.finance:8880
