http://api.notional.finance
http://blog.notional.finance
http://community.notional.finance
http://discord.notional.finance
http://docs.notional.finance
http://docs.notional.finance:2082
http://docs.notional.finance:2086
http://docs.notional.finance:8080
http://docs.notional.finance:8880
http://forum.notional.finance
http://goerli.api.notional.finance
http://goerli.notional.finance
http://info.notional.finance
http://kovan.api.notional.finance
http://kovan.notional.finance
http://notional.finance
http://podcast.notional.finance
https://api.notional.finance
https://blog.notional.finance
https://community.notional.finance
https://discord.notional.finance
https://docs.notional.finance
https://docs.notional.finance:2053
https://docs.notional.finance:2083
https://docs.notional.finance:2087
https://docs.notional.finance:8443
https://forum.notional.finance
https://goerli.api.notional.finance
https://goerli.notional.finance
https://info.notional.finance
https://kovan.api.notional.finance
https://kovan.notional.finance
https://notional.finance
https://podcast.notional.finance
https://v1.notional.finance
https://www.notional.finance
http://v1.notional.finance
http://www.notional.finance
