http://api.dev.oasis.app
http://auctions.oasis.app
http://blog.oasis.app
http://blog.staging.oasis.app
http://cache.new.oasis.app
http://chat.oasis.app
http://kb.oasis.app
http://legacy.oasis.app
http://mpp.oasis.app
http://mpp.staging.oasis.app
http://oasis.app
http://oazo-bcache-goerli-adp.new.oasis.app
http://oazo-bcache-goerli-staging.new.oasis.app
http://oazo-bcache-mainnet-staging.new.oasis.app
http://oazo-bcache.new.oasis.app
https://api.dev.oasis.app
https://auctions.oasis.app
https://blog.oasis.app
https://blog.staging.oasis.app
https://cache.new.oasis.app
https://chat.oasis.app
https://kb.oasis.app
https://legacy.oasis.app
https://mpp.oasis.app
https://mpp.staging.oasis.app
https://oasis.app
https://oazo-bcache-goerli-adp.new.oasis.app
https://oazo-bcache-goerli-staging.new.oasis.app
https://oazo-bcache-mainnet-staging.new.oasis.app
https://oazo-bcache.new.oasis.app
https://staging.oasis.app
https://storybook.oasis.app
http://staging.oasis.app
http://storybook.oasis.app
https://translate.oasis.app
https://translate.staging.oasis.app
https://www.mpp.staging.oasis.app
https://www.oasis.app
https://www.staging.oasis.app
https://www.storybook.oasis.app
https://www.translate.oasis.app
https://www.translate.staging.oasis.app
http://translate.oasis.app
http://translate.staging.oasis.app
http://www.mpp.staging.oasis.app
http://www.oasis.app
http://www.staging.oasis.app
http://www.storybook.oasis.app
http://www.translate.oasis.app
http://www.translate.staging.oasis.app
