http://aws.okx.com
http://email.gh-mail.okx.com
http://go.okx.com
http://go.okx.com:2082
http://go.okx.com:2086
http://go.okx.com:2095
http://go.okx.com:8080
http://go.okx.com:8880
http://learn.okx.com
http://newsletter.okx.com
http://newsletter.okx.com:2082
http://newsletter.okx.com:2086
http://newsletter.okx.com:2095
http://newsletter.okx.com:8080
http://newsletter.okx.com:8880
http://okx.com
https://aws.okx.com
https://awspush.okx.com
https://awspush.okx.com:8443
https://email.gh-mail.okx.com
https://go.okx.com
https://go.okx.com:2053
https://go.okx.com:2083
https://go.okx.com:2087
https://go.okx.com:2096
https://go.okx.com:8443
https://learn.okx.com
https://newsletter.okx.com
https://newsletter.okx.com:2053
https://newsletter.okx.com:2083
https://newsletter.okx.com:2087
https://newsletter.okx.com:2096
https://newsletter.okx.com:8443
https://okx.com
https://staticaws.okx.com
https://static.okx.com
http://staticaws.okx.com
http://static.okx.com
https://test.okx.com
https://wsaws.okx.com
https://wsaws.okx.com:8443
https://wsdex.okx.com
https://wsdex.okx.com:8443
https://wsdexpre.okx.com
https://wsdexpre.okx.com:8443
https://ws.okx.com
https://ws.okx.com:8443
https://wspap.okx.com
https://wspap.okx.com:8443
https://wspri.okx.com
https://wspri.okx.com:8443
https://wspripap.okx.com
https://wspripap.okx.com:8443
https://www.okx.com
http://test.okx.com
http://wsdex.okx.com:2083
http://wsdex.okx.com:2087
http://wsdex.okx.com:2096
http://wsdexpre.okx.com:2083
http://wsdexpre.okx.com:2087
http://ws.okx.com:2083
http://ws.okx.com:2087
http://ws.okx.com:2096
http://wspap.okx.com:2083
http://wspap.okx.com:2087
http://wspri.okx.com:2083
http://wspri.okx.com:2087
http://wspripap.okx.com:2083
http://wspripap.okx.com:2087
http://wspripap.okx.com:2096
http://www.okx.com
http://www.okx.com:2083
http://www.okx.com:2087
http://www.okx.com:8443
