http://alpha.olympusdao.finance
http://alpha.olympusdao.finance:8082
http://alpha.olympusdao.finance:8084
http://alpha.olympusdao.finance:8085
http://api.olympusdao.finance
http://api.olympusdao.finance:2083
http://api.olympusdao.finance:2087
http://api.olympusdao.finance:8443
http://app.olympusdao.finance
http://app.olympusdao.finance:8082
http://app.olympusdao.finance:8084
http://app.olympusdao.finance:8085
http://backup.olympusdao.finance
http://backup.olympusdao.finance:2082
http://backup.olympusdao.finance:2086
http://backup.olympusdao.finance:8080
http://backup.olympusdao.finance:8880
http://discord-invite.olympusdao.finance
http://docs.olympusdao.finance
http://docs.olympusdao.finance:2082
http://docs.olympusdao.finance:2086
http://docs.olympusdao.finance:8080
http://docs.olympusdao.finance:8880
http://forum.olympusdao.finance
http://forum.olympusdao.finance:2082
http://forum.olympusdao.finance:2086
http://forum.olympusdao.finance:8080
http://forum.olympusdao.finance:8880
http://frens.olympusdao.finance
http://frens.olympusdao.finance:2052
http://frens.olympusdao.finance:2086
http://frens.olympusdao.finance:8080
http://frens.olympusdao.finance:8880
http://getinvolved.olympusdao.finance
http://getinvolved.olympusdao.finance:2082
http://getinvolved.olympusdao.finance:2086
http://getinvolved.olympusdao.finance:8080
http://getinvolved.olympusdao.finance:8880
http://gg.olympusdao.finance
http://gg.olympusdao.finance:2052
http://gg.olympusdao.finance:2086
http://gg.olympusdao.finance:8080
http://gg.olympusdao.finance:8880
http://ggwp.olympusdao.finance
http://ggwp.olympusdao.finance:2052
http://ggwp.olympusdao.finance:2086
http://ggwp.olympusdao.finance:8080
http://ggwp.olympusdao.finance:8880
http://grants.olympusdao.finance
http://grants.olympusdao.finance:2052
http://grants.olympusdao.finance:2086
http://grants.olympusdao.finance:8080
http://grants.olympusdao.finance:8880
http://img.newsletter.olympusdao.finance
http://img.newsletter.olympusdao.finance:2053
http://img.newsletter.olympusdao.finance:2083
http://img.newsletter.olympusdao.finance:2087
http://img.newsletter.olympusdao.finance:2096
http://img.newsletter.olympusdao.finance:8443
http://jamesbond.olympusdao.finance
http://jamesbond.olympusdao.finance:2052
http://jamesbond.olympusdao.finance:2086
http://jamesbond.olympusdao.finance:8080
http://jamesbond.olympusdao.finance:8880
http://odyssey-ohmie-day.olympusdao.finance
http://odyssey.olympusdao.finance
http://odyssey.olympusdao.finance:8082
http://odyssey.olympusdao.finance:8084
http://odyssey.olympusdao.finance:8085
http://ohmie.olympusdao.finance
http://ohmie.olympusdao.finance:2082
http://ohmie.olympusdao.finance:2086
http://ohmie.olympusdao.finance:8080
http://ohmie.olympusdao.finance:8880
http://olympusdao.finance
http://pro.olympusdao.finance
http://pro.olympusdao.finance:8082
http://pro.olympusdao.finance:8084
http://pro.olympusdao.finance:8085
http://r.newsletter.olympusdao.finance
https://alpha.olympusdao.finance
https://alpha.olympusdao.finance:1935
https://api.olympusdao.finance
https://app.olympusdao.finance
https://app.olympusdao.finance:1935
https://backup.olympusdao.finance
https://backup.olympusdao.finance:2053
https://backup.olympusdao.finance:2083
https://backup.olympusdao.finance:2087
https://backup.olympusdao.finance:2096
https://backup.olympusdao.finance:8443
https://discord-invite.olympusdao.finance
https://docs.olympusdao.finance
https://docs.olympusdao.finance:2083
https://docs.olympusdao.finance:2087
https://docs.olympusdao.finance:8443
https://forum.olympusdao.finance
https://forum.olympusdao.finance:2083
https://forum.olympusdao.finance:2087
https://forum.olympusdao.finance:8443
https://frens.olympusdao.finance
https://frens.olympusdao.finance:2083
https://frens.olympusdao.finance:2087
https://getinvolved.olympusdao.finance
https://getinvolved.olympusdao.finance:2083
https://getinvolved.olympusdao.finance:2087
https://getinvolved.olympusdao.finance:8443
https://gg.olympusdao.finance
https://gg.olympusdao.finance:2083
https://gg.olympusdao.finance:2087
https://ggwp.olympusdao.finance
https://ggwp.olympusdao.finance:2083
https://ggwp.olympusdao.finance:2087
https://grants.olympusdao.finance
https://grants.olympusdao.finance:2083
https://grants.olympusdao.finance:2087
https://img.newsletter.olympusdao.finance
https://jamesbond.olympusdao.finance
https://jamesbond.olympusdao.finance:2083
https://jamesbond.olympusdao.finance:2087
https://odyssey-ohmie-day.olympusdao.finance
https://odyssey.olympusdao.finance
https://odyssey.olympusdao.finance:1935
https://ohmie.olympusdao.finance
https://ohmie.olympusdao.finance:2083
https://ohmie.olympusdao.finance:2087
https://ohmie.olympusdao.finance:8443
https://olympusdao.finance
https://pro.olympusdao.finance
https://pro.olympusdao.finance:1935
https://r.newsletter.olympusdao.finance
https://r.newsletter.olympusdao.finance:4443
https://staging.olympusdao.finance
https://staging.olympusdao.finance:1935
http://staging.olympusdao.finance
http://staging.olympusdao.finance:8082
http://staging.olympusdao.finance:8084
http://staging.olympusdao.finance:8085
https://verified.olympusdao.finance
https://verified-staging.olympusdao.finance
https://vote.olympusdao.finance
https://vote.olympusdao.finance:2083
https://vote.olympusdao.finance:2087
https://www.olympusdao.finance
http://verified.olympusdao.finance
http://verified-staging.olympusdao.finance
http://vote.olympusdao.finance
http://vote.olympusdao.finance:2052
http://vote.olympusdao.finance:2086
http://vote.olympusdao.finance:8080
http://vote.olympusdao.finance:8880
http://www.olympusdao.finance
