http://088rdsh01.cookiecompany.online-essentials.be
http://0-ieeexplore.ieee.org.libmain.online-essentials.be
http://0-saemobilus.sae.org.library.online-essentials.be
http://0-www.osapublishing.org.fama.online-essentials.be
http://17480130.ostk.bm2.prod.gq1.online-essentials.be
http://685121.file.p23.tc.online-essentials.be
http://a51228764cdadb4eb5a512cf8eb2a494e.profile.nrt52.online-essentials.be
http://aalphaloginministrators.alphaloginj-tronics.online-essentials.be
http://acc.amirrormin.laurieentommy.online-essentials.be
http://acc.imaplaurieentommy.online-essentials.be
http://acc.ingamesk8s-dev.online-essentials.be
http://acc.machine.ms1.online-essentials.be
http://acc.mail01.tupaja.online-essentials.be
http://accounting.aapidocsmin-ms.online-essentials.be
http://accounting.adminwwwmysite.online-essentials.be
http://accounting.autodiscover-mysite.online-essentials.be
http://accounting.internals-mysite.online-essentials.be
http://accounting.mysiteaapidocsmin.online-essentials.be
http://accounting.mysite.accounting.online-essentials.be
http://accounting.mysiteapps.online-essentials.be
http://accounting.mysite-click.online-essentials.be
http://accounting.mysite-naaimachinesmin.online-essentials.be
http://accounting.mysitens1.online-essentials.be
http://accounting.www.laurieentommy-adminsmx7.online-essentials.be
http://account.verhuringenlinda.events.online-essentials.be
http://account.verhuringenlindaswagger.online-essentials.be
http://acc.tupaja-dev.online-essentials.be
http://active.accounteguro.www.laurieentommy.online-essentials.be
http://active.account-server.puurlandelijk.online-essentials.be
http://active.active-websitereports-www.puurlandelijk.online-essentials.be
http://active.admeguro-www.puurlandelijk.online-essentials.be
http://active.administratorstelenet.laurieentommy.online-essentials.be
http://active.admins-ms1www.laurieentommy.online-essentials.be
http://active.org-www.puurlandelijk.online-essentials.be
http://active.wwwaccountingseguro.laurieentommy.online-essentials.be
http://active.www.account-sispuurlandelijk.online-essentials.be
http://active.www.addon-renovaties-lyncdiscoverlaurieentommy.online-essentials.be
http://active.www.laurieentommy.alpha.online-essentials.be
http://active.wwwprd.laurieentommy.online-essentials.be
http://addon.activemsoidmaster.online-essentials.be
http://addon.adminskinsmaster.online-essentials.be
http://addon.asana-postmaster.online-essentials.be
http://addon.mine.www.starbooks.online-essentials.be
http://addon.post.legacy.online-essentials.be
http://addon.postmastermgmt.online-essentials.be
http://addon.post-mx7.online-essentials.be
http://addon-renovaties.apatinwww.bewise.online-essentials.be
http://addon-renovaties.online-essentials.be
http://addon-renovaties.web.www.bewise.online-essentials.be
http://addon-renovaties.www.analyticsbrusseeldavid.bewise.online-essentials.be
http://addon-renovaties.www.pay.online-essentials.be
http://addon-renovaties.www.relay2bewise.online-essentials.be
http://addon.trialpostmaster.online-essentials.be
http://addon.www.vipstarbooks.online-essentials.be
http://adm.alphaelem.cardoconstruct.online-essentials.be
http://adm.authentication.laurieentommy.online-essentials.be
http://adm.cardoconstruct-administrators01.online-essentials.be
http://adm.cardoconstructadm-zmail.online-essentials.be
http://adm.cloudfrontlaurieentommy.online-essentials.be
http://admin.accounting-hf-liften.docker.online-essentials.be
http://admin.addon-postmasterlab.online-essentials.be
http://admin.adm-firewall.online-essentials.be
http://admin.admin-confluence-www.puurlandelijk.online-essentials.be
http://admin.administratorsmail6www.puurlandelijk.online-essentials.be
http://admin.admins-mbox-www.puurlandelijk.online-essentials.be
http://admin.adminswaggerdisabled.online-essentials.be
http://admin.adm-zmail.puurlandelijk.online-essentials.be
http://admin.ametricmin.www.puurlandelijk.online-essentials.be
http://admin.analyticsbrusseeldavid-skins.online-essentials.be
http://admin.authorizationwww.puurlandelijk.online-essentials.be
http://admin.disabled-accountcustomer.online-essentials.be
http://admin.elasticrenovatiesleadform.online-essentials.be
http://admin.gw-imap.online-essentials.be
http://admin.helporigin.online-essentials.be
http://administrator.click.ms.online-essentials.be
http://administrator.controlserver.online-essentials.be
http://administrator.elasticbeanstalk-zimbra.online-essentials.be
http://administrator.hf-ms.online-essentials.be
http://administrator.ms.staging.online-essentials.be
http://administrators.dj-addon-kubernetes.online-essentials.be
http://administrators.dj-tronics.gist.online-essentials.be
http://administrator.server-testyourwebsite.online-essentials.be
http://administrators.paywall-tronics.online-essentials.be
http://administrators.renovatiesseguro-tronics.online-essentials.be
http://administrator.w3ms.online-essentials.be
http://admin.kubectl-www.puurlandelijk.online-essentials.be
http://admin.lab-testyourwebsite.online-essentials.be
http://admin.msoid.sandbox.online-essentials.be
http://admin.payment.elastic.online-essentials.be
http://admin.qtool.online-essentials.be
http://admins.acc-wwwlaurieentommy.online-essentials.be
http://admins.administratorknconsulting-laurieentommy.online-essentials.be
http://admin.sandbox.cloudfront.online-essentials.be
http://admins.cardoconstructanalyticss.online-essentials.be
http://admins.certms.online-essentials.be
http://admins.hwcdn-cardoconstruct.online-essentials.be
http://admin.signed--zmail.online-essentials.be
http://admin.skins-addon-telenet.online-essentials.be
http://admins.knconsulting.org.online-essentials.be
http://admins.prodcardoconstruct.online-essentials.be
http://admins.renovatiesdj-laurieentommy.online-essentials.be
http://admin.sslelastic.online-essentials.be
http://admin.stageadmink8s.online-essentials.be
http://admin.staging.skins.online-essentials.be
http://admin.v1stage.online-essentials.be
http://admin.wwwaddon-renovatiesmail2.puurlandelijk.online-essentials.be
http://adminwww.admin-zmailbewise.online-essentials.be
http://adminwww.bewise-administrator.online-essentials.be
http://adminwww.bewisestage.online-essentials.be
http://admin-www.login-delem.online-essentials.be
http://adminwww.mx02-bewise.online-essentials.be
http://admin.www.puurlandelijk-active-www.online-essentials.be
http://adminwww.securitybewise.online-essentials.be
http://adm.laurieentommy-addon-stage-expertise.online-essentials.be
http://adm.laurieentommy.cloud.online-essentials.be
http://adm.laurieentommy-skins.online-essentials.be
http://adm.laurieentommysmtp.online-essentials.be
http://alpha.addon-tronics-www.shlaw.online-essentials.be
http://alpha.administrators2leadform.online-essentials.be
http://alpha.leaadmin-staticform.online-essentials.be
http://alpha.leaswagform.online-essentials.be
http://alpha.mx4-ahf.online-essentials.be
http://alpha.www.mysite.shlaw.online-essentials.be
http://alpha.www.shlawalpha-on-stage-expertise.online-essentials.be
http://alpha.www.shlaw.portal.online-essentials.be
http://analytics.brusseldavid-management.online-essentials.be
http://analytics.brusseldavidportal.online-essentials.be
http://analytics.brusseldocumentavidocument.online-essentials.be
http://analytics.knconsulting.on.online-essentials.be
http://analytics.login-brusseldavid.online-essentials.be
http://analytics.zimbra-brusseldavid.online-essentials.be
http://anime.thehylia.com.online-essentials.be
http://anquine7.online-essentials.be
http://apac.assets-delemj-tronics.online-essentials.be
http://apac.dj-admins-stage-expertise.online-essentials.be
http://apac.dj-tr-developics.online-essentials.be
http://apac.dj-tronics.mx3.online-essentials.be
http://apac.hf-liften-tronics.online-essentials.be
http://apac.msoid.dj-tronics.online-essentials.be
http://apatin.online-essentials.be
http://api.qsdrive.online-essentials.be
http://apparel-uk.telecaster-572.demo.online-essentials.be
http://autodiscover.filmfinances.online-essentials.be
http://autodiscover.oxkem.online-essentials.be
http://autpiexch10.transpacific.online-essentials.be
http://bewise.online-essentials.be
http://boxcn.net.box.rkscorp32.online-essentials.be
http://brazil.sqlserver.online-essentials.be
http://brusseeldavid.online-essentials.be
http://brusseldavid.online-essentials.be
http://campingdezevenlinden.baarn.utrecht.online-essentials.be
http://cams.qa.eipsc.online-essentials.be
http://cardoconstruct.online-essentials.be
http://cashew.csv.online-essentials.be
http://ccu-view.hsd.online-essentials.be
http://cf-protected-www.benliveshere.com.cdn.online-essentials.be
http://cf-protected-www.coedmorcottages.com.cdn.online-essentials.be
http://cf-protected-www.sahadev.com.cdn.online-essentials.be
http://cheeposlist.com.madrid.online-essentials.be
http://chronos.webct.online-essentials.be
http://click.online-essentials.be
http://clientcare4.brandywinevalley.online-essentials.be
http://comune.online-essentials.be
http://cpanel.m020c192.online-essentials.be
http://cs76.status.scm.online-essentials.be
http://customer.online-essentials.be
http://dat-ae.mrn.gouv.online-essentials.be
http://dbadmin.t21.ymdb.corp.sp2.online-essentials.be
http://delem.online-essentials.be
http://deluryneocovidev.sayncdiscover.ad.shoppingcart.us-east-1.online-essentials.be
http://developers.ms-my.fbjs.online-essentials.be
http://devops1.paas.corp.bf1.online-essentials.be
http://dev.scana.online-essentials.be
http://dip95.lsn.gq1.online-essentials.be
http://diy.online-essentials.be
http://dj-tronics.online-essentials.be
http://d-mine.online-essentials.be
http://do.re.mi.8.online-essentials.be
http://drobo.demac.online-essentials.be
http://ebayapplication.online-essentials.be
http://ebay.online-essentials.be
http://es06.geotech.sp1.online-essentials.be
http://esttosps0006128.estec.online-essentials.be
http://f1601.mail.vip.bf1.online-essentials.be
http://fantasy.euw.lolesports.com.cdn.online-essentials.be
http://fdmahonen.yliopistopaino.online-essentials.be
http://ffbexchange.msbdom.online-essentials.be
http://ftp.ekaltech.online-essentials.be
http://giobouw.online-essentials.be
http://gmcsvrsbs.gmc.online-essentials.be
http://greenetn.nolachuckey.online-essentials.be
http://gs33.games.bf1.online-essentials.be
http://gwielek.online-essentials.be
http://ha1.vl422.rtm-1.ac4.online-essentials.be
http://hermes.online-essentials.be
http://hettrekpaard.online-essentials.be
http://hf-liften.online-essentials.be
http://host58.net156.online-essentials.be
http://imap.online-essentials.be
http://ingames.online-essentials.be
http://kajuit37.online-essentials.be
http://kathfachschaft.fs.kath-theologie.online-essentials.be
http://knconsulting.online-essentials.be
http://l5.phyip3.dur.online-essentials.be
http://laurieentommy.online-essentials.be
http://leadform.online-essentials.be
http://liwvs10002.np1.dp.online-essentials.be
http://lo0.tar1.dez.online-essentials.be
http://lo50.tun1.boston.corp.online-essentials.be
http://login.milliken.com.cdn.online-essentials.be
http://login.online-essentials.be
http://maes-naaimachines.online-essentials.be
http://m.afsm.prd.online-essentials.be
http://mail01.online-essentials.be
http://mail2.online-essentials.be
http://mail6.online-essentials.be
http://mail.darkodel.online-essentials.be
http://mail.hy.online-essentials.be
http://mailin.online-essentials.be
http://mail.nasud.com.ci1.online-essentials.be
http://mail.secondhandinox.online-essentials.be
http://mail.steviabenefits.online-essentials.be
http://mail.uclouvain.be-owa.auth.logon.aspx-replacecurrent-1url.online-essentials.be
http://market.scol.online-essentials.be
http://mbox.online-essentials.be
http://mcpasd.online-essentials.be
http://minerva.filosoficas.online-essentials.be
http://mjc.jury.online-essentials.be
http://m.library-staging.online-essentials.be
http://moeyonassp.oort.online-essentials.be
http://mo.lfh.online-essentials.be
http://ms1.online-essentials.be
http://ms.online-essentials.be
http://mta.online-essentials.be
http://mta-sts.mnelson-com.mail.eo.online-essentials.be
http://mta-sts.nndoj-org.mail.eo.online-essentials.be
http://mta-sts.orthokrems-at01c.mail.eo.online-essentials.be
http://mta-sts.smscomp-co-uk.mail.eo.online-essentials.be
http://mta-sts.wts.wespeaktech-com.mail.eo.online-essentials.be
http://mx02.online-essentials.be
http://mx1.online-essentials.be
http://mx3.online-essentials.be
http://mx4.online-essentials.be
http://mx7.online-essentials.be
http://mxeamon.perf.mastering.online-essentials.be
http://mxs.online-essentials.be
http://mysite.online-essentials.be
http://mysql02.dlawejherowa.online-essentials.be
http://mysql06.skanlay.online-essentials.be
http://mz.curvin.online-essentials.be
http://nem.id.dk.online-essentials.be
http://netadmin.sakha.online-essentials.be
http://netorgft3783505.mail.pril.protection.online-essentials.be
http://netty.ndph.online-essentials.be
http://newgserver.garydomain.online-essentials.be
http://ns1.online-essentials.be
http://online-essentials.be
http://on-stage-expertise.online-essentials.be
http://pages.zs310.com.online-essentials.be
http://paywall.online-essentials.be
http://pc173.ed1o.online-essentials.be
http://pc-94.cst.usyd.online-essentials.be
http://pisrv33004.comcommac.online-essentials.be
http://pool06.ebid.online-essentials.be
http://pop3.steffbud.online-essentials.be
http://pop.da3.online-essentials.be
http://por.testremotevpn.online-essentials.be
http://postmaster.online-essentials.be
http://post.online-essentials.be
http://preview.wiscares.online-essentials.be
http://provincie.utrecht.online-essentials.be
http://psql03.lewanda.online-essentials.be
http://puurlandelijk.online-essentials.be
http://radius-prd-dc2-1.services.adelaide.online-essentials.be
http://relay1.online-essentials.be
http://relay2.online-essentials.be
http://relay.online-essentials.be
http://repsol7.sdecc.sl.edst.online-essentials.be
http://robotics.blanco-cpq.demo.online-essentials.be
http://rorigetchu.test20160905.online-essentials.be
https://088rdsh01.cookiecompany.online-essentials.be
https://0-ieeexplore.ieee.org.libmain.online-essentials.be
https://0-saemobilus.sae.org.library.online-essentials.be
https://0-www.osapublishing.org.fama.online-essentials.be
https://17480130.ostk.bm2.prod.gq1.online-essentials.be
https://685121.file.p23.tc.online-essentials.be
https://a51228764cdadb4eb5a512cf8eb2a494e.profile.nrt52.online-essentials.be
https://aalphaloginministrators.alphaloginj-tronics.online-essentials.be
https://acc.amirrormin.laurieentommy.online-essentials.be
https://acc.imaplaurieentommy.online-essentials.be
https://acc.ingamesk8s-dev.online-essentials.be
https://acc.machine.ms1.online-essentials.be
https://acc.mail01.tupaja.online-essentials.be
https://accounting.aapidocsmin-ms.online-essentials.be
https://accounting.adminwwwmysite.online-essentials.be
https://accounting.autodiscover-mysite.online-essentials.be
https://accounting.internals-mysite.online-essentials.be
https://accounting.mysiteaapidocsmin.online-essentials.be
https://accounting.mysite.accounting.online-essentials.be
https://accounting.mysiteapps.online-essentials.be
https://accounting.mysite-click.online-essentials.be
https://accounting.mysite-naaimachinesmin.online-essentials.be
https://accounting.mysitens1.online-essentials.be
https://accounting.www.laurieentommy-adminsmx7.online-essentials.be
https://account.verhuringenlinda.events.online-essentials.be
https://account.verhuringenlindaswagger.online-essentials.be
https://acc.tupaja-dev.online-essentials.be
https://active.accounteguro.www.laurieentommy.online-essentials.be
https://active.account-server.puurlandelijk.online-essentials.be
https://active.active-websitereports-www.puurlandelijk.online-essentials.be
https://active.admeguro-www.puurlandelijk.online-essentials.be
https://active.administratorstelenet.laurieentommy.online-essentials.be
https://active.admins-ms1www.laurieentommy.online-essentials.be
https://active.org-www.puurlandelijk.online-essentials.be
https://active.wwwaccountingseguro.laurieentommy.online-essentials.be
https://active.www.account-sispuurlandelijk.online-essentials.be
https://active.www.addon-renovaties-lyncdiscoverlaurieentommy.online-essentials.be
https://active.www.laurieentommy.alpha.online-essentials.be
https://active.wwwprd.laurieentommy.online-essentials.be
https://addon.activemsoidmaster.online-essentials.be
https://addon.adminskinsmaster.online-essentials.be
https://addon.asana-postmaster.online-essentials.be
https://addon.mine.www.starbooks.online-essentials.be
https://addon.post.legacy.online-essentials.be
https://addon.postmastermgmt.online-essentials.be
https://addon.post-mx7.online-essentials.be
https://addon-renovaties.apatinwww.bewise.online-essentials.be
https://addon-renovaties.online-essentials.be
https://addon-renovaties.web.www.bewise.online-essentials.be
https://addon-renovaties.www.analyticsbrusseeldavid.bewise.online-essentials.be
https://addon-renovaties.www.pay.online-essentials.be
https://addon-renovaties.www.relay2bewise.online-essentials.be
https://addon.trialpostmaster.online-essentials.be
https://addon.www.vipstarbooks.online-essentials.be
https://adm.alphaelem.cardoconstruct.online-essentials.be
https://adm.authentication.laurieentommy.online-essentials.be
https://adm.cardoconstruct-administrators01.online-essentials.be
https://adm.cardoconstructadm-zmail.online-essentials.be
https://adm.cloudfrontlaurieentommy.online-essentials.be
https://admin.accounting-hf-liften.docker.online-essentials.be
https://admin.addon-postmasterlab.online-essentials.be
https://admin.adm-firewall.online-essentials.be
https://admin.admin-confluence-www.puurlandelijk.online-essentials.be
https://admin.administratorsmail6www.puurlandelijk.online-essentials.be
https://admin.admins-mbox-www.puurlandelijk.online-essentials.be
https://admin.adminswaggerdisabled.online-essentials.be
https://admin.adm-zmail.puurlandelijk.online-essentials.be
https://admin.ametricmin.www.puurlandelijk.online-essentials.be
https://admin.analyticsbrusseeldavid-skins.online-essentials.be
https://admin.authorizationwww.puurlandelijk.online-essentials.be
https://admin.disabled-accountcustomer.online-essentials.be
https://admin.elasticrenovatiesleadform.online-essentials.be
https://admin.gw-imap.online-essentials.be
https://admin.helporigin.online-essentials.be
https://administrator.click.ms.online-essentials.be
https://administrator.controlserver.online-essentials.be
https://administrator.elasticbeanstalk-zimbra.online-essentials.be
https://administrator.hf-ms.online-essentials.be
https://administrator.ms.staging.online-essentials.be
https://administrators.dj-addon-kubernetes.online-essentials.be
https://administrators.dj-tronics.gist.online-essentials.be
https://administrator.server-testyourwebsite.online-essentials.be
https://administrators.paywall-tronics.online-essentials.be
https://administrators.renovatiesseguro-tronics.online-essentials.be
https://administrator.w3ms.online-essentials.be
https://admin.kubectl-www.puurlandelijk.online-essentials.be
https://admin.lab-testyourwebsite.online-essentials.be
https://admin.msoid.sandbox.online-essentials.be
https://admin.payment.elastic.online-essentials.be
https://admin.qtool.online-essentials.be
https://admins.acc-wwwlaurieentommy.online-essentials.be
https://admins.administratorknconsulting-laurieentommy.online-essentials.be
https://admin.sandbox.cloudfront.online-essentials.be
https://admins.cardoconstructanalyticss.online-essentials.be
https://admins.certms.online-essentials.be
https://admins.hwcdn-cardoconstruct.online-essentials.be
https://admin.signed--zmail.online-essentials.be
https://admin.skins-addon-telenet.online-essentials.be
https://admins.knconsulting.org.online-essentials.be
https://admins.prodcardoconstruct.online-essentials.be
https://admins.renovatiesdj-laurieentommy.online-essentials.be
https://admin.sslelastic.online-essentials.be
https://admin.stageadmink8s.online-essentials.be
https://admin.staging.skins.online-essentials.be
https://admin.v1stage.online-essentials.be
https://admin.wwwaddon-renovatiesmail2.puurlandelijk.online-essentials.be
https://adminwww.admin-zmailbewise.online-essentials.be
https://adminwww.bewise-administrator.online-essentials.be
https://adminwww.bewisestage.online-essentials.be
https://admin-www.login-delem.online-essentials.be
https://adminwww.mx02-bewise.online-essentials.be
https://admin.www.puurlandelijk-active-www.online-essentials.be
https://adminwww.securitybewise.online-essentials.be
https://adm.laurieentommy-addon-stage-expertise.online-essentials.be
https://adm.laurieentommy.cloud.online-essentials.be
https://adm.laurieentommy-skins.online-essentials.be
https://adm.laurieentommysmtp.online-essentials.be
https://alpha.addon-tronics-www.shlaw.online-essentials.be
https://alpha.administrators2leadform.online-essentials.be
https://alpha.leaadmin-staticform.online-essentials.be
https://alpha.leaswagform.online-essentials.be
https://alpha.mx4-ahf.online-essentials.be
https://alpha.www.mysite.shlaw.online-essentials.be
https://alpha.www.shlawalpha-on-stage-expertise.online-essentials.be
https://alpha.www.shlaw.portal.online-essentials.be
https://analytics.brusseldavid-management.online-essentials.be
https://analytics.brusseldavidportal.online-essentials.be
https://analytics.brusseldocumentavidocument.online-essentials.be
https://analytics.knconsulting.on.online-essentials.be
https://analytics.login-brusseldavid.online-essentials.be
https://analytics.zimbra-brusseldavid.online-essentials.be
https://anime.thehylia.com.online-essentials.be
https://anquine7.online-essentials.be
https://apac.assets-delemj-tronics.online-essentials.be
https://apac.dj-admins-stage-expertise.online-essentials.be
https://apac.dj-tr-developics.online-essentials.be
https://apac.dj-tronics.mx3.online-essentials.be
https://apac.hf-liften-tronics.online-essentials.be
https://apac.msoid.dj-tronics.online-essentials.be
https://apatin.online-essentials.be
https://api.qsdrive.online-essentials.be
https://apparel-uk.telecaster-572.demo.online-essentials.be
https://autodiscover.filmfinances.online-essentials.be
https://autodiscover.oxkem.online-essentials.be
https://autpiexch10.transpacific.online-essentials.be
https://bewise.online-essentials.be
https://boxcn.net.box.rkscorp32.online-essentials.be
https://brazil.sqlserver.online-essentials.be
https://brusseeldavid.online-essentials.be
https://brusseldavid.online-essentials.be
http://sbs2008.principlefm.online-essentials.be
http://sbs2008.sfw.online-essentials.be
https://campingdezevenlinden.baarn.utrecht.online-essentials.be
https://cams.qa.eipsc.online-essentials.be
https://cardoconstruct.online-essentials.be
https://cashew.csv.online-essentials.be
https://ccu-view.hsd.online-essentials.be
https://cf-protected-www.benliveshere.com.cdn.online-essentials.be
https://cf-protected-www.coedmorcottages.com.cdn.online-essentials.be
https://cf-protected-www.sahadev.com.cdn.online-essentials.be
https://cheeposlist.com.madrid.online-essentials.be
https://chronos.webct.online-essentials.be
https://click.online-essentials.be
https://clientcare4.brandywinevalley.online-essentials.be
https://comune.online-essentials.be
https://cpanel.m020c192.online-essentials.be
https://cs76.status.scm.online-essentials.be
https://customer.online-essentials.be
https://dat-ae.mrn.gouv.online-essentials.be
https://dbadmin.t21.ymdb.corp.sp2.online-essentials.be
https://delem.online-essentials.be
https://deluryneocovidev.sayncdiscover.ad.shoppingcart.us-east-1.online-essentials.be
https://developers.ms-my.fbjs.online-essentials.be
https://devops1.paas.corp.bf1.online-essentials.be
https://dev.scana.online-essentials.be
https://dip95.lsn.gq1.online-essentials.be
https://diy.online-essentials.be
https://dj-tronics.online-essentials.be
https://d-mine.online-essentials.be
https://do.re.mi.8.online-essentials.be
https://drobo.demac.online-essentials.be
https://ebayapplication.online-essentials.be
https://ebay.online-essentials.be
http://secure.helfen.online-essentials.be
http://server3.qa3.m.goodnites.com.online-essentials.be
http://server.online-essentials.be
http://server.sand92.online-essentials.be
https://es06.geotech.sp1.online-essentials.be
https://esttosps0006128.estec.online-essentials.be
http://sexakademik.sexlol-orgie.eupl.online-essentials.be
https://f1601.mail.vip.bf1.online-essentials.be
https://fantasy.euw.lolesports.com.cdn.online-essentials.be
https://fdmahonen.yliopistopaino.online-essentials.be
https://ffbexchange.msbdom.online-essentials.be
https://ftp.ekaltech.online-essentials.be
https://giobouw.online-essentials.be
https://gmcsvrsbs.gmc.online-essentials.be
https://greenetn.nolachuckey.online-essentials.be
https://gs33.games.bf1.online-essentials.be
https://gwielek.online-essentials.be
https://ha1.vl422.rtm-1.ac4.online-essentials.be
https://hermes.online-essentials.be
https://hettrekpaard.online-essentials.be
https://hf-liften.online-essentials.be
http://shlaw.online-essentials.be
https://host58.net156.online-essentials.be
https://imap.online-essentials.be
https://ingames.online-essentials.be
https://kajuit37.online-essentials.be
https://kathfachschaft.fs.kath-theologie.online-essentials.be
https://knconsulting.online-essentials.be
https://l5.phyip3.dur.online-essentials.be
https://laurieentommy.online-essentials.be
http://slave009.hvc.bf1.online-essentials.be
https://leadform.online-essentials.be
https://liwvs10002.np1.dp.online-essentials.be
https://lo0.tar1.dez.online-essentials.be
https://lo50.tun1.boston.corp.online-essentials.be
https://login.milliken.com.cdn.online-essentials.be
https://login.online-essentials.be
https://maes-naaimachines.online-essentials.be
https://m.afsm.prd.online-essentials.be
https://mail01.online-essentials.be
https://mail2.online-essentials.be
https://mail6.online-essentials.be
https://mail.darkodel.online-essentials.be
https://mail.hy.online-essentials.be
https://mailin.online-essentials.be
https://mail.nasud.com.ci1.online-essentials.be
https://mail.secondhandinox.online-essentials.be
https://mail.steviabenefits.online-essentials.be
https://mail.uclouvain.be-owa.auth.logon.aspx-replacecurrent-1url.online-essentials.be
https://market.scol.online-essentials.be
https://mbox.online-essentials.be
https://mcpasd.online-essentials.be
https://minerva.filosoficas.online-essentials.be
https://mjc.jury.online-essentials.be
https://m.library-staging.online-essentials.be
https://moeyonassp.oort.online-essentials.be
https://mo.lfh.online-essentials.be
https://ms1.online-essentials.be
https://ms.online-essentials.be
https://mta.online-essentials.be
https://mta-sts.mnelson-com.mail.eo.online-essentials.be
https://mta-sts.nndoj-org.mail.eo.online-essentials.be
https://mta-sts.orthokrems-at01c.mail.eo.online-essentials.be
https://mta-sts.smscomp-co-uk.mail.eo.online-essentials.be
https://mta-sts.wts.wespeaktech-com.mail.eo.online-essentials.be
http://smtp.mizera.online-essentials.be
http://smtp.online-essentials.be
http://smtpseguro.online-essentials.be
http://smtps.online-essentials.be
http://smtp.ufficio.online-essentials.be
https://mx02.online-essentials.be
https://mx1.online-essentials.be
https://mx3.online-essentials.be
https://mx4.online-essentials.be
https://mx7.online-essentials.be
https://mxeamon.perf.mastering.online-essentials.be
https://mxs.online-essentials.be
https://mysite.online-essentials.be
https://mysql02.dlawejherowa.online-essentials.be
https://mysql06.skanlay.online-essentials.be
https://mz.curvin.online-essentials.be
https://nem.id.dk.online-essentials.be
https://netadmin.sakha.online-essentials.be
https://netorgft3783505.mail.pril.protection.online-essentials.be
https://netty.ndph.online-essentials.be
https://newgserver.garydomain.online-essentials.be
https://ns1.online-essentials.be
https://on-stage-expertise.online-essentials.be
http://sose.ops.corp.online-essentials.be
https://pages.zs310.com.online-essentials.be
https://paywall.online-essentials.be
https://pc173.ed1o.online-essentials.be
https://pc-94.cst.usyd.online-essentials.be
https://pisrv33004.comcommac.online-essentials.be
https://pool06.ebid.online-essentials.be
https://pop3.steffbud.online-essentials.be
https://pop.da3.online-essentials.be
https://por.testremotevpn.online-essentials.be
https://postmaster.online-essentials.be
https://post.online-essentials.be
http://sppwebtb.kc63.online-essentials.be
https://preview.wiscares.online-essentials.be
https://puurlandelijk.online-essentials.be
https://relay1.online-essentials.be
https://relay2.online-essentials.be
https://relay.online-essentials.be
https://server.online-essentials.be
https://shlaw.online-essentials.be
https://smtp.online-essentials.be
https://smtpseguro.online-essentials.be
https://smtps.online-essentials.be
https://starbooks.online-essentials.be
https://svn.telework.online-essentials.be
http://stage.ert.online-essentials.be
http://stage.ibstransfer.online-essentials.be
http://starbooks.online-essentials.be
http://static.gotitfx.com.cdn.online-essentials.be
https://telenet.online-essentials.be
https://testyourwebsite.online-essentials.be
http://store.4681.online-essentials.be
https://tpe.pub.online-essentials.be
https://tupaja.online-essentials.be
http://su139.usne1-ldb.dht.bf1.online-essentials.be
https://verhuringenlinda.online-essentials.be
http://svexchange.vkb1.online-essentials.be
http://svn.telework.online-essentials.be
http://sw1f.bank214.online-essentials.be
https://websitereports.online-essentials.be
https://www.addon-renovaties.online-essentials.be
https://www.apac.hettrekpaard.online-essentials.be
https://www.bewise.online-essentials.be
https://www.cardoconstruct.online-essentials.be
https://www.delem.online-essentials.be
https://www.dj-tronics.online-essentials.be
https://www.d-mine.online-essentials.be
https://www.domino3.online-essentials.be
https://www.giobouw.online-essentials.be
https://www.giobouw.shlaw.online-essentials.be
https://www.gwielek.online-essentials.be
https://www.hettrekpaard.online-essentials.be
https://www.hf-liften.online-essentials.be
https://www.ingames.online-essentials.be
https://www.laurieentommy.online-essentials.be
https://www.maes-naaimachines.online-essentials.be
https://www.on-stage-expertise.online-essentials.be
https://www.pantheon-verhuringenlinda.online-essentials.be
https://www.puurlandelijk.online-essentials.be
https://www.shlaw.online-essentials.be
https://www.sslaccess.online-essentials.be
https://www.starbooks.online-essentials.be
https://www.tupaja.online-essentials.be
https://www.verhuringenlinda.online-essentials.be
https://zimbra.online-essentials.be
https://zmail.online-essentials.be
http://telenet.online-essentials.be
http://test2.jamanagement.api.online-essentials.be
http://test.efrikort.online-essentials.be
http://testloc.imadoco.smt.online-essentials.be
http://test-proxy.vra.online-essentials.be
http://testyourwebsite.online-essentials.be
http://theverge.com.sb6.online-essentials.be
http://tn.knoxville.online-essentials.be
http://tpe.pub.online-essentials.be
http://tupaja.online-essentials.be
http://ups-a11.npn.adx.tp2.online-essentials.be
http://verhuringenlinda.online-essentials.be
http://vms-a.celh.online-essentials.be
http://vmware-vc.biochem.unimelb.online-essentials.be
http://webmail.isq.online-essentials.be
http://websitereports.online-essentials.be
http://websvr01.koreahandson.sl.edst.online-essentials.be
http://wood.pellet.stove.online-essentials.be
http://www.2ar9.com.cdn.online-essentials.be
http://www.365-sarahrose.online-essentials.be
http://www.4zywioly.online-essentials.be
http://www.51369114.com.cdn.online-essentials.be
http://www.514071.fun.cdn.online-essentials.be
http://www.830927.online-essentials.be
http://www.aaheritage.online-essentials.be
http://www.addon-renovaties.online-essentials.be
http://www.ad.giobouw.online-essentials.be
http://www.admin.uat.streaming.online-essentials.be
http://www.alperguler.online-essentials.be
http://www.alpernlaw.com.cdn.online-essentials.be
http://www.alyxwolfe.co.uk.cdn.online-essentials.be
http://www.amoozesharabi.online-essentials.be
http://www.angeladoree.online-essentials.be
http://www.aoahjf.org.online-essentials.be
http://www.apac.hettrekpaard.online-essentials.be
http://www.arellanoyhernandez.online-essentials.be
http://www.asa2eqp.tw.cdn.online-essentials.be
http://www.asimboranyildirim.com.cdn.online-essentials.be
http://www.astelierdiners.online-essentials.be
http://www.autoclass-tula.online-essentials.be
http://www.baciodimoda.online-essentials.be
http://www.bestsonlinegames.online-essentials.be
http://www.bewise.online-essentials.be
http://www.bitbucketj-tronics.online-essentials.be
http://www.blokowanie.online-essentials.be
http://www.bruxelles-renouvelable.online-essentials.be
http://www.bsdfls1.lets.online-essentials.be
http://www.buensoftware.com.cdn.online-essentials.be
http://www.bulgibuli.online-essentials.be
http://www.businessrewards.online-essentials.be
http://www.cardocelasticstruct.online-essentials.be
http://www.cardoconstruct.online-essentials.be
http://www.cardoconstructrepository.online-essentials.be
http://www.careerboost.online-essentials.be
http://www.carfirewalloconstruct.online-essentials.be
http://www.ccmsm.online-essentials.be
http://www.ccsqa.online-essentials.be
http://www.cheapburberrycologne.online-essentials.be
http://www.cheapburberrytrenchcoat.online-essentials.be
http://www.chemsoc.ch.online-essentials.be
http://www.chinapackexpo.online-essentials.be
http://www.chocolates.online-essentials.be
http://www.ciibs.online-essentials.be
http://www.city3.online-essentials.be
http://www.cl46070x.online-essentials.be
http://www.cltserver.online-essentials.be
http://www.codingground1.online-essentials.be
http://www.concepts.org.uk.cdn.online-essentials.be
http://www.conservationcampaign.org.cdn.online-essentials.be
http://www.course.scm.online-essentials.be
http://www.cpwapp.online-essentials.be
http://www.creativeweb.online-essentials.be
http://www.csgubuk.online-essentials.be
http://www.cuponessi.com.cdn.online-essentials.be
http://www.current.dev.online-essentials.be
http://www.dbtestaug28com.online-essentials.be
http://www.deakiovi.online-essentials.be
http://www.dealersinwords.online-essentials.be
http://www.delem.online-essentials.be
http://www.dennismiller.online-essentials.be
http://www.development-liften.online-essentials.be
http://www.dj-tronicsip.online-essentials.be
http://www.dj-tronics.online-essentials.be
http://www.dlsvw.tw.cdn.online-essentials.be
http://www.d-mine.online-essentials.be
http://www.domino3.online-essentials.be
http://www.dominosbudapest.online-essentials.be
http://www.dwhslv72.online-essentials.be
http://www.earthamay.online-essentials.be
http://www.easyigfollowers.online-essentials.be
http://www.edwin2win.com.online-essentials.be
http://www.eligendi-id-eos-reiciendisblog.online-essentials.be
http://www.eoaxk.tw.cdn.online-essentials.be
http://www.exsvr.online-essentials.be
http://www.fbfanpages.online-essentials.be
http://www.filosoofia.online-essentials.be
http://www.forklifthirecranehiresalvokop.online-essentials.be
http://www.fortagolf.online-essentials.be
http://www.funmaza.com.online-essentials.be
http://www.funtuz.com.cdn.online-essentials.be
http://www.fzjan.cn.cdn.online-essentials.be
http://www.garderobacapsula.online-essentials.be
http://www.gear-hanger.online-essentials.be
http://www.gestionc.online-essentials.be
http://www.getpdfconverter.com.cdn.online-essentials.be
http://www.gffl.online-essentials.be
http://www.giobouw.accounting.online-essentials.be
http://www.giobouw.online-essentials.be
http://www.giobouw.shlaw.online-essentials.be
http://www.gkdeco.online-essentials.be
http://www.goodyear.accountonline.com.online-essentials.be
http://www.gwielek.online-essentials.be
http://www.gwielek-staff.online-essentials.be
http://www.happydayart.online-essentials.be
http://www.hariginibaumulut.online-essentials.be
http://www.hettrekpaard.online-essentials.be
http://www.hettrekpaarids.online-essentials.be
http://www.hf-liften.online-essentials.be
http://www.hijaberstutorial.online-essentials.be
http://www.hotmail-correo.com.online-essentials.be
http://www.house-engineer.net.cdn.online-essentials.be
http://www.icosym.online-essentials.be
http://www.ihcfmex.online-essentials.be
http://www.ingames-get.online-essentials.be
http://www.ingames.kube.online-essentials.be
http://www.ingames.online-essentials.be
http://www.ireward-fastbooking.online-essentials.be
http://www.kamilszulczyk.online-essentials.be
http://www.kangancity.online-essentials.be
http://www.khonggianthoinay.online-essentials.be
http://www.koris.online-essentials.be
http://www.labrandette.online-essentials.be
http://www.laen.online-essentials.be
http://www.lahoradeandalucia.online-essentials.be
http://www.laurieentommymx.online-essentials.be
http://www.laurieentommy.online-essentials.be
http://www.leeqd.tw.cdn.online-essentials.be
http://www.leipzig-psychotherapiepraxis.online-essentials.be
http://www.leonardocrespi.com.cdn.online-essentials.be
http://www.lgv30.online-essentials.be
http://www.lisca.online-essentials.be
http://www.madihaiqbalevents.online-essentials.be
http://www.maes-naaimachines.online-essentials.be
http://www.mahamayaexcellency.com.cdn.online-essentials.be
http://www.mail-cardoconstruct.online-essentials.be
http://www.manage.addon-renovaties.online-essentials.be
http://www.managestarbooks.online-essentials.be
http://www.manometry.online-essentials.be
http://www.markisen.online-essentials.be
http://www.matratzenaufmass.ch.cdn.online-essentials.be
http://www.mentarigroup.net.cdn.online-essentials.be
http://www.mietek.online-essentials.be
http://www.migration2.online-essentials.be
http://www.mistercertifiedinfo.online-essentials.be
http://www.mops.scm.online-essentials.be
http://www.mxs-starbooks.online-essentials.be
http://www.mydddesktop.online-essentials.be
http://www.myipadgames.online-essentials.be
http://www.nanakamado.online-essentials.be
http://www.nb.fredericton.online-essentials.be
http://www.neutroc0d3-com-ar.online-essentials.be
http://www.newmagento.online-essentials.be
http://www.nicodeco.online-essentials.be
http://www.noticiaviral.online-essentials.be
http://www.nycgw.online-essentials.be
http://www.online-essentials.be
http://www.onlinehealthconnection.connectionhealth.online-essentials.be
http://www.on-stage-apac.online-essentials.be
http://www.on-stage-expertise.online-essentials.be
http://www.optikatanja.online-essentials.be
http://www.ourlyfestyle.com.cdn.online-essentials.be
http://www.out4.online-essentials.be
http://www.pantheon-verhuringenlinda.online-essentials.be
http://www.passport-xrds-bravo-ny.online-essentials.be
http://www.phsearch.online-essentials.be
http://www.pirate101.online-essentials.be
http://www.playbackenterprise.co.uk.cdn.online-essentials.be
http://www.plomsone.com.cdn.online-essentials.be
http://www.polbudrol.online-essentials.be
http://www.pomoctomoc.online-essentials.be
http://www.prendre-la-parole-communication-verbale-orale.online-essentials.be
http://www.productions-cardoconstruct.online-essentials.be
http://www.puurlandelijk.online-essentials.be
http://www.puurlandelijk.vip.online-essentials.be
http://www.raq-at-sl.online-essentials.be
http://www.raspberryketones.online-essentials.be
http://www.realwushu.online-essentials.be
http://www.reikimusic.online-essentials.be
http://www.rescue3.online-essentials.be
http://www.reservas.scm.online-essentials.be
http://www.rickdoetdingen.online-essentials.be
http://www.rivar.online-essentials.be
http://www.sbtindia.online-essentials.be
http://www.senateursbta.online-essentials.be
http://www.shlaw.asana.online-essentials.be
http://www.shlawmta.online-essentials.be
http://www.shlaw.online-essentials.be
http://www.shnas.online-essentials.be
http://www.shooka202.online-essentials.be
http://www.singaporeairlines.online-essentials.be
http://www.smsmaja.com.cdn.online-essentials.be
http://www.sohho.online-essentials.be
http://www.spacey.online-essentials.be
http://www.spicevan.com.cdn.online-essentials.be
http://www.spnowykosciol.online-essentials.be
http://www.sslaccess.online-essentials.be
http://www.staging.oncomd.online-essentials.be
http://www.stampa3d.online-essentials.be
http://www.starbooks-documentation.online-essentials.be
http://www.starbooks.online-essentials.be
http://www.stjohn-lcms.online-essentials.be
http://www.sunbelt.preview.devsrvr.online-essentials.be
http://www.surveys.psychol.online-essentials.be
http://www.sydneylightrail.transport.online-essentials.be
http://www.tanoda.online-essentials.be
http://www.thaivariety.online-essentials.be
http://www.thecmc.online-essentials.be
http://www.tjjh.online-essentials.be
http://www.topnotchfakeids.com.cdn.online-essentials.be
http://www.towncountry.online-essentials.be
http://www.troublecreative.online-essentials.be
http://www.ts-50.online-essentials.be
http://www.tube-xxx.online-essentials.be
http://www.tupaja.online-essentials.be
http://www.tupaja-uat.online-essentials.be
http://www.u1285.online-essentials.be
http://www.udmedia.online-essentials.be
http://www.ughost.net.cdn.online-essentials.be
http://www.unisign.online-essentials.be
http://www.upstorepremium.online-essentials.be
http://www.v2.hettrekpaard.online-essentials.be
http://www.verhuringenlinda.online-essentials.be
http://www.verhuringenlinda.uat.online-essentials.be
http://www.videosxxxincestos.online-essentials.be
http://www.vieharzt.online-essentials.be
http://www.vmi18336.online-essentials.be
http://www.vps137816.online-essentials.be
http://www.vps608.online-essentials.be
http://www.wap.claro-ni.st.ni.pmovil.net.online-essentials.be
http://www.weathertypography.online-essentials.be
http://www.websitereports.dj-tronics.online-essentials.be
http://www.we.host.online-essentials.be
http://www.woodies.online-essentials.be
http://www.yarnbee.online-essentials.be
http://www.ykladka.online-essentials.be
http://www.yourfinancialadvisor.online-essentials.be
http://www.yq7v6jb.tw.cdn.online-essentials.be
http://www.zenluxuryliving.com.cdn.online-essentials.be
http://www.zmbs.wpsnz.online-essentials.be
http://xmpp.mam-hipchat.online-essentials.be
http://yvp.yvpypyvp.yvpyp.online-essentials.be
http://zimbra.online-essentials.be
http://zmail.online-essentials.be
