http://api.dev.pact.fi
http://api.marika.pact.fi
http://api.pact.fi
http://api.staging.pact.fi
http://api.testnet.pact.fi
http://app.pact.fi
http://assets.pact.fi
http://betanet-algorand.pact.fi
http://dev.pact.fi
http://docs.pact.fi
http://docs.pact.fi:2082
http://docs.pact.fi:2086
http://docs.pact.fi:8080
http://docs.pact.fi:8880
http://mainnet-algorand.pact.fi
http://marika.pact.fi
http://pact.fi
https://api.dev.pact.fi
https://api.marika.pact.fi
https://api.pact.fi
https://api.staging.pact.fi
https://api.testnet.pact.fi
https://app.pact.fi
https://assets.pact.fi
https://betanet-algorand.pact.fi
https://dev.pact.fi
https://docs.pact.fi
https://docs.pact.fi:2083
https://docs.pact.fi:2087
https://docs.pact.fi:8443
https://mainnet-algorand.pact.fi
https://marika.pact.fi
https://pact.fi
https://staging.pact.fi
http://staging.pact.fi
https://testnet-algorand.pact.fi
https://testnet.pact.fi
https://www.pact.fi
http://testnet-algorand.pact.fi
http://testnet.pact.fi
http://www.pact.fi
