http://api.peri.finance
http://calendar.peri.finance
http://dex.peri.finance
http://docs.peri.finance
http://docs.peri.finance:2082
http://docs.peri.finance:2086
http://docs.peri.finance:8080
http://docs.peri.finance:8880
http://drive.peri.finance
http://gmail.peri.finance
http://peri.finance
https://api.peri.finance
https://dex.peri.finance
https://docs.peri.finance
https://docs.peri.finance:2053
https://docs.peri.finance:2083
https://docs.peri.finance:2087
https://docs.peri.finance:8443
https://peri.finance
https://staking.peri.finance
http://staking.peri.finance
