http://ablink.community.pixabay.com
http://cdn.pixabay.com
http://goodies.pixabay.com
http://pixabay.com
http://pixabay.com:2052
http://pixabay.com:2082
http://pixabay.com:2086
http://pixabay.com:8080
http://pixabay.com:8880
https://ablink.community.pixabay.com
http://safesearch.pixabay.com
https://cdn.pixabay.com
https://goodies.pixabay.com
https://pixabay.com
https://pixabay.com:2083
https://pixabay.com:2087
https://pixabay.com:2096
https://pixabay.com:8443
https://safesearch.pixabay.com
https://www.pixabay.com
http://www.pixabay.com
