http://pollyfinance.com
http://pollyfinance.com:2082
http://pollyfinance.com:2083
http://pollyfinance.com:2086
http://pollyfinance.com:2087
http://pollyfinance.com:8080
http://pollyfinance.com:8880
https://pollyfinance.com
https://staging.pollyfinance.com
http://staging.pollyfinance.com
http://staging.pollyfinance.com:2082
http://staging.pollyfinance.com:2083
http://staging.pollyfinance.com:2086
http://staging.pollyfinance.com:2087
http://staging.pollyfinance.com:8080
http://staging.pollyfinance.com:8880
https://www.pollyfinance.com
http://www.pollyfinance.com
http://www.pollyfinance.com:2052
http://www.pollyfinance.com:2082
http://www.pollyfinance.com:2083
http://www.pollyfinance.com:2086
http://www.pollyfinance.com:2087
http://www.pollyfinance.com:2096
http://www.pollyfinance.com:8080
http://www.pollyfinance.com:8443
http://www.pollyfinance.com:8880
