http://academy.polygon.technology
http://academy.polygon.technology:2082
http://academy.polygon.technology:2086
http://academy.polygon.technology:8080
http://academy.polygon.technology:8880
http://analytics-dashboard.polygon.technology
http://analytics-dashboard.polygon.technology:2082
http://analytics-dashboard.polygon.technology:2083
http://analytics-dashboard.polygon.technology:2086
http://analytics-dashboard.polygon.technology:2087
http://analytics-dashboard.polygon.technology:2096
http://analytics-dashboard.polygon.technology:8080
http://analytics-dashboard.polygon.technology:8443
http://analytics-dashboard.polygon.technology:8880
http://analytics.polygon.technology
http://api-polygon-tokens.polygon.technology
http://backend.polygon.technology
http://blog.polygon.technology
http://blog.polygon.technology:2052
http://blog.polygon.technology:2082
http://blog.polygon.technology:2083
http://blog.polygon.technology:2086
http://blog.polygon.technology:2087
http://blog.polygon.technology:2096
http://blog.polygon.technology:8080
http://blog.polygon.technology:8443
http://blog.polygon.technology:8880
http://bridge-explorer.polygon.technology
http://bridge-explorer.polygon.technology:2082
http://bridge-explorer.polygon.technology:2083
http://bridge-explorer.polygon.technology:2086
http://bridge-explorer.polygon.technology:2087
http://bridge-explorer.polygon.technology:2096
http://bridge-explorer.polygon.technology:8080
http://bridge-explorer.polygon.technology:8443
http://bridge-explorer.polygon.technology:8880
http://bridge-explorer-staging.polygon.technology
http://bridge-explorer-staging.polygon.technology:2082
http://bridge-explorer-staging.polygon.technology:2083
http://bridge-explorer-staging.polygon.technology:2086
http://bridge-explorer-staging.polygon.technology:2087
http://bridge-explorer-staging.polygon.technology:2096
http://bridge-explorer-staging.polygon.technology:8080
http://bridge-explorer-staging.polygon.technology:8443
http://bridge-explorer-staging.polygon.technology:8880
http://buidlit.polygon.technology
http://burn-api.polygon.technology
http://burn-api.polygon.technology:2052
http://burn-api.polygon.technology:2053
http://burn-api.polygon.technology:2082
http://burn-api.polygon.technology:2083
http://burn-api.polygon.technology:2086
http://burn-api.polygon.technology:2087
http://burn-api.polygon.technology:2096
http://burn-api.polygon.technology:8080
http://burn-api.polygon.technology:8443
http://burn-api.polygon.technology:8880
http://burn.polygon.technology
http://burn.polygon.technology:2052
http://burn.polygon.technology:2053
http://burn.polygon.technology:2082
http://burn.polygon.technology:2083
http://burn.polygon.technology:2086
http://burn.polygon.technology:2087
http://burn.polygon.technology:2096
http://burn.polygon.technology:8080
http://burn.polygon.technology:8443
http://burn.polygon.technology:8880
http://burn-test-api.polygon.technology
http://burn-test-api.polygon.technology:2082
http://burn-test-api.polygon.technology:2083
http://burn-test-api.polygon.technology:2086
http://burn-test-api.polygon.technology:2087
http://burn-test-api.polygon.technology:2096
http://burn-test-api.polygon.technology:8080
http://burn-test-api.polygon.technology:8443
http://burn-test-api.polygon.technology:8880
http://developersupport.polygon.technology
http://developersupport.polygon.technology:2082
http://developersupport.polygon.technology:2083
http://developersupport.polygon.technology:2086
http://developersupport.polygon.technology:2087
http://developersupport.polygon.technology:2096
http://developersupport.polygon.technology:8080
http://developersupport.polygon.technology:8443
http://developersupport.polygon.technology:8880
http://devnet-avail.polygon.technology
http://devnet-avail.polygon.technology:2052
http://devnet-avail.polygon.technology:2053
http://devnet-avail.polygon.technology:2082
http://devnet-avail.polygon.technology:2083
http://devnet-avail.polygon.technology:2086
http://devnet-avail.polygon.technology:2087
http://devnet-avail.polygon.technology:2096
http://devnet-avail.polygon.technology:8080
http://devnet-avail.polygon.technology:8443
http://devnet-avail.polygon.technology:8880
http://docs.polygon.technology
http://docs.polygon.technology:2082
http://docs.polygon.technology:2083
http://docs.polygon.technology:2086
http://docs.polygon.technology:2087
http://docs.polygon.technology:2096
http://docs.polygon.technology:8080
http://docs.polygon.technology:8443
http://docs.polygon.technology:8880
http://drops.polygon.technology
http://drops.polygon.technology:2082
http://drops.polygon.technology:2083
http://drops.polygon.technology:2086
http://drops.polygon.technology:2087
http://drops.polygon.technology:2096
http://drops.polygon.technology:8080
http://drops.polygon.technology:8443
http://drops.polygon.technology:8880
http://ecosystemjobs.polygon.technology
http://ecosystemjobs.polygon.technology:2082
http://ecosystemjobs.polygon.technology:2086
http://ecosystemjobs.polygon.technology:8080
http://ecosystemjobs.polygon.technology:8880
http://edge-docs.polygon.technology
http://edge-docs.polygon.technology:2082
http://edge-docs.polygon.technology:2086
http://edge-docs.polygon.technology:8080
http://edge-docs.polygon.technology:8880
http://explorer-edgenet.polygon.technology
http://explorer-edgenet.polygon.technology:2082
http://explorer-edgenet.polygon.technology:2083
http://explorer-edgenet.polygon.technology:2086
http://explorer-edgenet.polygon.technology:2096
http://explorer-edgenet.polygon.technology:8080
http://explorer-edgenet.polygon.technology:8443
http://explorer-edgenet.polygon.technology:8880
http://explorer-supertestnet.polygon.technology
http://faucet.polygon.technology
http://faucet-supertestnet.polygon.technology
http://faucet-supertestnet.polygon.technology:2082
http://faucet-supertestnet.polygon.technology:2083
http://faucet-supertestnet.polygon.technology:2086
http://faucet-supertestnet.polygon.technology:2087
http://faucet-supertestnet.polygon.technology:2096
http://faucet-supertestnet.polygon.technology:8080
http://faucet-supertestnet.polygon.technology:8443
http://faucet-supertestnet.polygon.technology:8880
http://finity.polygon.technology
http://forum.polygon.technology
http://help.polygon.technology
http://internal-dash.polygon.technology
http://internal-dash.polygon.technology:2082
http://internal-dash.polygon.technology:2086
http://internal-dash.polygon.technology:8080
http://internal-dash.polygon.technology:8880
http://mapper.polygon.technology
http://mapper.polygon.technology:2082
http://mapper.polygon.technology:2083
http://mapper.polygon.technology:2086
http://mapper.polygon.technology:2087
http://mapper.polygon.technology:2096
http://mapper.polygon.technology:8080
http://mapper.polygon.technology:8443
http://mapper.polygon.technology:8880
http://open-api-staging.polygon.technology
http://polygon.technology
http://polygon.technology:2082
http://polygon.technology:2083
http://polygon.technology:2086
http://polygon.technology:2087
http://polygon.technology:2096
http://polygon.technology:8080
http://polygon.technology:8443
http://polygon.technology:8880
http://polyscore.polygon.technology
http://polyscore.polygon.technology:2082
http://polyscore.polygon.technology:2083
http://polyscore.polygon.technology:2086
http://polyscore.polygon.technology:2087
http://polyscore.polygon.technology:8080
http://polyscore.polygon.technology:8443
http://polyscore.polygon.technology:8880
https://academy.polygon.technology
https://academy.polygon.technology:2083
https://academy.polygon.technology:2087
https://academy.polygon.technology:8443
https://analytics-dashboard.polygon.technology
https://analytics.polygon.technology
https://api-polygon-tokens.polygon.technology
https://backend.polygon.technology
https://blog.polygon.technology
https://blog.polygon.technology:2053
https://bridge-explorer.polygon.technology
https://bridge-explorer-staging.polygon.technology
https://buidlit.polygon.technology
https://burn-api.polygon.technology
https://burn.polygon.technology
https://burn-test-api.polygon.technology
https://community.polygon.technology
https://developersupport.polygon.technology
https://devnet-avail.polygon.technology
http://sdk-docs.polygon.technology
http://sdk-docs.polygon.technology:2052
http://sdk-docs.polygon.technology:2082
http://sdk-docs.polygon.technology:2086
http://sdk-docs.polygon.technology:8080
http://sdk-docs.polygon.technology:8880
https://docs.polygon.technology
https://drops.polygon.technology
https://ecosystemjobs.polygon.technology
https://ecosystemjobs.polygon.technology:2083
https://ecosystemjobs.polygon.technology:2087
https://ecosystemjobs.polygon.technology:2096
https://ecosystemjobs.polygon.technology:8443
https://edge-docs.polygon.technology
https://edge-docs.polygon.technology:2083
https://edge-docs.polygon.technology:2087
https://edge-docs.polygon.technology:2096
https://edge-docs.polygon.technology:8443
https://explorer-edgenet.polygon.technology
https://explorer-edgenet.polygon.technology:2087
https://explorer-supertestnet.polygon.technology
https://faucet.polygon.technology
https://faucet-supertestnet.polygon.technology
https://finity.polygon.technology
https://forum.polygon.technology
https://help.polygon.technology
https://internal-dash.polygon.technology
https://internal-dash.polygon.technology:2083
https://internal-dash.polygon.technology:2087
https://internal-dash.polygon.technology:2096
https://internal-dash.polygon.technology:8443
https://mapper.polygon.technology
https://open-api-staging.polygon.technology
https://polygon.technology
https://polyscore.polygon.technology
https://polyscore.polygon.technology:2096
https://sdk-docs.polygon.technology
https://sdk-docs.polygon.technology:2053
https://sdk-docs.polygon.technology:2083
https://sdk-docs.polygon.technology:2087
https://sdk-docs.polygon.technology:2096
https://sdk-docs.polygon.technology:8443
https://status-staging.polygon.technology
https://support.polygon.technology
http://status-staging.polygon.technology
http://support.polygon.technology
https://wagmijobs.polygon.technology
https://wallet-api-dev.polygon.technology
https://wallet-api.polygon.technology
https://wallet-api.polygon.technology:2087
https://wallet-dev.polygon.technology
https://wallet.polygon.technology
https://wallet-staging.polygon.technology
https://withdraw.polygon.technology
https://www.community.polygon.technology
https://www.polygon.technology
https://www.polygon.technology:2053
https://www.polygon.technology:2083
https://www.polygon.technology:2087
https://www.polygon.technology:2096
https://www.polygon.technology:8443
http://wagmijobs.polygon.technology
http://wallet-api-dev.polygon.technology
http://wallet-api-dev.polygon.technology:2052
http://wallet-api-dev.polygon.technology:2053
http://wallet-api-dev.polygon.technology:2082
http://wallet-api-dev.polygon.technology:2083
http://wallet-api-dev.polygon.technology:2086
http://wallet-api-dev.polygon.technology:2087
http://wallet-api-dev.polygon.technology:2096
http://wallet-api-dev.polygon.technology:8080
http://wallet-api-dev.polygon.technology:8443
http://wallet-api-dev.polygon.technology:8880
http://wallet-api.polygon.technology
http://wallet-api.polygon.technology:2052
http://wallet-api.polygon.technology:2053
http://wallet-api.polygon.technology:2082
http://wallet-api.polygon.technology:2083
http://wallet-api.polygon.technology:2086
http://wallet-api.polygon.technology:2096
http://wallet-api.polygon.technology:8080
http://wallet-api.polygon.technology:8443
http://wallet-api.polygon.technology:8880
http://wallet-dev.polygon.technology
http://wallet-dev.polygon.technology:2082
http://wallet-dev.polygon.technology:2083
http://wallet-dev.polygon.technology:2086
http://wallet-dev.polygon.technology:2087
http://wallet-dev.polygon.technology:2096
http://wallet-dev.polygon.technology:8080
http://wallet-dev.polygon.technology:8443
http://wallet-dev.polygon.technology:8880
http://wallet.polygon.technology
http://wallet.polygon.technology:2082
http://wallet.polygon.technology:2083
http://wallet.polygon.technology:2086
http://wallet.polygon.technology:2087
http://wallet.polygon.technology:2096
http://wallet.polygon.technology:8080
http://wallet.polygon.technology:8443
http://wallet.polygon.technology:8880
http://wallet-staging.polygon.technology
http://wallet-staging.polygon.technology:2052
http://wallet-staging.polygon.technology:2053
http://wallet-staging.polygon.technology:2082
http://wallet-staging.polygon.technology:2083
http://wallet-staging.polygon.technology:2086
http://wallet-staging.polygon.technology:2087
http://wallet-staging.polygon.technology:2096
http://wallet-staging.polygon.technology:8080
http://wallet-staging.polygon.technology:8443
http://wallet-staging.polygon.technology:8880
http://withdraw.polygon.technology
http://withdraw.polygon.technology:2052
http://withdraw.polygon.technology:2053
http://withdraw.polygon.technology:2082
http://withdraw.polygon.technology:2083
http://withdraw.polygon.technology:2086
http://withdraw.polygon.technology:2087
http://withdraw.polygon.technology:2096
http://withdraw.polygon.technology:8080
http://withdraw.polygon.technology:8443
http://withdraw.polygon.technology:8880
http://www.polygon.technology
http://www.polygon.technology:2052
http://www.polygon.technology:2082
http://www.polygon.technology:2086
http://www.polygon.technology:8080
http://www.polygon.technology:8880
