http://algorand-node-1.ptokens.io
http://algorand-node-1.ptokens.io:8080
http://bridge2.ptokens.io
http://btc-node-1.ptokens.io
http://btc-node-3.ptokens.io:8080
http://btc-node-4.ptokens.io
http://btc-node-4.ptokens.io:8080
http://chart.ptokens.io
http://chart.ptokens.io:2082
http://chart.ptokens.io:2086
http://chart.ptokens.io:2095
http://chart.ptokens.io:8080
http://chart.ptokens.io:8880
http://corsproxy.ptokens.io
http://corsproxy.ptokens.io:2082
http://corsproxy.ptokens.io:2086
http://corsproxy.ptokens.io:2095
http://corsproxy.ptokens.io:8880
http://dao--stake-proxy.ptokens.io
http://dao--stake-proxy.ptokens.io:3030
http://dapp2.ptokens.io
http://dapp3.ptokens.io
http://dapp3.ptokens.io:2082
http://dapp3.ptokens.io:2086
http://dapp3.ptokens.io:8080
http://dapp3.ptokens.io:8880
http://dapp-legacy.ptokens.io
http://dapp.ptokens.io
http://eidoo--sendtx-dynlink.ptokens.io
http://eidoo--sendtx-dynlink.ptokens.io:3030
http://eos-mainnet-4.ptokens.io
http://eos-mainnet-5.ptokens.io
http://eos-mainnet-6.ptokens.io
http://eos-mainnet-6.ptokens.io:8888
http://eos-mainnet-7.ptokens.io
http://eos-mainnet-7.ptokens.io:3001
http://eos-mainnet-7.ptokens.io:8080
http://eos-mainnet-7.ptokens.io:8888
http://eos-mainnet-8.ptokens.io
http://extra.ptokens.io
http://future2.ptokens.io
http://ipfs.ptokens.io
http://ipfs.ptokens.io:3001
http://libre-node-1.ptokens.io
http://libre-node-1.ptokens.io:3001
http://libre-node-1.ptokens.io:4242
http://libre-node-1.ptokens.io:8080
http://libre-node-1.ptokens.io:8888
http://liquid-node-1.ptokens.io
http://ltc-node-1.ptokens.io
http://ltc-node-1.ptokens.io:3001
http://ltc-node-2.ptokens.io
http://ltc-node-2.ptokens.io:3001
http://ltc-testnet-node-1.ptokens.io
http://nuc-bridge-1.ptokens.io
http://nuc-bridge.ptokens.io
http://ore-node-1.ptokens.io
http://ore-node-1.ptokens.io:3001
http://ore-node-1.ptokens.io:4242
http://ore-node-1.ptokens.io:8080
http://ore-node-1.ptokens.io:8888
http://pbtc-on-eos-jungle-3.ptokens.io
http://pbtc-on-eos-jungle-3.ptokens.io:8888
http://pbtc-on-eth-kovan-node-1a.ptokens.io
http://pbtc-on-eth-kovan-node-1a.ptokens.io:2082
http://pbtc-on-eth-kovan-node-1a.ptokens.io:2086
http://pbtc-on-eth-kovan-node-1a.ptokens.io:8080
http://pbtc-on-eth-kovan-node-1a.ptokens.io:8880
http://pbtc-on-eth--pegout-proxy.ptokens.io
http://pbtc-on-eth--pegout-proxy.ptokens.io:3030
http://phoenix-node-1.ptokens.io:8000
http://ptokens.io
http://ptokens.io:2082
http://ptokens.io:2086
http://ptokens.io:2095
http://ptokens.io:8880
https://algorand-node-1.ptokens.io
https://algorand-node-1.ptokens.io:4443
https://btc-node-3.ptokens.io
https://btc-node-4.ptokens.io
https://chart.ptokens.io:2053
https://chart.ptokens.io:2087
https://chart.ptokens.io:8443
https://corsproxy.ptokens.io
https://corsproxy.ptokens.io:2083
https://corsproxy.ptokens.io:2087
https://corsproxy.ptokens.io:8443
https://dao--stake-proxy.ptokens.io
https://dapp2.ptokens.io
https://dapp3.ptokens.io
https://dapp3.ptokens.io:2083
https://dapp3.ptokens.io:2087
https://dapp-legacy.ptokens.io
https://dapp.ptokens.io
https://eidoo--sendtx-dynlink.ptokens.io
https://eos-mainnet-1.ptokens.io:3000
https://eos-mainnet-4.ptokens.io:3000
https://eos-mainnet-5.ptokens.io:3000
https://eos-mainnet-6.ptokens.io
https://eos-mainnet-6.ptokens.io:3000
https://eos-mainnet-7.ptokens.io
https://eos-mainnet-7.ptokens.io:3000
https://eos-mainnet-8.ptokens.io:3000
https://extra.ptokens.io
https://future2.ptokens.io
https://ipfs.ptokens.io
https://libre-node-1.ptokens.io
https://libre-node-1.ptokens.io:3000
https://liquid-node-1.ptokens.io
https://ltc-node-1.ptokens.io
https://ltc-node-2.ptokens.io
https://nuc-bridge-1.ptokens.io
https://nuc-bridge.ptokens.io
https://ore-node-1.ptokens.io
https://pbtc-on-eos-jungle-3.ptokens.io
https://pbtc-on-eos-jungle-3.ptokens.io:3000
https://pbtc-on-eth-kovan-node-1a.ptokens.io
https://pbtc-on-eth-kovan-node-1a.ptokens.io:2083
https://pbtc-on-eth-kovan-node-1a.ptokens.io:2087
https://pbtc-on-eth--pegout-proxy.ptokens.io
https://ptokens.io
https://ptokens.io:2083
https://ptokens.io:2087
https://ptokens.io:8443
https://status.ptokens.io
http://status.ptokens.io
https://telos-mainnet-1-new.ptokens.io:3000
https://telos-mainnet-1.ptokens.io
https://telos-mainnet-1.ptokens.io:3000
https://test.ptokens.io
https://webapi.ptokens.io
https://www.dapp.ptokens.io
https://www.ptokens.io
http://telos-mainnet-1-new.ptokens.io
http://telos-mainnet-1-new.ptokens.io:4242
http://telos-mainnet-1-new.ptokens.io:8080
http://telos-mainnet-1-new.ptokens.io:8888
http://telos-mainnet-1.ptokens.io
http://telos-mainnet-1.ptokens.io:8080
http://telos-mainnet-1.ptokens.io:8888
http://test.ptokens.io
http://webapi.ptokens.io
http://www.bridge.ptokens.io
http://www.dapp.ptokens.io
http://www.ptokens.io
http://www.ptokens.io:2083
http://www.ptokens.io:2087
http://www.ptokens.io:8443
http://www.test.ptokens.io
http://www.test.ptokens.io:2083
http://www.test.ptokens.io:2087
http://www.test.ptokens.io:8443
