http://docs.raydex.org
http://docs.raydex.org:2082
http://docs.raydex.org:2083
http://docs.raydex.org:2086
http://docs.raydex.org:2087
http://docs.raydex.org:2095
http://docs.raydex.org:8080
http://docs.raydex.org:8443
http://docs.raydex.org:8880
http://raydex.org
http://raydex.org:2083
http://raydex.org:2087
http://raydex.org:8443
https://docs.raydex.org
https://raydex.org
https://testnet.raydex.org
https://www.raydex.org
http://testnet.raydex.org
http://testnet.raydex.org:2083
http://testnet.raydex.org:2087
http://testnet.raydex.org:8443
http://www.raydex.org
http://www.testnet.raydex.org
http://www.testnet.raydex.org:2083
http://www.testnet.raydex.org:2087
http://www.testnet.raydex.org:8443
