http://asterix.reckostaging.com
http://asterix.reckostaging.com:2082
http://asterix.reckostaging.com:8080
http://asterix.reckostaging.com:8880
http://dev.reckostaging.com
http://dev.reckostaging.com:2082
http://dev.reckostaging.com:8080
http://dev.reckostaging.com:8880
http://maveth.reckostaging.com
http://maveth.reckostaging.com:2082
http://maveth.reckostaging.com:8080
http://maveth.reckostaging.com:8880
http://perf-saturn.reckostaging.com
http://perf-saturn.reckostaging.com:2082
http://perf-saturn.reckostaging.com:8080
http://perf-saturn.reckostaging.com:8880
https://asterix.reckostaging.com
https://asterix.reckostaging.com:2053
https://asterix.reckostaging.com:2083
https://asterix.reckostaging.com:2087
https://asterix.reckostaging.com:8443
https://dev.reckostaging.com
https://dev.reckostaging.com:2053
https://dev.reckostaging.com:2083
https://dev.reckostaging.com:2087
https://dev.reckostaging.com:8443
https://maveth.reckostaging.com
https://maveth.reckostaging.com:2053
https://maveth.reckostaging.com:2083
https://maveth.reckostaging.com:2087
https://maveth.reckostaging.com:8443
https://perf-saturn.reckostaging.com
https://perf-saturn.reckostaging.com:2053
https://perf-saturn.reckostaging.com:2083
https://perf-saturn.reckostaging.com:2087
https://perf-saturn.reckostaging.com:8443
https://titan.reckostaging.com
https://titan.reckostaging.com:2053
https://titan.reckostaging.com:2083
https://titan.reckostaging.com:2087
https://titan.reckostaging.com:8443
http://titan.reckostaging.com
http://titan.reckostaging.com:2082
http://titan.reckostaging.com:8080
http://titan.reckostaging.com:8880
