http://007huangjiaduchanglideshouji.recko.io
http://08aoyunhuinanlanjuesai.recko.io
http://0ei-u04ef12fe-c233-s1507605861-i95143f0d.ame.recko.io
http://0es-u8379b1ad-c233-s1507203709-i95143f0d.ame.recko.io
http://0-www.nber.org.dewey2.library.recko.io
http://0-www.osapublishing.org.carlson.recko.io
http://101201.recko.io
http://10124.recko.io
http://10147.recko.io
http://10387.recko.io
http://1039.recko.io
http://10-45.recko.io
http://107-18.recko.io
http://10776.recko.io
http://109-187.recko.io
http://109-200.recko.io
http://115599.recko.io
http://11b2a.recko.io
http://127-156.recko.io
http://152net178.recko.io
http://181-148.recko.io
http://19833.recko.io
http://1b416.recko.io
http://207-21.recko.io
http://241b8jj43n9p8144215.recko.io
http://27892.recko.io
http://29-113.recko.io
http://29196.recko.io
http://29e63.recko.io
http://2f56a.recko.io
http://329070.recko.io
http://37dff.recko.io
http://3a10c.recko.io
http://3uyulechengdubo.recko.io
http://3uyulechengguize.recko.io
http://4-228.recko.io
http://4a666.recko.io
http://4haozuqiu.recko.io
http://5081b.recko.io
http://57386.recko.io
http://5a0e2.recko.io
http://8249.recko.io
http://84735.recko.io
http://86771.recko.io
http://acko.recko.io
http://adityabirla.recko.io
http://adsl-198.recko.io
http://afccvhr1.recko.io
http://anmoltest.recko.io
http://apanywhere.recko.io
http://apollo.recko.io
http://appsecure1.recko.io
http://appsecure2.recko.io
http://artifactory.infra.recko.io
http://asesores.recko.io
http://bb.recko.io
http://bet365xiazaihaoman.recko.io
http://betvip9.recko.io
http://bharatpe.recko.io
http://blog.recko.io
http://blog.recko.io:2083
http://blog.recko.io:2087
http://blog.recko.io:2096
http://bolexianshangyulechengruhekaihu.recko.io
http://borde2.recko.io
http://borde3.recko.io
http://borde.recko.io
http://bounce.recko.io
http://caipiaohemaifanjianglv.recko.io
http://checkpoint2.recko.io
http://cr001.recko.io
http://cred.recko.io
http://ctm0.recko.io
http://cultfit.recko.io
http://curefit.recko.io
http://customers.recko.io
http://d2cd.recko.io
http://dcb1.recko.io
http://dcb.recko.io
http://demo1.recko.io
http://demo.recko.io
http://design.recko.io
http://deyiqipaidgc56.recko.io
http://dhcp115-96.recko.io
http://dhcp-236-235.recko.io
http://dhcp78-191.recko.io
http://dhcp-vl203-2-85.recko.io
http://dinakaranj.recko.io
http://domo1.recko.io
http://dongguanqiaotoudongfangyulecheng.recko.io
http://doublea.recko.io
http://dpi.recko.io
http://dragonstone1.recko.io
http://dragonstone.recko.io
http://dream111.recko.io
http://dream11.recko.io
http://drivezy.recko.io
http://drogon.recko.io
http://dunzo1.recko.io
http://dunzo.recko.io
http://dupont.recko.io
http://eccentricity.recko.io
http://eduroam-205-211.recko.io
http://efaturatest.recko.io
http://elk-es-node1.recko.io
http://elk-es-node2.recko.io
http://elk.recko.io
http://expece.recko.io
http://fampay.recko.io
http://flt.recko.io
http://fossil.recko.io
http://freshmenu1.recko.io
http://freshmenu.recko.io
http://furlenco.recko.io
http://geotix1.recko.io
http://geotix.recko.io
http://glowroad.recko.io
http://golfdag.recko.io
http://grafana.recko.io
http://grofers1.recko.io
http://grofers.recko.io
http://groww.recko.io
http://gunshop.recko.io
http://hamzeh.recko.io
http://hebeiticaizhongxin.recko.io
http://highgarden.recko.io
http://hopscotch.recko.io
http://host-34-245.recko.io
http://ibv59173.recko.io
http://in-fampay.recko.io
http://in-fampay.recko.io:2082
http://in-fampay.recko.io:2086
http://in-fampay.recko.io:8080
http://in-fampay.recko.io:8880
http://infra.recko.io
http://internal-vpn.recko.io
http://internal-vpn.recko.io:2082
http://internal-vpn.recko.io:2086
http://internal-vpn.recko.io:8080
http://internal-vpn.recko.io:8880
http://itilite.recko.io
http://jenkins2.recko.io
http://jenkins.infra.recko.io
http://jenkins.recko.io
http://jenkins-stage.recko.io
http://jernest1.recko.io
http://jmay.recko.io
http://joker.recko.io
http://keratsini.recko.io
http://khatabook.recko.io
http://khsraysvehhet.recko.io
http://kingslanding.recko.io
http://kreativekaran.recko.io
http://kuecheninsel.recko.io
http://kundeportal.recko.io
http://lan21-187.recko.io
http://lansdowne.recko.io
http://laohujizenmexiaofen.recko.io
http://lassi.recko.io
http://leda.recko.io
http://liboyazhouyulechengzhenqianbaijiale.recko.io
http://licious1.recko.io
http://licious.recko.io
http://lpe28-170-sec.recko.io
http://mapm.recko.io
http://medpro-pn9b.recko.io
http://meesho1.recko.io
http://milaap.recko.io
http://ml175.recko.io
http://monit.recko.io
http://myntra1.recko.io
http://myntrademo.recko.io
http://myntra.recko.io
http://myntraseller.recko.io
http://myselectbank.recko.io
http://nginx.recko.io
http://nightsong.recko.io
http://noon1.recko.io
http://noon.recko.io
http://odemyopc-247-225.recko.io
http://officedepotuat.recko.io
http://okay.recko.io
http://ola.recko.io
http://onboarding2.recko.io
http://onboarding.recko.io
http://pc-002.recko.io
http://pc7-176.recko.io
http://pci.recko.io
http://performance.recko.io
http://pharmeasy.recko.io
http://plino.recko.io
http://psyco.recko.io
http://qixingcai13078qi808changju.recko.io
http://qq92hu.recko.io
http://r201.recko.io
http://rapido1.recko.io
http://rapido.recko.io
http://rchaminade.recko.io
http://recko.io
http://revivapro.recko.io
http://rocketkommerce.recko.io
http://ruthcarter.recko.io
https://007huangjiaduchanglideshouji.recko.io
https://08aoyunhuinanlanjuesai.recko.io
https://0ei-u04ef12fe-c233-s1507605861-i95143f0d.ame.recko.io
https://0es-u8379b1ad-c233-s1507203709-i95143f0d.ame.recko.io
https://0-www.nber.org.dewey2.library.recko.io
https://0-www.osapublishing.org.carlson.recko.io
https://101201.recko.io
https://10124.recko.io
https://10147.recko.io
https://10387.recko.io
https://1039.recko.io
https://10-45.recko.io
https://107-18.recko.io
https://10776.recko.io
https://109-187.recko.io
https://109-200.recko.io
https://115599.recko.io
https://11b2a.recko.io
https://127-156.recko.io
https://152net178.recko.io
https://181-148.recko.io
https://19833.recko.io
https://1b416.recko.io
https://207-21.recko.io
https://241b8jj43n9p8144215.recko.io
https://27892.recko.io
https://29-113.recko.io
https://29196.recko.io
https://29e63.recko.io
https://2f56a.recko.io
https://329070.recko.io
https://37dff.recko.io
https://3a10c.recko.io
https://3uyulechengdubo.recko.io
https://3uyulechengguize.recko.io
https://4-228.recko.io
https://4a666.recko.io
https://4haozuqiu.recko.io
https://5081b.recko.io
https://57386.recko.io
https://5a0e2.recko.io
https://8249.recko.io
https://84735.recko.io
https://86771.recko.io
https://acko.recko.io
https://adityabirla.recko.io
https://adsl-198.recko.io
https://afccvhr1.recko.io
https://anmoltest.recko.io
https://apanywhere.recko.io
https://apollo.recko.io
https://appsecure1.recko.io
https://appsecure2.recko.io
https://artifactory.infra.recko.io
https://asesores.recko.io
http://saurya.recko.io
https://bb.recko.io
https://bet365xiazaihaoman.recko.io
https://betvip9.recko.io
https://bharatpe.recko.io
https://blog.recko.io
https://bolexianshangyulechengruhekaihu.recko.io
https://borde2.recko.io
https://borde3.recko.io
https://borde.recko.io
https://bounce.recko.io
https://caipiaohemaifanjianglv.recko.io
https://checkpoint2.recko.io
https://cr001.recko.io
https://cred.recko.io
https://ctm0.recko.io
https://cultfit.recko.io
https://curefit.recko.io
https://customers.recko.io
https://d2cd.recko.io
https://dcb1.recko.io
https://dcb.recko.io
https://demo1.recko.io
https://demo.recko.io
https://design.recko.io
https://deyiqipaidgc56.recko.io
https://dhcp115-96.recko.io
https://dhcp-236-235.recko.io
https://dhcp78-191.recko.io
https://dhcp-vl203-2-85.recko.io
https://dinakaranj.recko.io
https://domo1.recko.io
https://dongguanqiaotoudongfangyulecheng.recko.io
https://doublea.recko.io
https://dpi.recko.io
https://dragonstone1.recko.io
https://dragonstone.recko.io
https://dream111.recko.io
https://dream11.recko.io
https://drivezy.recko.io
https://drogon.recko.io
https://dunzo1.recko.io
https://dunzo.recko.io
https://dupont.recko.io
https://eccentricity.recko.io
http://securityorg1.recko.io
http://securityorg2.recko.io
http://security.recko.io
https://eduroam-205-211.recko.io
https://efaturatest.recko.io
https://elk-es-node1.recko.io
https://elk-es-node2.recko.io
https://elk.recko.io
http://sentry1.recko.io
http://servify.recko.io
https://expece.recko.io
https://fampay.recko.io
https://flt.recko.io
https://fossil.recko.io
https://freshmenu1.recko.io
https://freshmenu.recko.io
https://furlenco.recko.io
https://geotix1.recko.io
https://geotix.recko.io
https://glowroad.recko.io
https://golfdag.recko.io
https://grafana.recko.io
https://grofers1.recko.io
https://grofers.recko.io
https://groww.recko.io
https://gunshop.recko.io
http://shadotnet.recko.io
https://hamzeh.recko.io
https://hebeiticaizhongxin.recko.io
http://shengshiguojikaihushengshiguojiyulebocai.recko.io
https://highgarden.recko.io
http://shop101.recko.io
https://hopscotch.recko.io
https://host-34-245.recko.io
https://ibv59173.recko.io
http://simsim.recko.io
https://in-fampay.recko.io
https://in-fampay.recko.io:2083
https://in-fampay.recko.io:2087
https://in-fampay.recko.io:2096
https://infra.recko.io
https://internal-vpn.recko.io
https://internal-vpn.recko.io:2083
https://internal-vpn.recko.io:2087
https://internal-vpn.recko.io:2096
https://itilite.recko.io
https://jenkins2.recko.io
https://jenkins.infra.recko.io
https://jenkins.recko.io
https://jenkins-stage.recko.io
https://jernest1.recko.io
https://jmay.recko.io
https://joker.recko.io
https://keratsini.recko.io
https://khatabook.recko.io
https://khsraysvehhet.recko.io
https://kingslanding.recko.io
https://kreativekaran.recko.io
https://kuecheninsel.recko.io
https://kundeportal.recko.io
https://lan21-187.recko.io
https://lansdowne.recko.io
https://laohujizenmexiaofen.recko.io
https://lassi.recko.io
https://leda.recko.io
https://liboyazhouyulechengzhenqianbaijiale.recko.io
http://slicepay.recko.io
https://licious1.recko.io
https://licious.recko.io
https://lpe28-170-sec.recko.io
https://mapm.recko.io
https://medpro-pn9b.recko.io
https://meesho1.recko.io
https://milaap.recko.io
https://ml175.recko.io
https://monit.recko.io
https://myntra1.recko.io
https://myntrademo.recko.io
https://myntra.recko.io
https://myntraseller.recko.io
https://myselectbank.recko.io
https://nginx.recko.io
http://sni115503.recko.io
http://sni167806.recko.io
http://sni195401.recko.io
http://sni196930.recko.io
http://sni59672.recko.io
https://nightsong.recko.io
https://noon1.recko.io
https://noon.recko.io
https://odemyopc-247-225.recko.io
https://officedepotuat.recko.io
https://okay.recko.io
https://ola.recko.io
https://onboarding2.recko.io
https://onboarding.recko.io
https://pc-002.recko.io
https://pc7-176.recko.io
https://pci.recko.io
https://performance.recko.io
https://pharmeasy.recko.io
https://plino.recko.io
https://psyco.recko.io
https://qixingcai13078qi808changju.recko.io
https://qq92hu.recko.io
https://r201.recko.io
https://rapido1.recko.io
https://rapido.recko.io
http://sravya1.recko.io
https://rchaminade.recko.io
https://recko.io
https://revivapro.recko.io
https://rocketkommerce.recko.io
https://ruthcarter.recko.io
https://saurya.recko.io
https://securityorg1.recko.io
https://securityorg2.recko.io
https://security.recko.io
https://sentry1.recko.io
https://servify.recko.io
https://shadotnet.recko.io
https://shengshiguojikaihushengshiguojiyulebocai.recko.io
https://shop101.recko.io
https://simsim.recko.io
https://slicepay.recko.io
http://sslloadtest-101.recko.io
https://sni115503.recko.io
https://sni167806.recko.io
https://sni195401.recko.io
https://sni196930.recko.io
https://sni59672.recko.io
https://sravya1.recko.io
https://sslloadtest-101.recko.io
https://staff3-cis668.recko.io
https://std17.recko.io
https://strategyand.recko.io
https://suprdaily.recko.io
https://swagger.recko.io
https://swiggy1.recko.io
https://swiggy.recko.io
http://staff3-cis668.recko.io
http://std17.recko.io
https://test1.recko.io
https://test-cloudflare.recko.io
https://testnew.recko.io
https://test.recko.io
https://the-wall.recko.io
https://tonglewangshangyule.recko.io
https://townscript1.recko.io
https://townscript.recko.io
http://strategyand.recko.io
https://tubify.recko.io
http://suprdaily.recko.io
https://urbanclap.recko.io
https://urbanladder.recko.io
https://vis1.recko.io
https://volantis.recko.io
https://vpn.recko.io
https://vpn.recko.io:2083
https://vpn.recko.io:2087
https://vpn.recko.io:8443
https://vpn-stage.recko.io
https://vpn-stage.recko.io:2083
https://vpn-stage.recko.io:2087
https://vpn-stage.recko.io:2096
http://swagger.recko.io
https://wd10.recko.io
https://website.recko.io
http://swiggy1.recko.io
http://swiggy.recko.io
https://winterfell.recko.io
https://www.recko.io
https://yolo.recko.io
https://zestmoney1.recko.io
https://zestmoney.recko.io
http://test1.recko.io
http://test-cloudflare.recko.io
http://testnew.recko.io
http://test.recko.io
http://the-wall.recko.io
http://tonglewangshangyule.recko.io
http://townscript1.recko.io
http://townscript.recko.io
http://tubify.recko.io
http://urbanclap.recko.io
http://urbanladder.recko.io
http://vis1.recko.io
http://volantis.recko.io
http://vpn.recko.io
http://vpn.recko.io:2082
http://vpn.recko.io:2086
http://vpn.recko.io:8080
http://vpn.recko.io:8880
http://vpn-stage.recko.io
http://vpn-stage.recko.io:2082
http://vpn-stage.recko.io:2086
http://vpn-stage.recko.io:8080
http://vpn-stage.recko.io:8880
http://wd10.recko.io
http://website.recko.io
http://winterfell.recko.io
http://www.recko.io
http://yolo.recko.io
http://zestmoney1.recko.io
http://zestmoney.recko.io
