http://api.stats.ref.finance
http://app.ref.finance
http://app.test.ref.finance
http://assets.ref.finance
http://dev.stats.ref.finance
http://gov.ref.finance
http://guide.ref.finance
http://guide.ref.finance:2082
http://guide.ref.finance:2086
http://guide.ref.finance:8080
http://guide.ref.finance:8880
http://indexer.ref.finance
http://indexer.test.ref.finance
http://ref.finance
https://api.stats.ref.finance
https://app.ref.finance
https://assets.ref.finance
https://dev.stats.ref.finance
https://gov.ref.finance
https://guide.ref.finance
https://guide.ref.finance:2083
https://guide.ref.finance:2087
https://guide.ref.finance:8443
https://indexer.ref.finance
https://ref.finance
https://stats.ref.finance
http://stats.ref.finance
https://testnet.ref.finance
https://www.ref.finance
http://testnet.ref.finance
http://www.ref.finance
http://www.test.ref.finance
