http://beta.registry.eu
http://lu.registry.eu
http://members.registry.eu
http://regex.registry.eu
http://regex.registry.eu:2053
http://regex.registry.eu:2082
http://regex.registry.eu:2083
http://regex.registry.eu:2087
http://regex.registry.eu:8080
http://regex.registry.eu:8443
http://regex.registry.eu:8880
https://beta.registry.eu
http://secure.lu.registry.eu
http://secure.registry.eu
http://secure.registry.eu:2082
http://secure.registry.eu:2083
http://secure.registry.eu:2086
http://secure.registry.eu:2087
http://secure.registry.eu:8080
http://secure.registry.eu:8880
https://regex.registry.eu
https://secure.registry.eu
https://tryout.registry.eu
https://www.registry.eu
http://tryout.registry.eu
http://www.lu.registry.eu
http://www.registry.eu
http://www.registry.eu:2052
http://www.registry.eu:2053
http://www.registry.eu:2082
http://www.registry.eu:2083
http://www.registry.eu:2086
http://www.registry.eu:2087
http://www.registry.eu:8080
http://www.registry.eu:8443
http://www.registry.eu:8880
