http://acceptatie.rest.restintergamma.nl
http://adobe-gamma-be.acc.restintergamma.nl
http://adobe-gamma-be.prd.restintergamma.nl
http://adobe-gamma-nl.acc.restintergamma.nl
http://adobe-gamma-nl.prd.restintergamma.nl
http://adobe-karwei-nl.acc.restintergamma.nl
http://adobe-karwei-nl.prd.restintergamma.nl
http://auth.squadra.acc.restintergamma.nl
http://auth.squadra.restintergamma.nl
http://auth.supplier.acc.restintergamma.nl
http://auth.supplier.restintergamma.nl
http://hr.acc.restintergamma.nl
http://hr.restintergamma.nl
http://rest.restintergamma.nl
https://acceptatie.rest.restintergamma.nl
https://adobe-gamma-be.acc.restintergamma.nl
https://adobe-gamma-be.prd.restintergamma.nl
https://adobe-gamma-nl.acc.restintergamma.nl
https://adobe-gamma-nl.prd.restintergamma.nl
https://adobe-karwei-nl.acc.restintergamma.nl
https://adobe-karwei-nl.prd.restintergamma.nl
https://auth.squadra.acc.restintergamma.nl
https://auth.squadra.restintergamma.nl
https://auth.supplier.acc.restintergamma.nl
https://auth.supplier.restintergamma.nl
https://hr.acc.restintergamma.nl
https://hr.restintergamma.nl
https://rest.restintergamma.nl
https://squadra.acc.restintergamma.nl
https://squadra.restintergamma.nl
https://supplier.acc.restintergamma.nl
https://supplier.restintergamma.nl
https://testrest.restintergamma.nl
http://supplier.acc.restintergamma.nl
http://supplier.restintergamma.nl
http://testrest.restintergamma.nl
