http://api.revest.finance
http://app.revest.finance
http://dev.revest.finance
http://dev.revest.finance:2082
http://dev.revest.finance:2086
http://dev.revest.finance:8080
http://dev.revest.finance:8880
http://docs.revest.finance
http://docs.revest.finance:2082
http://docs.revest.finance:2086
http://docs.revest.finance:8080
http://docs.revest.finance:8880
http://lambda.revest.finance
http://revest.finance
https://api.revest.finance
https://app.revest.finance
https://dev.revest.finance
https://dev.revest.finance:2053
https://dev.revest.finance:2083
https://dev.revest.finance:2087
https://dev.revest.finance:8443
https://docs.revest.finance
https://docs.revest.finance:2083
https://docs.revest.finance:2087
https://docs.revest.finance:8443
https://lambda.revest.finance
https://revest.finance
https://www.revest.finance
http://www.revest.finance
