http://blog.runpanther.io
http://blog.runpanther.io:2082
http://blog.runpanther.io:2086
http://blog.runpanther.io:8080
http://blog.runpanther.io:8880
http://content.stats.runpanther.io
http://docs.runpanther.io
http://docs.runpanther.io:8080
http://email.gh-mail.runpanther.io
http://learn.runpanther.io
https://blog.runpanther.io
https://blog.runpanther.io:2083
https://blog.runpanther.io:2087
https://blog.runpanther.io:2096
https://blog.runpanther.io:8443
https://content.stats.runpanther.io
https://docs.runpanther.io
https://docs.runpanther.io:8443
https://email.gh-mail.runpanther.io
https://learn.runpanther.io
https://webinars.runpanther.io
https://www.runpanther.io
http://webinars.runpanther.io
http://www.runpanther.io
