http://online.skybingo.com.sbgorigin.com
http://safergambling.skybettingandgaming.com.sbgorigin.com
https://barcroftm-1.rc.dev.ges.aws.sbgorigin.com
https://barcroftm-1.rcs.dev.ges.aws.sbgorigin.com
https://barcroftm-1.rcs-int.dev.ges.aws.sbgorigin.com
https://flanagana-1.rc.dev.ges.aws.sbgorigin.com
https://jbl02-1.rc.dev.ges.aws.sbgorigin.com
https://jonesl-1.rc.dev.ges.aws.sbgorigin.com
https://online.skybingo.com.sbgorigin.com
https://parkinm-1.rc.dev.ges.aws.sbgorigin.com
https://pas.casino.aws.sbgorigin.com
https://pas.test.casino.aws.sbgorigin.com
https://preenn-1.rc.dev.ges.aws.sbgorigin.com
https://preenn-1.rcs.dev.ges.aws.sbgorigin.com
https://preenn-1.rcs-int.dev.ges.aws.sbgorigin.com
https://private.pas.casino.aws.sbgorigin.com
https://private.pas.test.casino.aws.sbgorigin.com
https://rc.guea.ges.aws.sbgorigin.com
https://rc.nps.ges.aws.sbgorigin.com
https://rcs-int.sbgservices.com.ges.aws.sbgorigin.com
https://rcs-int.test.sbgservices.com.ges.aws.sbgorigin.com
https://rcs.sbgservices.com.ges.aws.sbgorigin.com
https://rcs.staging.sbgservices.com.ges.aws.sbgorigin.com
https://rc.staging.ges.aws.sbgorigin.com
https://rcs.test.sbgservices.com.ges.aws.sbgorigin.com
https://rc.test.ges.aws.sbgorigin.com
https://safergambling.skybettingandgaming.com.sbgorigin.com
https://www.skybettingandgaming.com.sbgorigin.com
http://www.skybettingandgaming.com.sbgorigin.com
