http://amp.secnews.gr
http://amp.secnews.gr:2082
http://amp.secnews.gr:2086
http://amp.secnews.gr:8080
http://amp.secnews.gr:8880
http://calendar.secnews.gr
http://cdn.secnews.gr
http://de.secnews.gr
http://de.secnews.gr:2052
http://de.secnews.gr:2082
http://de.secnews.gr:2086
http://de.secnews.gr:2087
http://de.secnews.gr:8080
http://de.secnews.gr:8443
http://de.secnews.gr:8880
http://docs.secnews.gr
http://en.secnews.gr
http://en.secnews.gr:2082
http://en.secnews.gr:2083
http://en.secnews.gr:2086
http://en.secnews.gr:2096
http://en.secnews.gr:8080
http://en.secnews.gr:8443
http://en.secnews.gr:8880
http://feeds.secnews.gr
http://fr.secnews.gr
http://fr.secnews.gr:2082
http://fr.secnews.gr:2083
http://fr.secnews.gr:2086
http://fr.secnews.gr:2087
http://fr.secnews.gr:8080
http://fr.secnews.gr:8443
http://groups.secnews.gr
http://hack.secnews.gr
http://imgcdn.secnews.gr
http://imgcdn.secnews.gr:8080
http://img.secnews.gr
http://ipv6.secnews.gr
http://ipv6.secnews.gr:8080
http://mail.secnews.gr
http://publish.secnews.gr
http://report.secnews.gr
http://report.secnews.gr:2082
http://report.secnews.gr:2086
http://report.secnews.gr:8880
http://ru.secnews.gr
http://ru.secnews.gr:2052
http://ru.secnews.gr:2082
http://ru.secnews.gr:2086
http://ru.secnews.gr:2087
http://ru.secnews.gr:8080
http://ru.secnews.gr:8443
http://ru.secnews.gr:8880
https://amp.secnews.gr
https://amp.secnews.gr:2083
https://amp.secnews.gr:2087
https://amp.secnews.gr:8443
https://cdn.secnews.gr
https://de.secnews.gr
http://secnews.gr
http://secnews.gr:2052
http://secnews.gr:2082
http://secnews.gr:2086
http://secnews.gr:8080
http://secnews.gr:8880
https://en.secnews.gr
https://en.secnews.gr:2087
https://fr.secnews.gr
https://hack.secnews.gr
https://imgcdn.secnews.gr
https://img.secnews.gr
https://ipv6.secnews.gr
https://ipv6.secnews.gr:8443
http://sites.secnews.gr
https://publish.secnews.gr
https://report.secnews.gr
https://report.secnews.gr:2083
https://report.secnews.gr:2087
https://report.secnews.gr:8443
https://ru.secnews.gr
https://secnews.gr
https://secnews.gr:2083
https://secnews.gr:2087
https://secnews.gr:2096
https://secnews.gr:8443
https://tr.secnews.gr
https://www.publish.secnews.gr
https://www.secnews.gr
https://www.secnews.gr:2053
https://www.secnews.gr:2083
https://www.secnews.gr:2087
https://www.secnews.gr:2096
https://www.secnews.gr:8443
https://zh-cn.secnews.gr
https://zh-tw.secnews.gr
https://zh-tw.secnews.gr:2087
http://tr.secnews.gr
http://tr.secnews.gr:2052
http://tr.secnews.gr:2082
http://tr.secnews.gr:2086
http://tr.secnews.gr:2087
http://tr.secnews.gr:8080
http://tr.secnews.gr:8443
http://tr.secnews.gr:8880
http://webmail.secnews.gr
http://www.publish.secnews.gr
http://www.secnews.gr
http://www.secnews.gr:2082
http://www.secnews.gr:2086
http://www.secnews.gr:8080
http://www.secnews.gr:8880
http://zh-cn.secnews.gr
http://zh-cn.secnews.gr:2052
http://zh-cn.secnews.gr:2082
http://zh-cn.secnews.gr:2086
http://zh-cn.secnews.gr:2087
http://zh-cn.secnews.gr:8080
http://zh-cn.secnews.gr:8443
http://zh-cn.secnews.gr:8880
http://zh-tw.secnews.gr
http://zh-tw.secnews.gr:2052
http://zh-tw.secnews.gr:2082
http://zh-tw.secnews.gr:2083
http://zh-tw.secnews.gr:2086
http://zh-tw.secnews.gr:8443
http://zh-tw.secnews.gr:8880
