http://admin.shipt.com
http://admin.shipt.com:8080
http://ambassadors.shipt.com
http://api-east.shipt.com
http://api-east.shipt.com:8080
http://api.shipt.com
http://api.shipt.com:8080
http://app.shipt.com
http://app.shipt.com:8080
http://beyond.shipt.com
http://blog.shipt.com
http://credits.shipt.com
http://drivers.shipt.com
http://dsom-imager-prod.shipt.com
http://email.shipt.com
http://envoy.shipt.com
http://envoy.shipt.com:8080
http://get.shipt.com
http://get.shipt.com:2082
http://get.shipt.com:2086
http://get.shipt.com:8080
http://get.shipt.com:8443
http://get.shipt.com:8880
http://gtm.shipt.com
http://gtm-staging.shipt.com
http://help.shipt.com
http://insights.shipt.com
http://links.shipt.com
http://mandrill.return-path.shipt.com
http://marketingcdn.shipt.com
http://mi.shipt.com
http://neptune.shipt.com
http://neptune-staging.shipt.com
http://partner.shipt.com
http://partner.staging.shipt.com
https://admin.shipt.com
https://admin.shipt.com:8443
https://ambassadors.shipt.com
https://api-east.shipt.com
https://api-east.shipt.com:8443
https://api.shipt.com
https://api.shipt.com:8443
https://app.shipt.com
https://app.shipt.com:8443
https://beyond.shipt.com
https://blog.shipt.com
https://credits.shipt.com
https://drivers.shipt.com
https://dsom-imager-prod.shipt.com
https://email.shipt.com
https://envoy.shipt.com
https://envoy.shipt.com:8443
http://sg1.shipt.com
http://sg1.shipt.com:8080
https://get.shipt.com
https://get.shipt.com:2083
https://get.shipt.com:2087
https://get.shipt.com:2096
https://gtm-staging.shipt.com
http://share.shipt.com
https://help.shipt.com
http://shipt.com
http://shoppers.shipt.com
http://shoppingcart.shipt.com
http://shoppingcart.shipt.com:8080
http://shop.shipt.com
http://shop.shipt.com:8080
http://signup.shipt.com
http://signup.shipt.com:8080
https://insights.shipt.com
https://links.shipt.com
https://mandrill.return-path.shipt.com
https://marketingcdn.shipt.com
https://mi.shipt.com
https://neptune.shipt.com
https://neptune-staging.shipt.com
https://new-vpn.shipt.com
http://spark.shipt.com
https://partner.shipt.com
https://partner.staging.shipt.com
https://sg1.shipt.com
https://sg1.shipt.com:8443
https://share.shipt.com
https://shipt.com
https://shoppers.shipt.com
https://shoppingcart.shipt.com
https://shoppingcart.shipt.com:8443
https://shop.shipt.com
https://shop.shipt.com:8443
https://signup.shipt.com
https://signup.shipt.com:8443
https://spark.shipt.com
https://staging-admin.shipt.com
https://staging-admin.shipt.com:8443
https://staging-admin-test.shipt.com
https://staging-admin-test.shipt.com:8443
https://staging-api-east.shipt.com
https://staging-api-east.shipt.com:8443
https://staging-api.shipt.com
https://staging-api.shipt.com:8443
https://staging-api-west.shipt.com
https://staging-api-west.shipt.com:8443
https://staging-envoy.shipt.com
https://staging-envoy.shipt.com:8443
https://staging-images.shipt.com
https://staging-secure.shipt.com
https://staging-secure.shipt.com:8443
https://staging-shopper.shipt.com
https://staging-shopper.shipt.com:8443
https://staging-shoppingcart.shipt.com
https://staging-shoppingcart.shipt.com:8443
https://staging-shop.shipt.com
https://staging-shop.shipt.com:8443
https://staging-signup.shipt.com
https://staging-signup.shipt.com:8443
https://staging-stargate.shipt.com
https://staging-stargate.shipt.com:8443
https://stargate.shipt.com
https://status.shipt.com
https://stg.shipt.com
http://staging-admin.shipt.com
http://staging-admin.shipt.com:8080
http://staging-admin-test.shipt.com
http://staging-admin-test.shipt.com:8080
http://staging-api-east.shipt.com
http://staging-api-east.shipt.com:8080
http://staging-api.shipt.com
http://staging-api.shipt.com:8080
http://staging-api-west.shipt.com
http://staging-api-west.shipt.com:8080
http://staging-envoy.shipt.com
http://staging-envoy.shipt.com:8080
http://staging-images.shipt.com
http://staging-secure.shipt.com
http://staging-secure.shipt.com:8080
http://staging-shopper.shipt.com
http://staging-shopper.shipt.com:8080
http://staging-shoppingcart.shipt.com
http://staging-shoppingcart.shipt.com:8080
http://staging-shop.shipt.com
http://staging-shop.shipt.com:8080
http://staging-signup.shipt.com
http://staging-signup.shipt.com:8080
http://staging-stargate.shipt.com
http://staging-stargate.shipt.com:8080
http://stargate.shipt.com
http://status.shipt.com
https://techhub.shipt.com
https://techhub.shipt.com:8443
http://stg.shipt.com
https://vpn-east.shipt.com
https://vpn.shipt.com
https://vpn-west.shipt.com
https://whxbrz.shipt.com
https://www.shipt.com
https://www.shipt.com:8443
https://www-stg.shipt.com
https://www-stg.shipt.com:8443
http://techhub.shipt.com
http://techhub.shipt.com:8080
http://whxbrz.shipt.com
http://www.shipt.com
http://www.shipt.com:8080
http://www-stg.shipt.com
http://www-stg.shipt.com:8080
