http://api-cryptoeconomics.sifchain.finance
http://api-cryptoeconomics.sifchain.finance:2082
http://api-cryptoeconomics.sifchain.finance:2086
http://api-cryptoeconomics.sifchain.finance:8080
http://api-cryptoeconomics.sifchain.finance:8880
http://api-devnet.sifchain.finance
http://api-devnet.sifchain.finance:2083
http://api-devnet.sifchain.finance:2087
http://api-devnet.sifchain.finance:8443
http://api-int.sifchain.finance
http://api-int.sifchain.finance:2082
http://api-int.sifchain.finance:2086
http://api-int.sifchain.finance:2095
http://api-int.sifchain.finance:8080
http://api-int.sifchain.finance:8880
http://api.sifchain.finance
http://api.sifchain.finance:2082
http://api.sifchain.finance:2086
http://api.sifchain.finance:8080
http://api.sifchain.finance:8880
http://api-testnet.sifchain.finance
http://api-testnet.sifchain.finance:2083
http://api-testnet.sifchain.finance:2087
http://blockexplorer-devnet.sifchain.finance
http://blockexplorer-devnet.sifchain.finance:2083
http://blockexplorer-devnet.sifchain.finance:2087
http://blockexplorer-devnet.sifchain.finance:8443
http://blockexplorer.sifchain.finance
http://blockexplorer.sifchain.finance:2082
http://blockexplorer.sifchain.finance:2086
http://blockexplorer.sifchain.finance:8080
http://blockexplorer.sifchain.finance:8880
http://blockexplorer-testnet.sifchain.finance
http://blockexplorer-testnet.sifchain.finance:2082
http://blockexplorer-testnet.sifchain.finance:2083
http://blockexplorer-testnet.sifchain.finance:2087
http://blockexplorer-testnet.sifchain.finance:8443
http://data.sifchain.finance
http://devnet.sifchain.finance
http://dex.sifchain.finance
http://docs.sifchain.finance
http://docs.sifchain.finance:2082
http://docs.sifchain.finance:2086
http://docs.sifchain.finance:8080
http://docs.sifchain.finance:8880
http://forum.sifchain.finance
http://forum.sifchain.finance:2082
http://forum.sifchain.finance:2086
http://forum.sifchain.finance:8080
http://forum.sifchain.finance:8880
http://market-data.sifchain.finance
http://market-data.sifchain.finance:2083
http://market-data.sifchain.finance:2087
http://market-data.sifchain.finance:8443
http://proxies.sifchain.finance
http://rpc-devnet.sifchain.finance
http://rpc-devnet.sifchain.finance:2083
http://rpc-devnet.sifchain.finance:2087
http://rpc-devnet.sifchain.finance:8443
http://rpc-int.sifchain.finance
http://rpc-int.sifchain.finance:2083
http://rpc-int.sifchain.finance:2087
http://rpc-int.sifchain.finance:8880
http://rpc.sifchain.finance
http://rpc.sifchain.finance:2082
http://rpc.sifchain.finance:2086
http://rpc.sifchain.finance:2095
http://rpc.sifchain.finance:8880
http://rpc-testnet.sifchain.finance
http://rpc-testnet.sifchain.finance:2083
http://rpc-testnet.sifchain.finance:2087
http://rpc-testnet.sifchain.finance:8443
https://api-cryptoeconomics.sifchain.finance
https://api-cryptoeconomics.sifchain.finance:2083
https://api-cryptoeconomics.sifchain.finance:2087
https://api-cryptoeconomics.sifchain.finance:8443
https://api-devnet.sifchain.finance
https://api-int.sifchain.finance
https://api-int.sifchain.finance:2083
https://api-int.sifchain.finance:2087
https://api-int.sifchain.finance:8443
https://api.sifchain.finance
https://api.sifchain.finance:2083
https://api.sifchain.finance:2087
https://api.sifchain.finance:8443
https://api-testnet.sifchain.finance
https://api-testnet.sifchain.finance:8443
https://blockexplorer-devnet.sifchain.finance
https://blockexplorer.sifchain.finance
https://blockexplorer.sifchain.finance:2083
https://blockexplorer.sifchain.finance:2087
https://blockexplorer.sifchain.finance:8443
https://blockexplorer-testnet.sifchain.finance
https://data.sifchain.finance
https://devnet.sifchain.finance
https://dex.sifchain.finance
https://docs.sifchain.finance
https://docs.sifchain.finance:2083
https://docs.sifchain.finance:2087
https://docs.sifchain.finance:8443
https://forum.sifchain.finance
https://forum.sifchain.finance:2083
https://forum.sifchain.finance:2087
https://forum.sifchain.finance:8443
http://sifchain.finance
https://market-data.sifchain.finance
https://proxies.sifchain.finance
https://rpc-devnet.sifchain.finance
https://rpc-int.sifchain.finance
https://rpc-int.sifchain.finance:8443
https://rpc.sifchain.finance
https://rpc.sifchain.finance:2083
https://rpc.sifchain.finance:2087
https://rpc.sifchain.finance:8443
https://rpc-testnet.sifchain.finance
https://sifchain.finance
https://staging.sifchain.finance
http://staging.sifchain.finance
http://staging.sifchain.finance:2083
http://staging.sifchain.finance:2087
http://staging.sifchain.finance:8443
https://test2.sifchain.finance
https://test2.sifchain.finance:2083
https://test2.sifchain.finance:2087
https://test2.sifchain.finance:8443
https://token-recovery.sifchain.finance
https://www.sifchain.finance
https://x.sifchain.finance
https://x.sifchain.finance:2083
https://x.sifchain.finance:2087
https://x.sifchain.finance:8443
http://test2.sifchain.finance
http://test2.sifchain.finance:2082
http://test2.sifchain.finance:2086
http://test2.sifchain.finance:2095
http://test2.sifchain.finance:8080
http://test2.sifchain.finance:8880
http://token-recovery.sifchain.finance
http://www.sifchain.finance
http://x.sifchain.finance
http://x.sifchain.finance:2082
http://x.sifchain.finance:2086
http://x.sifchain.finance:2095
http://x.sifchain.finance:8080
http://x.sifchain.finance:8880
