http://autodiscover.skybettingandgaming.com
http://ebm.sbagmail.skybettingandgaming.com
http://engineering.skybettingandgaming.com
http://f.sbagmail.skybettingandgaming.com
http://l.sbgmail.skybettingandgaming.com
http://lyncdiscover.skybettingandgaming.com
http://msoid.skybettingandgaming.com
http://reg.sbagmail.skybettingandgaming.com
http://safergambling.skybettingandgaming.com
http://sbagmail.skybettingandgaming.com
http://sbgmail.skybettingandgaming.com
https://ebm.sbagmail.skybettingandgaming.com
https://engineering.skybettingandgaming.com
https://f.sbagmail.skybettingandgaming.com
https://l.sbgmail.skybettingandgaming.com
https://lyncdiscover.skybettingandgaming.com
https://msoid.skybettingandgaming.com
https://reg.sbagmail.skybettingandgaming.com
https://safergambling.skybettingandgaming.com
https://sbagmail.skybettingandgaming.com
https://sbgmail.skybettingandgaming.com
https://sip.skybettingandgaming.com
https://technology.skybettingandgaming.com
http://surveys.skybettingandgaming.com
http://surveys.skybettingandgaming.com:2082
http://surveys.skybettingandgaming.com:2083
http://surveys.skybettingandgaming.com:2086
http://surveys.skybettingandgaming.com:2087
http://surveys.skybettingandgaming.com:8080
http://surveys.skybettingandgaming.com:8443
http://surveys.skybettingandgaming.com:8880
http://technology.skybettingandgaming.com
