http://3.push.staging.skybet.com
http://3.push.test4.skybet.com
http://autodiscover.skybet.com
http://bettingpreviews.skybet.com
http://catalogue.app-guea.live.skybet.com
http://catalogue.app-nps.live.skybet.com
http://catalogue.green-1-aws.live.skybet.com
http://catalogue.test-app-guea.staging.skybet.com
http://catalogue.test-app-guea.test4.skybet.com
http://catalogue.test-aws.staging.skybet.com
http://catalogue.test-aws.test4.skybet.com
http://ebm.email1.skybet.com
http://eds.nps.skybet.com
http://eds.skybet.com
http://eds.staging.skybet.com
http://eds.test4.skybet.com
http://eds.test6.skybet.com
http://email1.skybet.com
http://email.skybet.com
http://events.green-1-aws.live.skybet.com
http://events.test-aws.staging.skybet.com
http://events.test-aws.test4.skybet.com
http://f.email1.skybet.com
http://ios.bannercheck-api.skybet.com
http://m.a.skybet.com
http://m.nps.skybet.com
http://m.skybet.com
http://msoid.skybet.com
http://opta.aws.feeds.skybet.com
http://partners.skybet.com
http://placement.api.nps.skybet.com
http://placement.api.skybet.com
http://placement.api.staging.skybet.com
http://placement.api.test4.skybet.com
http://players.runningball.aws.feeds.skybet.com
http://players-runningball-stage.awsdev.feeds.skybet.com
http://players-runningball-test.awsdev.feeds.skybet.com
http://promocode.nps.skybet.com
http://promocode.skybet.com
http://promocode.staging.skybet.com
http://promocode.test4.skybet.com
http://promotions.app-guea.live.skybet.com
http://promotions.app-nps.live.skybet.com
http://promotions.green-1-aws.live.skybet.com
http://promotions-hub.nps.skybet.com
http://promotions-hub.skybet.com
https://1.push.skybet.com:8443
https://2.push.skybet.com:8443
https://2.push.testdr.skybet.com:8443
https://2.ws.push.sbgsvc.skybet.com:8443
https://2.ws.push.testdr.sbgsvc.skybet.com:8443
https://catalogue.app-guea.live.skybet.com
https://catalogue.app-nps.live.skybet.com
https://catalogue.green-1-aws.live.skybet.com
https://catalogue.test-app-guea.staging.skybet.com
https://catalogue.test-app-guea.test4.skybet.com
https://catalogue.test-aws.staging.skybet.com
https://catalogue.test-aws.test4.skybet.com
https://dev-abelson-feed-api.awsdev.feeds.skybet.com
https://dev-football-api.awsdev.feeds.skybet.com
https://ebm.email1.skybet.com
https://eds.nps.skybet.com
https://eds.skybet.com
https://eds.staging.skybet.com
https://eds.test4.skybet.com
https://eds.test6.skybet.com
https://email1.skybet.com
https://email.skybet.com
http://services.nps.skybet.com
http://services.skybet.com
https://events.green-1-aws.live.skybet.com
https://events.test-aws.staging.skybet.com
https://events.test-aws.test4.skybet.com
https://f.email1.skybet.com
https://inttst-football-api.awsdev.feeds.skybet.com
https://ios.bannercheck-api.skybet.com
https://jmi08-dev-football-api.awsdev.feeds.skybet.com
http://skybet.com
http://skybetgroups.skybet.com
https://live-football-api.aws.feeds.skybet.com
https://m.a.skybet.com
https://m.nps.skybet.com
https://m.skybet.com
https://msoid.skybet.com
https://opta.aws.feeds.skybet.com
https://partners.skybet.com
https://perf-football-api.awsdev.feeds.skybet.com
https://placement.api.nps.skybet.com
https://placement.api.skybet.com
https://placement.api.staging.skybet.com
https://placement.api.test4.skybet.com
https://players.runningball.aws.feeds.skybet.com
https://players-runningball-stage.awsdev.feeds.skybet.com
https://players-runningball-test.awsdev.feeds.skybet.com
https://promocode.nps.skybet.com
https://promocode.skybet.com
https://promocode.staging.skybet.com
https://promocode.test4.skybet.com
https://promotions.app-guea.live.skybet.com
https://promotions.app-nps.live.skybet.com
https://promotions.green-1-aws.live.skybet.com
https://promotions-hub.nps.skybet.com
https://promotions-hub.skybet.com
https://push.skybet.com:8443
https://services.nps.skybet.com
https://services.skybet.com
https://skybet.com
https://skybetgroups.skybet.com
https://st1.a.skybet.com
https://st1.nps.skybet.com
https://st1.skybet.com
https://st1.staging.skybet.com
https://st2.a.skybet.com
https://st2.nps.skybet.com
https://st2.skybet.com
https://st2.staging.skybet.com
https://st3.a.skybet.com
https://st3.nps.skybet.com
https://st3.skybet.com
https://stage-football-api.awsdev.feeds.skybet.com
https://staging-abelson-feed-api.awsdev.feeds.skybet.com
https://stats.app-guea.live.skybet.com
https://stats.app-nps.live.skybet.com
https://stats.green-1-aws.live.skybet.com
https://stats.test-app-guea.staging.skybet.com
https://stats.test-app-guea.test4.skybet.com
https://stats.test-aws.staging.skybet.com
https://stats.test-aws.test4.skybet.com
https://support.skybet.com
https://support.test.skybet.com
http://st1.a.skybet.com
http://st1.nps.skybet.com
http://st1.skybet.com
http://st1.staging.skybet.com
http://st2.a.skybet.com
http://st2.nps.skybet.com
http://st2.skybet.com
http://st2.staging.skybet.com
http://st3.a.skybet.com
http://st3.nps.skybet.com
http://st3.skybet.com
http://stats.app-guea.live.skybet.com
http://stats.app-nps.live.skybet.com
http://stats.green-1-aws.live.skybet.com
http://stats.test-app-guea.staging.skybet.com
http://stats.test-app-guea.test4.skybet.com
http://stats.test-aws.staging.skybet.com
http://stats.test-aws.test4.skybet.com
https://test-abelson-feed-api.awsdev.feeds.skybet.com
https://test-football-api.awsdev.feeds.skybet.com
https://tooling.app-guea.live.skybet.com
https://tooling.app-nps.live.skybet.com
https://tooling.green-1-aws.live.skybet.com
https://trading.app-guea.live.skybet.com
https://trading.app-nps.live.skybet.com
https://trading.green-1-aws.live.skybet.com
https://trading.test-app-guea.staging.skybet.com
https://trading.test-app-guea.test4.skybet.com
https://trading.test-aws.staging.skybet.com
https://trading.test-aws.test4.skybet.com
https://transactions.app-guea.live.skybet.com
https://transactions.app-nps.live.skybet.com
https://transactions.green-1-aws.live.skybet.com
https://twr01-dev-football-api.awsdev.feeds.skybet.com
https://txodds.aws.feeds.skybet.com
https://txodds-dev-crowthed.awsdev.feeds.skybet.com
https://txodds-dev-dbe01.awsdev.feeds.skybet.com
https://txodds-dev-esp01.awsdev.feeds.skybet.com
https://txodds-dev-jho04.awsdev.feeds.skybet.com
https://txodds-dev-lse01.awsdev.feeds.skybet.com
https://txodds-dev-lwh01.awsdev.feeds.skybet.com
https://txodds-dev-pjo01.awsdev.feeds.skybet.com
https://txodds-dev-uiq01.awsdev.feeds.skybet.com
https://txodds-stage.awsdev.feeds.skybet.com
https://txodds-test.awsdev.feeds.skybet.com
http://support.skybet.com
http://support.test.skybet.com
https://www.a.skybet.com
https://www.nps.skybet.com
https://www.skybet.com
https://www.staging.skybet.com
https://www.test2.skybet.com
http://tooling.app-guea.live.skybet.com
http://tooling.app-nps.live.skybet.com
http://tooling.green-1-aws.live.skybet.com
http://trading.app-guea.live.skybet.com
http://trading.app-nps.live.skybet.com
http://trading.green-1-aws.live.skybet.com
http://trading.test-app-guea.staging.skybet.com
http://trading.test-app-guea.test4.skybet.com
http://trading.test-aws.staging.skybet.com
http://trading.test-aws.test4.skybet.com
http://transactions.app-guea.live.skybet.com
http://transactions.app-nps.live.skybet.com
http://transactions.green-1-aws.live.skybet.com
http://www.a.skybet.com
http://www.nps.skybet.com
http://www.skybet.com
http://www.staging.skybet.com
http://www.test2.skybet.com
