http://account.skybingo.com
http://autodiscover.skybingo.com
http://msoid.skybingo.com
http://online.auto.skybingo.com
http://online.qa.skybingo.com
http://online.skybingo.com
http://online.sta.skybingo.com
http://online.test.skybingo.com
https://account.skybingo.com
http://skybingo.com
https://msoid.skybingo.com
https://online.auto.skybingo.com
https://online.qa.skybingo.com
https://online.skybingo.com
https://online.sta.skybingo.com
https://online.test.skybingo.com
https://skybingo.com
https://support.skybingo.com
http://support.skybingo.com
https://www.skybingo.com
https://www.test2.skybingo.com
http://www.skybingo.com
http://www.test2.skybingo.com
