http://account.skycasino.com
http://autodiscover.skycasino.com
http://cashier.skycasino.com
http://cashier.stg1.skycasino.com
http://frontend.stg1.skycasino.com
http://login.skycasino.com
http://login.stg1.skycasino.com
http://msoid.skycasino.com
http://next.skycasino.com
http://openapi.stg1.skycasino.com
http://pas.next.skycasino.com
http://pas.skycasino.com
https://account.skycasino.com
https://cashier.skycasino.com
https://cashier.stg1.skycasino.com
https://frontend.skycasino.com
https://frontend.stg1.skycasino.com
https://gpppublisher.skycasino.com
http://skycasino.com
https://lobby.skycasino.com
https://login.skycasino.com
https://login.stg1.skycasino.com
https://msoid.skycasino.com
https://next.skycasino.com
https://openapi.skycasino.com
https://openapi.stg1.skycasino.com
https://pas.next.skycasino.com
https://pas.skycasino.com
https://skycasino.com
https://support.skycasino.com
http://support.skycasino.com
https://www.next.skycasino.com
https://www.skycasino.com
https://www.test2.skycasino.com
http://www.next.skycasino.com
http://www.skycasino.com
http://www.test2.skycasino.com
