http://cash.square.com
http://dashboard-docs.square.com
http://education.square.com
http://education.square.com:2087
http://education.square.com:2096
http://education.square.com:8443
http://feature-relay-web-sdk.square.com
http://java-docs.square.com
http://newcomputer.square.com
http://orbit.square.com
https://cash.square.com
https://dashboard-docs.square.com
https://education.square.com
https://feature-relay-web-sdk.square.com
https://java-docs.square.com
https://newcomputer.square.com
https://orbit.square.com
http://square.com
http://squid-docs.square.com
https://square.com
https://squid-docs.square.com
https://tenure-app.square.com
https://video.square.com
https://web-eng-guides.square.com
https://www.square.com
http://tenure-app.square.com
http://video.square.com
http://web-eng-guides.square.com
http://www.square.com
