http://admin.stakewise.io
http://admin.stakewise.io:2052
http://admin.stakewise.io:2082
http://admin.stakewise.io:2083
http://admin.stakewise.io:2086
http://admin.stakewise.io:2087
http://admin.stakewise.io:8080
http://admin.stakewise.io:8443
http://admin.stakewise.io:8880
http://api.stakewise.io
http://api.stakewise.io:2052
http://api.stakewise.io:2082
http://api.stakewise.io:2083
http://api.stakewise.io:2086
http://api.stakewise.io:2087
http://api.stakewise.io:8080
http://api.stakewise.io:8443
http://api.stakewise.io:8880
http://app.stakewise.io
http://blog-api.stakewise.io
http://blog-api.stakewise.io:2053
http://blog-api.stakewise.io:2082
http://blog-api.stakewise.io:2083
http://blog-api.stakewise.io:2086
http://blog-api.stakewise.io:2087
http://blog-api.stakewise.io:8080
http://blog-api.stakewise.io:8443
http://docs.stakewise.io
http://docs.stakewise.io:2082
http://docs.stakewise.io:2086
http://docs.stakewise.io:8080
http://docs.stakewise.io:8880
http://forum.stakewise.io
http://forum.stakewise.io:2083
http://forum.stakewise.io:2087
http://forum.stakewise.io:8080
http://forum.stakewise.io:8880
http://graph-gno.stakewise.io
http://graph-gno.stakewise.io:2053
http://graph-gno.stakewise.io:2082
http://graph-gno.stakewise.io:2083
http://graph-gno.stakewise.io:2086
http://graph-gno.stakewise.io:2087
http://graph-gno.stakewise.io:8080
http://graph.stakewise.io
http://graph.stakewise.io:2083
http://graph.stakewise.io:2087
http://graph.stakewise.io:8080
http://graph.stakewise.io:8880
http://node-00.stakewise.io
http://node-00.stakewise.io:2082
http://node-00.stakewise.io:2086
http://node-00.stakewise.io:8080
http://node-01.stakewise.io
http://node-01.stakewise.io:8080
http://node-01.stakewise.io:8880
http://node-02.stakewise.io
http://node-02.stakewise.io:8080
http://node-02.stakewise.io:8880
http://node-03.stakewise.io
http://node-03.stakewise.io:8080
http://node-03.stakewise.io:8880
http://node-04.stakewise.io
http://node-04.stakewise.io:8080
http://node-04.stakewise.io:8880
http://preview-app.stakewise.io
http://rc.stakewise.io
http://rc.stakewise.io:2053
http://rc.stakewise.io:2082
http://rc.stakewise.io:2083
http://rc.stakewise.io:2086
http://rc.stakewise.io:2087
http://rc.stakewise.io:8080
http://rc.stakewise.io:8443
https://admin.stakewise.io
https://api.stakewise.io
https://app.stakewise.io
https://blog-api.stakewise.io
https://docs.stakewise.io
https://docs.stakewise.io:2083
https://docs.stakewise.io:2087
https://docs.stakewise.io:8443
https://forum.stakewise.io
https://graph-gno.stakewise.io
https://graph-gno.stakewise.io:8443
https://graph.stakewise.io
https://node-00.stakewise.io
https://node-00.stakewise.io:2053
https://node-00.stakewise.io:2083
https://node-00.stakewise.io:2087
https://node-00.stakewise.io:8443
https://node-01.stakewise.io
https://node-01.stakewise.io:2083
https://node-01.stakewise.io:2087
https://node-02.stakewise.io
https://node-02.stakewise.io:2083
https://node-02.stakewise.io:2087
https://node-03.stakewise.io
https://node-03.stakewise.io:2083
https://node-03.stakewise.io:2087
https://node-04.stakewise.io
https://node-04.stakewise.io:2083
https://node-04.stakewise.io:2087
https://preview-app.stakewise.io
https://rc.stakewise.io
https://stage-api.stakewise.io
https://stage-app.stakewise.io
https://stakewise.io
http://stage-api.stakewise.io
http://stage-api.stakewise.io:2053
http://stage-api.stakewise.io:2082
http://stage-api.stakewise.io:2083
http://stage-api.stakewise.io:2086
http://stage-api.stakewise.io:2087
http://stage-api.stakewise.io:8080
http://stage-api.stakewise.io:8443
http://stage-app.stakewise.io
http://stakewise.io
http://stakewise.io:2083
http://stakewise.io:2087
http://stakewise.io:8080
http://stakewise.io:8880
https://vote.stakewise.io
https://vote.stakewise.io:1935
https://whitelist.stakewise.io
https://widget.stakewise.io
https://www.stakewise.io
http://vote.stakewise.io
http://vote.stakewise.io:8082
http://vote.stakewise.io:8084
http://vote.stakewise.io:8085
http://whitelist.stakewise.io
http://whitelist.stakewise.io:2052
http://whitelist.stakewise.io:2082
http://whitelist.stakewise.io:2083
http://whitelist.stakewise.io:2086
http://whitelist.stakewise.io:2087
http://whitelist.stakewise.io:8080
http://whitelist.stakewise.io:8443
http://whitelist.stakewise.io:8880
http://widget.stakewise.io
http://www.stakewise.io
http://www.stakewise.io:2053
http://www.stakewise.io:2082
http://www.stakewise.io:2083
http://www.stakewise.io:2086
http://www.stakewise.io:2087
http://www.stakewise.io:8080
http://www.stakewise.io:8443
