http://app.stonedefi.io
http://bridge.stonedefi.io
http://bsc.stonedefi.io
http://docs.stonedefi.io
http://docs.stonedefi.io:2082
http://docs.stonedefi.io:2086
http://docs.stonedefi.io:8080
http://docs.stonedefi.io:8880
http://matic.stonedefi.io
https://api.stonedefi.io
https://app.stonedefi.io
https://bridge.stonedefi.io
https://bsc.stonedefi.io
https://docs.stonedefi.io
https://docs.stonedefi.io:2083
https://docs.stonedefi.io:2087
https://docs.stonedefi.io:8443
https://matic.stonedefi.io
https://stonedefi.io
http://stonedefi.io
http://stonedefi.io:7777
http://stonedefi.io:8080
http://stonedefi.io:8081
http://stonedefi.io:8082
https://watch.stonedefi.io
https://www.stonedefi.io
http://www.stonedefi.io
