http://app.superbots.finance
http://app.superbots.finance:2052
http://app.superbots.finance:2082
http://app.superbots.finance:2083
http://app.superbots.finance:2087
http://app.superbots.finance:2095
http://app.superbots.finance:2096
http://app.superbots.finance:8080
http://app.superbots.finance:8443
http://autodiscover.superbots.finance
http://dev.app.superbots.finance
http://dev.app.superbots.finance:2082
http://dev.app.superbots.finance:2083
http://dev.app.superbots.finance:2086
http://dev.app.superbots.finance:2087
http://dev.app.superbots.finance:8443
https://app.superbots.finance
https://autodiscover.superbots.finance
https://dev.app.superbots.finance
https://superbots.finance
http://superbots.finance
http://superbots.finance:2052
http://superbots.finance:2082
http://superbots.finance:2083
http://superbots.finance:2087
http://superbots.finance:2095
http://superbots.finance:2096
http://superbots.finance:8080
http://superbots.finance:8443
https://www.superbots.finance
https://www.superbots.finance:2083
https://www.superbots.finance:2087
https://www.superbots.finance:8443
http://www.superbots.finance
http://www.superbots.finance:2082
http://www.superbots.finance:2086
