http://docs.swappi.io
http://docs.swappi.io:2082
http://docs.swappi.io:2086
http://docs.swappi.io:8080
http://docs.swappi.io:8880
https://app.swappi.io
https://docs.swappi.io
https://docs.swappi.io:2083
https://docs.swappi.io:2087
https://docs.swappi.io:8443
https://graphql-default.swappi.io
https://graphql-replica.swappi.io
https://graphql.swappi.io
https://graphqlx.swappi.io
https://guacamole.swappi.io
https://info.swappi.io
https://integration.swappi.io
https://open.swappi.io
https://swappi.io
https://testnet.swappi.io
https://www.swappi.io
