http://obo-preprod.oesp.telenettv.be
http://preprod360-www.telenettv.be
http://preprod.oesp.telenettv.be
http://preprod-qr.telenettv.be
http://preprod.spark.telenettv.be
http://prod.spark.telenettv.be
http://qr.telenettv.be
http://secondary-www.telenettv.be
https://obo-preprod.oesp.telenettv.be
https://obo-prod.oesp.telenettv.be
https://preprod360-www.telenettv.be
https://preprod.oesp.telenettv.be
https://preprod-qr.telenettv.be
https://preprod.spark.telenettv.be
https://prod.oesp.telenettv.be
https://prod.spark.telenettv.be
https://qr.telenettv.be
https://secondary-www.telenettv.be
https://telenettv.be
https://www-blue.telenettv.be
https://www-green.telenettv.be
https://www.perseus-web.preprod.telenettv.be
https://www.perseus-web.prod.telenettv.be
https://www.telenettv.be
http://telenettv.be
http://www-blue.telenettv.be
http://www-green.telenettv.be
http://www.perseus-web.preprod.telenettv.be
http://www.perseus-web.prod.telenettv.be
http://www.telenettv.be
