http://4sale.telenet.be
http://9lives.prd.telenet.be
http://aanrekening-info.prd.telenet.be
http://aanrekening-info.telenet.be
http://abt.telenet.be
http://abuse.telenet.be
http://acacia.telenet.be
http://access.cloud.telenet.be
http://account.telenet.be
http://activeer.telenet.be
http://adcaemvip-4.dvp.telenet.be
http://adcaemvip-4.edp.telenet.be
http://adcaemvip-4.int.telenet.be
http://adcaemvip-4.lat.telenet.be
http://adcaemvip-4.mre.telenet.be
http://adcaemvip-4.prd.telenet.be
http://adcaemvip-4.sup.telenet.be
http://adcaemvip-4.trg.telenet.be
http://adcaemvip-4.uat.telenet.be
http://adcaemvip.dvp.telenet.be
http://adcaemvip.edp.telenet.be
http://adcaemvip.int.telenet.be
http://adcaemvip.lat.telenet.be
http://adcaemvip.mre.telenet.be
http://adcaemvip.prd.telenet.be
http://adcaemvip.sup.telenet.be
http://adcaemvip.trg.telenet.be
http://adcaemvip.uat.telenet.be
http://adcbasevip-4.uat.telenet.be
http://adcbasevip.int.telenet.be
http://adcbasevip.prd.telenet.be
http://adccussafvip.dvp.telenet.be
http://adccussafvip.edp.telenet.be
http://adccussafvip.int.telenet.be
http://adccussafvip.lat.telenet.be
http://adccussafvip.mre.telenet.be
http://adccussafvip.prd.telenet.be
http://adccussafvip.sup.telenet.be
http://adccussafvip.trg.telenet.be
http://adccussafvip.uat.telenet.be
http://adccusvip-4.dvp.telenet.be
http://adccusvip-4.edp.telenet.be
http://adccusvip-4.int.telenet.be
http://adccusvip-4.lat.telenet.be
http://adccusvip-4.mre.telenet.be
http://adccusvip-4.prd.telenet.be
http://adccusvip-4.sup.telenet.be
http://adccusvip-4.trg.telenet.be
http://adccusvip-4.uat.telenet.be
http://adccusvip.dvp.telenet.be
http://adccusvip.edp.telenet.be
http://adccusvip.int.telenet.be
http://adccusvip.lat.telenet.be
http://adccusvip.mre.telenet.be
http://adccusvip.prd.telenet.be
http://adccusvip.sup.telenet.be
http://adccusvip.trg.telenet.be
http://adccusvip.uat.telenet.be
http://adcospvip-4.int.telenet.be
http://adcospvip-4.prd.telenet.be
http://adelavino.be.apache53.cloud.telenet.be
http://adt.prd.connect.telenet.be
http://agentservice.prd.connect.telenet.be
http://agentservice.uat.connect.telenet.be
http://ais.telenet.be
http://alain.telenet.be
http://alexandervervaet.be.apache52.cloud.telenet.be
http://alphabru.be.apache51.cloud.telenet.be
http://alpha.telenet.be
http://amo.telenet.be
http://apache37.cloud.telenet.be
http://apache38.cloud.telenet.be
http://apache41.cloud.telenet.be
http://apache51.cloud.telenet.be
http://apache52.cloud.telenet.be
http://apache53.cloud.telenet.be
http://apache54.cloud.telenet.be
http://apache55.cloud.telenet.be
http://apaexpcamvip.dvp.connect.telenet.be
http://apaexpcamvip.edp.connect.telenet.be
http://apaexpcamvip.int.connect.telenet.be
http://apaexpcamvip.lat.connect.telenet.be
http://apaexpcamvip.mre.connect.telenet.be
http://apaexpcamvip.prd.connect.telenet.be
http://apaexpcamvip.rel.connect.telenet.be
http://apaexpcamvip.sup.connect.telenet.be
http://apaexpcamvip.trg.connect.telenet.be
http://apaexpcamvip.uat.connect.telenet.be
http://apawgdvip.dvp.connect.telenet.be
http://apawgdvip.edp.connect.telenet.be
http://apawgdvip.int.connect.telenet.be
http://apawgdvip.lat.connect.telenet.be
http://apawgdvip.mre.connect.telenet.be
http://apawgdvip.prd.connect.telenet.be
http://apawgdvip.rel.connect.telenet.be
http://apawgdvip.sup.connect.telenet.be
http://apawgdvip.trg.connect.telenet.be
http://apawgdvip.uat.connect.telenet.be
http://api.cloud.telenet.be
http://api.dvp.telenet.be
http://api.int.telenet.be
http://api.prd.telenet.be
http://api.sup.telenet.be
http://api.trg.telenet.be
http://api.uat.telenet.be
http://apm.prd.telenet.be
http://appareils.telenet.be
http://appledvp.telenet.be
http://appleedp.telenet.be
http://appleint.telenet.be
http://applelat.telenet.be
http://applemre.telenet.be
http://appletrg.telenet.be
http://appleuat.telenet.be
http://apps.servicesdvp.telenet.be
http://apps.servicesedp.telenet.be
http://apps.servicesint.telenet.be
http://apps.serviceslat.telenet.be
http://apps.servicessup.telenet.be
http://apps.services.telenet.be
http://apps.servicestrg.telenet.be
http://apps.servicesuat.telenet.be
http://aqua-antwerpen.be.apache53.cloud.telenet.be
http://aquila.telenet.be
http://atelier-adiante.be.apache54.cloud.telenet.be
http://audittracking.prd.connect.telenet.be
http://autodiscover.staff.telenet.be
http://avk.telenet.be
http://bacom.telenet.be
http://banners.telenet.be
http://bcs.telenet.be
http://bd.telenet.be
http://beckers.telenet.be
http://beng.telenet.be
http://binaries.telenet.be
http://bi.telenet.be
http://blogs.telenet.be
http://blog.telenet.be
http://bonitex.telenet.be
http://business.dvp.telenet.be
http://business.edp.telenet.be
http://business.prd.telenet.be
http://business.prd.telenet.be:22
http://business.trg.telenet.be
http://business.uat.telenet.be
http://business.uat.telenet.be:22
http://campagnes.telenet.be
http://careers.telenet.be
http://cat.dvp.telenet.be
http://cat.edp.telenet.be
http://cat.int.telenet.be
http://cat.lat.telenet.be
http://cat.prd.telenet.be
http://cat.sup.telenet.be
http://cat.trg.telenet.be
http://cat.uat.telenet.be
http://cedric.telenet.be
http://chat.telenet.be
http://cheers.telenet.be
http://choose.telenet.be
http://christel.telenet.be
http://cindy.telenet.be
http://ckgkapoentje.be.apache51.cloud.telenet.be
http://clients.centrex.telenet.be
http://clients.int.centrex.telenet.be
http://cloudfront-app.cloud-infra-dev.awscloud.external.telenet.be
http://cloudmedia.telenet.be
http://cloud.telenet.be
http://collidor.be.apache51.cloud.telenet.be
http://comm-custom.int.telenet.be
http://comm-custom.int.telenet.be:8080
http://comm-custom.prd.telenet.be
http://comm-custom.telenet.be
http://comm-custom.uat.telenet.be
http://comm-custom.uat.telenet.be:8080
http://comm.int.telenet.be
http://comm.int.telenet.be:8080
http://comm.prd.telenet.be
http://comm.telenet.be
http://comm.uat.telenet.be
http://comm.uat.telenet.be:8080
http://communicator.telenet.be
http://community.telenet.be
http://community.uat.telenet.be
http://connect.telenet.be
http://connectuat.telenet.be
http://connmgr.uat.telenet.be
http://contact.telenet.be
http://corporate.telenet.be
http://covias.be.apache51.cloud.telenet.be
http://crossroads.telenet.be
http://cv.telenet.be
http://daphne.telenet.be
http://darwin.telenet.be
http://dbadmin.cloud.telenet.be
http://dc.telenet.be
http://dealer.dvp.telenet.be
http://dealerdvp.telenet.be
http://dealer.edp.telenet.be
http://dealeredp.telenet.be
http://dealer.int.telenet.be
http://dealerint.telenet.be
http://dealer.lat.telenet.be
http://dealerlat.telenet.be
http://dealer.mre.telenet.be
http://dealermre.telenet.be
http://dealer.prd.telenet.be
http://dealer.sup.telenet.be
http://dealersup.telenet.be
http://dealer.telenet.be
http://dealer.trg.telenet.be
http://dealertrg.telenet.be
http://dealer.uat.telenet.be
http://dealeruat.telenet.be
http://deblauwetoren.telenet.be
http://decomac.be.apache53.cloud.telenet.be
http://delphine.telenet.be
http://denboomgaard.telenet.be
http://dennis.telenet.be
http://design.prd.telenet.be
http://design.telenet.be
http://dev.slr.entertainment-tools-dev.awscloud.external.telenet.be
http://dezonnebloem.telenet.be
http://dhaenens.telenet.be
http://diependaele.telenet.be
http://dierenmandje.telenet.be
http://digitaltvblog.telenet.be
http://dios.telenet.be
http://dirk.telenet.be
http://diversity.telenet.be
http://dms.centrex.telenet.be
http://dms.int.centrex.telenet.be
http://doa.telenet.be
http://dominium.telenet.be
http://download.telenet.be
http://dpi-rules.lab.digitalsecurity.telenet.be
http://dpi-rules.prd.digitalsecurity.telenet.be
http://dresscode.telenet.be
http://dse.telenet.be
http://dubois.telenet.be
http://duits.telenet.be
http://dump.telenet.be
http://dwn.telenet.be
http://dzp.telenet.be
http://eagle.telenet.be
http://ecampus.prd.connect.telenet.be
http://echannel.telenet.be
http://ecomater.telenet.be
http://ecs.telenet.be
http://eis.telenet.be
http://elie.telenet.be
http://elvis.telenet.be
http://e-mail.telenet.be
http://email.telenet.be
http://engine.slr.local.entertainment-tools-dev.awscloud.external.telenet.be
http://en.investors.telenet.be
http://enrollmfa.connect.telenet.be
http://enrollmfa.prd.connect.telenet.be
http://enrollmfa.uat.connect.telenet.be
http://eric.telenet.be
http://e.videocall.telenet.be
http://exivity.pf.iot.telenet.be
http://experience.telenet.be
http://extranet.telenet.be
http://facebook.telenet.be
http://fairplay.telenet.be
http://fbc.telenet.be
http://fdsf.be.apache52.cloud.telenet.be
http://feelgood.telenet.be
http://fibernet.telenet.be
http://fielddvp.telenet.be
http://field.edp.telenet.be
http://fieldedp.telenet.be
http://field.int.telenet.be
http://fieldint.telenet.be
http://fieldlat.telenet.be
http://field.mre.telenet.be
http://fieldmre.telenet.be
http://field.prd.telenet.be
http://field.sup.telenet.be
http://fieldsup.telenet.be
http://field.telenet.be
http://field.trg.telenet.be
http://fieldtrg.telenet.be
http://field.uat.telenet.be
http://fielduat.telenet.be
http://filmfestival.telenet.be
http://filmfestival.telenet.be:2052
http://filmfestival.telenet.be:2082
http://filmfestival.telenet.be:2083
http://filmfestival.telenet.be:2086
http://filmfestival.telenet.be:2087
http://filmfestival.telenet.be:2095
http://filmfestival.telenet.be:8080
http://filmfestival.telenet.be:8443
http://filmfestival.telenet.be:8880
http://fio.telenet.be
http://formhandler.prd.telenet.be
http://formhandler.telenet.be
http://forward.telenet.be
http://foto.telenet.be
http://fotozone.telenet.be
http://fransdesmet.telenet.be
http://fr.investors.telenet.be
http://ftp.telenet.be
http://gamesmirrors.telenet.be
http://games.telenet.be
http://gamezone.telenet.be
http://gbormans.telenet.be
http://gebo.telenet.be
http://gedragscode.telenet.be
http://genius.telenet.be
http://go.centrex.telenet.be
http://go.int.centrex.telenet.be
http://grip.telenet.be
http://gsm.telenet.be
http://guns.telenet.be
http://hawking.prd.connect.telenet.be
http://helpdesk.telenet.be
http://help.telenet.be
http://home.telenet.be
http://h.prd.telenet.be
http://h.telenet.be
http://identityfederation.connect.telenet.be
http://identityfederation.dvp.connect.telenet.be
http://identityfederation.edp.connect.telenet.be
http://identityfederation.int.connect.telenet.be
http://identityfederation.lat.connect.telenet.be
http://identityfederation.mre.connect.telenet.be
http://identityfederation.prd.connect.telenet.be
http://identityfederation.rel.connect.telenet.be
http://identityfederation.sup.connect.telenet.be
http://identityfederation.trg.connect.telenet.be
http://identityfederation.uat.connect.telenet.be
http://idp.connect.telenet.be
http://ihd.telenet.be
http://impersonationapp.connect.telenet.be
http://impersonationapp.dvp.connect.telenet.be
http://impersonationapp.edp.connect.telenet.be
http://impersonationapp.int.connect.telenet.be
http://impersonationapp.lat.connect.telenet.be
http://impersonationapp.mre.connect.telenet.be
http://impersonationapp.prd.connect.telenet.be
http://impersonationapp.sup.connect.telenet.be
http://impersonationapp.trg.connect.telenet.be
http://impersonationapp.uat.connect.telenet.be
http://impersonation.connect.telenet.be
http://impersonation.dvp.connect.telenet.be
http://impersonation.edp.connect.telenet.be
http://impersonation.int.connect.telenet.be
http://impersonation.lat.connect.telenet.be
http://impersonation.mre.connect.telenet.be
http://impersonation.sup.connect.telenet.be
http://impersonation.trg.connect.telenet.be
http://impersonation.uat.connect.telenet.be
http://info.telenet.be
http://inoxdesign.be.apache52.cloud.telenet.be
http://insideout.telenet.be
http://internet.telenet.be
http://invebelgie.be.apache52.cloud.telenet.be
http://investors.telenet.be
http://ipv6.telenet.be
http://itk.telenet.be
http://iwan.telenet.be
http://jaarverslag2011.telenet.be
http://jaarverslag2012.telenet.be
http://jackson.telenet.be
http://jbscrtvip.dvp.telenet.be
http://jbscrtvip.edp.telenet.be
http://jbscrtvip.int.telenet.be
http://jbscrtvip.lat.telenet.be
http://jbscrtvip.prd.telenet.be
http://jbscrtvip.sup.telenet.be
http://jbscrtvip.trg.telenet.be
http://jbscrtvip.uat.telenet.be
http://jess.telenet.be
http://jobs.telenet.be
http://karl.telenet.be
http://kellen.telenet.be
http://kelsey.telenet.be
http://king.telenet.be
http://klantenservice-be.telenet.be
http://klantenservice-fr.telenet.be
http://klantenservice.prd.connect.telenet.be
http://klantenservice.telenet.be
http://klantenservice.uat.connect.telenet.be
http://kong.telenet.be
http://kotnet.dvp.telenet.be
http://kotnet.edp.telenet.be
http://kotnet.prd.telenet.be
http://kotnet.prd.telenet.be:22
http://kotnet.telenet.be
http://kotnet.telenet.be:22
http://kotnet.trg.telenet.be
http://kotnet.uat.telenet.be
http://kotnet.uat.telenet.be:22
http://kristof.telenet.be
http://lab.telenet.be
http://leeuwerik.telenet.be
http://lindenhof-olen.be.apache51.cloud.telenet.be
http://lingier.telenet.be
http://linstantaupresent.be.apache51.cloud.telenet.be
http://lkwadraat.telenet.be
http://local.slr.entertainment-tools-dev.awscloud.external.telenet.be
http://login.connect.telenet.be
http://login.dvp.connect.telenet.be
http://login.edp.connect.telenet.be
http://login.int.connect.telenet.be
http://login.lat.connect.telenet.be
http://login.mail.telenet.be
http://login.mre.connect.telenet.be
http://login.prd.telenet.be
http://login.preprod.connect.telenet.be
http://login.sup.connect.telenet.be
http://login.trg.connect.telenet.be
http://login.uat.connect.telenet.be
http://lucas.telenet.be
http://luna.telenet.be
http://magino.telenet.be
http://mail.telenet.be
http://mail.uat.telenet.be
http://maintenance.telenet.be
http://marenostrum.telenet.be
http://marianne.telenet.be
http://marita.telenet.be
http://master.telenet.be
http://meldingen.prd.telenet.be
http://meldingen.prd.telenet.be:22
http://meldingen.telenet.be
http://meteo.telenet.be
http://metrics.prd.telenet.be
http://metrics.telenet.be
http://mijn-46.prd.telenet.be
http://mijn-46.telenet.be
http://mijn-4.dvp.telenet.be
http://mijn-4.edp.telenet.be
http://mijn-4.int.telenet.be
http://mijn-4.prd.telenet.be
http://mijn-4.sup.telenet.be
http://mijn-4.telenet.be
http://mijn-4.trg.telenet.be
http://mijn-4.uat.telenet.be
http://mijncms.dvp.telenet.be
http://mijncms.edp.telenet.be
http://mijncms.int.telenet.be
http://mijncms.lat.telenet.be
http://mijncms.lat.telenet.be:22
http://mijncms.prd.telenet.be
http://mijncms.prd.telenet.be:22
http://mijncms.sup.telenet.be
http://mijncms.telenet.be
http://mijncms.telenet.be:22
http://mijncms.trg.telenet.be
http://mijncms.uat.telenet.be
http://mijncms.uat.telenet.be:22
http://mijn.dvp.telenet.be
http://mijn.edp.telenet.be
http://mijn.int.telenet.be
http://mijn.lat.telenet.be
http://mijn.prd.telenet.be
http://mijn.sup.telenet.be
http://mijn.telenet.be
http://mijn.trg.telenet.be
http://mijn.uat.telenet.be
http://miranda.telenet.be
http://mira.telenet.be
http://mkt-custom.prd.telenet.be
http://mkt-custom.telenet.be
http://mk.telenet.be
http://mkt.prd.telenet.be
http://mlp.prd.telenet.be
http://mms.telenet.be
http://mobielediensten.telenet.be
http://mobileactivation.prd.telenet.be
http://mobileactivation.telenet.be
http://mobile.telenet.be
http://monitoring.cloud.telenet.be
http://motive.telenet.be
http://mounir.telenet.be
http://mpa.telenet.be
http://m.prd.telenet.be
http://m.telenet.be
http://mvh.telenet.be
http://myaccount.telenet.be
http://mybill.services.telenet.be
http://mybill.telenet.be
http://mybusinessphone.prd.telenet.be
http://mybusinessphone.prd.telenet.be:22
http://mybusinessphone.telenet.be
http://mybusinessphone.telenet.be:22
http://mycloud2.telenet.be
http://mycloudportal.telenet.be
http://mycloud.telenet.be
http://myfreephonebusiness.prd.telenet.be
http://myfreephonebusiness.telenet.be
http://mysecuritypackpro.prd.telenet.be
http://mysecuritypackpro.telenet.be
http://mysettings.cloud.telenet.be
http://mysql06.cloud.telenet.be
http://mysql07.cloud.telenet.be
http://mysql08.cloud.telenet.be
http://mysql09.cloud.telenet.be
http://my.telenet.be
http://mywifibusiness.prd.telenet.be
http://mywifibusiness.telenet.be
http://mywifibusiness.uat.telenet.be
http://narrowcasting.telenet.be
http://netaanleg.dvp.telenet.be
http://netaanleg.edp.telenet.be
http://netaanleg.int.telenet.be
http://netaanleg.prd.telenet.be
http://netaanleg.prd.telenet.be:22
http://netaanleg.sup.telenet.be
http://netaanleg.telenet.be
http://netaanleg.telenet.be:22
http://netaanleg.trg.telenet.be
http://netaanleg.uat.telenet.be
http://netaanleg.uat.telenet.be:22
http://netgauge.prd.telenet.be
http://netgauge.telenet.be
http://networkmsg.telenet.be
http://new.educationusa.be.apache51.cloud.telenet.be
http://new.fulbrightschuman.eu.apache52.cloud.telenet.be
http://newhome.telenet.be
http://nidur.telenet.be
http://nieuwsbrief.telenet.be
http://nlb-test2.hubv2poc-playground.awscloud.external.telenet.be
http://nlb-test.hubv2poc-playground.awscloud.external.telenet.be
http://nl.investors.telenet.be
http://nona.telenet.be
http://oase.telenet.be
http://oauth.dvp.telenet.be
http://oauth.edp.telenet.be
http://oauth.int.telenet.be
http://oauth.lat.telenet.be
http://oauth.prd.telenet.be
http://oauth.sup.telenet.be
http://oauth.telenet.be
http://oauth.trg.telenet.be
http://oauth.uat.telenet.be
http://ogone-resources.telenet.be
http://ogone-resources.uat.telenet.be
http://ogw.prd.connect.telenet.be
http://ogw.uat.connect.telenet.be
http://onlinehelp.cloud.telenet.be
http://onlinestorage.telenet.be
http://onlinesupport.telenet.be
http://opendnsmsg.telenet.be
http://order.cloud.telenet.be
http://ordertool.dvp.telenet.be
http://ordertool.edp.telenet.be
http://ordertool.int.telenet.be
http://ordertool.lat.telenet.be
http://ordertool.lat.telenet.be:22
http://ordertool.prd.telenet.be
http://ordertool.prd.telenet.be:22
http://ordertool.sup.telenet.be
http://ordertool.telenet.be
http://ordertool.telenet.be:22
http://ordertool.trg.telenet.be
http://ordertool.uat.telenet.be
http://ordertool.uat.telenet.be:22
http://osteokinepraktijk.be.apache52.cloud.telenet.be
http://owa.staff.telenet.be
http://pac.telenet.be
http://pac.telenet.be:8080
http://parrainage.telenet.be
http://partners.telenet.be
http://pctv.telenet.be
http://pele.telenet.be
http://pers.telenet.be
http://peter.telenet.be
http://petes.telenet.be
http://philip.telenet.be
http://playsports.telenet.be
http://pmm.prd.telenet.be
http://pmm.telenet.be
http://pomeranians.telenet.be
http://portal.connect.telenet.be
http://portal.connectuat.telenet.be
http://portalssl.connectuat.telenet.be
http://prd.sofy-prod.awscloud.external.telenet.be
http://press.telenet.be
http://press.telenet.be:2083
http://press.telenet.be:2087
http://press.telenet.be:8443
http://preview.telenet.be
http://procrastination.telenet.be
http://proeflab.telenet.be
http://recreavolleykortrijk.telenet.be
http://redirect.prd.telenet.be
http://redirect.telenet.be
http://redirect.uat.telenet.be
http://repair.telenet.be
http://reroutingmngr.prd.telenet.be
http://reroutingmngr.telenet.be
http://research.telenet.be
http://rex.telenet.be
http://rock.telenet.be
http://rrn-client.telenet.be
http://rspwd.connect.telenet.be
http://rspwd.prd.connect.telenet.be
http://rumble.telenet.be
http://rune.telenet.be
https://9lives.prd.telenet.be
https://aanrekening-info.prd.telenet.be
https://aanrekening-info.prd.telenet.be:8443
https://aanrekening-info.telenet.be
https://aanrekening-info.telenet.be:8443
https://abuse.telenet.be
https://access.cloud.telenet.be
https://account.telenet.be
https://activeer.telenet.be
https://adcaemvip-4.prd.telenet.be
https://adcaemvip.prd.telenet.be
https://adcbasevip.prd.telenet.be
https://adccussafvip.prd.telenet.be
https://adccusvip-4.prd.telenet.be
https://adccusvip-4.prd.telenet.be:8443
https://adccusvip.prd.telenet.be
https://adccusvip.prd.telenet.be:8443
https://adcospvip-4.prd.telenet.be
https://adelavino.be.apache53.cloud.telenet.be
https://adt.prd.connect.telenet.be
http://safespot.download.telenet.be
http://safespotpro.telenet.be
http://safespot.telenet.be
https://agent-gateway.int.digitalsecurity.telenet.be
https://agent-gateway.lab.digitalsecurity.telenet.be
https://agent-gateway.prd.digitalsecurity.telenet.be
https://agentservice.dvp.connect.telenet.be
https://agentservice.prd.connect.telenet.be
https://agentservice.uat.connect.telenet.be
https://alexandervervaet.be.apache52.cloud.telenet.be
https://alphabru.be.apache51.cloud.telenet.be
http://samenstraffer.telenet.be
http://sammy.telenet.be
https://apache37.cloud.telenet.be
https://apache38.cloud.telenet.be
https://apache41.cloud.telenet.be
https://apache51.cloud.telenet.be
https://apache52.cloud.telenet.be
https://apache53.cloud.telenet.be
https://apache54.cloud.telenet.be
https://apache55.cloud.telenet.be
https://apaexpaamvip.prd.connect.telenet.be
https://apaexpcamvip.dvp.connect.telenet.be
https://apaexpcamvip.edp.connect.telenet.be
https://apaexpcamvip.int.connect.telenet.be
https://apaexpcamvip.lat.connect.telenet.be
https://apaexpcamvip.mre.connect.telenet.be
https://apaexpcamvip.prd.connect.telenet.be
https://apaexpcamvip.rel.connect.telenet.be
https://apaexpcamvip.sup.connect.telenet.be
https://apaexpcamvip.trg.connect.telenet.be
https://apaexpcamvip.uat.connect.telenet.be
https://apawgdvip.dvp.connect.telenet.be
https://apawgdvip.edp.connect.telenet.be
https://apawgdvip.int.connect.telenet.be
https://apawgdvip.lat.connect.telenet.be
https://apawgdvip.mre.connect.telenet.be
https://apawgdvip.prd.connect.telenet.be
https://apawgdvip.rel.connect.telenet.be
https://apawgdvip.sup.connect.telenet.be
https://apawgdvip.trg.connect.telenet.be
https://apawgdvip.uat.connect.telenet.be
https://apgdmzvip.dvp.connect.telenet.be
https://apgdmzvip.dvp.connect.telenet.be:8000
https://apgdmzvip.dvp.connect.telenet.be:8007
https://apgdmzvip.dvp.connect.telenet.be:8010
https://apgdmzvip.dvp.connect.telenet.be:8045
https://apgdmzvip.edp.connect.telenet.be
https://apgdmzvip.edp.connect.telenet.be:8000
https://apgdmzvip.edp.connect.telenet.be:8007
https://apgdmzvip.edp.connect.telenet.be:8010
https://apgdmzvip.edp.connect.telenet.be:8045
https://apgdmzvip.edp.connect.telenet.be:8069
https://apgdmzvip.int.connect.telenet.be
https://apgdmzvip.int.connect.telenet.be:8000
https://apgdmzvip.int.connect.telenet.be:8007
https://apgdmzvip.int.connect.telenet.be:8009
https://apgdmzvip.int.connect.telenet.be:8010
https://apgdmzvip.int.connect.telenet.be:8045
https://apgdmzvip.int.connect.telenet.be:8069
https://apgdmzvip.lat.connect.telenet.be
https://apgdmzvip.lat.connect.telenet.be:8007
https://apgdmzvip.lat.connect.telenet.be:8010
https://apgdmzvip.lat.connect.telenet.be:8045
https://apgdmzvip.lat.connect.telenet.be:8069
https://apgdmzvip.mre.connect.telenet.be
https://apgdmzvip.mre.connect.telenet.be:8000
https://apgdmzvip.mre.connect.telenet.be:8010
https://apgdmzvip.mre.connect.telenet.be:8045
https://apgdmzvip.mre.connect.telenet.be:8069
https://apgdmzvip.prd.connect.telenet.be
https://apgdmzvip.prd.connect.telenet.be:8000
https://apgdmzvip.prd.connect.telenet.be:8007
https://apgdmzvip.prd.connect.telenet.be:8009
https://apgdmzvip.prd.connect.telenet.be:8010
https://apgdmzvip.prd.connect.telenet.be:8045
https://apgdmzvip.prd.connect.telenet.be:8069
https://apgdmzvip.sup.connect.telenet.be
https://apgdmzvip.sup.connect.telenet.be:8000
https://apgdmzvip.sup.connect.telenet.be:8007
https://apgdmzvip.sup.connect.telenet.be:8010
https://apgdmzvip.sup.connect.telenet.be:8045
https://apgdmzvip.trg.connect.telenet.be
https://apgdmzvip.trg.connect.telenet.be:8000
https://apgdmzvip.trg.connect.telenet.be:8007
https://apgdmzvip.trg.connect.telenet.be:8009
https://apgdmzvip.trg.connect.telenet.be:8010
https://apgdmzvip.trg.connect.telenet.be:8045
https://apgdmzvip.trg.connect.telenet.be:8069
https://apgdmzvip.uat.connect.telenet.be
https://apgdmzvip.uat.connect.telenet.be:8000
https://apgdmzvip.uat.connect.telenet.be:8007
https://apgdmzvip.uat.connect.telenet.be:8009
https://apgdmzvip.uat.connect.telenet.be:8010
https://apgdmzvip.uat.connect.telenet.be:8045
https://apgdmzvip.uat.connect.telenet.be:8069
https://api.cloud.telenet.be
https://api.dvp.telenet.be
https://api.int.telenet.be
https://api.prd.telenet.be
https://api.prd.telenet.be:8443
https://api.sup.telenet.be
https://api.trg.telenet.be
https://api.uat.telenet.be
https://apm.prd.telenet.be
https://apm.prd.telenet.be:8443
https://appareils.telenet.be
https://appledvp.telenet.be
https://appleedp.telenet.be
https://appleint.telenet.be
https://applelat.telenet.be
https://applemre.telenet.be
https://apple.prd.telenet.be
https://apple.telenet.be
https://appletrg.telenet.be
https://appleuat.telenet.be
https://apps.servicesdvp.telenet.be
https://apps.servicesedp.telenet.be
https://apps.servicesint.telenet.be
https://apps.servicessup.telenet.be
https://aqua-antwerpen.be.apache53.cloud.telenet.be
https://atelier-adiante.be.apache54.cloud.telenet.be
https://audittracking.prd.connect.telenet.be
https://autodiscover.staff.telenet.be
https://banners.telenet.be
https://basevip.int.connect.telenet.be
https://basevip.prd.connect.telenet.be
https://binaries.telenet.be
https://bi.telenet.be
https://blogs.telenet.be
https://blog.telenet.be
https://business.dvp.telenet.be
https://business.prd.telenet.be
https://business.uat.telenet.be
https://campagnes.telenet.be
https://careers.telenet.be
https://cat.prd.telenet.be
https://cat.prd.telenet.be:8443
https://cert.telenet.be
http://schilderkunst.telenet.be
http://schoolnet.telenet.be
https://ckgkapoentje.be.apache51.cloud.telenet.be
https://clients.centrex.telenet.be
https://clients.int.centrex.telenet.be
https://cloudfront-app.cloud-infra-dev.awscloud.external.telenet.be
https://cloudmedia.telenet.be
https://collidor.be.apache51.cloud.telenet.be
https://comm-custom.int.telenet.be
https://comm-custom.prd.telenet.be
https://comm-custom.telenet.be
https://comm-custom.uat.telenet.be
https://comm.int.telenet.be
https://comm.prd.telenet.be
https://comm.telenet.be
https://comm.uat.telenet.be
https://communicator.telenet.be
https://community.telenet.be
https://community.uat.telenet.be
https://connect.telenet.be
https://connectuat.telenet.be
https://connmgr.uat.telenet.be
https://contact.telenet.be
https://corporate.telenet.be
https://covias.be.apache51.cloud.telenet.be
https://crossroads.telenet.be
https://cwmp.devicemanagement.telenet.be
https://dbadmin.cloud.telenet.be
https://dealer.dvp.telenet.be
https://dealerdvp.telenet.be
https://dealer.edp.telenet.be
https://dealeredp.telenet.be
https://dealer.int.telenet.be
https://dealerint.telenet.be
https://dealer.lat.telenet.be
https://dealerlat.telenet.be
https://dealer.mre.telenet.be
https://dealermre.telenet.be
https://dealer.prd.telenet.be
https://dealer.sup.telenet.be
https://dealersup.telenet.be
https://dealer.telenet.be
https://dealer.trg.telenet.be
https://dealertrg.telenet.be
https://dealer.uat.telenet.be
https://dealeruat.telenet.be
https://decomac.be.apache53.cloud.telenet.be
https://design.prd.telenet.be
https://design.prd.telenet.be:8443
https://design.telenet.be
https://design.telenet.be:8443
https://dev.slr.entertainment-tools-dev.awscloud.external.telenet.be
https://digitaltvblog.telenet.be
https://dms.centrex.telenet.be
https://dms.int.centrex.telenet.be
https://download.telenet.be
https://dpi-rules.int.digitalsecurity.telenet.be
https://dpi-rules.lab.digitalsecurity.telenet.be
https://dpi-rules.prd.digitalsecurity.telenet.be
http://searchapi.dvp.telenet.be
http://searchapi.edp.telenet.be
http://searchapi.int.telenet.be
http://searchapi.lat.telenet.be
http://searchapi.prd.telenet.be
http://searchapi.sup.telenet.be
http://searchapi.telenet.be
http://searchapi.trg.telenet.be
http://searchapi.uat.telenet.be
http://search.telenet.be
https://ebizuat.telenet.be
https://ebizuat.telenet.be:8000
https://ebizuat.telenet.be:8010
https://ebizuat.telenet.be:8045
https://ebizuat.telenet.be:8069
https://ecampus.prd.connect.telenet.be
https://echannel.telenet.be
https://ecs.telenet.be
http://securitymonitoring.telenet.be
http://securityportal.telenet.be
https://edp.tv.telenet.be
https://eis.telenet.be
http://selfstarter.prd.telenet.be
http://selfstarter.telenet.be
https://e-mail.telenet.be
https://email.telenet.be
https://en.investors.telenet.be
https://enrollmfa.connect.telenet.be
https://enrollmfa.prd.connect.telenet.be
https://enrollmfa.uat.connect.telenet.be
http://serviceclient.telenet.be
http://servicedesk.telenet.be
http://servicesedp.telenet.be
http://servicesint.telenet.be
http://serviceslat.telenet.be
http://services.telenet.be
http://servicestrg.telenet.be
http://servicesuat.telenet.be
https://e.videocall.telenet.be
https://extranet.telenet.be
https://facebook.telenet.be
https://fairplay.telenet.be
https://fdsf.be.apache52.cloud.telenet.be
https://fibernet.telenet.be
https://field.dvp.telenet.be
https://fielddvp.telenet.be
https://field.edp.telenet.be
https://fieldedp.telenet.be
https://field.int.telenet.be
https://fieldint.telenet.be
https://fieldlat.telenet.be
https://field.mre.telenet.be
https://fieldmre.telenet.be
https://field.prd.telenet.be
https://field.sup.telenet.be
https://fieldsup.telenet.be
https://field.telenet.be
https://field.trg.telenet.be
https://fieldtrg.telenet.be
https://field.uat.telenet.be
https://fielduat.telenet.be
https://filmfestival.telenet.be
https://formhandler.prd.telenet.be
https://formhandler.prd.telenet.be:8443
https://formhandler.telenet.be
https://formhandler.telenet.be:8443
https://foto.telenet.be
https://fotozone.telenet.be
https://fr.investors.telenet.be
https://ft.telenet.be
https://ft.telenet.be:8443
https://fut.tv.telenet.be
https://games.telenet.be
https://gamezone.telenet.be
https://gedragscode.telenet.be
https://genius.telenet.be
https://genius.telenet.be:8443
https://go.centrex.telenet.be
https://go.int.centrex.telenet.be
http://shake.telenet.be
http://sharon.telenet.be
https://hawking.prd.connect.telenet.be
https://helpdesk.telenet.be
https://help.telenet.be
http://shim.telenet.be
http://shirley.telenet.be
http://shop.dvp.telenet.be
http://shop.edp.telenet.be
http://shop.int.telenet.be
http://shop.lat.telenet.be
http://shop.lat.telenet.be:22
http://shop.prd.telenet.be
http://shop.prd.telenet.be:22
http://shop.sup.telenet.be
http://shop.telenet.be
http://shop.telenet.be:22
http://shop.trg.telenet.be
http://shop.uat.telenet.be
http://shop.uat.telenet.be:22
https://horizonapps.connect.telenet.be
https://horizonapps.uat.connect.telenet.be
https://horizonvdi.connect.telenet.be
https://host1tenant1.awscloud.external.telenet.be
https://host1tenant2.awscloud.external.telenet.be
https://identityfederation.connect.telenet.be
https://identityfederation.dvp.connect.telenet.be
https://identityfederation.edp.connect.telenet.be
https://identityfederation.int.connect.telenet.be
https://identityfederation.lat.connect.telenet.be
https://identityfederation.mre.connect.telenet.be
https://identityfederation.prd.connect.telenet.be
https://identityfederation.rel.connect.telenet.be
https://identityfederation.sup.connect.telenet.be
https://identityfederation.trg.connect.telenet.be
https://identityfederation.uat.connect.telenet.be
https://idmsso.prd.connect.telenet.be
https://idp.connect.telenet.be
http://simcard.telenet.be
https://impersonationapp.connect.telenet.be
https://impersonationapp.dvp.connect.telenet.be
https://impersonationapp.edp.connect.telenet.be
https://impersonationapp.int.connect.telenet.be
https://impersonationapp.lat.connect.telenet.be
https://impersonationapp.mre.connect.telenet.be
https://impersonationapp.prd.connect.telenet.be
https://impersonationapp.sup.connect.telenet.be
https://impersonationapp.trg.connect.telenet.be
https://impersonationapp.uat.connect.telenet.be
https://impersonation.connect.telenet.be
https://impersonation.dvp.connect.telenet.be
https://impersonation.edp.connect.telenet.be
https://impersonation.int.connect.telenet.be
https://impersonation.lat.connect.telenet.be
https://impersonation.mre.connect.telenet.be
https://impersonation.sup.connect.telenet.be
https://impersonation.trg.connect.telenet.be
https://impersonation.uat.connect.telenet.be
http://simvip.int.telenet.be
http://simvip.int.telenet.be:8080
http://simvip.prd.telenet.be
http://simvip.uat.telenet.be
http://simvip.uat.telenet.be:8080
https://inoxdesign.be.apache52.cloud.telenet.be
https://invebelgie.be.apache52.cloud.telenet.be
https://investors.telenet.be
https://iot.int.telenet.be
https://iot.prd.telenet.be
https://iot.telenet.be
https://iot.uat.telenet.be
https://ipv6.telenet.be
https://jaarverslag2011.telenet.be
https://jaarverslag2012.telenet.be
https://jbscrtvip.dvp.telenet.be
https://jbscrtvip.edp.telenet.be
https://jbscrtvip.int.telenet.be
https://jbscrtvip.sup.telenet.be
https://jobs.telenet.be
https://klantenservice-be.telenet.be
https://klantenservice.dvp.connect.telenet.be
https://klantenservice-fr.telenet.be
https://klantenservice.prd.connect.telenet.be
https://klantenservice.telenet.be
https://klantenservice.uat.connect.telenet.be
https://kotnet.dvp.telenet.be
https://kotnet.edp.telenet.be
https://kotnet.prd.telenet.be
https://kotnet.telenet.be
https://kotnet.uat.telenet.be
https://lindenhof-olen.be.apache51.cloud.telenet.be
https://linstantaupresent.be.apache51.cloud.telenet.be
https://local.slr.entertainment-tools-dev.awscloud.external.telenet.be
https://login.connect.telenet.be
https://login.dvp.connect.telenet.be
https://login.edp.connect.telenet.be
https://login.int.connect.telenet.be
https://login.lat.connect.telenet.be
https://login.mail.telenet.be
https://login.mre.connect.telenet.be
https://login.prd.telenet.be
https://login.prd.telenet.be:8443
https://login.preprod.connect.telenet.be
https://login-sp.prd.connect.telenet.be
https://login.sup.connect.telenet.be
https://login.trg.connect.telenet.be
https://login.uat.connect.telenet.be
https://logproxy.int.digitalsecurity.telenet.be
https://logproxy.lab.digitalsecurity.telenet.be
https://logproxy.prd.digitalsecurity.telenet.be
http://slr.dev.entertainment-tools-dev.awscloud.external.telenet.be
http://slr.local.entertainment-tools-dev.awscloud.external.telenet.be
http://slr.prod.entertainment-tools-prod.awscloud.external.telenet.be
https://mail.telenet.be
https://mail.uat.telenet.be
https://master.telenet.be
http://smb.telenet.be
https://meldingen.prd.telenet.be
https://meldingen.telenet.be
https://meteo.telenet.be
http://smetrics.prd.telenet.be
https://metrics.prd.telenet.be
http://smetrics.telenet.be
https://metrics.telenet.be
http://smet.telenet.be
https://mijn-46.prd.telenet.be
https://mijn-46.prd.telenet.be:8443
https://mijn-46.telenet.be
https://mijn-46.telenet.be:8443
https://mijn-4.prd.telenet.be
https://mijn-4.prd.telenet.be:8443
https://mijn-4.telenet.be
https://mijn-4.telenet.be:8443
https://mijncms.dvp.telenet.be
https://mijncms.edp.telenet.be
https://mijncms.int.telenet.be
https://mijncms.prd.telenet.be
https://mijncms.sup.telenet.be
https://mijncms.uat.telenet.be
https://mijn.prd.telenet.be
https://mijn.prd.telenet.be:8443
https://mijn.telenet.be
https://mijn.telenet.be:8443
https://mkt-custom.prd.telenet.be
https://mkt-custom.telenet.be
https://mkt.prd.telenet.be
https://mlp.prd.telenet.be
https://mlp.prd.telenet.be:8443
https://mms.telenet.be
https://mobielediensten.telenet.be
https://mobileactivation.prd.telenet.be
https://mobileactivation.prd.telenet.be:8443
https://mobileactivation.telenet.be
https://mobileactivation.telenet.be:8443
https://mobile-gateway.int.digitalsecurity.telenet.be
https://mobile-gateway.lab.digitalsecurity.telenet.be
https://mobile.telenet.be
https://monitoring.cloud.telenet.be
http://smo.telenet.be
http://sms.telenet.be
https://myaccount.telenet.be
https://mybill.servicesint.telenet.be
https://mybill.servicesuat.telenet.be
https://mybill.telenet.be
https://mybill.telenet.be:8443
https://mybusinessphone.prd.telenet.be
https://mybusinessphone.telenet.be
https://mycloud2.telenet.be
https://mycloudportal.telenet.be
https://mycloud.telenet.be
https://myfreephonebusiness.prd.telenet.be
https://myfreephonebusiness.prd.telenet.be:8443
https://myfreephonebusiness.telenet.be
https://myfreephonebusiness.telenet.be:8443
https://mysecuritypackpro.prd.telenet.be
https://mysecuritypackpro.prd.telenet.be:8443
https://mysecuritypackpro.telenet.be
https://mysecuritypackpro.telenet.be:8443
https://mysettings.cloud.telenet.be
https://mysql06.cloud.telenet.be
https://mysql07.cloud.telenet.be
https://mysql08.cloud.telenet.be
https://mysql09.cloud.telenet.be
https://my.telenet.be
https://my.telenet.be:8443
https://mywifibusiness.prd.telenet.be
https://mywifibusiness.prd.telenet.be:8443
https://mywifibusiness.telenet.be
https://mywifibusiness.telenet.be:8443
http://snap.telenet.be
https://netaanleg.dvp.telenet.be
https://netaanleg.edp.telenet.be
https://netaanleg.int.telenet.be
https://netaanleg.prd.telenet.be
https://netaanleg.sup.telenet.be
https://netaanleg.telenet.be
https://netaanleg.uat.telenet.be
https://netgauge01.uat.telenet.be:8080
https://netgauge.prd.telenet.be:8080
https://netgauge.telenet.be:8080
https://netgauge.uat.telenet.be:8080
https://networkmsg.telenet.be
https://new.educationusa.be.apache51.cloud.telenet.be
https://new.fulbrightschuman.eu.apache52.cloud.telenet.be
https://nieuwsbrief.telenet.be
https://nl.investors.telenet.be
https://oac.sup.connect.telenet.be
https://oagdvip.dvp.connect.telenet.be
https://oauth.dvp.telenet.be
https://oauth.edp.telenet.be
https://oauth.int.telenet.be
https://oauth.sup.telenet.be
https://oauth.telenet.be
https://ofavip.prd.connect.telenet.be
https://ogone-resources.telenet.be
https://ogone-resources.uat.telenet.be
https://ogw.dvp.connect.telenet.be
https://ogw.int.connect.telenet.be
https://ogw.prd.connect.telenet.be
https://ogw.trg.connect.telenet.be
https://ogw.uat.connect.telenet.be
https://oic.sup.connect.telenet.be
http://soma.telenet.be
https://one2go.telenet.be
https://onlinestorage.telenet.be
https://onlinesupport.telenet.be
https://order.cloud.telenet.be
https://ordertool.dvp.telenet.be
https://ordertool.edp.telenet.be
https://ordertool.int.telenet.be
https://ordertool.sup.telenet.be
https://ordertool.uat.telenet.be
https://osteokinepraktijk.be.apache52.cloud.telenet.be
https://owa.staff.telenet.be
https://parrainage.telenet.be
http://specials.telenet.be
http://speed.telenet.be
http://speedtest2.telenet.be
http://speedtest.prd.telenet.be
http://speedtest.telenet.be
https://pers.telenet.be
http://spike.telenet.be
https://pmm.prd.telenet.be
https://pmm.prd.telenet.be:8443
https://pmm.telenet.be
https://pmm.telenet.be:8443
https://portal.connect.telenet.be
https://portal.connectuat.telenet.be
https://portalssl.connect.telenet.be
https://portalssl.connectuat.telenet.be
http://sportzomer.telenet.be
https://prd.sofy-prod.awscloud.external.telenet.be
https://press.telenet.be
https://press.telenet.be:2083
https://preview.telenet.be
https://proeflab.telenet.be
https://pst.tv.telenet.be
https://redirect.prd.telenet.be
https://redirect.uat.telenet.be
https://registration.int.digitalsecurity.telenet.be
https://registration.lab.digitalsecurity.telenet.be
https://registration.prd.digitalsecurity.telenet.be
https://repair.telenet.be
https://reputation.int.digitalsecurity.telenet.be
https://reputation.lab.digitalsecurity.telenet.be
https://reputation.prd.digitalsecurity.telenet.be
https://reroutingmngr.prd.telenet.be
https://reroutingmngr.telenet.be
https://research.telenet.be
https://rrn-client.telenet.be
https://rspwd.connect.telenet.be
https://rspwd.prd.connect.telenet.be
https://safespot.download.telenet.be
https://safespotpro.telenet.be
https://safespot.telenet.be
https://samenstraffer.telenet.be
https://schoolnet.telenet.be
https://scmerp.prd.connect.telenet.be
https://searchapi.dvp.telenet.be
https://searchapi.edp.telenet.be
https://searchapi.int.telenet.be
https://searchapi.sup.telenet.be
https://search.telenet.be
https://securitymonitoring.telenet.be
https://securityportal.telenet.be
https://selfstarter.prd.telenet.be
https://selfstarter.telenet.be
https://serviceclient.telenet.be
https://servicesint.telenet.be
https://services.telenet.be
https://servicestrg.telenet.be
https://servicesuat.telenet.be
https://shake.telenet.be
https://shop.dvp.telenet.be
https://shop.edp.telenet.be
https://shop.int.telenet.be
https://shop.prd.telenet.be
https://shop.sup.telenet.be
https://shop.telenet.be
https://shop.uat.telenet.be
https://simcard.telenet.be
https://simvip.int.telenet.be
https://simvip.uat.telenet.be
https://sisdvp.telenet.be
https://sisdvp.telenet.be:8000
https://sisdvp.telenet.be:8007
https://sisdvp.telenet.be:8010
https://sisdvp.telenet.be:8045
https://sisedp.telenet.be
https://sisedp.telenet.be:8000
https://sisedp.telenet.be:8007
https://sisedp.telenet.be:8010
https://sisedp.telenet.be:8045
https://sisedp.telenet.be:8069
https://sisint.telenet.be
https://sisint.telenet.be:8000
https://sisint.telenet.be:8007
https://sisint.telenet.be:8009
https://sisint.telenet.be:8010
https://sisint.telenet.be:8045
https://sisint.telenet.be:8069
https://sislat.telenet.be
https://sislat.telenet.be:8007
https://sislat.telenet.be:8010
https://sislat.telenet.be:8045
https://sislat.telenet.be:8069
https://sismre.telenet.be
https://sismre.telenet.be:8000
https://sismre.telenet.be:8010
https://sismre.telenet.be:8045
https://sismre.telenet.be:8069
https://sissup.telenet.be
https://sissup.telenet.be:8000
https://sissup.telenet.be:8007
https://sissup.telenet.be:8010
https://sissup.telenet.be:8045
https://sis.telenet.be
https://sis.telenet.be:8000
https://sis.telenet.be:8007
https://sis.telenet.be:8009
https://sis.telenet.be:8010
https://sis.telenet.be:8045
https://sis.telenet.be:8069
https://sistrg.telenet.be
https://sistrg.telenet.be:8000
https://sistrg.telenet.be:8007
https://sistrg.telenet.be:8009
https://sistrg.telenet.be:8010
https://sistrg.telenet.be:8045
https://sistrg.telenet.be:8069
https://sisuat.telenet.be
https://sisuat.telenet.be:8000
https://sisuat.telenet.be:8007
https://sisuat.telenet.be:8009
https://sisuat.telenet.be:8010
https://sisuat.telenet.be:8045
https://sisuat.telenet.be:8069
https://skpvip.prd.connect.telenet.be
https://slr.dev.entertainment-tools-dev.awscloud.external.telenet.be
https://slr.local.entertainment-tools-dev.awscloud.external.telenet.be
https://slr.prod.entertainment-tools-prod.awscloud.external.telenet.be
https://smartflow.telenet.be
https://smartvisitor.connect.telenet.be
https://smartwork.prd.telenet.be
https://smb.telenet.be
https://smetrics.prd.telenet.be
https://smetrics.telenet.be
https://sms.telenet.be
https://snap.telenet.be
http://sso.dvp.telenet.be
http://sso.edp.telenet.be
http://sso.int.telenet.be
http://sso.prd.telenet.be
http://sso.sup.telenet.be
http://sso.trg.telenet.be
http://sso.uat.telenet.be
https://specials.telenet.be
https://speed.telenet.be
https://speedtest2.telenet.be
https://speedtest.prd.telenet.be
https://speedtest.prd.telenet.be:8443
https://speedtest.telenet.be
https://speedtest.telenet.be:8443
https://splhefvip.cmt.connect.telenet.be:8088
https://splhefvip.cmt.connect.telenet.be:8089
https://splk-hf-aws-01.cloud.telenet.be:8088
https://splk-hf-lb.cloud.telenet.be:8088
https://sportzomer.telenet.be
https://sslvpn.telenet.be
https://sso.dvp.telenet.be
https://sso.edp.telenet.be
https://sso.int.telenet.be
https://sso.sup.telenet.be
https://static-a.dvp.telenet.be
https://static-a.edp.telenet.be
https://static-a.int.telenet.be
https://static-a.sup.telenet.be
https://static-a.telenet.be
https://static-a.uat.telenet.be
https://static-b.dvp.telenet.be
https://static-b.edp.telenet.be
https://static-b.int.telenet.be
https://static-b.sup.telenet.be
https://static-b.telenet.be
https://static-b.uat.telenet.be
https://static-c.dvp.telenet.be
https://static-c.edp.telenet.be
https://static-c.int.telenet.be
https://static-c.sup.telenet.be
https://static-c.telenet.be
https://static-c.uat.telenet.be
https://static-d.dvp.telenet.be
https://static-d.edp.telenet.be
https://static-d.int.telenet.be
https://static-d.sup.telenet.be
https://static-d.telenet.be
https://static-d.uat.telenet.be
https://static.dvp.telenet.be
https://static.edp.telenet.be
https://static.int.telenet.be
https://static.lat.telenet.be
https://static.prd.telenet.be
https://static.sup.telenet.be
https://static.trg.telenet.be
https://static.uat.telenet.be
https://storage.int.digitalsecurity.telenet.be
https://storage.lab.digitalsecurity.telenet.be
https://storage.prd.digitalsecurity.telenet.be
https://supportvpn.telenet.be
https://sup.tv.telenet.be
https://talks.telenet.be
https://tapijtendokter.be.apache52.cloud.telenet.be
https://target.prd.telenet.be
https://target.telenet.be
http://static-a.dvp.telenet.be
http://static-a.edp.telenet.be
http://static-a.int.telenet.be
http://static-a.lat.telenet.be
http://static-a.lat.telenet.be:22
http://static-a.prd.telenet.be
http://static-a.prd.telenet.be:22
http://static-a.sup.telenet.be
http://static-a.telenet.be
http://static-a.telenet.be:22
http://static-a.trg.telenet.be
http://static-a.uat.telenet.be
http://static-a.uat.telenet.be:22
http://static-b.dvp.telenet.be
http://static-b.edp.telenet.be
http://static-b.int.telenet.be
http://static-b.lat.telenet.be
http://static-b.lat.telenet.be:22
http://static-b.prd.telenet.be
http://static-b.prd.telenet.be:22
http://static-b.sup.telenet.be
http://static-b.telenet.be
http://static-b.telenet.be:22
http://static-b.trg.telenet.be
http://static-b.uat.telenet.be
http://static-b.uat.telenet.be:22
http://static-c.dvp.telenet.be
http://static-c.edp.telenet.be
http://static-c.int.telenet.be
http://static-c.lat.telenet.be
http://static-c.lat.telenet.be:22
http://static-c.prd.telenet.be
http://static-c.prd.telenet.be:22
http://static-c.sup.telenet.be
http://static-c.telenet.be
http://static-c.telenet.be:22
http://static-c.trg.telenet.be
http://static-c.uat.telenet.be
http://static-c.uat.telenet.be:22
http://static-d.dvp.telenet.be
http://static-d.edp.telenet.be
http://static-d.int.telenet.be
http://static-d.lat.telenet.be
http://static-d.lat.telenet.be:22
http://static-d.prd.telenet.be
http://static-d.prd.telenet.be:22
http://static-d.sup.telenet.be
http://static-d.telenet.be
http://static-d.telenet.be:22
http://static-d.trg.telenet.be
http://static-d.uat.telenet.be
http://static-d.uat.telenet.be:22
http://static.dvp.telenet.be
http://static.edp.telenet.be
http://static.int.telenet.be
http://static.lat.telenet.be
http://static.lat.telenet.be:22
http://static.prd.telenet.be
http://static.prd.telenet.be:22
http://static.sup.telenet.be
http://static.trg.telenet.be
http://static.uat.telenet.be
http://static.uat.telenet.be:22
http://status.telenet.be
https://teamspirit2.telenet.be
https://telegate.prd.telenet.be
https://telegate.prd.telenet.be:8443
https://telegate.telenet.be
https://telegate.telenet.be:8443
https://telemeter.telenet.be
https://telenet.be
https://telesenior.telenet.be
https://televisie.telenet.be
https://tep.telenet.be
https://tess.servicesint.telenet.be
https://tess.services.telenet.be
https://test-tribe.nonprod.awscloud.external.telenet.be
https://tf-test2.awscloud.external.telenet.be
https://tf-test3.awscloud.external.telenet.be
https://tf-test4.awscloud.external.telenet.be
https://tf-test.awscloud.external.telenet.be
https://tim.connect.telenet.be
https://tim.dvp.connect.telenet.be
https://tim.edp.connect.telenet.be
https://tim.int.connect.telenet.be
https://tim.lat.connect.telenet.be
https://tim.mre.connect.telenet.be
https://tim.prd.connect.telenet.be
https://tim.rel.connect.telenet.be
https://tim.sup.connect.telenet.be
https://tim.trg.connect.telenet.be
https://tim.uat.connect.telenet.be
https://tip.prd.telenet.be
https://tip.prd.telenet.be:8443
https://tip.telenet.be
https://tip.telenet.be:8443
https://toestellen.telenet.be
http://storage.int.digitalsecurity.telenet.be
http://storage.lab.digitalsecurity.telenet.be
http://storage.prd.digitalsecurity.telenet.be
http://st-petrusschool.telenet.be
https://tv.telenet.be
https://uag.connect.telenet.be
https://uag.connect.telenet.be:8443
https://uag.prd.connect.telenet.be
https://uag.prd.connect.telenet.be:8443
https://uat.tv.telenet.be
https://unlockvip.prd.connect.telenet.be
http://supportvpn.telenet.be
https://veelplezier.telenet.be
https://veiligheid.telenet.be
https://vergelijk.telenet.be
https://vmapi.prd.connect.telenet.be
https://vmis.prd.connect.telenet.be
https://voorwaarden.telenet.be
https://vpn.connect.telenet.be
https://vpn.connectuat.telenet.be
https://vpnssl.connect.telenet.be
https://vpnssl.connectuat.telenet.be
https://vrnmctrdrvip.prd.telenet.be
https://vrnmctrdrvip.uat.telenet.be
https://vrnmctvip.dvp.telenet.be
https://vrnmctvip.edp.telenet.be
https://vrnmctvip.int.telenet.be
https://vrnmctvip.sup.telenet.be
https://vrnmctvip.uat.telenet.be
https://vspapgvip.dvp.connect.telenet.be
https://vspapgvip.dvp.connect.telenet.be:8000
https://vspapgvip.dvp.connect.telenet.be:8007
https://vspapgvip.dvp.connect.telenet.be:8010
https://vspapgvip.dvp.connect.telenet.be:8045
https://vspapgvip.edp.connect.telenet.be
https://vspapgvip.edp.connect.telenet.be:8000
https://vspapgvip.edp.connect.telenet.be:8007
https://vspapgvip.edp.connect.telenet.be:8010
https://vspapgvip.edp.connect.telenet.be:8045
https://vspapgvip.edp.connect.telenet.be:8069
https://vspapgvip.int.connect.telenet.be
https://vspapgvip.int.connect.telenet.be:8000
https://vspapgvip.int.connect.telenet.be:8007
https://vspapgvip.int.connect.telenet.be:8009
https://vspapgvip.int.connect.telenet.be:8010
https://vspapgvip.int.connect.telenet.be:8045
https://vspapgvip.int.connect.telenet.be:8069
https://vspapgvip.lat.connect.telenet.be
https://vspapgvip.lat.connect.telenet.be:8007
https://vspapgvip.lat.connect.telenet.be:8010
https://vspapgvip.lat.connect.telenet.be:8045
https://vspapgvip.lat.connect.telenet.be:8069
https://vspapgvip.mre.connect.telenet.be
https://vspapgvip.mre.connect.telenet.be:8000
https://vspapgvip.mre.connect.telenet.be:8010
https://vspapgvip.mre.connect.telenet.be:8045
https://vspapgvip.mre.connect.telenet.be:8069
https://vspapgvip.prd.connect.telenet.be
https://vspapgvip.prd.connect.telenet.be:8000
https://vspapgvip.prd.connect.telenet.be:8007
https://vspapgvip.prd.connect.telenet.be:8009
https://vspapgvip.prd.connect.telenet.be:8010
https://vspapgvip.prd.connect.telenet.be:8045
https://vspapgvip.prd.connect.telenet.be:8069
https://vspapgvip.sup.connect.telenet.be
https://vspapgvip.sup.connect.telenet.be:8000
https://vspapgvip.sup.connect.telenet.be:8007
https://vspapgvip.sup.connect.telenet.be:8010
https://vspapgvip.sup.connect.telenet.be:8045
https://vspapgvip.trg.connect.telenet.be
https://vspapgvip.trg.connect.telenet.be:8000
https://vspapgvip.trg.connect.telenet.be:8007
https://vspapgvip.trg.connect.telenet.be:8009
https://vspapgvip.trg.connect.telenet.be:8010
https://vspapgvip.trg.connect.telenet.be:8045
https://vspapgvip.trg.connect.telenet.be:8069
https://vspapgvip.uat.connect.telenet.be
https://vspapgvip.uat.connect.telenet.be:8000
https://vspapgvip.uat.connect.telenet.be:8007
https://vspapgvip.uat.connect.telenet.be:8009
https://vspapgvip.uat.connect.telenet.be:8010
https://vspapgvip.uat.connect.telenet.be:8045
https://vspapgvip.uat.connect.telenet.be:8069
https://webapps.telenet.be
https://webemail.telenet.be
https://webmail01.cloud.telenet.be
https://webmail.cloud.telenet.be
https://webmaillogin.prd.telenet.be
https://webmaillogin.prd.telenet.be:8443
https://webmail.telenet.be
https://wedstrijd.telenet.be
https://weer.telenet.be
https://wholesale.telenet.be
https://wifiportal.prd.telenet.be
https://wifiportal.prd.telenet.be:8443
https://wifiportal.telenet.be
https://wifiportal.telenet.be:8443
https://wifree.telenet.be
https://wso.prd.connect.telenet.be
https://wsproxy.int.digitalsecurity.telenet.be
https://wsproxy.lab.digitalsecurity.telenet.be
https://wsproxy.prd.digitalsecurity.telenet.be
https://www2.prd.telenet.be
https://www2.telenet.be
https://www.apache51.cloud.telenet.be
https://www.apache52.cloud.telenet.be
https://www.apache53.cloud.telenet.be
https://www.apache54.cloud.telenet.be
https://www.apache55.cloud.telenet.be
https://www.blog.telenet.be
https://www.games.telenet.be
https://www.helpdesk.telenet.be
https://www.local.slr.entertainment-tools-dev.awscloud.external.telenet.be
https://www.maut.telenet.be
https://www.nieuwsbrief.telenet.be
https://www.prd.telenet.be
https://www.slr.dev.entertainment-tools-dev.awscloud.external.telenet.be
https://www.slr.local.entertainment-tools-dev.awscloud.external.telenet.be
https://www.slr.prod.entertainment-tools-prod.awscloud.external.telenet.be
https://www.teamspirit2.telenet.be
https://www.telenet.be
https://xsp.int.centrex.telenet.be
https://xsp-wxt.centrex.telenet.be
https://xsp-wxt.int.centrex.telenet.be
https://zoof.telenet.be
http://talks.telenet.be
http://talks.telenet.be:2053
http://talks.telenet.be:2083
http://talks.telenet.be:2087
http://talks.telenet.be:8443
http://tapijtendokter.be.apache52.cloud.telenet.be
http://target.prd.telenet.be
http://target.telenet.be
http://teamspirit2.telenet.be
http://telegate.dvp.telenet.be
http://telegate.edp.telenet.be
http://telegate.int.telenet.be
http://telegate.lat.telenet.be
http://telegate.prd.telenet.be
http://telegate.sup.telenet.be
http://telegate.telenet.be
http://telegate.trg.telenet.be
http://telegate.uat.telenet.be
http://telemeter.telenet.be
http://telenet.be
http://telesenior.telenet.be
http://televisie.telenet.be
http://template.telenet.be
http://tep.telenet.be
http://tess.services.telenet.be
http://thinktank.telenet.be
http://thot.telenet.be
http://tim.connect.telenet.be
http://tim.dvp.connect.telenet.be
http://tim.edp.connect.telenet.be
http://tim.int.connect.telenet.be
http://tim.lat.connect.telenet.be
http://tim.mre.connect.telenet.be
http://tim.prd.connect.telenet.be
http://tim.rel.connect.telenet.be
http://tim.sup.connect.telenet.be
http://tim.trg.connect.telenet.be
http://tim.uat.connect.telenet.be
http://tip.prd.telenet.be
http://tip.telenet.be
http://toestellen.telenet.be
http://traiteur.telenet.be
http://transcools.telenet.be
http://tsv-lyra.telenet.be
http://tvd.telenet.be
http://unlockvip.prd.connect.telenet.be
http://upload.telenet.be
http://vacature.telenet.be
http://vacature.telenet.be:2082
http://vacature.telenet.be:2083
http://vacature.telenet.be:2086
http://vacature.telenet.be:2087
http://vacature.telenet.be:2096
http://vacature.telenet.be:8080
http://vacature.telenet.be:8880
http://vakantie.telenet.be
http://vdb.telenet.be
http://vdk.telenet.be
http://vdm.telenet.be
http://vec.telenet.be
http://veelplezier.telenet.be
http://veiligheid.telenet.be
http://veres.telenet.be
http://vergelijk.telenet.be
http://vh.telenet.be
http://voorwaarden.telenet.be
http://vpn.connect.telenet.be
http://vpn.connectuat.telenet.be
http://vpnssl.connectuat.telenet.be
http://vrienden.telenet.be
http://vrnmcevip-4.prd.telenet.be
http://vrnmcevip.prd.telenet.be
http://vrnmctrdrvip.prd.telenet.be
http://vrnmctrdrvip.uat.telenet.be
http://vrnmctvip-4.prd.telenet.be
http://vrnmctvip-4.prd.telenet.be:22
http://vrnmctvip.dvp.telenet.be
http://vrnmctvip.edp.telenet.be
http://vrnmctvip.int.telenet.be
http://vrnmctvip.lat.telenet.be
http://vrnmctvip.lat.telenet.be:22
http://vrnmctvip.prd.telenet.be
http://vrnmctvip.prd.telenet.be:22
http://vrnmctvip.sup.telenet.be
http://vrnmctvip.trg.telenet.be
http://vrnmctvip.uat.telenet.be
http://vrnmctvip.uat.telenet.be:22
http://vrt.telenet.be
http://webapps.telenet.be
http://webemail.telenet.be
http://webmail01.cloud.telenet.be
http://webmail.cloud.telenet.be
http://webmail.int.telenet.be
http://webmaillogin.prd.telenet.be
http://webmail.prd.telenet.be
http://webmail.telenet.be
http://webmail.uat.telenet.be
http://wedstrijd.telenet.be
http://weer.telenet.be
http://wendy.telenet.be
http://white.family.telenet.be
http://wholesale.telenet.be
http://whop.telenet.be
http://wifiportal.int.telenet.be
http://wifiportal.prd.telenet.be
http://wifiportal.telenet.be
http://wifi.telenet.be
http://wifree.telenet.be
http://www2.prd.telenet.be
http://www2.telenet.be
http://www.apache51.cloud.telenet.be
http://www.apache52.cloud.telenet.be
http://www.apache53.cloud.telenet.be
http://www.apache54.cloud.telenet.be
http://www.apache55.cloud.telenet.be
http://www.bg.telenet.be
http://www.blog.telenet.be
http://www.games.telenet.be
http://www.helpdesk.telenet.be
http://www.int.telenet.be
http://www.lat.telenet.be
http://www.local.slr.entertainment-tools-dev.awscloud.external.telenet.be
http://www.maut.telenet.be
http://www.maut.telenet.be:2053
http://www.maut.telenet.be:2083
http://www.maut.telenet.be:2087
http://www.maut.telenet.be:2096
http://www.maut.telenet.be:8443
http://www.nieuwsbrief.telenet.be
http://www.onlinehelp.cloud.telenet.be
http://www.prd.telenet.be
http://www.slr.dev.entertainment-tools-dev.awscloud.external.telenet.be
http://www.slr.local.entertainment-tools-dev.awscloud.external.telenet.be
http://www.slr.prod.entertainment-tools-prod.awscloud.external.telenet.be
http://www.sup.telenet.be
http://www.teamspirit2.telenet.be
http://www.telenet.be
http://www.tsd.telenet.be
http://www.uat.telenet.be
http://xsp.int.centrex.telenet.be
http://xtf.telenet.be
http://yangs-garden.telenet.be
http://zita.prd.telenet.be
http://zoof.telenet.be
