http://app.tidal.finance
http://docs.tidal.finance
http://docs.tidal.finance:2082
http://docs.tidal.finance:2086
http://docs.tidal.finance:8080
http://docs.tidal.finance:8880
http://marlin.tidal.finance
http://old.tidal.finance
http://qi.tidal.finance
http://sale.tidal.finance
https://app.tidal.finance
https://docs.tidal.finance
https://docs.tidal.finance:2053
https://docs.tidal.finance:2083
https://docs.tidal.finance:2087
https://docs.tidal.finance:8443
https://marlin.tidal.finance
https://old.tidal.finance
https://qi.tidal.finance
https://stafi.tidal.finance
http://stafi.tidal.finance
https://tidal.finance
https://www.tidal.finance
https://xend.tidal.finance
https://yearn.tidal.finance
http://tidal.finance
http://www.tidal.finance
http://xend.tidal.finance
http://yearn.tidal.finance
