http://app.tokemak.xyz
http://degenesis.tokemak.xyz
http://docs.tokemak.xyz
http://docs.tokemak.xyz:2082
http://docs.tokemak.xyz:2086
http://docs.tokemak.xyz:8080
http://docs.tokemak.xyz:8880
http://ipfs.tokemak.xyz
http://ipfs.tokemak.xyz:2086
http://ipfs.tokemak.xyz:8080
http://ipfs.tokemak.xyz:8880
https://app.tokemak.xyz
https://degenesis.tokemak.xyz
https://docs.tokemak.xyz
https://docs.tokemak.xyz:2083
https://docs.tokemak.xyz:2087
https://docs.tokemak.xyz:8443
https://ipfs.tokemak.xyz
https://ipfs.tokemak.xyz:2053
https://ipfs.tokemak.xyz:2087
https://ipfs.tokemak.xyz:2096
https://ipfs.tokemak.xyz:8443
http://snapshot.tokemak.xyz
http://snapshot.tokemak.xyz:8082
http://snapshot.tokemak.xyz:8084
http://snapshot.tokemak.xyz:8085
https://snapshot.tokemak.xyz
https://snapshot.tokemak.xyz:1935
https://tokemak.xyz
https://www.tokemak.xyz
http://tokemak.xyz
http://www.tokemak.xyz
