http://1password-scim.live.aws.tomorrow.one
http://api.live.aws.tomorrow.one
http://api.staging.aws.tomorrow.one
http://api.tomorrow.one
http://assets.tomorrow.one
http://clicks.tomorrow.one
http://community.live.aws.tomorrow.one
http://community.tomorrow.one
http://content.live.aws.tomorrow.one
http://content.staging.aws.tomorrow.one
http://fslink.tomorrow.one
http://fwtrack1.tomorrow.one
http://fwtrack.tomorrow.one
http://get.tomorrow.one
http://insights.tomorrow.one
http://invest-guides.prototype.staging.aws.tomorrow.one
http://jobs-faq.tomorrow.one
http://lifestyle.prototype.staging.aws.tomorrow.one
http://lifestyle.prototype.tomorrow.one
http://open.tomorrow.one
https://1password-scim.live.aws.tomorrow.one
https://api.live.aws.tomorrow.one
https://api.staging.aws.tomorrow.one
https://api.tomorrow.one
http://sarma.staging.aws.tomorrow.one
http://sarma.tomorrow.one
https://assets.tomorrow.one
https://clicks.tomorrow.one
https://community.live.aws.tomorrow.one
https://community.tomorrow.one
https://content.live.aws.tomorrow.one
https://content.staging.aws.tomorrow.one
https://fslink.tomorrow.one
https://fwtrack1.tomorrow.one
https://fwtrack.tomorrow.one
https://get.tomorrow.one
http://shop.tomorrow.one
http://shop.tomorrow.one:2052
http://shop.tomorrow.one:2082
http://shop.tomorrow.one:2086
http://shop.tomorrow.one:2095
http://shop.tomorrow.one:8080
http://shop.tomorrow.one:8880
http://sign-up-canvas.prototype.staging.aws.tomorrow.one
http://sign-up-canvas.prototype.tomorrow.one
https://invest-guides.prototype.staging.aws.tomorrow.one
https://jobs-faq.tomorrow.one
https://lifestyle.prototype.staging.aws.tomorrow.one
https://lifestyle.prototype.tomorrow.one
https://open.tomorrow.one
https://openvpn1.live.aws.tomorrow.one
https://openvpn2.live.aws.tomorrow.one
https://openvpn.live.aws.tomorrow.one
https://prototype.tomorrow.one
https://sarma.staging.aws.tomorrow.one
https://sarma.tomorrow.one
https://shop.tomorrow.one
https://shop.tomorrow.one:2053
https://shop.tomorrow.one:2083
https://shop.tomorrow.one:2087
https://shop.tomorrow.one:2096
https://shop.tomorrow.one:8443
https://sign-up-canvas.prototype.staging.aws.tomorrow.one
https://sign-up-canvas.prototype.tomorrow.one
https://staging.aws.tomorrow.one
https://support.tomorrow.one
https://symmetry-paving-canvas-unmanned.prototype.tomorrow.one
http://staging.aws.tomorrow.one
https://tomorrow.one
http://support.tomorrow.one
https://www.tomorrow.one
http://symmetry-paving-canvas-unmanned.prototype.tomorrow.one
http://webanalytics.live.aws.tomorrow.one
http://www.tomorrow.one
