http://docs.tranchess.com
http://docs.tranchess.com:2082
http://docs.tranchess.com:2086
http://docs.tranchess.com:8080
http://docs.tranchess.com:8880
http://forum.tranchess.com
http://forum.tranchess.com:2052
http://forum.tranchess.com:2082
http://forum.tranchess.com:2083
http://forum.tranchess.com:2087
http://forum.tranchess.com:8080
http://forum.tranchess.com:8880
https://docs.tranchess.com
https://docs.tranchess.com:2083
https://docs.tranchess.com:2087
https://docs.tranchess.com:8443
https://forum.tranchess.com
https://tranchess.com
https://www.tranchess.com
http://tranchess.com
http://tranchess.com:2052
http://tranchess.com:2082
http://tranchess.com:2086
http://tranchess.com:2087
http://tranchess.com:8080
http://tranchess.com:8443
http://www.tranchess.com
http://www.tranchess.com:2083
http://www.tranchess.com:2086
http://www.tranchess.com:2087
http://www.tranchess.com:8080
http://www.tranchess.com:8443
http://www.tranchess.com:8880
