http://admin.trello.com
http://api-gateway.trello.com
http://api.trello.com
http://blog.trello.com
http://blog.trello.com:8080
http://br.blog.trello.com
http://br.blog.trello.com:2082
http://br.blog.trello.com:2086
http://br.blog.trello.com:2095
http://br.blog.trello.com:8080
http://br.blog.trello.com:8880
http://c.trello.com
http://design.trello.com
http://developers.trello.com
http://go.trello.com
http://help.trello.com
http://info.trello.com
http://info.trello.com:8080
http://mclick.trello.com
http://mgo.trello.com
https://admin.trello.com
https://api-gateway.trello.com
https://api.trello.com
https://blog.trello.com
https://blog.trello.com:8443
https://br.blog.trello.com
https://br.blog.trello.com:2053
https://br.blog.trello.com:2083
https://br.blog.trello.com:2087
https://br.blog.trello.com:2096
https://br.blog.trello.com:8443
https://c.trello.com
https://design.trello.com
https://developers.trello.com
https://dnstest.trello.com
https://go.trello.com
https://help.trello.com
https://info.trello.com
https://info.trello.com:8443
https://mgo.trello.com
http://sptrack.trello.com
https://r53.trello.com
https://sptrack.trello.com
https://status.trello.com
https://support.trello.com
http://status.trello.com
https://tech.trello.com
https://trello.com
http://support.trello.com
https://www.trello.com
http://tech.trello.com
http://trello.com
http://www.trello.com
