http://api.vvs.finance:2083
http://api.vvs.finance:2087
http://api.vvs.finance:8080
http://docs.vvs.finance
http://docs.vvs.finance:2082
http://docs.vvs.finance:2086
http://docs.vvs.finance:8080
http://docs.vvs.finance:8880
http://graph.vvs.finance
http://graph.vvs.finance:2082
http://graph.vvs.finance:2095
http://graph.vvs.finance:8080
http://rpc.vvs.finance:2083
http://rpc.vvs.finance:2087
https://api.vvs.finance
https://docs.vvs.finance
https://docs.vvs.finance:2083
https://docs.vvs.finance:2087
https://docs.vvs.finance:8443
https://graph.vvs.finance
https://graph.vvs.finance:2083
https://graph.vvs.finance:2087
https://graph.vvs.finance:8443
https://rpc.vvs.finance
https://vvs.finance
https://www.vvs.finance
http://vvs.finance
http://vvs.finance:2083
http://vvs.finance:2087
http://www.vvs.finance
http://www.vvs.finance:2083
http://www.vvs.finance:2087
http://www.vvs.finance:8443
