http://api.wepiggy.com
http://api.wepiggy.com:2083
http://api.wepiggy.com:2087
http://api.wepiggy.com:8443
http://apptest.wepiggy.com
http://apptest.wepiggy.com:2083
http://apptest.wepiggy.com:2087
http://apptest.wepiggy.com:8443
http://app.wepiggy.com
http://app.wepiggy.com:2083
http://app.wepiggy.com:2087
http://app.wepiggy.com:8443
http://arb.wepiggy.com
http://arb.wepiggy.com:2083
http://arb.wepiggy.com:2087
http://arb.wepiggy.com:8443
http://bridge.wepiggy.com
http://bridge.wepiggy.com:2083
http://bridge.wepiggy.com:2087
http://bridge.wepiggy.com:8443
http://bsc.wepiggy.com
http://bsc.wepiggy.com:2083
http://bsc.wepiggy.com:2087
http://bsc.wepiggy.com:8443
http://gateway.wepiggy.com
http://gateway.wepiggy.com:2083
http://gateway.wepiggy.com:2087
http://gateway.wepiggy.com:8443
http://gov.wepiggy.com
http://gov.wepiggy.com:2087
http://gov.wepiggy.com:8443
http://heco.wepiggy.com
http://heco.wepiggy.com:2083
http://heco.wepiggy.com:2087
http://heco.wepiggy.com:8443
http://mail.wepiggy.com
http://m-apptest.wepiggy.com
http://m-apptest.wepiggy.com:2083
http://m-apptest.wepiggy.com:2087
http://m-apptest.wepiggy.com:8443
http://m.app.wepiggy.com
http://m.app.wepiggy.com:2087
http://m.app.wepiggy.com:8443
http://m.arb.wepiggy.com
http://m.arb.wepiggy.com:2083
http://m.arb.wepiggy.com:2087
http://m.arb.wepiggy.com:8443
http://m.okexchain.wepiggy.com
http://m.okexchain.wepiggy.com:2083
http://m.okexchain.wepiggy.com:8443
http://m.wepiggy.com
http://m.wepiggy.com:2087
http://m.wepiggy.com:8443
http://okexchain.wepiggy.com
http://okexchain.wepiggy.com:2087
http://okexchain.wepiggy.com:8443
http://polygon.wepiggy.com
http://polygon.wepiggy.com:2083
http://polygon.wepiggy.com:2087
http://polygon.wepiggy.com:8443
https://api.wepiggy.com
https://apptest.wepiggy.com
https://app.wepiggy.com
https://arb.wepiggy.com
https://bridge.wepiggy.com
https://bsc.wepiggy.com
https://gateway.wepiggy.com
https://gov.wepiggy.com
https://heco.wepiggy.com
https://mail.wepiggy.com
https://m-apptest.wepiggy.com
https://m.app.wepiggy.com
https://m.arb.wepiggy.com
https://m.okexchain.wepiggy.com
https://m.okexchain.wepiggy.com:2087
https://m.wepiggy.com
https://okexchain.wepiggy.com
https://polygon.wepiggy.com
https://vote.wepiggy.com
https://wepiggy.com
https://www.okexchain.wepiggy.com
https://www.wepiggy.com
http://vote.wepiggy.com
http://vote.wepiggy.com:2083
http://vote.wepiggy.com:2087
http://vote.wepiggy.com:8443
http://wepiggy.com
http://wepiggy.com:2083
http://wepiggy.com:2087
http://wepiggy.com:8443
http://www.okexchain.wepiggy.com
http://www.okexchain.wepiggy.com:2083
http://www.okexchain.wepiggy.com:2087
http://www.okexchain.wepiggy.com:8443
http://www.wepiggy.com
http://www.wepiggy.com:2087
http://www.wepiggy.com:8443
