http://airdrop.wombat.exchange
http://ambassador.wombat.exchange
http://app.wombat.exchange
http://dev.wombat.exchange
http://docs.wombat.exchange
http://docs.wombat.exchange:2082
http://docs.wombat.exchange:2086
http://docs.wombat.exchange:8080
http://docs.wombat.exchange:8880
http://info.wombat.exchange
https://airdrop.wombat.exchange
https://ambassador.wombat.exchange
https://app.wombat.exchange
https://dev.wombat.exchange
https://docs.wombat.exchange
https://docs.wombat.exchange:2053
https://docs.wombat.exchange:2083
https://docs.wombat.exchange:2087
https://docs.wombat.exchange:8443
https://info.wombat.exchange
https://staging.analytics.wombat.exchange
https://staging.wombat.exchange
http://staging.analytics.wombat.exchange
http://staging.wombat.exchange
https://vesting.wombat.exchange
https://wombat.exchange
https://www.wombat.exchange
http://vesting.wombat.exchange
http://wombat.exchange
http://www.wombat.exchange
