http://cdn.yadifa.eu
http://cdn.yadifa.eu:2082
http://cdn.yadifa.eu:2083
http://cdn.yadifa.eu:2086
http://cdn.yadifa.eu:2087
http://cdn.yadifa.eu:2096
http://cdn.yadifa.eu:8080
http://cdn.yadifa.eu:8443
http://cdn.yadifa.eu:8880
http://mailinglists.yadifa.eu
http://mailinglists.yadifa.eu:8080
http://mailinglists.yadifa.eu:8443
https://cdn.yadifa.eu
https://mailinglists.yadifa.eu
https://webstats.yadifa.eu
https://www.yadifa.eu
http://webstats.yadifa.eu
http://www.yadifa.eu
http://www.yadifa.eu:2082
http://www.yadifa.eu:2083
http://www.yadifa.eu:2086
http://www.yadifa.eu:2087
http://www.yadifa.eu:2096
http://www.yadifa.eu:8080
http://www.yadifa.eu:8443
http://www.yadifa.eu:8880
