http://alpha.yin.finance
http://alpha.yin.finance:8086
http://app.yin.finance
http://app.yin.finance:8086
http://devhome.yin.finance
http://devhome.yin.finance:8086
http://dev.yin.finance
http://dev.yin.finance:8086
http://docs.yin.finance
http://docs.yin.finance:2082
http://docs.yin.finance:2086
http://docs.yin.finance:8080
http://docs.yin.finance:8880
http://faucet.yin.finance
http://gov.yin.finance
https://alpha.yin.finance
https://app.yin.finance
https://devhome.yin.finance
https://dev.yin.finance
https://docs.yin.finance
https://docs.yin.finance:2083
https://docs.yin.finance:2087
https://docs.yin.finance:8443
https://faucet.yin.finance
https://gov.yin.finance
https://www.yin.finance
https://yin.finance
http://www.yin.finance
http://www.yin.finance:8086
http://yin.finance
http://yin.finance:8086
