http://dex.zenlink.pro
https://api-pre.zenlink.pro
https://api.zenlink.pro
https://devparachain-pre.zenlink.pro
https://dex.zenlink.pro
https://grafana.zenlink.pro
http://slotvault-pre.zenlink.pro
http://slotvault.zenlink.pro
https://slotvault-pre.zenlink.pro
https://slotvault.zenlink.pro
https://testnet200-pre.zenlink.pro
https://testnet200.zenlink.pro
https://testnet200.zenlink.pro:8080
https://testnet300-pre.zenlink.pro
https://testnet300.zenlink.pro
https://testnet300.zenlink.pro:8080
https://testnetrococo-pre.zenlink.pro
https://testnetrococo.zenlink.pro
https://testnetrococo.zenlink.pro:8080
https://wiki.zenlink.pro
https://wiki.zenlink.pro:2083
https://wiki.zenlink.pro:2087
https://wiki.zenlink.pro:8443
https://www.zenlink.pro
https://zenlink.pro
http://website.zenlink.pro
http://wiki.zenlink.pro
http://wiki.zenlink.pro:2082
http://wiki.zenlink.pro:2086
http://wiki.zenlink.pro:8080
http://wiki.zenlink.pro:8880
http://www.zenlink.pro
http://zenlink.pro
