http://api-staging.zerion.io
http://api-staging.zerion.io:2083
http://api-staging.zerion.io:8443
http://api-v4.zerion.io
http://api-v4.zerion.io:2083
http://api-v4.zerion.io:8443
http://api.zerion.io
http://api.zerion.io:2083
http://api.zerion.io:2087
http://api.zerion.io:8443
http://app.zerion.io
http://app.zerion.io:2052
http://app.zerion.io:2083
http://app.zerion.io:2087
http://app.zerion.io:2095
http://app.zerion.io:8080
http://app.zerion.io:8443
http://app.zerion.io:8880
http://beta.zerion.io
http://beta.zerion.io:2082
http://beta.zerion.io:2083
http://beta.zerion.io:2086
http://beta.zerion.io:2095
http://beta.zerion.io:8080
http://beta.zerion.io:8443
http://blog.zerion.io
http://blog.zerion.io:2082
http://blog.zerion.io:2083
http://blog.zerion.io:2087
http://blog.zerion.io:8080
http://blog.zerion.io:8443
http://blog.zerion.io:8880
http://click.zerion.io
http://cryptotrader.zerion.io
http://cryptotrader.zerion.io:2052
http://cryptotrader.zerion.io:2083
http://cryptotrader.zerion.io:2087
http://cryptotrader.zerion.io:2095
http://cryptotrader.zerion.io:8080
http://cryptotrader.zerion.io:8443
http://cryptotrader.zerion.io:8880
http://defisdk.zerion.io
http://defisdk.zerion.io:2082
http://defisdk.zerion.io:2086
http://defisdk.zerion.io:8080
http://defisdk.zerion.io:8880
http://developers.zerion.io
http://developers.zerion.io:2052
http://developers.zerion.io:2082
http://developers.zerion.io:2086
http://developers.zerion.io:2095
http://developers.zerion.io:8080
http://developers.zerion.io:8880
http://discord.zerion.io
http://discord.zerion.io:2052
http://discord.zerion.io:2095
http://discord.zerion.io:8080
http://discord.zerion.io:8880
http://dna.zerion.io
http://dna.zerion.io:2082
http://dna.zerion.io:2083
http://dna.zerion.io:2086
http://dna.zerion.io:2095
http://dna.zerion.io:8080
http://dna.zerion.io:8443
http://docs.zerion.io
http://docs.zerion.io:2082
http://docs.zerion.io:2086
http://docs.zerion.io:8080
http://docs.zerion.io:8880
http://eot.zerion.io
http://feedback.zerion.io
http://go.zerion.io
http://grafana-y7dr.zerion.io
http://grafana-y7dr.zerion.io:2083
http://grafana-y7dr.zerion.io:2087
http://grafana-y7dr.zerion.io:8443
http://help.zerion.io
http://help.zerion.io:2052
http://help.zerion.io:2083
http://help.zerion.io:2087
http://help.zerion.io:2095
http://help.zerion.io:8080
http://help.zerion.io:8443
http://help.zerion.io:8880
http://link.zerion.io
http://link.zerion.io:2082
http://link.zerion.io:2083
http://link.zerion.io:2087
http://link.zerion.io:8080
http://link.zerion.io:8443
http://link.zerion.io:8880
http://mail.zerion.io
http://roadmap.zerion.io
http://roadmap.zerion.io:9001
https://api-staging.zerion.io
https://api-v4.zerion.io
https://api.zerion.io
https://app.zerion.io
https://beta.zerion.io
https://blog.zerion.io
http://scan.zerion.io
http://scan.zerion.io:2082
http://scan.zerion.io:2083
http://scan.zerion.io:2087
http://scan.zerion.io:8080
http://scan.zerion.io:8443
http://scan.zerion.io:8880
https://click.zerion.io
https://cryptotrader.zerion.io
https://defisdk.zerion.io
https://defisdk.zerion.io:2083
https://defisdk.zerion.io:2087
https://defisdk.zerion.io:8443
https://developers.zerion.io
https://developers.zerion.io:2053
https://developers.zerion.io:2083
https://developers.zerion.io:2087
https://developers.zerion.io:2096
https://developers.zerion.io:8443
https://discord.zerion.io
https://discord.zerion.io:2083
https://discord.zerion.io:2087
https://discord.zerion.io:8443
https://dna.zerion.io
https://docs.zerion.io
https://docs.zerion.io:2083
https://docs.zerion.io:2087
https://docs.zerion.io:8443
http://sentry.zerion.io
http://sentry.zerion.io:2082
http://sentry.zerion.io:2083
http://sentry.zerion.io:2087
http://sentry.zerion.io:8080
http://sentry.zerion.io:8443
http://sentry.zerion.io:8880
https://eot.zerion.io
https://feedback.zerion.io
https://go.zerion.io
https://grafana-y7dr.zerion.io
https://help.zerion.io
https://link.zerion.io
https://mail.zerion.io
http://social.zerion.io
http://social.zerion.io:2052
http://social.zerion.io:2083
http://social.zerion.io:2087
http://social.zerion.io:2095
http://social.zerion.io:8080
http://social.zerion.io:8443
http://social.zerion.io:8880
https://roadmap.zerion.io
https://scan.zerion.io
https://sentry.zerion.io
https://social.zerion.io
https://transactions-staging.zerion.io
https://transactions.zerion.io
https://wallet-exporter.zerion.io
https://webflow.zerion.io
https://www.zerion.io
https://zerion.io
http://transactions-staging.zerion.io
http://transactions-staging.zerion.io:2052
http://transactions-staging.zerion.io:2083
http://transactions-staging.zerion.io:2087
http://transactions-staging.zerion.io:2095
http://transactions-staging.zerion.io:8080
http://transactions-staging.zerion.io:8443
http://transactions-staging.zerion.io:8880
http://transactions.zerion.io
http://transactions.zerion.io:2083
http://transactions.zerion.io:8443
http://wallet-exporter.zerion.io
http://wallet-exporter.zerion.io:2083
http://wallet-exporter.zerion.io:2087
http://wallet-exporter.zerion.io:8443
http://webflow.zerion.io
http://www.zerion.io
http://zerion.io
http://zerion.io:2052
http://zerion.io:2083
http://zerion.io:2087
http://zerion.io:2095
http://zerion.io:8080
http://zerion.io:8443
http://zerion.io:8880
