http://api.zksync.io
http://api.zksync.io:2052
http://api.zksync.io:2053
http://api.zksync.io:2086
http://api.zksync.io:2087
http://api.zksync.io:2096
http://api.zksync.io:8080
http://api.zksync.io:8443
http://api.zksync.io:8880
http://beta.zksync.io
http://beta.zksync.io:2052
http://beta.zksync.io:2053
http://beta.zksync.io:2086
http://beta.zksync.io:2087
http://beta.zksync.io:2096
http://beta.zksync.io:8080
http://beta.zksync.io:8443
http://beta.zksync.io:8880
http://cb076aaae6da.zksync.io
http://cb076aaae6da.zksync.io:2083
http://cb076aaae6da.zksync.io:2086
http://cb076aaae6da.zksync.io:2087
http://cb076aaae6da.zksync.io:8080
http://cb076aaae6da.zksync.io:8443
http://cb076aaae6da.zksync.io:8880
http://checkout-goerli.zksync.io
http://checkout-goerli.zksync.io:2086
http://checkout-goerli.zksync.io:2087
http://checkout-goerli.zksync.io:8080
http://checkout-goerli.zksync.io:8443
http://checkout-rinkeby.zksync.io
http://checkout-rinkeby.zksync.io:2083
http://checkout-rinkeby.zksync.io:2086
http://checkout-rinkeby.zksync.io:2087
http://checkout-rinkeby.zksync.io:8080
http://checkout-rinkeby.zksync.io:8443
http://checkout-rinkeby.zksync.io:8880
http://checkout-ropsten.zksync.io
http://checkout-ropsten.zksync.io:2083
http://checkout-ropsten.zksync.io:2086
http://checkout-ropsten.zksync.io:2087
http://checkout-ropsten.zksync.io:8080
http://checkout-ropsten.zksync.io:8443
http://checkout-ropsten.zksync.io:8880
http://checkout-sepolia.zksync.io
http://checkout-sepolia.zksync.io:2052
http://checkout-sepolia.zksync.io:2086
http://checkout-sepolia.zksync.io:2087
http://checkout-sepolia.zksync.io:2096
http://checkout-sepolia.zksync.io:8080
http://checkout-sepolia.zksync.io:8443
http://checkout-sepolia.zksync.io:8880
http://checkout.zksync.io
http://checkout.zksync.io:2083
http://checkout.zksync.io:2086
http://checkout.zksync.io:2087
http://checkout.zksync.io:8080
http://checkout.zksync.io:8443
http://checkout.zksync.io:8880
http://community.zksync.io
http://community.zksync.io:2052
http://community.zksync.io:2086
http://community.zksync.io:8080
http://community.zksync.io:8880
http://docs.zksync.io
http://docs.zksync.io:2052
http://docs.zksync.io:2053
http://docs.zksync.io:2086
http://docs.zksync.io:2087
http://docs.zksync.io:2096
http://docs.zksync.io:8080
http://docs.zksync.io:8443
http://docs.zksync.io:8880
http://ecosystem.zksync.io
http://ecosystem.zksync.io:2052
http://ecosystem.zksync.io:2053
http://ecosystem.zksync.io:2086
http://ecosystem.zksync.io:2087
http://ecosystem.zksync.io:2096
http://ecosystem.zksync.io:8080
http://ecosystem.zksync.io:8443
http://ecosystem.zksync.io:8880
http://eth-gateway.zksync.io
http://eth-gateway.zksync.io:2086
http://eth-gateway.zksync.io:8080
http://eth-gateway.zksync.io:8880
http://events.zksync.io
http://events.zksync.io:2083
http://events.zksync.io:2086
http://events.zksync.io:2087
http://events.zksync.io:8080
http://events.zksync.io:8443
http://events.zksync.io:8880
http://grafana.zksync.io
http://grafana.zksync.io:2083
http://grafana.zksync.io:2086
http://grafana.zksync.io:2087
http://grafana.zksync.io:8080
http://grafana.zksync.io:8443
http://grafana.zksync.io:8880
http://hub.zksync.io
http://hub.zksync.io:2052
http://hub.zksync.io:2086
http://hub.zksync.io:8080
http://hub.zksync.io:8880
http://link.zksync.io
http://link.zksync.io:2052
http://link.zksync.io:2053
http://link.zksync.io:2086
http://link.zksync.io:2087
http://link.zksync.io:2096
http://link.zksync.io:8080
http://link.zksync.io:8443
http://link.zksync.io:8880
http://new.zksync.io
http://new.zksync.io:2052
http://new.zksync.io:2053
http://new.zksync.io:2086
http://new.zksync.io:2087
http://new.zksync.io:2096
http://new.zksync.io:8080
http://new.zksync.io:8443
http://new.zksync.io:8880
http://noethsign-api.zksync.io
http://noethsign-api.zksync.io:2052
http://noethsign-api.zksync.io:2053
http://noethsign-api.zksync.io:2086
http://noethsign-api.zksync.io:2087
http://noethsign-api.zksync.io:2096
http://noethsign-api.zksync.io:8080
http://noethsign-api.zksync.io:8443
http://noethsign-api.zksync.io:8880
http://old.zksync.io
http://old.zksync.io:2052
http://old.zksync.io:2053
http://old.zksync.io:2086
http://old.zksync.io:2087
http://old.zksync.io:2096
http://old.zksync.io:8080
http://old.zksync.io:8443
http://old.zksync.io:8880
http://out-of-gas.zksync.io
http://out-of-gas.zksync.io:2052
http://out-of-gas.zksync.io:2053
http://out-of-gas.zksync.io:2086
http://out-of-gas.zksync.io:2087
http://out-of-gas.zksync.io:2096
http://out-of-gas.zksync.io:8080
http://out-of-gas.zksync.io:8443
http://out-of-gas.zksync.io:8880
http://portal.zksync.io
http://portal.zksync.io:2052
http://portal.zksync.io:2086
http://portal.zksync.io:8080
http://portal.zksync.io:8880
http://pritunl.zksync.io
http://pritunl.zksync.io:2052
http://pritunl.zksync.io:2053
http://pritunl.zksync.io:2086
http://pritunl.zksync.io:2087
http://pritunl.zksync.io:2096
http://pritunl.zksync.io:8080
http://pritunl.zksync.io:8443
http://pritunl.zksync.io:8880
http://reddit.zksync.io
http://reddit.zksync.io:2052
http://reddit.zksync.io:2053
http://reddit.zksync.io:2086
http://reddit.zksync.io:2087
http://reddit.zksync.io:2096
http://reddit.zksync.io:8080
http://reddit.zksync.io:8443
http://reddit.zksync.io:8880
http://rinkeby-api.zksync.io
http://rinkeby-api.zksync.io:2052
http://rinkeby-api.zksync.io:2053
http://rinkeby-api.zksync.io:2086
http://rinkeby-api.zksync.io:2087
http://rinkeby-api.zksync.io:2096
http://rinkeby-api.zksync.io:8080
http://rinkeby-api.zksync.io:8443
http://rinkeby-api.zksync.io:8880
http://rinkeby-beta-api.zksync.io
http://rinkeby-beta-api.zksync.io:2052
http://rinkeby-beta-api.zksync.io:2086
http://rinkeby-beta-api.zksync.io:8080
http://rinkeby-beta-api.zksync.io:8880
http://rinkeby-beta-events.zksync.io
http://rinkeby-beta-events.zksync.io:2052
http://rinkeby-beta-events.zksync.io:2086
http://rinkeby-beta-events.zksync.io:8080
http://rinkeby-beta-events.zksync.io:8880
http://rinkeby-beta.zksync.io
http://rinkeby-beta.zksync.io:2052
http://rinkeby-beta.zksync.io:2053
http://rinkeby-beta.zksync.io:2086
http://rinkeby-beta.zksync.io:2087
http://rinkeby-beta.zksync.io:2096
http://rinkeby-beta.zksync.io:8080
http://rinkeby-beta.zksync.io:8443
http://rinkeby-beta.zksync.io:8880
http://rinkeby-events.zksync.io
http://rinkeby-events.zksync.io:2052
http://rinkeby-events.zksync.io:2053
http://rinkeby-events.zksync.io:2086
http://rinkeby-events.zksync.io:2087
http://rinkeby-events.zksync.io:2096
http://rinkeby-events.zksync.io:8080
http://rinkeby-events.zksync.io:8443
http://rinkeby-events.zksync.io:8880
http://rinkeby-stage.zksync.io
http://rinkeby-stage.zksync.io:2083
http://rinkeby-stage.zksync.io:2086
http://rinkeby-stage.zksync.io:2087
http://rinkeby-stage.zksync.io:8080
http://rinkeby-stage.zksync.io:8443
http://rinkeby-stage.zksync.io:8880
http://rinkeby.zksync.io
http://rinkeby.zksync.io:2052
http://rinkeby.zksync.io:2053
http://rinkeby.zksync.io:2086
http://rinkeby.zksync.io:2087
http://rinkeby.zksync.io:2096
http://rinkeby.zksync.io:8080
http://rinkeby.zksync.io:8443
http://rinkeby.zksync.io:8880
http://ropsten-api.zksync.io
http://ropsten-api.zksync.io:2052
http://ropsten-api.zksync.io:2053
http://ropsten-api.zksync.io:2086
http://ropsten-api.zksync.io:2087
http://ropsten-api.zksync.io:2096
http://ropsten-api.zksync.io:8080
http://ropsten-api.zksync.io:8443
http://ropsten-api.zksync.io:8880
http://ropsten-beta-api.zksync.io
http://ropsten-beta-api.zksync.io:2083
http://ropsten-beta-api.zksync.io:2086
http://ropsten-beta-api.zksync.io:2087
http://ropsten-beta-api.zksync.io:8080
http://ropsten-beta-api.zksync.io:8443
http://ropsten-beta-api.zksync.io:8880
http://ropsten-beta.zksync.io
http://ropsten-beta.zksync.io:2083
http://ropsten-beta.zksync.io:2086
http://ropsten-beta.zksync.io:2087
http://ropsten-beta.zksync.io:8080
http://ropsten-beta.zksync.io:8443
http://ropsten-beta.zksync.io:8880
http://ropsten-stage.zksync.io
http://ropsten-stage.zksync.io:2052
http://ropsten-stage.zksync.io:2053
http://ropsten-stage.zksync.io:2086
http://ropsten-stage.zksync.io:2087
http://ropsten-stage.zksync.io:2096
http://ropsten-stage.zksync.io:8080
http://ropsten-stage.zksync.io:8443
http://ropsten-stage.zksync.io:8880
http://ropsten.zksync.io
http://ropsten.zksync.io:2052
http://ropsten.zksync.io:2053
http://ropsten.zksync.io:2086
http://ropsten.zksync.io:2087
http://ropsten.zksync.io:2096
http://ropsten.zksync.io:8080
http://ropsten.zksync.io:8443
http://ropsten.zksync.io:8880
https://api.zksync.io
https://beta.zksync.io
https://cb076aaae6da.zksync.io
https://checkout-goerli.zksync.io
https://checkout-rinkeby.zksync.io
https://checkout-ropsten.zksync.io
https://checkout-sepolia.zksync.io
https://checkout.zksync.io
https://community.zksync.io
https://community.zksync.io:2053
https://community.zksync.io:2087
https://community.zksync.io:2096
https://community.zksync.io:8443
https://docs.zksync.io
https://ecosystem.zksync.io
https://eth-gateway.zksync.io
https://eth-gateway.zksync.io:2083
https://eth-gateway.zksync.io:2087
https://eth-gateway.zksync.io:8443
https://events.zksync.io
https://grafana.zksync.io
https://hub.zksync.io
https://hub.zksync.io:2053
https://hub.zksync.io:2087
https://hub.zksync.io:2096
https://hub.zksync.io:8443
https://link.zksync.io
https://new.zksync.io
https://noethsign-api.zksync.io
https://old.zksync.io
https://out-of-gas.zksync.io
https://portal.zksync.io
https://portal.zksync.io:2053
https://portal.zksync.io:2087
https://portal.zksync.io:2096
https://portal.zksync.io:8443
https://pritunl.zksync.io
https://reddit.zksync.io
https://rinkeby-api.zksync.io
https://rinkeby-beta-api.zksync.io
https://rinkeby-beta-api.zksync.io:2053
https://rinkeby-beta-api.zksync.io:2087
https://rinkeby-beta-api.zksync.io:2096
https://rinkeby-beta-api.zksync.io:8443
https://rinkeby-beta-events.zksync.io
https://rinkeby-beta-events.zksync.io:2053
https://rinkeby-beta-events.zksync.io:2087
https://rinkeby-beta-events.zksync.io:2096
https://rinkeby-beta-events.zksync.io:8443
https://rinkeby-beta.zksync.io
https://rinkeby-events.zksync.io
https://rinkeby-stage.zksync.io
https://rinkeby.zksync.io
https://ropsten-api.zksync.io
https://ropsten-beta-api.zksync.io
https://ropsten-beta.zksync.io
https://ropsten-stage.zksync.io
https://ropsten.zksync.io
https://stage2a-api.zksync.io
https://stage.zksync.io
http://stage2a-api.zksync.io
http://stage2a-api.zksync.io:2052
http://stage2a-api.zksync.io:2053
http://stage2a-api.zksync.io:2086
http://stage2a-api.zksync.io:2087
http://stage2a-api.zksync.io:2096
http://stage2a-api.zksync.io:8080
http://stage2a-api.zksync.io:8443
http://stage2a-api.zksync.io:8880
http://stage.zksync.io
http://stage.zksync.io:2052
http://stage.zksync.io:2053
http://stage.zksync.io:2086
http://stage.zksync.io:2087
http://stage.zksync.io:2096
http://stage.zksync.io:8080
http://stage.zksync.io:8443
http://stage.zksync.io:8880
https://uni.zksync.io
https://uni.zksync.io:8443
https://v2-docs.zksync.io
https://v2-docs.zksync.io:2053
https://v2-docs.zksync.io:2087
https://v2-docs.zksync.io:2096
https://v2-docs.zksync.io:8443
https://v2.zksync.io
https://wallet.zksync.io
https://withdraw.zksync.io
https://www.zksync.io
https://zinc.zksync.io
https://zinc.zksync.io:2083
https://zinc.zksync.io:2087
https://zinc.zksync.io:8443
https://zksync.io
http://uni.zksync.io
http://uni.zksync.io:2052
http://uni.zksync.io:2053
http://uni.zksync.io:2086
http://uni.zksync.io:2087
http://uni.zksync.io:2096
http://uni.zksync.io:8080
http://uni.zksync.io:8880
http://v2-docs.zksync.io
http://v2-docs.zksync.io:2052
http://v2-docs.zksync.io:2086
http://v2-docs.zksync.io:8080
http://v2-docs.zksync.io:8880
http://v2.zksync.io
http://v2.zksync.io:2083
http://v2.zksync.io:2086
http://v2.zksync.io:2087
http://v2.zksync.io:8080
http://v2.zksync.io:8443
http://v2.zksync.io:8880
http://wallet.zksync.io
http://wallet.zksync.io:2083
http://wallet.zksync.io:2086
http://wallet.zksync.io:2087
http://wallet.zksync.io:8080
http://wallet.zksync.io:8443
http://wallet.zksync.io:8880
http://withdraw.zksync.io
http://withdraw.zksync.io:2052
http://withdraw.zksync.io:2053
http://withdraw.zksync.io:2086
http://withdraw.zksync.io:2087
http://withdraw.zksync.io:2096
http://withdraw.zksync.io:8080
http://withdraw.zksync.io:8443
http://withdraw.zksync.io:8880
http://www.zksync.io
http://www.zksync.io:2083
http://www.zksync.io:2086
http://www.zksync.io:2087
http://www.zksync.io:8080
http://www.zksync.io:8443
http://www.zksync.io:8880
http://zinc.zksync.io
http://zinc.zksync.io:2086
http://zinc.zksync.io:8080
http://zinc.zksync.io:8880
http://zksync.io
http://zksync.io:2052
http://zksync.io:2053
http://zksync.io:2086
http://zksync.io:2087
http://zksync.io:2096
http://zksync.io:8080
http://zksync.io:8443
http://zksync.io:8880
